[ 2016-01-13T11:59:16+08:00 ] 127.0.0.1 /
INFO: [ app_init ] --START--
INFO: Run Behavior\BuildLiteBehavior [ RunTime:0.000000s ]
INFO: [ app_init ] --END-- [ RunTime:0.000000s ]
INFO: [ app_begin ] --START--
INFO: Run Behavior\ReadHtmlCacheBehavior [ RunTime:0.000000s ]
INFO: [ app_begin ] --END-- [ RunTime:0.000000s ]
SQL: SHOW COLUMNS FROM `ztm_cart` [ RunTime:0.0020s ]
SQL: SHOW COLUMNS FROM `ztm_cart` [ RunTime:0.0020s ]
SQL: SELECT SUM(goods_number) AS count FROM `ztm_cart` WHERE `cart_key` = '1b695fc3d4ee3ab4af62a6be480d46f8' LIMIT 1   [ RunTime:0.0010s ]
SQL: SHOW COLUMNS FROM `ztm_user` [ RunTime:0.0020s ]
INFO: [ view_parse ] --START--
INFO: [ template_filter ] --START--
INFO: Run Behavior\ContentReplaceBehavior [ RunTime:0.001000s ]
INFO: [ template_filter ] --END-- [ RunTime:0.001000s ]
NOTIC: [8] Undefined variable: user_info F:\homes\webonline\Ztmvip\Runtime\Cache\Computer\2b71c695116857e0194cf94aa6b7b68b.php 第 34 行.
NOTIC: [8] Undefined variable: islogin F:\homes\webonline\Ztmvip\Runtime\Cache\Computer\2b71c695116857e0194cf94aa6b7b68b.php 第 40 行.
NOTIC: [8] Use of undefined constant session - assumed 'session' F:\homes\webonline\Ztmvip\Runtime\Cache\Computer\2b71c695116857e0194cf94aa6b7b68b.php 第 48 行.
NOTIC: [8] Undefined variable: Think F:\homes\webonline\Ztmvip\Runtime\Cache\Computer\2b71c695116857e0194cf94aa6b7b68b.php 第 48 行.
NOTIC: [8] Use of undefined constant cnumber - assumed 'cnumber' F:\homes\webonline\Ztmvip\Runtime\Cache\Computer\2b71c695116857e0194cf94aa6b7b68b.php 第 48 行.
NOTIC: [8] Use of undefined constant session - assumed 'session' F:\homes\webonline\Ztmvip\Runtime\Cache\Computer\2b71c695116857e0194cf94aa6b7b68b.php 第 387 行.
NOTIC: [8] Undefined variable: Think F:\homes\webonline\Ztmvip\Runtime\Cache\Computer\2b71c695116857e0194cf94aa6b7b68b.php 第 387 行.
NOTIC: [8] Use of undefined constant cnumber - assumed 'cnumber' F:\homes\webonline\Ztmvip\Runtime\Cache\Computer\2b71c695116857e0194cf94aa6b7b68b.php 第 387 行.
NOTIC: [8] Undefined variable: user_info F:\homes\webonline\Ztmvip\Runtime\Cache\Computer\2b71c695116857e0194cf94aa6b7b68b.php 第 388 行.
NOTIC: [8] Undefined variable: choose F:\homes\webonline\Ztmvip\Runtime\Cache\Computer\2b71c695116857e0194cf94aa6b7b68b.php 第 403 行.
INFO: Run Behavior\ParseTemplateBehavior [ RunTime:0.027002s ]
INFO: [ view_parse ] --END-- [ RunTime:0.027002s ]
INFO: [ view_filter ] --START--
INFO: Run Behavior\WriteHtmlCacheBehavior [ RunTime:0.000000s ]
INFO: [ view_filter ] --END-- [ RunTime:0.000000s ]
INFO: [ app_end ] --START--
INFO: Run Behavior\ShowPageTraceBehavior [ RunTime:0.001000s ]
INFO: [ app_end ] --END-- [ RunTime:0.001000s ]

[ 2016-01-13T11:59:16+08:00 ] 127.0.0.1 /favicon.ico
INFO: [ app_init ] --START--
INFO: Run Behavior\BuildLiteBehavior [ RunTime:0.000000s ]
INFO: [ app_init ] --END-- [ RunTime:0.001000s ]

[ 2016-01-13T11:59:16+08:00 ] 127.0.0.1 /favicon.ico
INFO: [ app_init ] --START--
INFO: Run Behavior\BuildLiteBehavior [ RunTime:0.000000s ]
INFO: [ app_init ] --END-- [ RunTime:0.000000s ]

[ 2016-01-13T12:00:36+08:00 ] 127.0.0.1 /
INFO: [ app_init ] --START--
INFO: Run Behavior\BuildLiteBehavior [ RunTime:0.000000s ]
INFO: [ app_init ] --END-- [ RunTime:0.001000s ]
INFO: [ app_begin ] --START--
INFO: Run Behavior\ReadHtmlCacheBehavior [ RunTime:0.000000s ]
INFO: [ app_begin ] --END-- [ RunTime:0.000000s ]
SQL: SHOW COLUMNS FROM `ztm_cart` [ RunTime:0.0020s ]
SQL: SHOW COLUMNS FROM `ztm_cart` [ RunTime:0.0020s ]
SQL: SELECT SUM(goods_number) AS count FROM `ztm_cart` WHERE `cart_key` = '1b695fc3d4ee3ab4af62a6be480d46f8' LIMIT 1   [ RunTime:0.0020s ]
SQL: SHOW COLUMNS FROM `ztm_user` [ RunTime:0.0020s ]
INFO: [ view_parse ] --START--
INFO: [ template_filter ] --START--
INFO: Run Behavior\ContentReplaceBehavior [ RunTime:0.000000s ]
INFO: [ template_filter ] --END-- [ RunTime:0.001000s ]
NOTIC: [8] Undefined variable: user_info F:\homes\webonline\Ztmvip\Runtime\Cache\Computer\2b71c695116857e0194cf94aa6b7b68b.php 第 34 行.
NOTIC: [8] Undefined variable: islogin F:\homes\webonline\Ztmvip\Runtime\Cache\Computer\2b71c695116857e0194cf94aa6b7b68b.php 第 40 行.
NOTIC: [8] Use of undefined constant session - assumed 'session' F:\homes\webonline\Ztmvip\Runtime\Cache\Computer\2b71c695116857e0194cf94aa6b7b68b.php 第 48 行.
NOTIC: [8] Undefined variable: Think F:\homes\webonline\Ztmvip\Runtime\Cache\Computer\2b71c695116857e0194cf94aa6b7b68b.php 第 48 行.
NOTIC: [8] Use of undefined constant cnumber - assumed 'cnumber' F:\homes\webonline\Ztmvip\Runtime\Cache\Computer\2b71c695116857e0194cf94aa6b7b68b.php 第 48 行.
NOTIC: [8] Use of undefined constant session - assumed 'session' F:\homes\webonline\Ztmvip\Runtime\Cache\Computer\2b71c695116857e0194cf94aa6b7b68b.php 第 387 行.
NOTIC: [8] Undefined variable: Think F:\homes\webonline\Ztmvip\Runtime\Cache\Computer\2b71c695116857e0194cf94aa6b7b68b.php 第 387 行.
NOTIC: [8] Use of undefined constant cnumber - assumed 'cnumber' F:\homes\webonline\Ztmvip\Runtime\Cache\Computer\2b71c695116857e0194cf94aa6b7b68b.php 第 387 行.
NOTIC: [8] Undefined variable: user_info F:\homes\webonline\Ztmvip\Runtime\Cache\Computer\2b71c695116857e0194cf94aa6b7b68b.php 第 388 行.
NOTIC: [8] Undefined variable: choose F:\homes\webonline\Ztmvip\Runtime\Cache\Computer\2b71c695116857e0194cf94aa6b7b68b.php 第 403 行.
INFO: Run Behavior\ParseTemplateBehavior [ RunTime:0.028002s ]
INFO: [ view_parse ] --END-- [ RunTime:0.028002s ]
INFO: [ view_filter ] --START--
INFO: Run Behavior\WriteHtmlCacheBehavior [ RunTime:0.000000s ]
INFO: [ view_filter ] --END-- [ RunTime:0.000000s ]
INFO: [ app_end ] --START--
INFO: Run Behavior\ShowPageTraceBehavior [ RunTime:0.000000s ]
INFO: [ app_end ] --END-- [ RunTime:0.000000s ]

[ 2016-01-13T12:00:39+08:00 ] 127.0.0.1 /
INFO: [ app_init ] --START--
INFO: Run Behavior\BuildLiteBehavior [ RunTime:0.000000s ]
INFO: [ app_init ] --END-- [ RunTime:0.001000s ]
INFO: [ app_begin ] --START--
INFO: Run Behavior\ReadHtmlCacheBehavior [ RunTime:0.000000s ]
INFO: [ app_begin ] --END-- [ RunTime:0.001000s ]
SQL: SHOW COLUMNS FROM `ztm_cart` [ RunTime:0.0020s ]
SQL: SHOW COLUMNS FROM `ztm_cart` [ RunTime:0.0020s ]
SQL: SELECT SUM(goods_number) AS count FROM `ztm_cart` WHERE `cart_key` = '1b695fc3d4ee3ab4af62a6be480d46f8' LIMIT 1   [ RunTime:0.0010s ]
SQL: SHOW COLUMNS FROM `ztm_user` [ RunTime:0.0020s ]
INFO: [ view_parse ] --START--
INFO: [ template_filter ] --START--
INFO: Run Behavior\ContentReplaceBehavior [ RunTime:0.000000s ]
INFO: [ template_filter ] --END-- [ RunTime:0.001000s ]
NOTIC: [8] Undefined variable: user_info F:\homes\webonline\Ztmvip\Runtime\Cache\Computer\2b71c695116857e0194cf94aa6b7b68b.php 第 34 行.
NOTIC: [8] Undefined variable: islogin F:\homes\webonline\Ztmvip\Runtime\Cache\Computer\2b71c695116857e0194cf94aa6b7b68b.php 第 40 行.
NOTIC: [8] Use of undefined constant session - assumed 'session' F:\homes\webonline\Ztmvip\Runtime\Cache\Computer\2b71c695116857e0194cf94aa6b7b68b.php 第 48 行.
NOTIC: [8] Undefined variable: Think F:\homes\webonline\Ztmvip\Runtime\Cache\Computer\2b71c695116857e0194cf94aa6b7b68b.php 第 48 行.
NOTIC: [8] Use of undefined constant cnumber - assumed 'cnumber' F:\homes\webonline\Ztmvip\Runtime\Cache\Computer\2b71c695116857e0194cf94aa6b7b68b.php 第 48 行.
NOTIC: [8] Use of undefined constant session - assumed 'session' F:\homes\webonline\Ztmvip\Runtime\Cache\Computer\2b71c695116857e0194cf94aa6b7b68b.php 第 387 行.
NOTIC: [8] Undefined variable: Think F:\homes\webonline\Ztmvip\Runtime\Cache\Computer\2b71c695116857e0194cf94aa6b7b68b.php 第 387 行.
NOTIC: [8] Use of undefined constant cnumber - assumed 'cnumber' F:\homes\webonline\Ztmvip\Runtime\Cache\Computer\2b71c695116857e0194cf94aa6b7b68b.php 第 387 行.
NOTIC: [8] Undefined variable: user_info F:\homes\webonline\Ztmvip\Runtime\Cache\Computer\2b71c695116857e0194cf94aa6b7b68b.php 第 388 行.
NOTIC: [8] Undefined variable: choose F:\homes\webonline\Ztmvip\Runtime\Cache\Computer\2b71c695116857e0194cf94aa6b7b68b.php 第 403 行.
INFO: Run Behavior\ParseTemplateBehavior [ RunTime:0.034002s ]
INFO: [ view_parse ] --END-- [ RunTime:0.034002s ]
INFO: [ view_filter ] --START--
INFO: Run Behavior\WriteHtmlCacheBehavior [ RunTime:0.001000s ]
INFO: [ view_filter ] --END-- [ RunTime:0.001000s ]
INFO: [ app_end ] --START--
INFO: Run Behavior\ShowPageTraceBehavior [ RunTime:0.000000s ]
INFO: [ app_end ] --END-- [ RunTime:0.000000s ]

[ 2016-01-13T12:00:42+08:00 ] 127.0.0.1 /Index/catGoodsList/cat_id/423.html
INFO: [ app_init ] --START--
INFO: Run Behavior\BuildLiteBehavior [ RunTime:0.000000s ]
INFO: [ app_init ] --END-- [ RunTime:0.000000s ]
INFO: [ app_begin ] --START--
INFO: Run Behavior\ReadHtmlCacheBehavior [ RunTime:0.000000s ]
INFO: [ app_begin ] --END-- [ RunTime:0.000000s ]
SQL: SHOW COLUMNS FROM `ztm_cart` [ RunTime:0.0020s ]
SQL: SHOW COLUMNS FROM `ztm_cart` [ RunTime:0.0020s ]
SQL: SELECT SUM(goods_number) AS count FROM `ztm_cart` WHERE `cart_key` = '1b695fc3d4ee3ab4af62a6be480d46f8' LIMIT 1   [ RunTime:0.0010s ]
SQL: SHOW COLUMNS FROM `ztm_user` [ RunTime:0.0020s ]
SQL: SHOW COLUMNS FROM `ztm_goods_category` [ RunTime:0.0020s ]
SQL: SELECT `category_name` FROM `ztm_goods_category` WHERE `id` = 423 LIMIT 1   [ RunTime:0.0010s ]
SQL: SHOW COLUMNS FROM `ztm_goods` [ RunTime:0.0020s ]
SQL: SELECT * FROM `ztm_goods_category` WHERE `parent_id` = 423 AND `disabled` = 'N' AND `display` = 'Y'  [ RunTime:0.0010s ]
SQL: SELECT * FROM `ztm_goods_category` WHERE `parent_id` = 447 AND `disabled` = 'N' AND `display` = 'Y'  [ RunTime:0.0010s ]
SQL: SHOW COLUMNS FROM `ztm_goods_extend_category` [ RunTime:0.0020s ]
SQL: SELECT `goods_id` FROM `ztm_goods_extend_category` WHERE `category_id` IN ('423','447')  [ RunTime:0.0010s ]
SQL: SELECT COUNT(*) AS tp_count FROM `ztm_goods` WHERE ( on_sale='Y' AND disabled='N' AND category_id IN (423,447) OR id IN (560,561,562,563,564,565,567,690,694,697) ) LIMIT 1   [ RunTime:0.0040s ]
SQL: SELECT * FROM `ztm_goods_category` WHERE `parent_id` = 423 AND `disabled` = 'N' AND `display` = 'Y'  [ RunTime:0.0010s ]
SQL: SELECT * FROM `ztm_goods_category` WHERE `parent_id` = 447 AND `disabled` = 'N' AND `display` = 'Y'  [ RunTime:0.0020s ]
SQL: SELECT `goods_id` FROM `ztm_goods_extend_category` WHERE `category_id` IN ('423','447')  [ RunTime:0.0000s ]
SQL: SELECT `id`,`goods_name`,`shop_price`,`market_price`,`goods_thumb` FROM `ztm_goods` WHERE ( on_sale='Y' AND disabled='N' AND category_id IN (423,447) OR id IN (560,561,562,563,564,565,567,690,694,697) ) ORDER BY rank desc LIMIT 0,50   [ RunTime:0.0060s ]
INFO: [ view_parse ] --START--
INFO: [ template_filter ] --START--
INFO: Run Behavior\ContentReplaceBehavior [ RunTime:0.000000s ]
INFO: [ template_filter ] --END-- [ RunTime:0.000000s ]
NOTIC: [8] Undefined variable: page_title F:\homes\webonline\Ztmvip\Runtime\Cache\Computer\fd4d62989b4e00273459baa7ad6c4ce4.php 第 7 行.
NOTIC: [8] Use of undefined constant session - assumed 'session' F:\homes\webonline\Ztmvip\Runtime\Cache\Computer\fd4d62989b4e00273459baa7ad6c4ce4.php 第 28 行.
NOTIC: [8] Undefined variable: Think F:\homes\webonline\Ztmvip\Runtime\Cache\Computer\fd4d62989b4e00273459baa7ad6c4ce4.php 第 28 行.
NOTIC: [8] Use of undefined constant cnumber - assumed 'cnumber' F:\homes\webonline\Ztmvip\Runtime\Cache\Computer\fd4d62989b4e00273459baa7ad6c4ce4.php 第 28 行.
NOTIC: [8] Undefined variable: user_info F:\homes\webonline\Ztmvip\Runtime\Cache\Computer\fd4d62989b4e00273459baa7ad6c4ce4.php 第 29 行.
NOTIC: [8] Undefined variable: choose F:\homes\webonline\Ztmvip\Runtime\Cache\Computer\fd4d62989b4e00273459baa7ad6c4ce4.php 第 44 行.
INFO: Run Behavior\ParseTemplateBehavior [ RunTime:0.017001s ]
INFO: [ view_parse ] --END-- [ RunTime:0.017001s ]
INFO: [ view_filter ] --START--
INFO: Run Behavior\WriteHtmlCacheBehavior [ RunTime:0.000000s ]
INFO: [ view_filter ] --END-- [ RunTime:0.000000s ]
INFO: [ app_end ] --START--
INFO: Run Behavior\ShowPageTraceBehavior [ RunTime:0.000000s ]
INFO: [ app_end ] --END-- [ RunTime:0.000000s ]

[ 2016-01-13T12:00:46+08:00 ] 127.0.0.1 /Goods/detail/goods_id/2479
INFO: [ app_init ] --START--
INFO: Run Behavior\BuildLiteBehavior [ RunTime:0.000000s ]
INFO: [ app_init ] --END-- [ RunTime:0.001000s ]
INFO: [ app_begin ] --START--
INFO: Run Behavior\ReadHtmlCacheBehavior [ RunTime:0.001000s ]
INFO: [ app_begin ] --END-- [ RunTime:0.001000s ]
SQL: SHOW COLUMNS FROM `ztm_cart` [ RunTime:0.0020s ]
SQL: SHOW COLUMNS FROM `ztm_cart` [ RunTime:0.0020s ]
SQL: SELECT SUM(goods_number) AS count FROM `ztm_cart` WHERE `cart_key` = '1b695fc3d4ee3ab4af62a6be480d46f8' LIMIT 1   [ RunTime:0.0010s ]
SQL: SHOW COLUMNS FROM `ztm_user` [ RunTime:0.0020s ]
SQL: SHOW COLUMNS FROM `ztm_goods` [ RunTime:0.0020s ]
SQL: UPDATE `ztm_goods` SET `click`=click+1 WHERE ( id=2479 ) [ RunTime:0.0010s ]
SQL: SHOW COLUMNS FROM `ztm_article` [ RunTime:0.0020s ]
SQL: SELECT `content` FROM `ztm_article` WHERE `id` = 59 LIMIT 1   [ RunTime:0.0020s ]
SQL: SHOW COLUMNS FROM `ztm_goods` [ RunTime:0.0020s ]
SQL: SELECT gc.id,gc.category_name FROM ztm_goods g INNER JOIN ztm_goods_category gc ON gc.id=g.category_id  WHERE g.id = '2479' LIMIT 1   [ RunTime:0.0010s ]
SQL: SHOW COLUMNS FROM `ztm_goods_extend` [ RunTime:0.0020s ]
SQL: SELECT `goods_gallery` FROM `ztm_goods_extend` WHERE `goods_id` = 2479 LIMIT 1   [ RunTime:0.0010s ]
SQL: SELECT g.goods_number,g.goods_name,g.market_price,g.goods_thumb,g.shop_price,ge.goods_desc FROM ztm_goods g INNER JOIN ztm_goods_extend ge ON ge.goods_id=g.id  WHERE g.id = '2479' LIMIT 1   [ RunTime:0.0020s ]
SQL: SHOW COLUMNS FROM `ztm_goods_extend` [ RunTime:0.0010s ]
SQL: SELECT ge.skus,gs.skus AS catskus FROM ztm_goods_extend ge INNER JOIN ztm_goods_sku gs ON ge.sku_id=gs.id  WHERE ge.goods_id = '2479' LIMIT 1   [ RunTime:0.0010s ]
SQL: SELECT `relation_goods` FROM `ztm_goods_extend` WHERE `goods_id` = 2479 LIMIT 1   [ RunTime:0.0010s ]
SQL: SELECT `id`,`goods_name`,`shop_price`,`market_price`,`goods_thumb` FROM `ztm_goods` WHERE `id` IN ('560','561','562','563','564','565','567','690','694','697','783','785','879','880','1923','1931','1932','1933','1935','1936','1937','1938','1939','1940','1941','1942','1943','1947','2035','2037','2038','2039','2318','2319','2320','2321','2322','2323','2324','2374','2380','2383','2387','2388','2389','2390','2394') AND `on_sale` = 'Y' AND `disabled` = 'N'  [ RunTime:0.0020s ]
SQL: SHOW COLUMNS FROM `ztm_comment` [ RunTime:0.0020s ]
SQL: SELECT COUNT(*) AS tp_count FROM `ztm_comment` WHERE `relation_id` = 2479 AND `display` = 'Y' AND `relation_type` = 'goods' LIMIT 1   [ RunTime:0.0010s ]
SQL: SHOW COLUMNS FROM `ztm_comment` [ RunTime:0.0010s ]
SQL: SELECT `user_name`,`content`,`level`,`date_add` FROM `ztm_comment` WHERE `relation_id` = 2479 AND `display` = 'Y' AND `relation_type` = 'goods' ORDER BY id desc LIMIT 0,10   [ RunTime:0.0010s ]
INFO: [ view_parse ] --START--
INFO: [ template_filter ] --START--
INFO: Run Behavior\ContentReplaceBehavior [ RunTime:0.001000s ]
INFO: [ template_filter ] --END-- [ RunTime:0.001000s ]
NOTIC: [8] Use of undefined constant session - assumed 'session' F:\homes\webonline\Ztmvip\Runtime\Cache\Computer\03db907eaf3d1313e3d7b510bbef831f.php 第 33 行.
NOTIC: [8] Undefined variable: Think F:\homes\webonline\Ztmvip\Runtime\Cache\Computer\03db907eaf3d1313e3d7b510bbef831f.php 第 33 行.
NOTIC: [8] Use of undefined constant cnumber - assumed 'cnumber' F:\homes\webonline\Ztmvip\Runtime\Cache\Computer\03db907eaf3d1313e3d7b510bbef831f.php 第 33 行.
NOTIC: [8] Undefined variable: user_info F:\homes\webonline\Ztmvip\Runtime\Cache\Computer\03db907eaf3d1313e3d7b510bbef831f.php 第 34 行.
NOTIC: [8] Undefined variable: choose F:\homes\webonline\Ztmvip\Runtime\Cache\Computer\03db907eaf3d1313e3d7b510bbef831f.php 第 49 行.
NOTIC: [8] Undefined variable: flag F:\homes\webonline\Ztmvip\Runtime\Cache\Computer\03db907eaf3d1313e3d7b510bbef831f.php 第 496 行.
NOTIC: [8] Undefined variable: pagehover F:\homes\webonline\Ztmvip\Runtime\Cache\Computer\03db907eaf3d1313e3d7b510bbef831f.php 第 539 行.
INFO: Run Behavior\ParseTemplateBehavior [ RunTime:0.030001s ]
INFO: [ view_parse ] --END-- [ RunTime:0.030001s ]
INFO: [ view_filter ] --START--
INFO: Run Behavior\WriteHtmlCacheBehavior [ RunTime:0.000000s ]
INFO: [ view_filter ] --END-- [ RunTime:0.000000s ]
INFO: [ app_end ] --START--
INFO: Run Behavior\ShowPageTraceBehavior [ RunTime:0.000000s ]
INFO: [ app_end ] --END-- [ RunTime:0.000000s ]

[ 2016-01-13T12:00:46+08:00 ] 127.0.0.1 /Uploads/20151219/5675087a46db7.jpg
INFO: [ app_init ] --START--
INFO: Run Behavior\BuildLiteBehavior [ RunTime:0.000000s ]
INFO: [ app_init ] --END-- [ RunTime:0.001000s ]

[ 2016-01-13T12:00:46+08:00 ] 127.0.0.1 /Uploads/20151219/5675087a1e446.jpg
INFO: [ app_init ] --START--
INFO: Run Behavior\BuildLiteBehavior [ RunTime:0.000000s ]
INFO: [ app_init ] --END-- [ RunTime:0.000000s ]

[ 2016-01-13T12:00:46+08:00 ] 127.0.0.1 /Uploads/20151219/5675087a32724.jpg
INFO: [ app_init ] --START--
INFO: Run Behavior\BuildLiteBehavior [ RunTime:0.000000s ]
INFO: [ app_init ] --END-- [ RunTime:0.000000s ]

[ 2016-01-13T12:00:46+08:00 ] 127.0.0.1 /Uploads/20151219/56750879ecc71.jpg
INFO: [ app_init ] --START--
INFO: Run Behavior\BuildLiteBehavior [ RunTime:0.000000s ]
INFO: [ app_init ] --END-- [ RunTime:0.000000s ]

[ 2016-01-13T12:00:46+08:00 ] 127.0.0.1 /Uploads/20151219/5675087a38102.jpg
INFO: [ app_init ] --START--
INFO: Run Behavior\BuildLiteBehavior [ RunTime:0.000000s ]
INFO: [ app_init ] --END-- [ RunTime:0.000000s ]

[ 2016-01-13T12:00:46+08:00 ] 127.0.0.1 /Uploads/20151219/5675087b8e8a7.jpg
INFO: [ app_init ] --START--
INFO: Run Behavior\BuildLiteBehavior [ RunTime:0.000000s ]
INFO: [ app_init ] --END-- [ RunTime:0.000000s ]

[ 2016-01-13T12:00:46+08:00 ] 127.0.0.1 /Uploads/20151219/5675087ada5da.jpg
INFO: [ app_init ] --START--
INFO: Run Behavior\BuildLiteBehavior [ RunTime:0.000000s ]
INFO: [ app_init ] --END-- [ RunTime:0.001000s ]

[ 2016-01-13T12:00:46+08:00 ] 127.0.0.1 /Uploads/20151219/5675087acfcdf.jpg
INFO: [ app_init ] --START--
INFO: Run Behavior\BuildLiteBehavior [ RunTime:0.000000s ]
INFO: [ app_init ] --END-- [ RunTime:0.000000s ]

[ 2016-01-13T12:00:46+08:00 ] 127.0.0.1 /Uploads/20151219/5675087a7223b.jpg
INFO: [ app_init ] --START--
INFO: Run Behavior\BuildLiteBehavior [ RunTime:0.000000s ]
INFO: [ app_init ] --END-- [ RunTime:0.001000s ]

[ 2016-01-13T12:00:46+08:00 ] 127.0.0.1 /Uploads/20151219/5675087a5bcb9.jpg
INFO: [ app_init ] --START--
INFO: Run Behavior\BuildLiteBehavior [ RunTime:0.000000s ]
INFO: [ app_init ] --END-- [ RunTime:0.000000s ]

[ 2016-01-13T12:00:46+08:00 ] 127.0.0.1 /Uploads/20151219/5675087b385ce.jpg
INFO: [ app_init ] --START--
INFO: Run Behavior\BuildLiteBehavior [ RunTime:0.000000s ]
INFO: [ app_init ] --END-- [ RunTime:0.000000s ]

[ 2016-01-13T12:00:46+08:00 ] 127.0.0.1 /Uploads/20151219/5675087a0a3e3.jpg
INFO: [ app_init ] --START--
INFO: Run Behavior\BuildLiteBehavior [ RunTime:0.000000s ]
INFO: [ app_init ] --END-- [ RunTime:0.001000s ]

[ 2016-01-13T12:00:46+08:00 ] 127.0.0.1 /Uploads/20151219/5675087c37fe3.jpg
INFO: [ app_init ] --START--
INFO: Run Behavior\BuildLiteBehavior [ RunTime:0.000000s ]
INFO: [ app_init ] --END-- [ RunTime:0.000000s ]

[ 2016-01-13T12:00:46+08:00 ] 127.0.0.1 /Uploads/20151219/5675087c7e91c.jpg
INFO: [ app_init ] --START--
INFO: Run Behavior\BuildLiteBehavior [ RunTime:0.000000s ]
INFO: [ app_init ] --END-- [ RunTime:0.000000s ]

[ 2016-01-13T12:00:46+08:00 ] 127.0.0.1 /Uploads/20151219/5675087c9530c.jpg
INFO: [ app_init ] --START--
INFO: Run Behavior\BuildLiteBehavior [ RunTime:0.000000s ]
INFO: [ app_init ] --END-- [ RunTime:0.000000s ]

[ 2016-01-13T12:00:46+08:00 ] 127.0.0.1 /Uploads/20151219/56750898195f4.jpg
INFO: [ app_init ] --START--
INFO: Run Behavior\BuildLiteBehavior [ RunTime:0.000000s ]
INFO: [ app_init ] --END-- [ RunTime:0.000000s ]

[ 2016-01-13T12:00:46+08:00 ] 127.0.0.1 /Uploads/20151219/5675089871a5c.jpg
INFO: [ app_init ] --START--
INFO: Run Behavior\BuildLiteBehavior [ RunTime:0.000000s ]
INFO: [ app_init ] --END-- [ RunTime:0.001000s ]

[ 2016-01-13T12:00:46+08:00 ] 127.0.0.1 /Uploads/20151219/567508986ca62.jpg
INFO: [ app_init ] --START--
INFO: Run Behavior\BuildLiteBehavior [ RunTime:0.000000s ]
INFO: [ app_init ] --END-- [ RunTime:0.000000s ]

[ 2016-01-13T12:00:58+08:00 ] 127.0.0.1 /Search/indexSearch.html?word=%E7%BE%8A%E8%82%89
INFO: [ app_init ] --START--
INFO: Run Behavior\BuildLiteBehavior [ RunTime:0.000000s ]
INFO: [ app_init ] --END-- [ RunTime:0.000000s ]
INFO: [ app_begin ] --START--
INFO: Run Behavior\ReadHtmlCacheBehavior [ RunTime:0.001000s ]
INFO: [ app_begin ] --END-- [ RunTime:0.001000s ]
SQL: SHOW COLUMNS FROM `ztm_cart` [ RunTime:0.0020s ]
SQL: SHOW COLUMNS FROM `ztm_cart` [ RunTime:0.0020s ]
SQL: SELECT SUM(goods_number) AS count FROM `ztm_cart` WHERE `cart_key` = '1b695fc3d4ee3ab4af62a6be480d46f8' LIMIT 1   [ RunTime:0.0010s ]

[ 2016-01-13T12:01:04+08:00 ] 127.0.0.1 /Search/indexSearch.html?word=%E5%86%85%E8%92%99
INFO: [ app_init ] --START--
INFO: Run Behavior\BuildLiteBehavior [ RunTime:0.000000s ]
INFO: [ app_init ] --END-- [ RunTime:0.001000s ]
INFO: [ app_begin ] --START--
INFO: Run Behavior\ReadHtmlCacheBehavior [ RunTime:0.001000s ]
INFO: [ app_begin ] --END-- [ RunTime:0.001000s ]
SQL: SHOW COLUMNS FROM `ztm_cart` [ RunTime:0.0020s ]
SQL: SHOW COLUMNS FROM `ztm_cart` [ RunTime:0.0020s ]
SQL: SELECT SUM(goods_number) AS count FROM `ztm_cart` WHERE `cart_key` = '1b695fc3d4ee3ab4af62a6be480d46f8' LIMIT 1   [ RunTime:0.0010s ]
SQL: SHOW COLUMNS FROM `ztm_goods` [ RunTime:0.0030s ]
SQL: SELECT COUNT(*) AS tp_count FROM `ztm_goods` WHERE `id` IN (1479,1574,1575,1576,1863,1945,1946,2365,2670,2669) LIMIT 1   [ RunTime:0.0010s ]
SQL: SELECT g.id,g.goods_name,g.shop_price,g.market_price,g.goods_thumb,uf.goods_id AS collect FROM ztm_goods g  LEFT JOIN ztm_user_favor uf ON g.id=uf.goods_id   WHERE g.id IN (1479,1574,1575,1576,1863,1945,1946,2365,2670,2669) ORDER BY g.rank desc LIMIT 0,50   [ RunTime:0.0020s ]
INFO: [ view_parse ] --START--
INFO: [ template_filter ] --START--
INFO: Run Behavior\ContentReplaceBehavior [ RunTime:0.001000s ]
INFO: [ template_filter ] --END-- [ RunTime:0.001000s ]
NOTIC: [8] Undefined variable: page_title F:\homes\webonline\Ztmvip\Runtime\Cache\Computer\32e468ab60e2e09572b0db47289440e6.php 第 7 行.
NOTIC: [8] Use of undefined constant session - assumed 'session' F:\homes\webonline\Ztmvip\Runtime\Cache\Computer\32e468ab60e2e09572b0db47289440e6.php 第 31 行.
NOTIC: [8] Undefined variable: Think F:\homes\webonline\Ztmvip\Runtime\Cache\Computer\32e468ab60e2e09572b0db47289440e6.php 第 31 行.
NOTIC: [8] Use of undefined constant cnumber - assumed 'cnumber' F:\homes\webonline\Ztmvip\Runtime\Cache\Computer\32e468ab60e2e09572b0db47289440e6.php 第 31 行.
NOTIC: [8] Undefined variable: user_info F:\homes\webonline\Ztmvip\Runtime\Cache\Computer\32e468ab60e2e09572b0db47289440e6.php 第 32 行.
NOTIC: [8] Undefined index: click F:\homes\webonline\Ztmvip\Runtime\Cache\Computer\32e468ab60e2e09572b0db47289440e6.php 第 378 行.
NOTIC: [8] Undefined index: sales F:\homes\webonline\Ztmvip\Runtime\Cache\Computer\32e468ab60e2e09572b0db47289440e6.php 第 378 行.
NOTIC: [8] Undefined index: click F:\homes\webonline\Ztmvip\Runtime\Cache\Computer\32e468ab60e2e09572b0db47289440e6.php 第 378 行.
NOTIC: [8] Undefined index: sales F:\homes\webonline\Ztmvip\Runtime\Cache\Computer\32e468ab60e2e09572b0db47289440e6.php 第 378 行.
NOTIC: [8] Undefined index: click F:\homes\webonline\Ztmvip\Runtime\Cache\Computer\32e468ab60e2e09572b0db47289440e6.php 第 378 行.
NOTIC: [8] Undefined index: sales F:\homes\webonline\Ztmvip\Runtime\Cache\Computer\32e468ab60e2e09572b0db47289440e6.php 第 378 行.
NOTIC: [8] Undefined index: click F:\homes\webonline\Ztmvip\Runtime\Cache\Computer\32e468ab60e2e09572b0db47289440e6.php 第 378 行.
NOTIC: [8] Undefined index: sales F:\homes\webonline\Ztmvip\Runtime\Cache\Computer\32e468ab60e2e09572b0db47289440e6.php 第 378 行.
NOTIC: [8] Undefined index: click F:\homes\webonline\Ztmvip\Runtime\Cache\Computer\32e468ab60e2e09572b0db47289440e6.php 第 378 行.
NOTIC: [8] Undefined index: sales F:\homes\webonline\Ztmvip\Runtime\Cache\Computer\32e468ab60e2e09572b0db47289440e6.php 第 378 行.
NOTIC: [8] Undefined index: click F:\homes\webonline\Ztmvip\Runtime\Cache\Computer\32e468ab60e2e09572b0db47289440e6.php 第 378 行.
NOTIC: [8] Undefined index: sales F:\homes\webonline\Ztmvip\Runtime\Cache\Computer\32e468ab60e2e09572b0db47289440e6.php 第 378 行.
NOTIC: [8] Undefined index: click F:\homes\webonline\Ztmvip\Runtime\Cache\Computer\32e468ab60e2e09572b0db47289440e6.php 第 378 行.
NOTIC: [8] Undefined index: sales F:\homes\webonline\Ztmvip\Runtime\Cache\Computer\32e468ab60e2e09572b0db47289440e6.php 第 378 行.
NOTIC: [8] Undefined index: click F:\homes\webonline\Ztmvip\Runtime\Cache\Computer\32e468ab60e2e09572b0db47289440e6.php 第 378 行.
NOTIC: [8] Undefined index: sales F:\homes\webonline\Ztmvip\Runtime\Cache\Computer\32e468ab60e2e09572b0db47289440e6.php 第 378 行.
NOTIC: [8] Undefined index: click F:\homes\webonline\Ztmvip\Runtime\Cache\Computer\32e468ab60e2e09572b0db47289440e6.php 第 378 行.
NOTIC: [8] Undefined index: sales F:\homes\webonline\Ztmvip\Runtime\Cache\Computer\32e468ab60e2e09572b0db47289440e6.php 第 378 行.
NOTIC: [8] Undefined index: click F:\homes\webonline\Ztmvip\Runtime\Cache\Computer\32e468ab60e2e09572b0db47289440e6.php 第 378 行.
NOTIC: [8] Undefined index: sales F:\homes\webonline\Ztmvip\Runtime\Cache\Computer\32e468ab60e2e09572b0db47289440e6.php 第 378 行.
INFO: Run Behavior\ParseTemplateBehavior [ RunTime:0.045003s ]
INFO: [ view_parse ] --END-- [ RunTime:0.045003s ]
INFO: [ view_filter ] --START--
INFO: Run Behavior\WriteHtmlCacheBehavior [ RunTime:0.001000s ]
INFO: [ view_filter ] --END-- [ RunTime:0.001000s ]
INFO: [ app_end ] --START--
INFO: Run Behavior\ShowPageTraceBehavior [ RunTime:0.000000s ]
INFO: [ app_end ] --END-- [ RunTime:0.000000s ]

[ 2016-01-13T12:01:07+08:00 ] 127.0.0.1 /Goods/detail/goods_id/2670
INFO: [ app_init ] --START--
INFO: Run Behavior\BuildLiteBehavior [ RunTime:0.001000s ]
INFO: [ app_init ] --END-- [ RunTime:0.001000s ]
INFO: [ app_begin ] --START--
INFO: Run Behavior\ReadHtmlCacheBehavior [ RunTime:0.001000s ]
INFO: [ app_begin ] --END-- [ RunTime:0.001000s ]
SQL: SHOW COLUMNS FROM `ztm_cart` [ RunTime:0.0020s ]
SQL: SHOW COLUMNS FROM `ztm_cart` [ RunTime:0.0020s ]
SQL: SELECT SUM(goods_number) AS count FROM `ztm_cart` WHERE `cart_key` = '1b695fc3d4ee3ab4af62a6be480d46f8' LIMIT 1   [ RunTime:0.0010s ]
SQL: SHOW COLUMNS FROM `ztm_user` [ RunTime:0.0020s ]
SQL: SHOW COLUMNS FROM `ztm_goods` [ RunTime:0.0020s ]
SQL: UPDATE `ztm_goods` SET `click`=click+1 WHERE ( id=2670 ) [ RunTime:0.0010s ]
SQL: SELECT `id`,`goods_name`,`shop_price`,`market_price`,`goods_thumb` FROM `ztm_goods` WHERE `id` = 2479 AND `on_sale` = 'Y' AND `disabled` = 'N' LIMIT 1   [ RunTime:0.0010s ]
SQL: SHOW COLUMNS FROM `ztm_article` [ RunTime:0.0020s ]
SQL: SELECT `content` FROM `ztm_article` WHERE `id` = 59 LIMIT 1   [ RunTime:0.0020s ]
SQL: SHOW COLUMNS FROM `ztm_goods` [ RunTime:0.0020s ]
SQL: SELECT gc.id,gc.category_name FROM ztm_goods g INNER JOIN ztm_goods_category gc ON gc.id=g.category_id  WHERE g.id = '2670' LIMIT 1   [ RunTime:0.0010s ]
SQL: SHOW COLUMNS FROM `ztm_goods_extend` [ RunTime:0.0010s ]
SQL: SELECT `goods_gallery` FROM `ztm_goods_extend` WHERE `goods_id` = 2670 LIMIT 1   [ RunTime:0.0010s ]
SQL: SELECT g.goods_number,g.goods_name,g.market_price,g.goods_thumb,g.shop_price,ge.goods_desc FROM ztm_goods g INNER JOIN ztm_goods_extend ge ON ge.goods_id=g.id  WHERE g.id = '2670' LIMIT 1   [ RunTime:0.0010s ]
SQL: SHOW COLUMNS FROM `ztm_goods_extend` [ RunTime:0.0020s ]
SQL: SELECT ge.skus,gs.skus AS catskus FROM ztm_goods_extend ge INNER JOIN ztm_goods_sku gs ON ge.sku_id=gs.id  WHERE ge.goods_id = '2670' LIMIT 1   [ RunTime:0.0010s ]
NOTIC: [2] Invalid argument supplied for foreach() F:\homes\webonline\Ztmvip\Computer\Model\GoodsModel.class.php 第 321 行.
SQL: SELECT `relation_goods` FROM `ztm_goods_extend` WHERE `goods_id` = 2670 LIMIT 1   [ RunTime:0.0020s ]
SQL: SELECT `id`,`goods_name`,`shop_price`,`market_price`,`goods_thumb` FROM `ztm_goods` WHERE `id` IN ('1479','1574','1575','1576','1863','1945') AND `on_sale` = 'Y' AND `disabled` = 'N'  [ RunTime:0.0010s ]
SQL: SHOW COLUMNS FROM `ztm_comment` [ RunTime:0.0020s ]
SQL: SELECT COUNT(*) AS tp_count FROM `ztm_comment` WHERE `relation_id` = 2670 AND `display` = 'Y' AND `relation_type` = 'goods' LIMIT 1   [ RunTime:0.0010s ]
SQL: SHOW COLUMNS FROM `ztm_comment` [ RunTime:0.0010s ]
SQL: SELECT `user_name`,`content`,`level`,`date_add` FROM `ztm_comment` WHERE `relation_id` = 2670 AND `display` = 'Y' AND `relation_type` = 'goods' ORDER BY id desc LIMIT 0,10   [ RunTime:0.0010s ]
INFO: [ view_parse ] --START--
INFO: [ template_filter ] --START--
INFO: Run Behavior\ContentReplaceBehavior [ RunTime:0.001000s ]
INFO: [ template_filter ] --END-- [ RunTime:0.001000s ]
NOTIC: [8] Use of undefined constant session - assumed 'session' F:\homes\webonline\Ztmvip\Runtime\Cache\Computer\03db907eaf3d1313e3d7b510bbef831f.php 第 33 行.
NOTIC: [8] Undefined variable: Think F:\homes\webonline\Ztmvip\Runtime\Cache\Computer\03db907eaf3d1313e3d7b510bbef831f.php 第 33 行.
NOTIC: [8] Use of undefined constant cnumber - assumed 'cnumber' F:\homes\webonline\Ztmvip\Runtime\Cache\Computer\03db907eaf3d1313e3d7b510bbef831f.php 第 33 行.
NOTIC: [8] Undefined variable: user_info F:\homes\webonline\Ztmvip\Runtime\Cache\Computer\03db907eaf3d1313e3d7b510bbef831f.php 第 34 行.
NOTIC: [8] Undefined variable: choose F:\homes\webonline\Ztmvip\Runtime\Cache\Computer\03db907eaf3d1313e3d7b510bbef831f.php 第 49 行.
NOTIC: [8] Undefined variable: flag F:\homes\webonline\Ztmvip\Runtime\Cache\Computer\03db907eaf3d1313e3d7b510bbef831f.php 第 496 行.
NOTIC: [8] Undefined variable: pagehover F:\homes\webonline\Ztmvip\Runtime\Cache\Computer\03db907eaf3d1313e3d7b510bbef831f.php 第 539 行.
INFO: Run Behavior\ParseTemplateBehavior [ RunTime:0.025001s ]
INFO: [ view_parse ] --END-- [ RunTime:0.025001s ]
INFO: [ view_filter ] --START--
INFO: Run Behavior\WriteHtmlCacheBehavior [ RunTime:0.000000s ]
INFO: [ view_filter ] --END-- [ RunTime:0.000000s ]
INFO: [ app_end ] --START--
INFO: Run Behavior\ShowPageTraceBehavior [ RunTime:0.000000s ]
INFO: [ app_end ] --END-- [ RunTime:0.000000s ]

[ 2016-01-13T12:01:07+08:00 ] 127.0.0.1 /Uploads/20160111/569376a9c314d.jpg
INFO: [ app_init ] --START--
INFO: Run Behavior\BuildLiteBehavior [ RunTime:0.000000s ]
INFO: [ app_init ] --END-- [ RunTime:0.000000s ]

[ 2016-01-13T12:01:07+08:00 ] 127.0.0.1 /Uploads/20160111/569376aae5719.jpg
INFO: [ app_init ] --START--
INFO: Run Behavior\BuildLiteBehavior [ RunTime:0.000000s ]
INFO: [ app_init ] --END-- [ RunTime:0.001000s ]

[ 2016-01-13T12:01:07+08:00 ] 127.0.0.1 /Uploads/20160111/569376acca34c.jpg
INFO: [ app_init ] --START--
INFO: Run Behavior\BuildLiteBehavior [ RunTime:0.000000s ]
INFO: [ app_init ] --END-- [ RunTime:0.000000s ]

[ 2016-01-13T12:01:07+08:00 ] 127.0.0.1 /Uploads/20160111/569376b758205.jpg
INFO: [ app_init ] --START--
INFO: Run Behavior\BuildLiteBehavior [ RunTime:0.000000s ]
INFO: [ app_init ] --END-- [ RunTime:0.001001s ]

[ 2016-01-13T12:01:07+08:00 ] 127.0.0.1 /Uploads/20160111/569376ae6e1af.jpg
INFO: [ app_init ] --START--
INFO: Run Behavior\BuildLiteBehavior [ RunTime:0.000000s ]
INFO: [ app_init ] --END-- [ RunTime:0.001000s ]

[ 2016-01-13T12:01:07+08:00 ] 127.0.0.1 /Uploads/20160111/569376b110a69.jpg
INFO: [ app_init ] --START--
INFO: Run Behavior\BuildLiteBehavior [ RunTime:0.000000s ]
INFO: [ app_init ] --END-- [ RunTime:0.000000s ]

[ 2016-01-13T12:01:07+08:00 ] 127.0.0.1 /Uploads/20160111/569376b503393.jpg
INFO: [ app_init ] --START--
INFO: Run Behavior\BuildLiteBehavior [ RunTime:0.000000s ]
INFO: [ app_init ] --END-- [ RunTime:0.000000s ]

[ 2016-01-13T12:01:07+08:00 ] 127.0.0.1 /Uploads/20160111/569376b3d0168.jpg
INFO: [ app_init ] --START--
INFO: Run Behavior\BuildLiteBehavior [ RunTime:0.000000s ]
INFO: [ app_init ] --END-- [ RunTime:0.000000s ]

[ 2016-01-13T12:01:07+08:00 ] 127.0.0.1 /Uploads/20160111/569376b675f25.jpg
INFO: [ app_init ] --START--
INFO: Run Behavior\BuildLiteBehavior [ RunTime:0.000000s ]
INFO: [ app_init ] --END-- [ RunTime:0.000000s ]

[ 2016-01-13T12:01:07+08:00 ] 127.0.0.1 /Uploads/20160111/569376b83acb7.jpg
INFO: [ app_init ] --START--
INFO: Run Behavior\BuildLiteBehavior [ RunTime:0.000000s ]
INFO: [ app_init ] --END-- [ RunTime:0.000000s ]

[ 2016-01-13T12:01:07+08:00 ] 127.0.0.1 /Uploads/20160111/569376ac17c38.jpg
INFO: [ app_init ] --START--
INFO: Run Behavior\BuildLiteBehavior [ RunTime:0.000000s ]
INFO: [ app_init ] --END-- [ RunTime:0.000000s ]

[ 2016-01-13T12:01:07+08:00 ] 127.0.0.1 /Uploads/20160111/569376b9835b7.jpg
INFO: [ app_init ] --START--
INFO: Run Behavior\BuildLiteBehavior [ RunTime:0.000000s ]
INFO: [ app_init ] --END-- [ RunTime:0.000000s ]

[ 2016-01-13T12:01:07+08:00 ] 127.0.0.1 /Uploads/20160111/569376bd09e07.jpg
INFO: [ app_init ] --START--
INFO: Run Behavior\BuildLiteBehavior [ RunTime:0.000000s ]
INFO: [ app_init ] --END-- [ RunTime:0.001000s ]

[ 2016-01-13T12:01:07+08:00 ] 127.0.0.1 /Uploads/20160111/569376ba2046e.jpg
INFO: [ app_init ] --START--
INFO: Run Behavior\BuildLiteBehavior [ RunTime:0.000000s ]
INFO: [ app_init ] --END-- [ RunTime:0.000000s ]

[ 2016-01-13T12:01:07+08:00 ] 127.0.0.1 /Uploads/20160111/569376afdb803.jpg
INFO: [ app_init ] --START--
INFO: Run Behavior\BuildLiteBehavior [ RunTime:0.000000s ]
INFO: [ app_init ] --END-- [ RunTime:0.000000s ]

[ 2016-01-13T12:01:07+08:00 ] 127.0.0.1 /Uploads/20160111/569376bbd335b.jpg
INFO: [ app_init ] --START--
INFO: Run Behavior\BuildLiteBehavior [ RunTime:0.000000s ]
INFO: [ app_init ] --END-- [ RunTime:0.000000s ]

[ 2016-01-13T12:01:07+08:00 ] 127.0.0.1 /Uploads/20160111/569376bb68ff5.jpg
INFO: [ app_init ] --START--
INFO: Run Behavior\BuildLiteBehavior [ RunTime:0.000000s ]
INFO: [ app_init ] --END-- [ RunTime:0.000000s ]

[ 2016-01-13T12:01:07+08:00 ] 127.0.0.1 /Uploads/20160111/569376be568e6.jpg
INFO: [ app_init ] --START--
INFO: Run Behavior\BuildLiteBehavior [ RunTime:0.000000s ]
INFO: [ app_init ] --END-- [ RunTime:0.000000s ]

[ 2016-01-13T12:01:07+08:00 ] 127.0.0.1 /Uploads/20160111/569376bd50337.jpg
INFO: [ app_init ] --START--
INFO: Run Behavior\BuildLiteBehavior [ RunTime:0.000000s ]
INFO: [ app_init ] --END-- [ RunTime:0.001000s ]

[ 2016-01-13T12:01:07+08:00 ] 127.0.0.1 /Uploads/20160111/569376a9c314d.jpg
INFO: [ app_init ] --START--
INFO: Run Behavior\BuildLiteBehavior [ RunTime:0.000000s ]
INFO: [ app_init ] --END-- [ RunTime:0.001000s ]

[ 2016-01-13T12:01:07+08:00 ] 127.0.0.1 /Uploads/20160111/569376afdb803.jpg
INFO: [ app_init ] --START--
INFO: Run Behavior\BuildLiteBehavior [ RunTime:0.000000s ]
INFO: [ app_init ] --END-- [ RunTime:0.001000s ]

[ 2016-01-13T12:01:07+08:00 ] 127.0.0.1 /Uploads/20160111/569376ac17c38.jpg
INFO: [ app_init ] --START--
INFO: Run Behavior\BuildLiteBehavior [ RunTime:0.000000s ]
INFO: [ app_init ] --END-- [ RunTime:0.000000s ]

[ 2016-01-13T12:01:07+08:00 ] 127.0.0.1 /Uploads/20160111/569376ae6e1af.jpg
INFO: [ app_init ] --START--
INFO: Run Behavior\BuildLiteBehavior [ RunTime:0.000000s ]
INFO: [ app_init ] --END-- [ RunTime:0.000000s ]

[ 2016-01-13T12:01:07+08:00 ] 127.0.0.1 /Uploads/20160111/569376acca34c.jpg
INFO: [ app_init ] --START--
INFO: Run Behavior\BuildLiteBehavior [ RunTime:0.000000s ]
INFO: [ app_init ] --END-- [ RunTime:0.000000s ]

[ 2016-01-13T12:01:07+08:00 ] 127.0.0.1 /Uploads/20160111/569376b758205.jpg
INFO: [ app_init ] --START--
INFO: Run Behavior\BuildLiteBehavior [ RunTime:0.000000s ]
INFO: [ app_init ] --END-- [ RunTime:0.000000s ]

[ 2016-01-13T12:01:07+08:00 ] 127.0.0.1 /Uploads/20160111/569376b110a69.jpg
INFO: [ app_init ] --START--
INFO: Run Behavior\BuildLiteBehavior [ RunTime:0.000000s ]
INFO: [ app_init ] --END-- [ RunTime:0.000000s ]

[ 2016-01-13T12:01:07+08:00 ] 127.0.0.1 /Uploads/20160111/569376b3d0168.jpg
INFO: [ app_init ] --START--
INFO: Run Behavior\BuildLiteBehavior [ RunTime:0.000000s ]
INFO: [ app_init ] --END-- [ RunTime:0.000000s ]

[ 2016-01-13T12:01:07+08:00 ] 127.0.0.1 /Uploads/20160111/569376b675f25.jpg
INFO: [ app_init ] --START--
INFO: Run Behavior\BuildLiteBehavior [ RunTime:0.000000s ]
INFO: [ app_init ] --END-- [ RunTime:0.000000s ]

[ 2016-01-13T12:01:07+08:00 ] 127.0.0.1 /Uploads/20160111/569376b9835b7.jpg
INFO: [ app_init ] --START--
INFO: Run Behavior\BuildLiteBehavior [ RunTime:0.000000s ]
INFO: [ app_init ] --END-- [ RunTime:0.001000s ]

[ 2016-01-13T12:01:07+08:00 ] 127.0.0.1 /Uploads/20160111/569376aae5719.jpg
INFO: [ app_init ] --START--
INFO: Run Behavior\BuildLiteBehavior [ RunTime:0.000000s ]
INFO: [ app_init ] --END-- [ RunTime:0.000000s ]

[ 2016-01-13T12:01:07+08:00 ] 127.0.0.1 /Uploads/20160111/569376b503393.jpg
INFO: [ app_init ] --START--
INFO: Run Behavior\BuildLiteBehavior [ RunTime:0.000000s ]
INFO: [ app_init ] --END-- [ RunTime:0.000000s ]

[ 2016-01-13T12:01:07+08:00 ] 127.0.0.1 /Uploads/20160111/569376bd09e07.jpg
INFO: [ app_init ] --START--
INFO: Run Behavior\BuildLiteBehavior [ RunTime:0.000000s ]
INFO: [ app_init ] --END-- [ RunTime:0.001000s ]

[ 2016-01-13T12:01:07+08:00 ] 127.0.0.1 /Uploads/20160111/569376b83acb7.jpg
INFO: [ app_init ] --START--
INFO: Run Behavior\BuildLiteBehavior [ RunTime:0.000000s ]
INFO: [ app_init ] --END-- [ RunTime:0.000000s ]

[ 2016-01-13T12:01:07+08:00 ] 127.0.0.1 /Uploads/20160111/569376bbd335b.jpg
INFO: [ app_init ] --START--
INFO: Run Behavior\BuildLiteBehavior [ RunTime:0.000000s ]
INFO: [ app_init ] --END-- [ RunTime:0.000000s ]

[ 2016-01-13T12:01:07+08:00 ] 127.0.0.1 /Uploads/20160111/569376ba2046e.jpg
INFO: [ app_init ] --START--
INFO: Run Behavior\BuildLiteBehavior [ RunTime:0.000000s ]
INFO: [ app_init ] --END-- [ RunTime:0.000000s ]

[ 2016-01-13T12:01:07+08:00 ] 127.0.0.1 /Uploads/20160111/569376bd50337.jpg
INFO: [ app_init ] --START--
INFO: Run Behavior\BuildLiteBehavior [ RunTime:0.000000s ]
INFO: [ app_init ] --END-- [ RunTime:0.000000s ]

[ 2016-01-13T12:01:07+08:00 ] 127.0.0.1 /Uploads/20160111/569376bb68ff5.jpg
INFO: [ app_init ] --START--
INFO: Run Behavior\BuildLiteBehavior [ RunTime:0.000000s ]
INFO: [ app_init ] --END-- [ RunTime:0.000000s ]

[ 2016-01-13T12:01:07+08:00 ] 127.0.0.1 /Uploads/20160111/569376be568e6.jpg
INFO: [ app_init ] --START--
INFO: Run Behavior\BuildLiteBehavior [ RunTime:0.000000s ]
INFO: [ app_init ] --END-- [ RunTime:0.000000s ]

[ 2016-01-13T12:01:13+08:00 ] 127.0.0.1 /Goods/detail/goods_id/1575
INFO: [ app_init ] --START--
INFO: Run Behavior\BuildLiteBehavior [ RunTime:0.000000s ]
INFO: [ app_init ] --END-- [ RunTime:0.000000s ]
INFO: [ app_begin ] --START--
INFO: Run Behavior\ReadHtmlCacheBehavior [ RunTime:0.001000s ]
INFO: [ app_begin ] --END-- [ RunTime:0.001000s ]
SQL: SHOW COLUMNS FROM `ztm_cart` [ RunTime:0.0020s ]
SQL: SHOW COLUMNS FROM `ztm_cart` [ RunTime:0.0020s ]
SQL: SELECT SUM(goods_number) AS count FROM `ztm_cart` WHERE `cart_key` = '1b695fc3d4ee3ab4af62a6be480d46f8' LIMIT 1   [ RunTime:0.0010s ]
SQL: SHOW COLUMNS FROM `ztm_user` [ RunTime:0.0020s ]
SQL: SHOW COLUMNS FROM `ztm_goods` [ RunTime:0.0030s ]
SQL: UPDATE `ztm_goods` SET `click`=click+1 WHERE ( id=1575 ) [ RunTime:0.0010s ]
SQL: SELECT `id`,`goods_name`,`shop_price`,`market_price`,`goods_thumb` FROM `ztm_goods` WHERE `id` = 2670 AND `on_sale` = 'Y' AND `disabled` = 'N' LIMIT 1   [ RunTime:0.0020s ]
SQL: SELECT `id`,`goods_name`,`shop_price`,`market_price`,`goods_thumb` FROM `ztm_goods` WHERE `id` = 2479 AND `on_sale` = 'Y' AND `disabled` = 'N' LIMIT 1   [ RunTime:0.0010s ]
SQL: SHOW COLUMNS FROM `ztm_article` [ RunTime:0.0010s ]
SQL: SELECT `content` FROM `ztm_article` WHERE `id` = 59 LIMIT 1   [ RunTime:0.0020s ]
SQL: SHOW COLUMNS FROM `ztm_goods` [ RunTime:0.0020s ]
SQL: SELECT gc.id,gc.category_name FROM ztm_goods g INNER JOIN ztm_goods_category gc ON gc.id=g.category_id  WHERE g.id = '1575' LIMIT 1   [ RunTime:0.0010s ]
SQL: SHOW COLUMNS FROM `ztm_goods_extend` [ RunTime:0.0020s ]
SQL: SELECT `goods_gallery` FROM `ztm_goods_extend` WHERE `goods_id` = 1575 LIMIT 1   [ RunTime:0.0010s ]
SQL: SELECT g.goods_number,g.goods_name,g.market_price,g.goods_thumb,g.shop_price,ge.goods_desc FROM ztm_goods g INNER JOIN ztm_goods_extend ge ON ge.goods_id=g.id  WHERE g.id = '1575' LIMIT 1   [ RunTime:0.0010s ]
SQL: SHOW COLUMNS FROM `ztm_goods_extend` [ RunTime:0.0010s ]
SQL: SELECT ge.skus,gs.skus AS catskus FROM ztm_goods_extend ge INNER JOIN ztm_goods_sku gs ON ge.sku_id=gs.id  WHERE ge.goods_id = '1575' LIMIT 1   [ RunTime:0.0010s ]
SQL: SELECT `relation_goods` FROM `ztm_goods_extend` WHERE `goods_id` = 1575 LIMIT 1   [ RunTime:0.0010s ]
SQL: SELECT `id`,`goods_name`,`shop_price`,`market_price`,`goods_thumb` FROM `ztm_goods` WHERE `id` IN ('1479','1574','1576','1863','1945') AND `on_sale` = 'Y' AND `disabled` = 'N'  [ RunTime:0.0010s ]
SQL: SHOW COLUMNS FROM `ztm_comment` [ RunTime:0.0020s ]
SQL: SELECT COUNT(*) AS tp_count FROM `ztm_comment` WHERE `relation_id` = 1575 AND `display` = 'Y' AND `relation_type` = 'goods' LIMIT 1   [ RunTime:0.0010s ]
SQL: SHOW COLUMNS FROM `ztm_comment` [ RunTime:0.0010s ]
SQL: SELECT `user_name`,`content`,`level`,`date_add` FROM `ztm_comment` WHERE `relation_id` = 1575 AND `display` = 'Y' AND `relation_type` = 'goods' ORDER BY id desc LIMIT 0,10   [ RunTime:0.0020s ]
INFO: [ view_parse ] --START--
INFO: [ template_filter ] --START--
INFO: Run Behavior\ContentReplaceBehavior [ RunTime:0.001000s ]
INFO: [ template_filter ] --END-- [ RunTime:0.001000s ]
NOTIC: [8] Use of undefined constant session - assumed 'session' F:\homes\webonline\Ztmvip\Runtime\Cache\Computer\03db907eaf3d1313e3d7b510bbef831f.php 第 33 行.
NOTIC: [8] Undefined variable: Think F:\homes\webonline\Ztmvip\Runtime\Cache\Computer\03db907eaf3d1313e3d7b510bbef831f.php 第 33 行.
NOTIC: [8] Use of undefined constant cnumber - assumed 'cnumber' F:\homes\webonline\Ztmvip\Runtime\Cache\Computer\03db907eaf3d1313e3d7b510bbef831f.php 第 33 行.
NOTIC: [8] Undefined variable: user_info F:\homes\webonline\Ztmvip\Runtime\Cache\Computer\03db907eaf3d1313e3d7b510bbef831f.php 第 34 行.
NOTIC: [8] Undefined variable: choose F:\homes\webonline\Ztmvip\Runtime\Cache\Computer\03db907eaf3d1313e3d7b510bbef831f.php 第 49 行.
NOTIC: [8] Undefined variable: flag F:\homes\webonline\Ztmvip\Runtime\Cache\Computer\03db907eaf3d1313e3d7b510bbef831f.php 第 496 行.
NOTIC: [8] Undefined variable: pagehover F:\homes\webonline\Ztmvip\Runtime\Cache\Computer\03db907eaf3d1313e3d7b510bbef831f.php 第 539 行.
INFO: Run Behavior\ParseTemplateBehavior [ RunTime:0.025002s ]
INFO: [ view_parse ] --END-- [ RunTime:0.025002s ]
INFO: [ view_filter ] --START--
INFO: Run Behavior\WriteHtmlCacheBehavior [ RunTime:0.000000s ]
INFO: [ view_filter ] --END-- [ RunTime:0.000000s ]
INFO: [ app_end ] --START--
INFO: Run Behavior\ShowPageTraceBehavior [ RunTime:0.001000s ]
INFO: [ app_end ] --END-- [ RunTime:0.001000s ]

[ 2016-01-13T12:01:13+08:00 ] 127.0.0.1 /images/upload/201510/29/1446113581282733.jpg
INFO: [ app_init ] --START--
INFO: Run Behavior\BuildLiteBehavior [ RunTime:0.000000s ]
INFO: [ app_init ] --END-- [ RunTime:0.000000s ]

[ 2016-01-13T12:01:13+08:00 ] 127.0.0.1 /images/upload/201510/29/1446113582184769.jpg
INFO: [ app_init ] --START--
INFO: Run Behavior\BuildLiteBehavior [ RunTime:0.000000s ]
INFO: [ app_init ] --END-- [ RunTime:0.000000s ]

[ 2016-01-13T12:01:13+08:00 ] 127.0.0.1 /images/upload/201510/29/1446113580497686.jpg
INFO: [ app_init ] --START--
INFO: Run Behavior\BuildLiteBehavior [ RunTime:0.000000s ]
INFO: [ app_init ] --END-- [ RunTime:0.001001s ]

[ 2016-01-13T12:01:13+08:00 ] 127.0.0.1 /images/upload/201510/29/1446113581975864.jpg
INFO: [ app_init ] --START--
INFO: Run Behavior\BuildLiteBehavior [ RunTime:0.000000s ]
INFO: [ app_init ] --END-- [ RunTime:0.000000s ]

[ 2016-01-13T12:01:13+08:00 ] 127.0.0.1 /images/upload/201510/29/1446113583852219.jpg
INFO: [ app_init ] --START--
INFO: Run Behavior\BuildLiteBehavior [ RunTime:0.000000s ]
INFO: [ app_init ] --END-- [ RunTime:0.001000s ]

[ 2016-01-13T12:01:13+08:00 ] 127.0.0.1 /images/upload/201510/29/1446113584633776.jpg
INFO: [ app_init ] --START--
INFO: Run Behavior\BuildLiteBehavior [ RunTime:0.000000s ]
INFO: [ app_init ] --END-- [ RunTime:0.000000s ]

[ 2016-01-13T12:01:13+08:00 ] 127.0.0.1 /images/upload/201510/29/1446113584573053.jpg
INFO: [ app_init ] --START--
INFO: Run Behavior\BuildLiteBehavior [ RunTime:0.000000s ]
INFO: [ app_init ] --END-- [ RunTime:0.001000s ]

[ 2016-01-13T12:01:13+08:00 ] 127.0.0.1 /images/upload/201510/29/1446113585806776.jpg
INFO: [ app_init ] --START--
INFO: Run Behavior\BuildLiteBehavior [ RunTime:0.000000s ]
INFO: [ app_init ] --END-- [ RunTime:0.001000s ]

[ 2016-01-13T12:01:13+08:00 ] 127.0.0.1 /images/upload/201510/29/1446113584458976.jpg
INFO: [ app_init ] --START--
INFO: Run Behavior\BuildLiteBehavior [ RunTime:0.000000s ]
INFO: [ app_init ] --END-- [ RunTime:0.000000s ]

[ 2016-01-13T12:01:13+08:00 ] 127.0.0.1 /images/upload/201510/29/1446113583921995.jpg
INFO: [ app_init ] --START--
INFO: Run Behavior\BuildLiteBehavior [ RunTime:0.000000s ]
INFO: [ app_init ] --END-- [ RunTime:0.000000s ]

[ 2016-01-13T12:01:13+08:00 ] 127.0.0.1 /images/upload/201510/29/1446113583753210.jpg
INFO: [ app_init ] --START--
INFO: Run Behavior\BuildLiteBehavior [ RunTime:0.000000s ]
INFO: [ app_init ] --END-- [ RunTime:0.000000s ]

[ 2016-01-13T12:01:13+08:00 ] 127.0.0.1 /images/upload/201510/29/1446113585267933.jpg
INFO: [ app_init ] --START--
INFO: Run Behavior\BuildLiteBehavior [ RunTime:0.000000s ]
INFO: [ app_init ] --END-- [ RunTime:0.000000s ]

[ 2016-01-13T12:01:13+08:00 ] 127.0.0.1 /images/upload/201510/29/1446113582388249.jpg
INFO: [ app_init ] --START--
INFO: Run Behavior\BuildLiteBehavior [ RunTime:0.000000s ]
INFO: [ app_init ] --END-- [ RunTime:0.000000s ]

[ 2016-01-13T12:01:13+08:00 ] 127.0.0.1 /images/upload/201510/29/1446113586938208.jpg
INFO: [ app_init ] --START--
INFO: Run Behavior\BuildLiteBehavior [ RunTime:0.000000s ]
INFO: [ app_init ] --END-- [ RunTime:0.000000s ]

[ 2016-01-13T12:01:13+08:00 ] 127.0.0.1 /images/upload/201510/29/1446113585498732.jpg
INFO: [ app_init ] --START--
INFO: Run Behavior\BuildLiteBehavior [ RunTime:0.000000s ]
INFO: [ app_init ] --END-- [ RunTime:0.000000s ]

[ 2016-01-13T12:01:14+08:00 ] 127.0.0.1 /images/upload/201510/29/1446113582388249.jpg
INFO: [ app_init ] --START--
INFO: Run Behavior\BuildLiteBehavior [ RunTime:0.000000s ]
INFO: [ app_init ] --END-- [ RunTime:0.000000s ]

[ 2016-01-13T12:01:14+08:00 ] 127.0.0.1 /images/upload/201510/29/1446113580497686.jpg
INFO: [ app_init ] --START--
INFO: Run Behavior\BuildLiteBehavior [ RunTime:0.000000s ]
INFO: [ app_init ] --END-- [ RunTime:0.000000s ]

[ 2016-01-13T12:01:14+08:00 ] 127.0.0.1 /images/upload/201510/29/1446113581282733.jpg
INFO: [ app_init ] --START--
INFO: Run Behavior\BuildLiteBehavior [ RunTime:0.000000s ]
INFO: [ app_init ] --END-- [ RunTime:0.001001s ]

[ 2016-01-13T12:01:14+08:00 ] 127.0.0.1 /images/upload/201510/29/1446113581975864.jpg
INFO: [ app_init ] --START--
INFO: Run Behavior\BuildLiteBehavior [ RunTime:0.000000s ]
INFO: [ app_init ] --END-- [ RunTime:0.000000s ]

[ 2016-01-13T12:01:14+08:00 ] 127.0.0.1 /images/upload/201510/29/1446113583753210.jpg
INFO: [ app_init ] --START--
INFO: Run Behavior\BuildLiteBehavior [ RunTime:0.000000s ]
INFO: [ app_init ] --END-- [ RunTime:0.001000s ]

[ 2016-01-13T12:01:14+08:00 ] 127.0.0.1 /images/upload/201510/29/1446113583852219.jpg
INFO: [ app_init ] --START--
INFO: Run Behavior\BuildLiteBehavior [ RunTime:0.000000s ]
INFO: [ app_init ] --END-- [ RunTime:0.000000s ]

[ 2016-01-13T12:01:14+08:00 ] 127.0.0.1 /images/upload/201510/29/1446113584633776.jpg
INFO: [ app_init ] --START--
INFO: Run Behavior\BuildLiteBehavior [ RunTime:0.000000s ]
INFO: [ app_init ] --END-- [ RunTime:0.000000s ]

[ 2016-01-13T12:01:14+08:00 ] 127.0.0.1 /images/upload/201510/29/1446113582184769.jpg
INFO: [ app_init ] --START--
INFO: Run Behavior\BuildLiteBehavior [ RunTime:0.000000s ]
INFO: [ app_init ] --END-- [ RunTime:0.000000s ]

[ 2016-01-13T12:01:14+08:00 ] 127.0.0.1 /images/upload/201510/29/1446113585498732.jpg
INFO: [ app_init ] --START--
INFO: Run Behavior\BuildLiteBehavior [ RunTime:0.000000s ]
INFO: [ app_init ] --END-- [ RunTime:0.000000s ]

[ 2016-01-13T12:01:14+08:00 ] 127.0.0.1 /images/upload/201510/29/1446113584573053.jpg
INFO: [ app_init ] --START--
INFO: Run Behavior\BuildLiteBehavior [ RunTime:0.000000s ]
INFO: [ app_init ] --END-- [ RunTime:0.000000s ]

[ 2016-01-13T12:01:14+08:00 ] 127.0.0.1 /images/upload/201510/29/1446113583921995.jpg
INFO: [ app_init ] --START--
INFO: Run Behavior\BuildLiteBehavior [ RunTime:0.000000s ]
INFO: [ app_init ] --END-- [ RunTime:0.007000s ]

[ 2016-01-13T12:01:14+08:00 ] 127.0.0.1 /images/upload/201510/29/1446113585806776.jpg
INFO: [ app_init ] --START--
INFO: Run Behavior\BuildLiteBehavior [ RunTime:0.000000s ]
INFO: [ app_init ] --END-- [ RunTime:0.000000s ]

[ 2016-01-13T12:01:14+08:00 ] 127.0.0.1 /images/upload/201510/29/1446113586938208.jpg
INFO: [ app_init ] --START--
INFO: Run Behavior\BuildLiteBehavior [ RunTime:0.000000s ]
INFO: [ app_init ] --END-- [ RunTime:0.000000s ]

[ 2016-01-13T12:01:14+08:00 ] 127.0.0.1 /images/upload/201510/29/1446113585267933.jpg
INFO: [ app_init ] --START--
INFO: Run Behavior\BuildLiteBehavior [ RunTime:0.000000s ]
INFO: [ app_init ] --END-- [ RunTime:0.000000s ]

[ 2016-01-13T12:01:14+08:00 ] 127.0.0.1 /images/upload/201510/29/1446113584458976.jpg
INFO: [ app_init ] --START--
INFO: Run Behavior\BuildLiteBehavior [ RunTime:0.000000s ]
INFO: [ app_init ] --END-- [ RunTime:0.001000s ]

[ 2016-01-13T12:01:40+08:00 ] 127.0.0.1 /Goods/detail.html?goods_id=1575&p=2
INFO: [ app_init ] --START--
INFO: Run Behavior\BuildLiteBehavior [ RunTime:0.000000s ]
INFO: [ app_init ] --END-- [ RunTime:0.001000s ]
INFO: [ app_begin ] --START--
INFO: Run Behavior\ReadHtmlCacheBehavior [ RunTime:0.001000s ]
INFO: [ app_begin ] --END-- [ RunTime:0.001000s ]
SQL: SHOW COLUMNS FROM `ztm_cart` [ RunTime:0.0020s ]
SQL: SHOW COLUMNS FROM `ztm_cart` [ RunTime:0.0020s ]
SQL: SELECT SUM(goods_number) AS count FROM `ztm_cart` WHERE `cart_key` = '1b695fc3d4ee3ab4af62a6be480d46f8' LIMIT 1   [ RunTime:0.0010s ]
SQL: SHOW COLUMNS FROM `ztm_user` [ RunTime:0.0030s ]
SQL: SHOW COLUMNS FROM `ztm_goods` [ RunTime:0.0020s ]
SQL: UPDATE `ztm_goods` SET `click`=click+1 WHERE ( id=1575 ) [ RunTime:0.0020s ]
SQL: SELECT `id`,`goods_name`,`shop_price`,`market_price`,`goods_thumb` FROM `ztm_goods` WHERE `id` = 1575 AND `on_sale` = 'Y' AND `disabled` = 'N' LIMIT 1   [ RunTime:0.0010s ]
SQL: SELECT `id`,`goods_name`,`shop_price`,`market_price`,`goods_thumb` FROM `ztm_goods` WHERE `id` = 2670 AND `on_sale` = 'Y' AND `disabled` = 'N' LIMIT 1   [ RunTime:0.0020s ]
SQL: SELECT `id`,`goods_name`,`shop_price`,`market_price`,`goods_thumb` FROM `ztm_goods` WHERE `id` = 2479 AND `on_sale` = 'Y' AND `disabled` = 'N' LIMIT 1   [ RunTime:0.0010s ]
SQL: SHOW COLUMNS FROM `ztm_article` [ RunTime:0.0010s ]
SQL: SELECT `content` FROM `ztm_article` WHERE `id` = 59 LIMIT 1   [ RunTime:0.0020s ]
SQL: SHOW COLUMNS FROM `ztm_goods` [ RunTime:0.0020s ]
SQL: SELECT gc.id,gc.category_name FROM ztm_goods g INNER JOIN ztm_goods_category gc ON gc.id=g.category_id  WHERE g.id = '1575' LIMIT 1   [ RunTime:0.0010s ]
SQL: SHOW COLUMNS FROM `ztm_goods_extend` [ RunTime:0.0010s ]
SQL: SELECT `goods_gallery` FROM `ztm_goods_extend` WHERE `goods_id` = 1575 LIMIT 1   [ RunTime:0.0000s ]
SQL: SELECT g.goods_number,g.goods_name,g.market_price,g.goods_thumb,g.shop_price,ge.goods_desc FROM ztm_goods g INNER JOIN ztm_goods_extend ge ON ge.goods_id=g.id  WHERE g.id = '1575' LIMIT 1   [ RunTime:0.0020s ]
SQL: SHOW COLUMNS FROM `ztm_goods_extend` [ RunTime:0.0010s ]
SQL: SELECT ge.skus,gs.skus AS catskus FROM ztm_goods_extend ge INNER JOIN ztm_goods_sku gs ON ge.sku_id=gs.id  WHERE ge.goods_id = '1575' LIMIT 1   [ RunTime:0.0010s ]
SQL: SELECT `relation_goods` FROM `ztm_goods_extend` WHERE `goods_id` = 1575 LIMIT 1   [ RunTime:0.0010s ]
SQL: SELECT `id`,`goods_name`,`shop_price`,`market_price`,`goods_thumb` FROM `ztm_goods` WHERE `id` IN ('1479','1574','1576','1863','1945') AND `on_sale` = 'Y' AND `disabled` = 'N'  [ RunTime:0.0010s ]
SQL: SHOW COLUMNS FROM `ztm_comment` [ RunTime:0.0020s ]
SQL: SELECT COUNT(*) AS tp_count FROM `ztm_comment` WHERE `relation_id` = 1575 AND `display` = 'Y' AND `relation_type` = 'goods' LIMIT 1   [ RunTime:0.0000s ]
SQL: SHOW COLUMNS FROM `ztm_comment` [ RunTime:0.0010s ]
SQL: SELECT `user_name`,`content`,`level`,`date_add` FROM `ztm_comment` WHERE `relation_id` = 1575 AND `display` = 'Y' AND `relation_type` = 'goods' ORDER BY id desc LIMIT 10,10   [ RunTime:0.0010s ]
INFO: [ view_parse ] --START--
INFO: [ template_filter ] --START--
INFO: Run Behavior\ContentReplaceBehavior [ RunTime:0.000000s ]
INFO: [ template_filter ] --END-- [ RunTime:0.000000s ]
NOTIC: [8] Use of undefined constant session - assumed 'session' F:\homes\webonline\Ztmvip\Runtime\Cache\Computer\03db907eaf3d1313e3d7b510bbef831f.php 第 33 行.
NOTIC: [8] Undefined variable: Think F:\homes\webonline\Ztmvip\Runtime\Cache\Computer\03db907eaf3d1313e3d7b510bbef831f.php 第 33 行.
NOTIC: [8] Use of undefined constant cnumber - assumed 'cnumber' F:\homes\webonline\Ztmvip\Runtime\Cache\Computer\03db907eaf3d1313e3d7b510bbef831f.php 第 33 行.
NOTIC: [8] Undefined variable: user_info F:\homes\webonline\Ztmvip\Runtime\Cache\Computer\03db907eaf3d1313e3d7b510bbef831f.php 第 34 行.
NOTIC: [8] Undefined variable: choose F:\homes\webonline\Ztmvip\Runtime\Cache\Computer\03db907eaf3d1313e3d7b510bbef831f.php 第 49 行.
NOTIC: [8] Undefined variable: flag F:\homes\webonline\Ztmvip\Runtime\Cache\Computer\03db907eaf3d1313e3d7b510bbef831f.php 第 496 行.
INFO: Run Behavior\ParseTemplateBehavior [ RunTime:0.024002s ]
INFO: [ view_parse ] --END-- [ RunTime:0.024002s ]
INFO: [ view_filter ] --START--
INFO: Run Behavior\WriteHtmlCacheBehavior [ RunTime:0.000000s ]
INFO: [ view_filter ] --END-- [ RunTime:0.000000s ]
INFO: [ app_end ] --START--
INFO: Run Behavior\ShowPageTraceBehavior [ RunTime:0.000000s ]
INFO: [ app_end ] --END-- [ RunTime:0.000000s ]

[ 2016-01-13T12:01:40+08:00 ] 127.0.0.1 /images/upload/201510/29/1446113580497686.jpg
INFO: [ app_init ] --START--
INFO: Run Behavior\BuildLiteBehavior [ RunTime:0.000000s ]
INFO: [ app_init ] --END-- [ RunTime:0.000000s ]

[ 2016-01-13T12:01:40+08:00 ] 127.0.0.1 /images/upload/201510/29/1446113582388249.jpg
INFO: [ app_init ] --START--
INFO: Run Behavior\BuildLiteBehavior [ RunTime:0.000000s ]
INFO: [ app_init ] --END-- [ RunTime:0.000000s ]

[ 2016-01-13T12:01:40+08:00 ] 127.0.0.1 /images/upload/201510/29/1446113581282733.jpg
INFO: [ app_init ] --START--
INFO: Run Behavior\BuildLiteBehavior [ RunTime:0.000000s ]
INFO: [ app_init ] --END-- [ RunTime:0.000000s ]

[ 2016-01-13T12:01:40+08:00 ] 127.0.0.1 /images/upload/201510/29/1446113581975864.jpg
INFO: [ app_init ] --START--
INFO: Run Behavior\BuildLiteBehavior [ RunTime:0.000000s ]
INFO: [ app_init ] --END-- [ RunTime:0.001000s ]

[ 2016-01-13T12:01:40+08:00 ] 127.0.0.1 /images/upload/201510/29/1446113582184769.jpg
INFO: [ app_init ] --START--
INFO: Run Behavior\BuildLiteBehavior [ RunTime:0.000000s ]
INFO: [ app_init ] --END-- [ RunTime:0.000000s ]

[ 2016-01-13T12:01:40+08:00 ] 127.0.0.1 /images/upload/201510/29/1446113584633776.jpg
INFO: [ app_init ] --START--
INFO: Run Behavior\BuildLiteBehavior [ RunTime:0.000000s ]
INFO: [ app_init ] --END-- [ RunTime:0.001000s ]

[ 2016-01-13T12:01:40+08:00 ] 127.0.0.1 /images/upload/201510/29/1446113583921995.jpg
INFO: [ app_init ] --START--
INFO: Run Behavior\BuildLiteBehavior [ RunTime:0.000000s ]
INFO: [ app_init ] --END-- [ RunTime:0.001000s ]

[ 2016-01-13T12:01:40+08:00 ] 127.0.0.1 /images/upload/201510/29/1446113584458976.jpg
INFO: [ app_init ] --START--
INFO: Run Behavior\BuildLiteBehavior [ RunTime:0.000000s ]
INFO: [ app_init ] --END-- [ RunTime:0.000000s ]

[ 2016-01-13T12:01:40+08:00 ] 127.0.0.1 /images/upload/201510/29/1446113583753210.jpg
INFO: [ app_init ] --START--
INFO: Run Behavior\BuildLiteBehavior [ RunTime:0.000000s ]
INFO: [ app_init ] --END-- [ RunTime:0.000000s ]

[ 2016-01-13T12:01:40+08:00 ] 127.0.0.1 /images/upload/201510/29/1446113585267933.jpg
INFO: [ app_init ] --START--
INFO: Run Behavior\BuildLiteBehavior [ RunTime:0.000000s ]
INFO: [ app_init ] --END-- [ RunTime:0.000000s ]

[ 2016-01-13T12:01:40+08:00 ] 127.0.0.1 /images/upload/201510/29/1446113585498732.jpg
INFO: [ app_init ] --START--
INFO: Run Behavior\BuildLiteBehavior [ RunTime:0.000000s ]
INFO: [ app_init ] --END-- [ RunTime:0.000000s ]

[ 2016-01-13T12:01:40+08:00 ] 127.0.0.1 /images/upload/201510/29/1446113586938208.jpg
INFO: [ app_init ] --START--
INFO: Run Behavior\BuildLiteBehavior [ RunTime:0.000000s ]
INFO: [ app_init ] --END-- [ RunTime:0.002000s ]

[ 2016-01-13T12:01:40+08:00 ] 127.0.0.1 /images/upload/201510/29/1446113584573053.jpg
INFO: [ app_init ] --START--
INFO: Run Behavior\BuildLiteBehavior [ RunTime:0.000000s ]
INFO: [ app_init ] --END-- [ RunTime:0.000000s ]

[ 2016-01-13T12:01:40+08:00 ] 127.0.0.1 /images/upload/201510/29/1446113583852219.jpg
INFO: [ app_init ] --START--
INFO: Run Behavior\BuildLiteBehavior [ RunTime:0.000000s ]
INFO: [ app_init ] --END-- [ RunTime:0.000000s ]

[ 2016-01-13T12:01:40+08:00 ] 127.0.0.1 /images/upload/201510/29/1446113585806776.jpg
INFO: [ app_init ] --START--
INFO: Run Behavior\BuildLiteBehavior [ RunTime:0.000000s ]
INFO: [ app_init ] --END-- [ RunTime:0.000000s ]

[ 2016-01-13T12:01:40+08:00 ] 127.0.0.1 /images/upload/201510/29/1446113581282733.jpg
INFO: [ app_init ] --START--
INFO: Run Behavior\BuildLiteBehavior [ RunTime:0.000000s ]
INFO: [ app_init ] --END-- [ RunTime:0.001000s ]

[ 2016-01-13T12:01:40+08:00 ] 127.0.0.1 /images/upload/201510/29/1446113583921995.jpg
INFO: [ app_init ] --START--
INFO: Run Behavior\BuildLiteBehavior [ RunTime:0.000000s ]
INFO: [ app_init ] --END-- [ RunTime:0.000000s ]

[ 2016-01-13T12:01:40+08:00 ] 127.0.0.1 /images/upload/201510/29/1446113581975864.jpg
INFO: [ app_init ] --START--
INFO: Run Behavior\BuildLiteBehavior [ RunTime:0.000000s ]
INFO: [ app_init ] --END-- [ RunTime:0.000000s ]

[ 2016-01-13T12:01:40+08:00 ] 127.0.0.1 /images/upload/201510/29/1446113584633776.jpg
INFO: [ app_init ] --START--
INFO: Run Behavior\BuildLiteBehavior [ RunTime:0.000000s ]
INFO: [ app_init ] --END-- [ RunTime:0.000000s ]

[ 2016-01-13T12:01:40+08:00 ] 127.0.0.1 /images/upload/201510/29/1446113584458976.jpg
INFO: [ app_init ] --START--
INFO: Run Behavior\BuildLiteBehavior [ RunTime:0.000000s ]
INFO: [ app_init ] --END-- [ RunTime:0.001000s ]

[ 2016-01-13T12:01:40+08:00 ] 127.0.0.1 /images/upload/201510/29/1446113583753210.jpg
INFO: [ app_init ] --START--
INFO: Run Behavior\BuildLiteBehavior [ RunTime:0.000000s ]
INFO: [ app_init ] --END-- [ RunTime:0.001000s ]

[ 2016-01-13T12:01:40+08:00 ] 127.0.0.1 /images/upload/201510/29/1446113582184769.jpg
INFO: [ app_init ] --START--
INFO: Run Behavior\BuildLiteBehavior [ RunTime:0.000000s ]
INFO: [ app_init ] --END-- [ RunTime:0.000000s ]

[ 2016-01-13T12:01:40+08:00 ] 127.0.0.1 /images/upload/201510/29/1446113582388249.jpg
INFO: [ app_init ] --START--
INFO: Run Behavior\BuildLiteBehavior [ RunTime:0.000000s ]
INFO: [ app_init ] --END-- [ RunTime:0.001000s ]

[ 2016-01-13T12:01:40+08:00 ] 127.0.0.1 /images/upload/201510/29/1446113580497686.jpg
INFO: [ app_init ] --START--
INFO: Run Behavior\BuildLiteBehavior [ RunTime:0.000000s ]
INFO: [ app_init ] --END-- [ RunTime:0.000000s ]

[ 2016-01-13T15:04:45+08:00 ] 127.0.0.1 /Health/getAjaxGoods
INFO: [ app_init ] --START--
INFO: Run Behavior\BuildLiteBehavior [ RunTime:0.000000s ]
INFO: [ app_init ] --END-- [ RunTime:0.001000s ]
INFO: [ app_begin ] --START--
INFO: Run Behavior\ReadHtmlCacheBehavior [ RunTime:0.001000s ]
INFO: [ app_begin ] --END-- [ RunTime:0.001000s ]
ERR: 无法加载控制器:Health

[ 2016-01-13T15:05:01+08:00 ] 127.0.0.1 /Year/getAjaxGoods
INFO: [ app_init ] --START--
INFO: Run Behavior\BuildLiteBehavior [ RunTime:0.000000s ]
INFO: [ app_init ] --END-- [ RunTime:0.001000s ]
INFO: [ app_begin ] --START--
INFO: Run Behavior\ReadHtmlCacheBehavior [ RunTime:0.001000s ]
INFO: [ app_begin ] --END-- [ RunTime:0.001000s ]
ERR: 无法加载控制器:Year

[ 2016-01-13T16:31:35+08:00 ] 127.0.0.1 /
INFO: [ app_init ] --START--
INFO: Run Behavior\BuildLiteBehavior [ RunTime:0.000000s ]
INFO: [ app_init ] --END-- [ RunTime:0.000000s ]
INFO: [ app_begin ] --START--
INFO: Run Behavior\ReadHtmlCacheBehavior [ RunTime:0.000000s ]
INFO: [ app_begin ] --END-- [ RunTime:0.000000s ]
SQL: SHOW COLUMNS FROM `ztm_cart` [ RunTime:0.0156s ]
SQL: SHOW COLUMNS FROM `ztm_cart` [ RunTime:0.0000s ]
SQL: SELECT SUM(goods_number) AS count FROM `ztm_cart` WHERE `cart_key` = '1b695fc3d4ee3ab4af62a6be480d46f8' LIMIT 1   [ RunTime:0.0000s ]
SQL: SHOW COLUMNS FROM `ztm_user` [ RunTime:0.0000s ]
INFO: [ view_parse ] --START--
INFO: [ template_filter ] --START--
INFO: Run Behavior\ContentReplaceBehavior [ RunTime:0.000000s ]
INFO: [ template_filter ] --END-- [ RunTime:0.000000s ]
NOTIC: [8] Undefined variable: user_info F:\homes\webonline\Ztmvip\Runtime\Cache\Computer\2b71c695116857e0194cf94aa6b7b68b.php 第 34 行.
NOTIC: [8] Undefined variable: islogin F:\homes\webonline\Ztmvip\Runtime\Cache\Computer\2b71c695116857e0194cf94aa6b7b68b.php 第 40 行.
NOTIC: [8] Use of undefined constant session - assumed 'session' F:\homes\webonline\Ztmvip\Runtime\Cache\Computer\2b71c695116857e0194cf94aa6b7b68b.php 第 48 行.
NOTIC: [8] Undefined variable: Think F:\homes\webonline\Ztmvip\Runtime\Cache\Computer\2b71c695116857e0194cf94aa6b7b68b.php 第 48 行.
NOTIC: [8] Use of undefined constant cnumber - assumed 'cnumber' F:\homes\webonline\Ztmvip\Runtime\Cache\Computer\2b71c695116857e0194cf94aa6b7b68b.php 第 48 行.
NOTIC: [8] Use of undefined constant session - assumed 'session' F:\homes\webonline\Ztmvip\Runtime\Cache\Computer\2b71c695116857e0194cf94aa6b7b68b.php 第 387 行.
NOTIC: [8] Undefined variable: Think F:\homes\webonline\Ztmvip\Runtime\Cache\Computer\2b71c695116857e0194cf94aa6b7b68b.php 第 387 行.
NOTIC: [8] Use of undefined constant cnumber - assumed 'cnumber' F:\homes\webonline\Ztmvip\Runtime\Cache\Computer\2b71c695116857e0194cf94aa6b7b68b.php 第 387 行.
NOTIC: [8] Undefined variable: user_info F:\homes\webonline\Ztmvip\Runtime\Cache\Computer\2b71c695116857e0194cf94aa6b7b68b.php 第 388 行.
NOTIC: [8] Undefined variable: choose F:\homes\webonline\Ztmvip\Runtime\Cache\Computer\2b71c695116857e0194cf94aa6b7b68b.php 第 403 行.
INFO: Run Behavior\ParseTemplateBehavior [ RunTime:0.031200s ]
INFO: [ view_parse ] --END-- [ RunTime:0.031200s ]
INFO: [ view_filter ] --START--
INFO: Run Behavior\WriteHtmlCacheBehavior [ RunTime:0.000000s ]
INFO: [ view_filter ] --END-- [ RunTime:0.000000s ]
INFO: [ app_end ] --START--
INFO: Run Behavior\ShowPageTraceBehavior [ RunTime:0.000000s ]
INFO: [ app_end ] --END-- [ RunTime:0.000000s ]

