[ 2016-01-26T17:10:44+08:00 ] 127.0.0.1 /
INFO: [ app_init ] --START--
INFO: Run Behavior\BuildLiteBehavior [ RunTime:0.000000s ]
INFO: [ app_init ] --END-- [ RunTime:0.000000s ]
INFO: [ app_begin ] --START--
INFO: Run Behavior\ReadHtmlCacheBehavior [ RunTime:0.000000s ]
INFO: [ app_begin ] --END-- [ RunTime:0.000000s ]

[ 2016-01-26T17:10:44+08:00 ] 127.0.0.1 /Login/index.html?ret=Lw==
INFO: [ app_init ] --START--
INFO: Run Behavior\BuildLiteBehavior [ RunTime:0.000000s ]
INFO: [ app_init ] --END-- [ RunTime:0.001000s ]
INFO: [ app_begin ] --START--
INFO: Run Behavior\ReadHtmlCacheBehavior [ RunTime:0.000000s ]
INFO: [ app_begin ] --END-- [ RunTime:0.000000s ]
SQL: SHOW COLUMNS FROM `ztm_manager` [ RunTime:0.0020s ]
INFO: [ view_parse ] --START--
INFO: [ template_filter ] --START--
INFO: Run Behavior\ContentReplaceBehavior [ RunTime:0.000000s ]
INFO: [ template_filter ] --END-- [ RunTime:0.000000s ]
INFO: Run Behavior\ParseTemplateBehavior [ RunTime:0.005000s ]
INFO: [ view_parse ] --END-- [ RunTime:0.005000s ]
INFO: [ view_filter ] --START--
INFO: Run Behavior\WriteHtmlCacheBehavior [ RunTime:0.000000s ]
INFO: [ view_filter ] --END-- [ RunTime:0.000000s ]
INFO: [ app_end ] --START--
INFO: Run Behavior\ShowPageTraceBehavior [ RunTime:0.001000s ]
INFO: [ app_end ] --END-- [ RunTime:0.001000s ]

[ 2016-01-26T17:10:53+08:00 ] 127.0.0.1 /Login/index.html?ret=Lw==
INFO: [ app_init ] --START--
INFO: Run Behavior\BuildLiteBehavior [ RunTime:0.000000s ]
INFO: [ app_init ] --END-- [ RunTime:0.000000s ]
INFO: [ app_begin ] --START--
INFO: Run Behavior\ReadHtmlCacheBehavior [ RunTime:0.000000s ]
INFO: [ app_begin ] --END-- [ RunTime:0.000000s ]
SQL: SHOW COLUMNS FROM `ztm_manager` [ RunTime:0.0020s ]
SQL: SELECT `id` FROM `ztm_manager` WHERE `user_name` = 'hrlianna' AND `password` = '49c64a05ea70c2cce1502b825b229dbf' LIMIT 1   [ RunTime:0.0190s ]
SQL: SELECT `id`,`nick_name`,`group_id`,`depart_id` FROM `ztm_manager` WHERE `id` = 1 LIMIT 1   [ RunTime:0.0010s ]
SQL: SHOW COLUMNS FROM `ztm_manager_group` [ RunTime:0.0020s ]
SQL: SELECT `rights` FROM `ztm_manager_group` WHERE `id` = 1 LIMIT 1   [ RunTime:0.0010s ]

[ 2016-01-26T17:10:55+08:00 ] 127.0.0.1 /
INFO: [ app_init ] --START--
INFO: Run Behavior\BuildLiteBehavior [ RunTime:0.000000s ]
INFO: [ app_init ] --END-- [ RunTime:0.000000s ]
INFO: [ app_begin ] --START--
INFO: Run Behavior\ReadHtmlCacheBehavior [ RunTime:0.000000s ]
INFO: [ app_begin ] --END-- [ RunTime:0.000000s ]
SQL: SHOW COLUMNS FROM `ztm_order` [ RunTime:0.0030s ]
SQL: SELECT COUNT(*) AS tp_count FROM `ztm_order` WHERE `order_state` = 'confirm' AND `payment_state` = 'payed' AND `date_add` >= 1453737600 LIMIT 1   [ RunTime:0.0290s ]
SQL: SELECT COUNT(*) AS tp_count FROM `ztm_order` WHERE `payment_state` IN ('new','paying') LIMIT 1   [ RunTime:0.0150s ]
SQL: SELECT COUNT(*) AS tp_count FROM `ztm_order` WHERE `order_state` = 'confirm' AND `shipping_state` = 'stock' LIMIT 1   [ RunTime:0.0170s ]
SQL: SELECT COUNT(*) AS tp_count FROM `ztm_order` WHERE `order_state` = 'confirm' AND `payment_state` = 'payed' AND `shipping_state` = 'new' LIMIT 1   [ RunTime:0.0200s ]
SQL: SELECT COUNT(*) AS tp_count FROM `ztm_order` WHERE `order_state` = 'confirm' AND `shipping_state` = 'send' LIMIT 1   [ RunTime:0.0150s ]
SQL: SELECT COUNT(*) AS tp_count FROM `ztm_order` WHERE `order_state` = 'confirm' AND `shipping_state` = 'receive' LIMIT 1   [ RunTime:0.0160s ]
SQL: SELECT COUNT(*) AS tp_count FROM `ztm_order` WHERE `order_state` = 'refund' LIMIT 1   [ RunTime:0.0080s ]
SQL: SELECT COUNT(*) AS tp_count FROM `ztm_order` WHERE `order_state` = 'refunded' LIMIT 1   [ RunTime:0.0080s ]
SQL: select version() as ver [ RunTime:0.0010s ]
INFO: [ view_parse ] --START--
INFO: [ template_filter ] --START--
INFO: Run Behavior\ContentReplaceBehavior [ RunTime:0.000000s ]
INFO: [ template_filter ] --END-- [ RunTime:0.000000s ]
NOTIC: [8] Undefined variable: aside_id F:\homes\webonline\Ztmvip\Runtime\Cache\Admin\9c523151502097629104e7496aadcf24.php 第 191 行.
NOTIC: [8] Undefined variable: aside_id F:\homes\webonline\Ztmvip\Runtime\Cache\Admin\9c523151502097629104e7496aadcf24.php 第 192 行.
INFO: Run Behavior\ParseTemplateBehavior [ RunTime:0.074004s ]
INFO: [ view_parse ] --END-- [ RunTime:0.074004s ]
INFO: [ view_filter ] --START--
INFO: Run Behavior\WriteHtmlCacheBehavior [ RunTime:0.000000s ]
INFO: [ view_filter ] --END-- [ RunTime:0.000000s ]
INFO: [ app_end ] --START--
INFO: Run Behavior\ShowPageTraceBehavior [ RunTime:0.001000s ]
INFO: [ app_end ] --END-- [ RunTime:0.001000s ]

[ 2016-01-26T17:11:06+08:00 ] 127.0.0.1 /Goods/index.html
INFO: [ app_init ] --START--
INFO: Run Behavior\BuildLiteBehavior [ RunTime:0.000000s ]
INFO: [ app_init ] --END-- [ RunTime:0.000000s ]
INFO: [ app_begin ] --START--
INFO: Run Behavior\ReadHtmlCacheBehavior [ RunTime:0.001000s ]
INFO: [ app_begin ] --END-- [ RunTime:0.001000s ]
SQL: SHOW COLUMNS FROM `ztm_goods` [ RunTime:0.0020s ]
NOTIC: [8] Undefined index: new F:\homes\webonline\Ztmvip\Admin\Controller\GoodsController.class.php 第 233 行.
NOTIC: [8] Undefined index: hot F:\homes\webonline\Ztmvip\Admin\Controller\GoodsController.class.php 第 238 行.
NOTIC: [8] Undefined index: goods_name F:\homes\webonline\Ztmvip\Admin\Controller\GoodsController.class.php 第 243 行.
NOTIC: [8] Undefined index: goods_name F:\homes\webonline\Ztmvip\Admin\Controller\GoodsController.class.php 第 245 行.
NOTIC: [8] Undefined index: category_id F:\homes\webonline\Ztmvip\Admin\Controller\GoodsController.class.php 第 249 行.
NOTIC: [8] Undefined index: brand_id F:\homes\webonline\Ztmvip\Admin\Controller\GoodsController.class.php 第 254 行.
NOTIC: [8] Undefined index: on_sale F:\homes\webonline\Ztmvip\Admin\Controller\GoodsController.class.php 第 258 行.
SQL: SELECT COUNT(*) AS tp_count FROM ztm_goods g WHERE g.shop_id = 0 AND g.disabled = 'N' AND ( 1 ) LIMIT 1   [ RunTime:0.0010s ]
SQL: SELECT g.*,gc.category_name,gb.brand_name FROM ztm_goods g LEFT JOIN ztm_goods_category AS gc ON gc.id=g.category_id LEFT JOIN ztm_goods_brand AS gb ON gb.id=g.brand_id  WHERE g.shop_id = 0 AND g.disabled = 'N' AND ( 1 ) ORDER BY g.rank DESC LIMIT 0,15   [ RunTime:0.0040s ]
SQL: SHOW COLUMNS FROM `ztm_goods_category` [ RunTime:0.0010s ]
SQL: SELECT * FROM `ztm_goods_category` WHERE `disabled` = 'N' AND `parent_id` = 0 ORDER BY parent_id ASC,rank ASC  [ RunTime:0.0010s ]
SQL: SHOW COLUMNS FROM `ztm_goods_brand` [ RunTime:0.0010s ]
SQL: SELECT * FROM `ztm_goods_brand` WHERE `display` = 'Y' ORDER BY rank DESC  [ RunTime:0.0030s ]
INFO: [ view_parse ] --START--
NOTIC: [8] Undefined index: values F:\homes\webonline\ThinkPHP\Library\Think\Template\TagLib\Html.class.php 第 126 行.
NOTIC: [8] Undefined index: output F:\homes\webonline\ThinkPHP\Library\Think\Template\TagLib\Html.class.php 第 127 行.
NOTIC: [8] Undefined index: multiple F:\homes\webonline\ThinkPHP\Library\Think\Template\TagLib\Html.class.php 第 128 行.
NOTIC: [8] Undefined index: id F:\homes\webonline\ThinkPHP\Library\Think\Template\TagLib\Html.class.php 第 129 行.
NOTIC: [8] Undefined index: size F:\homes\webonline\ThinkPHP\Library\Think\Template\TagLib\Html.class.php 第 130 行.
NOTIC: [8] Undefined index: dblclick F:\homes\webonline\ThinkPHP\Library\Think\Template\TagLib\Html.class.php 第 134 行.
NOTIC: [8] Undefined index: change F:\homes\webonline\ThinkPHP\Library\Think\Template\TagLib\Html.class.php 第 135 行.
INFO: [ template_filter ] --START--
INFO: Run Behavior\ContentReplaceBehavior [ RunTime:0.000000s ]
INFO: [ template_filter ] --END-- [ RunTime:0.000000s ]
NOTIC: [8] Undefined index: goods_name F:\homes\webonline\Ztmvip\Runtime\Cache\Admin\95561620c1446b47acc17bc8bee596da.php 第 120 行.
NOTIC: [8] Undefined index: category_id F:\homes\webonline\Ztmvip\Runtime\Cache\Admin\95561620c1446b47acc17bc8bee596da.php 第 121 行.
NOTIC: [8] Undefined index: on_sale F:\homes\webonline\Ztmvip\Runtime\Cache\Admin\95561620c1446b47acc17bc8bee596da.php 第 127 行.
INFO: Run Behavior\ParseTemplateBehavior [ RunTime:0.048003s ]
INFO: [ view_parse ] --END-- [ RunTime:0.048003s ]
INFO: [ view_filter ] --START--
INFO: Run Behavior\WriteHtmlCacheBehavior [ RunTime:0.000000s ]
INFO: [ view_filter ] --END-- [ RunTime:0.000000s ]
INFO: [ app_end ] --START--
INFO: Run Behavior\ShowPageTraceBehavior [ RunTime:0.001000s ]
INFO: [ app_end ] --END-- [ RunTime:0.001000s ]

[ 2016-01-26T17:11:10+08:00 ] 127.0.0.1 /Goods/index.html?goods_name=Richeese+%E4%B8%BD%E8%8A%9D%E5%A3%AB+%E7%BA%B3%E5%AE%9D%E5%B8%9D%E5%A5%B6%E9%85%AA%E5%A8%81%E5%8C%96%E9%A5%BC%E5%B9%B2+350g+%E7%BD%90%E8%A3%85+%E5%8D%B0%E5%B0%BC%E8%BF%9B%E5%8F%A3&brand_id=&on_sale=
INFO: [ app_init ] --START--
INFO: Run Behavior\BuildLiteBehavior [ RunTime:0.000000s ]
INFO: [ app_init ] --END-- [ RunTime:0.000000s ]
INFO: [ app_begin ] --START--
INFO: Run Behavior\ReadHtmlCacheBehavior [ RunTime:0.000000s ]
INFO: [ app_begin ] --END-- [ RunTime:0.000000s ]
SQL: SHOW COLUMNS FROM `ztm_goods` [ RunTime:0.0020s ]
NOTIC: [8] Undefined index: new F:\homes\webonline\Ztmvip\Admin\Controller\GoodsController.class.php 第 233 行.
NOTIC: [8] Undefined index: hot F:\homes\webonline\Ztmvip\Admin\Controller\GoodsController.class.php 第 238 行.
NOTIC: [8] Undefined index: category_id F:\homes\webonline\Ztmvip\Admin\Controller\GoodsController.class.php 第 249 行.
SQL: SELECT COUNT(*) AS tp_count FROM ztm_goods g WHERE g.shop_id = 0 AND g.disabled = 'N' AND ( 1 AND INSTR(g.goods_name,"Richeese 丽芝士 纳宝帝奶酪威化饼干 350g 罐装 印尼进口")>0 ) LIMIT 1   [ RunTime:0.0050s ]
SQL: SELECT g.*,gc.category_name,gb.brand_name FROM ztm_goods g LEFT JOIN ztm_goods_category AS gc ON gc.id=g.category_id LEFT JOIN ztm_goods_brand AS gb ON gb.id=g.brand_id  WHERE g.shop_id = 0 AND g.disabled = 'N' AND ( 1 AND INSTR(g.goods_name,"Richeese 丽芝士 纳宝帝奶酪威化饼干 350g 罐装 印尼进口")>0 ) ORDER BY g.rank DESC LIMIT 0,15   [ RunTime:0.0050s ]
SQL: SHOW COLUMNS FROM `ztm_goods_category` [ RunTime:0.0020s ]
SQL: SELECT * FROM `ztm_goods_category` WHERE `disabled` = 'N' AND `parent_id` = 0 ORDER BY parent_id ASC,rank ASC  [ RunTime:0.0010s ]
SQL: SHOW COLUMNS FROM `ztm_goods_brand` [ RunTime:0.0010s ]
SQL: SELECT * FROM `ztm_goods_brand` WHERE `display` = 'Y' ORDER BY rank DESC  [ RunTime:0.0020s ]
INFO: [ view_parse ] --START--
NOTIC: [8] Undefined index: values F:\homes\webonline\ThinkPHP\Library\Think\Template\TagLib\Html.class.php 第 126 行.
NOTIC: [8] Undefined index: output F:\homes\webonline\ThinkPHP\Library\Think\Template\TagLib\Html.class.php 第 127 行.
NOTIC: [8] Undefined index: multiple F:\homes\webonline\ThinkPHP\Library\Think\Template\TagLib\Html.class.php 第 128 行.
NOTIC: [8] Undefined index: id F:\homes\webonline\ThinkPHP\Library\Think\Template\TagLib\Html.class.php 第 129 行.
NOTIC: [8] Undefined index: size F:\homes\webonline\ThinkPHP\Library\Think\Template\TagLib\Html.class.php 第 130 行.
NOTIC: [8] Undefined index: dblclick F:\homes\webonline\ThinkPHP\Library\Think\Template\TagLib\Html.class.php 第 134 行.
NOTIC: [8] Undefined index: change F:\homes\webonline\ThinkPHP\Library\Think\Template\TagLib\Html.class.php 第 135 行.
INFO: [ template_filter ] --START--
INFO: Run Behavior\ContentReplaceBehavior [ RunTime:0.000000s ]
INFO: [ template_filter ] --END-- [ RunTime:0.000000s ]
NOTIC: [8] Undefined index: category_id F:\homes\webonline\Ztmvip\Runtime\Cache\Admin\95561620c1446b47acc17bc8bee596da.php 第 121 行.
INFO: Run Behavior\ParseTemplateBehavior [ RunTime:0.015001s ]
INFO: [ view_parse ] --END-- [ RunTime:0.015001s ]
INFO: [ view_filter ] --START--
INFO: Run Behavior\WriteHtmlCacheBehavior [ RunTime:0.000000s ]
INFO: [ view_filter ] --END-- [ RunTime:0.000000s ]
INFO: [ app_end ] --START--
INFO: Run Behavior\ShowPageTraceBehavior [ RunTime:0.001000s ]
INFO: [ app_end ] --END-- [ RunTime:0.001000s ]

