[ 2016-01-04T15:40:44+08:00 ] 127.0.0.1 /
INFO: [ app_init ] --START--
INFO: Run Behavior\BuildLiteBehavior [ RunTime:0.000000s ]
INFO: [ app_init ] --END-- [ RunTime:0.001000s ]
INFO: [ app_begin ] --START--
INFO: Run Behavior\ReadHtmlCacheBehavior [ RunTime:0.000000s ]
INFO: [ app_begin ] --END-- [ RunTime:0.001000s ]

[ 2016-01-04T15:40:44+08:00 ] 127.0.0.1 /Login/index.html?ret=Lw==
INFO: [ app_init ] --START--
INFO: Run Behavior\BuildLiteBehavior [ RunTime:0.000000s ]
INFO: [ app_init ] --END-- [ RunTime:0.000000s ]
INFO: [ app_begin ] --START--
INFO: Run Behavior\ReadHtmlCacheBehavior [ RunTime:0.000000s ]
INFO: [ app_begin ] --END-- [ RunTime:0.000000s ]
SQL: SHOW COLUMNS FROM `ztm_manager` [ RunTime:0.0020s ]
INFO: [ view_parse ] --START--
INFO: [ template_filter ] --START--
INFO: Run Behavior\ContentReplaceBehavior [ RunTime:0.000000s ]
INFO: [ template_filter ] --END-- [ RunTime:0.001001s ]
INFO: Run Behavior\ParseTemplateBehavior [ RunTime:0.006001s ]
INFO: [ view_parse ] --END-- [ RunTime:0.006001s ]
INFO: [ view_filter ] --START--
INFO: Run Behavior\WriteHtmlCacheBehavior [ RunTime:0.000000s ]
INFO: [ view_filter ] --END-- [ RunTime:0.000000s ]
INFO: [ app_end ] --START--
INFO: Run Behavior\ShowPageTraceBehavior [ RunTime:0.000000s ]
INFO: [ app_end ] --END-- [ RunTime:0.000000s ]

[ 2016-01-04T15:40:54+08:00 ] 127.0.0.1 /Login/index.html?ret=Lw==
INFO: [ app_init ] --START--
INFO: Run Behavior\BuildLiteBehavior [ RunTime:0.000000s ]
INFO: [ app_init ] --END-- [ RunTime:0.001001s ]
INFO: [ app_begin ] --START--
INFO: Run Behavior\ReadHtmlCacheBehavior [ RunTime:0.001000s ]
INFO: [ app_begin ] --END-- [ RunTime:0.001000s ]
SQL: SHOW COLUMNS FROM `ztm_manager` [ RunTime:0.0020s ]
SQL: SELECT `id` FROM `ztm_manager` WHERE `user_name` = 'hrlianna' AND `password` = '49c64a05ea70c2cce1502b825b229dbf' LIMIT 1   [ RunTime:0.0000s ]
SQL: SELECT `id`,`nick_name`,`group_id`,`depart_id` FROM `ztm_manager` WHERE `id` = 1 LIMIT 1   [ RunTime:0.0010s ]
SQL: SHOW COLUMNS FROM `ztm_manager_group` [ RunTime:0.0010s ]
SQL: SELECT `rights` FROM `ztm_manager_group` WHERE `id` = 1 LIMIT 1   [ RunTime:0.0020s ]

[ 2016-01-04T15:40:56+08:00 ] 127.0.0.1 /
INFO: [ app_init ] --START--
INFO: Run Behavior\BuildLiteBehavior [ RunTime:0.000000s ]
INFO: [ app_init ] --END-- [ RunTime:0.001000s ]
INFO: [ app_begin ] --START--
INFO: Run Behavior\ReadHtmlCacheBehavior [ RunTime:0.001000s ]
INFO: [ app_begin ] --END-- [ RunTime:0.001000s ]
SQL: SHOW COLUMNS FROM `ztm_order` [ RunTime:0.0020s ]
SQL: SELECT COUNT(*) AS tp_count FROM `ztm_order` WHERE `order_state` = 'confirm' AND `payment_state` = 'payed' AND `date_add` >= 1451836800 LIMIT 1   [ RunTime:0.0010s ]
SQL: SELECT COUNT(*) AS tp_count FROM `ztm_order` WHERE `payment_state` IN ('new','paying') LIMIT 1   [ RunTime:0.0010s ]
SQL: SELECT COUNT(*) AS tp_count FROM `ztm_order` WHERE `order_state` = 'confirm' AND `shipping_state` = 'stock' LIMIT 1   [ RunTime:0.0010s ]
SQL: SELECT COUNT(*) AS tp_count FROM `ztm_order` WHERE `order_state` = 'confirm' AND `payment_state` = 'payed' AND `shipping_state` = 'new' LIMIT 1   [ RunTime:0.0010s ]
SQL: SELECT COUNT(*) AS tp_count FROM `ztm_order` WHERE `order_state` = 'confirm' AND `shipping_state` = 'send' LIMIT 1   [ RunTime:0.0010s ]
SQL: SELECT COUNT(*) AS tp_count FROM `ztm_order` WHERE `order_state` = 'confirm' AND `shipping_state` = 'receive' LIMIT 1   [ RunTime:0.0020s ]
SQL: SELECT COUNT(*) AS tp_count FROM `ztm_order` WHERE `order_state` = 'refund' LIMIT 1   [ RunTime:0.0010s ]
SQL: SELECT COUNT(*) AS tp_count FROM `ztm_order` WHERE `order_state` = 'refunded' LIMIT 1   [ RunTime:0.0010s ]
SQL: select version() as ver [ RunTime:0.0010s ]
INFO: [ view_parse ] --START--
INFO: [ template_filter ] --START--
INFO: Run Behavior\ContentReplaceBehavior [ RunTime:0.001000s ]
INFO: [ template_filter ] --END-- [ RunTime:0.001000s ]
NOTIC: [8] Undefined variable: aside_id F:\homes\webonline\Ztmvip\Runtime\Cache\Admin\9c523151502097629104e7496aadcf24.php 第 190 行.
NOTIC: [8] Undefined variable: aside_id F:\homes\webonline\Ztmvip\Runtime\Cache\Admin\9c523151502097629104e7496aadcf24.php 第 191 行.
INFO: Run Behavior\ParseTemplateBehavior [ RunTime:0.018001s ]
INFO: [ view_parse ] --END-- [ RunTime:0.018001s ]
INFO: [ view_filter ] --START--
INFO: Run Behavior\WriteHtmlCacheBehavior [ RunTime:0.000000s ]
INFO: [ view_filter ] --END-- [ RunTime:0.000000s ]
INFO: [ app_end ] --START--
INFO: Run Behavior\ShowPageTraceBehavior [ RunTime:0.000000s ]
INFO: [ app_end ] --END-- [ RunTime:0.001000s ]

[ 2016-01-04T15:41:02+08:00 ] 127.0.0.1 /Goods/index.html
INFO: [ app_init ] --START--
INFO: Run Behavior\BuildLiteBehavior [ RunTime:0.000000s ]
INFO: [ app_init ] --END-- [ RunTime:0.000000s ]
INFO: [ app_begin ] --START--
INFO: Run Behavior\ReadHtmlCacheBehavior [ RunTime:0.001000s ]
INFO: [ app_begin ] --END-- [ RunTime:0.001000s ]
SQL: SHOW COLUMNS FROM `ztm_goods` [ RunTime:0.0030s ]
NOTIC: [8] Undefined index: new F:\homes\webonline\Ztmvip\Admin\Controller\GoodsController.class.php 第 222 行.
NOTIC: [8] Undefined index: hot F:\homes\webonline\Ztmvip\Admin\Controller\GoodsController.class.php 第 227 行.
NOTIC: [8] Undefined index: goods_name F:\homes\webonline\Ztmvip\Admin\Controller\GoodsController.class.php 第 232 行.
NOTIC: [8] Undefined index: goods_name F:\homes\webonline\Ztmvip\Admin\Controller\GoodsController.class.php 第 234 行.
NOTIC: [8] Undefined index: category_id F:\homes\webonline\Ztmvip\Admin\Controller\GoodsController.class.php 第 238 行.
NOTIC: [8] Undefined index: brand_id F:\homes\webonline\Ztmvip\Admin\Controller\GoodsController.class.php 第 243 行.
NOTIC: [8] Undefined index: on_sale F:\homes\webonline\Ztmvip\Admin\Controller\GoodsController.class.php 第 247 行.
SQL: SELECT COUNT(*) AS tp_count FROM ztm_goods g WHERE g.shop_id = 0 AND g.disabled = 'N' AND ( 1 ) LIMIT 1   [ RunTime:0.0010s ]
SQL: SELECT g.*,gc.category_name,gb.brand_name FROM ztm_goods g LEFT JOIN ztm_goods_category AS gc ON gc.id=g.category_id LEFT JOIN ztm_goods_brand AS gb ON gb.id=g.brand_id  WHERE g.shop_id = 0 AND g.disabled = 'N' AND ( 1 ) ORDER BY g.rank DESC LIMIT 0,15   [ RunTime:0.0010s ]
SQL: SHOW COLUMNS FROM `ztm_goods_category` [ RunTime:0.0020s ]
SQL: SELECT * FROM `ztm_goods_category` WHERE `disabled` = 'N' AND `parent_id` = 0 ORDER BY parent_id ASC,rank ASC  [ RunTime:0.0010s ]
SQL: SHOW COLUMNS FROM `ztm_goods_brand` [ RunTime:0.0020s ]
SQL: SELECT * FROM `ztm_goods_brand` WHERE `display` = 'Y' ORDER BY rank DESC  [ RunTime:0.0020s ]
INFO: [ view_parse ] --START--
NOTIC: [8] Undefined index: values F:\homes\webonline\ThinkPHP\Library\Think\Template\TagLib\Html.class.php 第 126 行.
NOTIC: [8] Undefined index: output F:\homes\webonline\ThinkPHP\Library\Think\Template\TagLib\Html.class.php 第 127 行.
NOTIC: [8] Undefined index: multiple F:\homes\webonline\ThinkPHP\Library\Think\Template\TagLib\Html.class.php 第 128 行.
NOTIC: [8] Undefined index: id F:\homes\webonline\ThinkPHP\Library\Think\Template\TagLib\Html.class.php 第 129 行.
NOTIC: [8] Undefined index: size F:\homes\webonline\ThinkPHP\Library\Think\Template\TagLib\Html.class.php 第 130 行.
NOTIC: [8] Undefined index: dblclick F:\homes\webonline\ThinkPHP\Library\Think\Template\TagLib\Html.class.php 第 134 行.
NOTIC: [8] Undefined index: change F:\homes\webonline\ThinkPHP\Library\Think\Template\TagLib\Html.class.php 第 135 行.
INFO: [ template_filter ] --START--
INFO: Run Behavior\ContentReplaceBehavior [ RunTime:0.000000s ]
INFO: [ template_filter ] --END-- [ RunTime:0.000000s ]
NOTIC: [8] Undefined index: goods_name F:\homes\webonline\Ztmvip\Runtime\Cache\Admin\95561620c1446b47acc17bc8bee596da.php 第 119 行.
NOTIC: [8] Undefined index: category_id F:\homes\webonline\Ztmvip\Runtime\Cache\Admin\95561620c1446b47acc17bc8bee596da.php 第 120 行.
NOTIC: [8] Undefined index: on_sale F:\homes\webonline\Ztmvip\Runtime\Cache\Admin\95561620c1446b47acc17bc8bee596da.php 第 126 行.
INFO: Run Behavior\ParseTemplateBehavior [ RunTime:0.031001s ]
INFO: [ view_parse ] --END-- [ RunTime:0.032001s ]
INFO: [ view_filter ] --START--
INFO: Run Behavior\WriteHtmlCacheBehavior [ RunTime:0.000000s ]
INFO: [ view_filter ] --END-- [ RunTime:0.000000s ]
INFO: [ app_end ] --START--
INFO: Run Behavior\ShowPageTraceBehavior [ RunTime:0.000000s ]
INFO: [ app_end ] --END-- [ RunTime:0.000000s ]

[ 2016-01-04T16:12:28+08:00 ] 127.0.0.1 /Goods/index.html?p=5
INFO: [ app_init ] --START--
INFO: Run Behavior\BuildLiteBehavior [ RunTime:0.000000s ]
INFO: [ app_init ] --END-- [ RunTime:0.001001s ]
INFO: [ app_begin ] --START--
INFO: Run Behavior\ReadHtmlCacheBehavior [ RunTime:0.001000s ]
INFO: [ app_begin ] --END-- [ RunTime:0.001000s ]
SQL: SHOW COLUMNS FROM `ztm_goods` [ RunTime:0.0030s ]
NOTIC: [8] Undefined index: new F:\homes\webonline\Ztmvip\Admin\Controller\GoodsController.class.php 第 222 行.
NOTIC: [8] Undefined index: hot F:\homes\webonline\Ztmvip\Admin\Controller\GoodsController.class.php 第 227 行.
NOTIC: [8] Undefined index: goods_name F:\homes\webonline\Ztmvip\Admin\Controller\GoodsController.class.php 第 232 行.
NOTIC: [8] Undefined index: goods_name F:\homes\webonline\Ztmvip\Admin\Controller\GoodsController.class.php 第 234 行.
NOTIC: [8] Undefined index: category_id F:\homes\webonline\Ztmvip\Admin\Controller\GoodsController.class.php 第 238 行.
NOTIC: [8] Undefined index: brand_id F:\homes\webonline\Ztmvip\Admin\Controller\GoodsController.class.php 第 243 行.
NOTIC: [8] Undefined index: on_sale F:\homes\webonline\Ztmvip\Admin\Controller\GoodsController.class.php 第 247 行.
SQL: SELECT COUNT(*) AS tp_count FROM ztm_goods g WHERE g.shop_id = 0 AND g.disabled = 'N' AND ( 1 ) LIMIT 1   [ RunTime:0.0020s ]
SQL: SELECT g.*,gc.category_name,gb.brand_name FROM ztm_goods g LEFT JOIN ztm_goods_category AS gc ON gc.id=g.category_id LEFT JOIN ztm_goods_brand AS gb ON gb.id=g.brand_id  WHERE g.shop_id = 0 AND g.disabled = 'N' AND ( 1 ) ORDER BY g.rank DESC LIMIT 60,15   [ RunTime:0.0030s ]
SQL: SHOW COLUMNS FROM `ztm_goods_category` [ RunTime:0.0020s ]
SQL: SELECT * FROM `ztm_goods_category` WHERE `disabled` = 'N' AND `parent_id` = 0 ORDER BY parent_id ASC,rank ASC  [ RunTime:0.0020s ]
SQL: SHOW COLUMNS FROM `ztm_goods_brand` [ RunTime:0.0010s ]
SQL: SELECT * FROM `ztm_goods_brand` WHERE `display` = 'Y' ORDER BY rank DESC  [ RunTime:0.0020s ]
INFO: [ view_parse ] --START--
NOTIC: [8] Undefined index: values F:\homes\webonline\ThinkPHP\Library\Think\Template\TagLib\Html.class.php 第 126 行.
NOTIC: [8] Undefined index: output F:\homes\webonline\ThinkPHP\Library\Think\Template\TagLib\Html.class.php 第 127 行.
NOTIC: [8] Undefined index: multiple F:\homes\webonline\ThinkPHP\Library\Think\Template\TagLib\Html.class.php 第 128 行.
NOTIC: [8] Undefined index: id F:\homes\webonline\ThinkPHP\Library\Think\Template\TagLib\Html.class.php 第 129 行.
NOTIC: [8] Undefined index: size F:\homes\webonline\ThinkPHP\Library\Think\Template\TagLib\Html.class.php 第 130 行.
NOTIC: [8] Undefined index: dblclick F:\homes\webonline\ThinkPHP\Library\Think\Template\TagLib\Html.class.php 第 134 行.
NOTIC: [8] Undefined index: change F:\homes\webonline\ThinkPHP\Library\Think\Template\TagLib\Html.class.php 第 135 行.
INFO: [ template_filter ] --START--
INFO: Run Behavior\ContentReplaceBehavior [ RunTime:0.000000s ]
INFO: [ template_filter ] --END-- [ RunTime:0.000000s ]
NOTIC: [8] Undefined index: goods_name F:\homes\webonline\Ztmvip\Runtime\Cache\Admin\95561620c1446b47acc17bc8bee596da.php 第 119 行.
NOTIC: [8] Undefined index: category_id F:\homes\webonline\Ztmvip\Runtime\Cache\Admin\95561620c1446b47acc17bc8bee596da.php 第 120 行.
NOTIC: [8] Undefined index: on_sale F:\homes\webonline\Ztmvip\Runtime\Cache\Admin\95561620c1446b47acc17bc8bee596da.php 第 126 行.
INFO: Run Behavior\ParseTemplateBehavior [ RunTime:0.032001s ]
INFO: [ view_parse ] --END-- [ RunTime:0.032001s ]
INFO: [ view_filter ] --START--
INFO: Run Behavior\WriteHtmlCacheBehavior [ RunTime:0.000000s ]
INFO: [ view_filter ] --END-- [ RunTime:0.000000s ]
INFO: [ app_end ] --START--
INFO: Run Behavior\ShowPageTraceBehavior [ RunTime:0.000000s ]
INFO: [ app_end ] --END-- [ RunTime:0.001001s ]

[ 2016-01-04T17:13:15+08:00 ] 127.0.0.1 /GoodsSku/index.html
INFO: [ app_init ] --START--
INFO: Run Behavior\BuildLiteBehavior [ RunTime:0.000000s ]
INFO: [ app_init ] --END-- [ RunTime:0.001000s ]
INFO: [ app_begin ] --START--
INFO: Run Behavior\ReadHtmlCacheBehavior [ RunTime:0.001000s ]
INFO: [ app_begin ] --END-- [ RunTime:0.001000s ]
SQL: SHOW COLUMNS FROM `ztm_goods_sku` [ RunTime:0.0020s ]
NOTIC: [8] Undefined index: sku_name F:\homes\webonline\Ztmvip\Admin\Controller\GoodsSkuController.class.php 第 81 行.
SQL: SELECT COUNT(*) AS tp_count FROM `ztm_goods_sku` WHERE `disabled` = 'N' LIMIT 1   [ RunTime:0.0010s ]
SQL: SELECT * FROM `ztm_goods_sku` WHERE `disabled` = 'N' LIMIT 0,15   [ RunTime:0.0020s ]
INFO: [ view_parse ] --START--
INFO: [ template_filter ] --START--
INFO: Run Behavior\ContentReplaceBehavior [ RunTime:0.000000s ]
INFO: [ template_filter ] --END-- [ RunTime:0.000000s ]
NOTIC: [8] Undefined index: sku_name F:\homes\webonline\Ztmvip\Runtime\Cache\Admin\14053d13112e7cbb6ff394870669398b.php 第 114 行.
INFO: Run Behavior\ParseTemplateBehavior [ RunTime:0.015000s ]
INFO: [ view_parse ] --END-- [ RunTime:0.015000s ]
INFO: [ view_filter ] --START--
INFO: Run Behavior\WriteHtmlCacheBehavior [ RunTime:0.000000s ]
INFO: [ view_filter ] --END-- [ RunTime:0.000000s ]
INFO: [ app_end ] --START--
INFO: Run Behavior\ShowPageTraceBehavior [ RunTime:0.001001s ]
INFO: [ app_end ] --END-- [ RunTime:0.001001s ]

[ 2016-01-04T17:13:27+08:00 ] 127.0.0.1 /GoodsSku/edit/id/3.html
INFO: [ app_init ] --START--
INFO: Run Behavior\BuildLiteBehavior [ RunTime:0.000000s ]
INFO: [ app_init ] --END-- [ RunTime:0.000000s ]
INFO: [ app_begin ] --START--
INFO: Run Behavior\ReadHtmlCacheBehavior [ RunTime:0.001001s ]
INFO: [ app_begin ] --END-- [ RunTime:0.001001s ]
SQL: SHOW COLUMNS FROM `ztm_goods_sku` [ RunTime:0.0020s ]
SQL: SELECT * FROM `ztm_goods_sku` WHERE `id` = 3 LIMIT 1   [ RunTime:0.0010s ]
INFO: [ view_parse ] --START--
INFO: [ template_filter ] --START--
INFO: Run Behavior\ContentReplaceBehavior [ RunTime:0.000000s ]
INFO: [ template_filter ] --END-- [ RunTime:0.000000s ]
INFO: Run Behavior\ParseTemplateBehavior [ RunTime:0.022001s ]
INFO: [ view_parse ] --END-- [ RunTime:0.022001s ]
INFO: [ view_filter ] --START--
INFO: Run Behavior\WriteHtmlCacheBehavior [ RunTime:0.001000s ]
INFO: [ view_filter ] --END-- [ RunTime:0.001000s ]
INFO: [ app_end ] --START--
INFO: Run Behavior\ShowPageTraceBehavior [ RunTime:0.001000s ]
INFO: [ app_end ] --END-- [ RunTime:0.001000s ]

[ 2016-01-04T17:13:33+08:00 ] 127.0.0.1 /GoodsCategory/index.html
INFO: [ app_init ] --START--
INFO: Run Behavior\BuildLiteBehavior [ RunTime:0.000000s ]
INFO: [ app_init ] --END-- [ RunTime:0.000000s ]
INFO: [ app_begin ] --START--
INFO: Run Behavior\ReadHtmlCacheBehavior [ RunTime:0.001000s ]
INFO: [ app_begin ] --END-- [ RunTime:0.001000s ]
SQL: SHOW COLUMNS FROM `ztm_goods_category` [ RunTime:0.0020s ]
NOTIC: [8] Undefined index: category_name F:\homes\webonline\Ztmvip\Admin\Controller\GoodsCategoryController.class.php 第 105 行.
NOTIC: [8] Undefined index: category_name F:\homes\webonline\Ztmvip\Admin\Controller\GoodsCategoryController.class.php 第 108 行.
SQL: SELECT * FROM `ztm_goods_category` WHERE `disabled` = 'N' AND `parent_id` = 0 ORDER BY parent_id ASC,rank ASC  [ RunTime:0.0010s ]
SQL: SELECT * FROM `ztm_goods_category` WHERE `disabled` = 'N' AND `parent_id` = 1 ORDER BY parent_id ASC,rank ASC  [ RunTime:0.0010s ]
SQL: SELECT * FROM `ztm_goods_category` WHERE `disabled` = 'N' AND `parent_id` = 1128 ORDER BY parent_id ASC,rank ASC  [ RunTime:0.0010s ]
SQL: SELECT * FROM `ztm_goods_category` WHERE `disabled` = 'N' AND `parent_id` = 1132 ORDER BY parent_id ASC,rank ASC  [ RunTime:0.0010s ]
SQL: SELECT * FROM `ztm_goods_category` WHERE `disabled` = 'N' AND `parent_id` = 1183 ORDER BY parent_id ASC,rank ASC  [ RunTime:0.0020s ]
SQL: SELECT * FROM `ztm_goods_category` WHERE `disabled` = 'N' AND `parent_id` = 1184 ORDER BY parent_id ASC,rank ASC  [ RunTime:0.0010s ]
SQL: SELECT * FROM `ztm_goods_category` WHERE `disabled` = 'N' AND `parent_id` = 1185 ORDER BY parent_id ASC,rank ASC  [ RunTime:0.0010s ]
SQL: SELECT * FROM `ztm_goods_category` WHERE `disabled` = 'N' AND `parent_id` = 6 ORDER BY parent_id ASC,rank ASC  [ RunTime:0.0020s ]
SQL: SELECT * FROM `ztm_goods_category` WHERE `disabled` = 'N' AND `parent_id` = 711 ORDER BY parent_id ASC,rank ASC  [ RunTime:0.0010s ]
SQL: SELECT * FROM `ztm_goods_category` WHERE `disabled` = 'N' AND `parent_id` = 1129 ORDER BY parent_id ASC,rank ASC  [ RunTime:0.0020s ]
SQL: SELECT * FROM `ztm_goods_category` WHERE `disabled` = 'N' AND `parent_id` = 716 ORDER BY parent_id ASC,rank ASC  [ RunTime:0.0010s ]
SQL: SELECT * FROM `ztm_goods_category` WHERE `disabled` = 'N' AND `parent_id` = 741 ORDER BY parent_id ASC,rank ASC  [ RunTime:0.0010s ]
SQL: SELECT * FROM `ztm_goods_category` WHERE `disabled` = 'N' AND `parent_id` = 1146 ORDER BY parent_id ASC,rank ASC  [ RunTime:0.0010s ]
SQL: SELECT * FROM `ztm_goods_category` WHERE `disabled` = 'N' AND `parent_id` = 717 ORDER BY parent_id ASC,rank ASC  [ RunTime:0.0010s ]
SQL: SELECT * FROM `ztm_goods_category` WHERE `disabled` = 'N' AND `parent_id` = 500 ORDER BY parent_id ASC,rank ASC  [ RunTime:0.0020s ]
SQL: SELECT * FROM `ztm_goods_category` WHERE `disabled` = 'N' AND `parent_id` = 1206 ORDER BY parent_id ASC,rank ASC  [ RunTime:0.0010s ]
SQL: SELECT * FROM `ztm_goods_category` WHERE `disabled` = 'N' AND `parent_id` = 1154 ORDER BY parent_id ASC,rank ASC  [ RunTime:0.0010s ]
SQL: SELECT * FROM `ztm_goods_category` WHERE `disabled` = 'N' AND `parent_id` = 1155 ORDER BY parent_id ASC,rank ASC  [ RunTime:0.0020s ]
SQL: SELECT * FROM `ztm_goods_category` WHERE `disabled` = 'N' AND `parent_id` = 1156 ORDER BY parent_id ASC,rank ASC  [ RunTime:0.0010s ]
SQL: SELECT * FROM `ztm_goods_category` WHERE `disabled` = 'N' AND `parent_id` = 1157 ORDER BY parent_id ASC,rank ASC  [ RunTime:0.0010s ]
SQL: SELECT * FROM `ztm_goods_category` WHERE `disabled` = 'N' AND `parent_id` = 1159 ORDER BY parent_id ASC,rank ASC  [ RunTime:0.0010s ]
SQL: SELECT * FROM `ztm_goods_category` WHERE `disabled` = 'N' AND `parent_id` = 1158 ORDER BY parent_id ASC,rank ASC  [ RunTime:0.0010s ]
SQL: SELECT * FROM `ztm_goods_category` WHERE `disabled` = 'N' AND `parent_id` = 1170 ORDER BY parent_id ASC,rank ASC  [ RunTime:0.0020s ]
SQL: SELECT * FROM `ztm_goods_category` WHERE `disabled` = 'N' AND `parent_id` = 1190 ORDER BY parent_id ASC,rank ASC  [ RunTime:0.0010s ]
SQL: SELECT * FROM `ztm_goods_category` WHERE `disabled` = 'N' AND `parent_id` = 1191 ORDER BY parent_id ASC,rank ASC  [ RunTime:0.0010s ]
SQL: SELECT * FROM `ztm_goods_category` WHERE `disabled` = 'N' AND `parent_id` = 457 ORDER BY parent_id ASC,rank ASC  [ RunTime:0.0020s ]
SQL: SELECT * FROM `ztm_goods_category` WHERE `disabled` = 'N' AND `parent_id` = 1168 ORDER BY parent_id ASC,rank ASC  [ RunTime:0.0010s ]
SQL: SELECT * FROM `ztm_goods_category` WHERE `disabled` = 'N' AND `parent_id` = 1007 ORDER BY parent_id ASC,rank ASC  [ RunTime:0.0010s ]
SQL: SELECT * FROM `ztm_goods_category` WHERE `disabled` = 'N' AND `parent_id` = 718 ORDER BY parent_id ASC,rank ASC  [ RunTime:0.0020s ]
SQL: SELECT * FROM `ztm_goods_category` WHERE `disabled` = 'N' AND `parent_id` = 1176 ORDER BY parent_id ASC,rank ASC  [ RunTime:0.0010s ]
SQL: SELECT * FROM `ztm_goods_category` WHERE `disabled` = 'N' AND `parent_id` = 1177 ORDER BY parent_id ASC,rank ASC  [ RunTime:0.0010s ]
SQL: SELECT * FROM `ztm_goods_category` WHERE `disabled` = 'N' AND `parent_id` = 1023 ORDER BY parent_id ASC,rank ASC  [ RunTime:0.0020s ]
SQL: SELECT * FROM `ztm_goods_category` WHERE `disabled` = 'N' AND `parent_id` = 1082 ORDER BY parent_id ASC,rank ASC  [ RunTime:0.0010s ]
SQL: SELECT * FROM `ztm_goods_category` WHERE `disabled` = 'N' AND `parent_id` = 1123 ORDER BY parent_id ASC,rank ASC  [ RunTime:0.0010s ]
SQL: SELECT * FROM `ztm_goods_category` WHERE `disabled` = 'N' AND `parent_id` = 1027 ORDER BY parent_id ASC,rank ASC  [ RunTime:0.0020s ]
SQL: SELECT * FROM `ztm_goods_category` WHERE `disabled` = 'N' AND `parent_id` = 1181 ORDER BY parent_id ASC,rank ASC  [ RunTime:0.0010s ]
SQL: SELECT * FROM `ztm_goods_category` WHERE `disabled` = 'N' AND `parent_id` = 1035 ORDER BY parent_id ASC,rank ASC  [ RunTime:0.0010s ]
SQL: SELECT * FROM `ztm_goods_category` WHERE `disabled` = 'N' AND `parent_id` = 734 ORDER BY parent_id ASC,rank ASC  [ RunTime:0.0010s ]
SQL: SELECT * FROM `ztm_goods_category` WHERE `disabled` = 'N' AND `parent_id` = 1101 ORDER BY parent_id ASC,rank ASC  [ RunTime:0.0010s ]
SQL: SELECT * FROM `ztm_goods_category` WHERE `disabled` = 'N' AND `parent_id` = 738 ORDER BY parent_id ASC,rank ASC  [ RunTime:0.0020s ]
SQL: SELECT * FROM `ztm_goods_category` WHERE `disabled` = 'N' AND `parent_id` = 1178 ORDER BY parent_id ASC,rank ASC  [ RunTime:0.0010s ]
SQL: SELECT * FROM `ztm_goods_category` WHERE `disabled` = 'N' AND `parent_id` = 1189 ORDER BY parent_id ASC,rank ASC  [ RunTime:0.0010s ]
SQL: SELECT * FROM `ztm_goods_category` WHERE `disabled` = 'N' AND `parent_id` = 1160 ORDER BY parent_id ASC,rank ASC  [ RunTime:0.0020s ]
SQL: SELECT * FROM `ztm_goods_category` WHERE `disabled` = 'N' AND `parent_id` = 1149 ORDER BY parent_id ASC,rank ASC  [ RunTime:0.0010s ]
SQL: SELECT * FROM `ztm_goods_category` WHERE `disabled` = 'N' AND `parent_id` = 1161 ORDER BY parent_id ASC,rank ASC  [ RunTime:0.0010s ]
SQL: SELECT * FROM `ztm_goods_category` WHERE `disabled` = 'N' AND `parent_id` = 1162 ORDER BY parent_id ASC,rank ASC  [ RunTime:0.0020s ]
SQL: SELECT * FROM `ztm_goods_category` WHERE `disabled` = 'N' AND `parent_id` = 1188 ORDER BY parent_id ASC,rank ASC  [ RunTime:0.0010s ]
SQL: SELECT * FROM `ztm_goods_category` WHERE `disabled` = 'N' AND `parent_id` = 7 ORDER BY parent_id ASC,rank ASC  [ RunTime:0.0010s ]
SQL: SELECT * FROM `ztm_goods_category` WHERE `disabled` = 'N' AND `parent_id` = 415 ORDER BY parent_id ASC,rank ASC  [ RunTime:0.0010s ]
SQL: SELECT * FROM `ztm_goods_category` WHERE `disabled` = 'N' AND `parent_id` = 421 ORDER BY parent_id ASC,rank ASC  [ RunTime:0.0010s ]
SQL: SELECT * FROM `ztm_goods_category` WHERE `disabled` = 'N' AND `parent_id` = 1193 ORDER BY parent_id ASC,rank ASC  [ RunTime:0.0020s ]
SQL: SELECT * FROM `ztm_goods_category` WHERE `disabled` = 'N' AND `parent_id` = 423 ORDER BY parent_id ASC,rank ASC  [ RunTime:0.0010s ]
SQL: SELECT * FROM `ztm_goods_category` WHERE `disabled` = 'N' AND `parent_id` = 447 ORDER BY parent_id ASC,rank ASC  [ RunTime:0.0010s ]
SQL: SELECT * FROM `ztm_goods_category` WHERE `disabled` = 'N' AND `parent_id` = 425 ORDER BY parent_id ASC,rank ASC  [ RunTime:0.0010s ]
SQL: SELECT * FROM `ztm_goods_category` WHERE `disabled` = 'N' AND `parent_id` = 449 ORDER BY parent_id ASC,rank ASC  [ RunTime:0.0010s ]
SQL: SELECT * FROM `ztm_goods_category` WHERE `disabled` = 'N' AND `parent_id` = 448 ORDER BY parent_id ASC,rank ASC  [ RunTime:0.0010s ]
SQL: SELECT * FROM `ztm_goods_category` WHERE `disabled` = 'N' AND `parent_id` = 453 ORDER BY parent_id ASC,rank ASC  [ RunTime:0.0010s ]
SQL: SELECT * FROM `ztm_goods_category` WHERE `disabled` = 'N' AND `parent_id` = 450 ORDER BY parent_id ASC,rank ASC  [ RunTime:0.0010s ]
SQL: SELECT * FROM `ztm_goods_category` WHERE `disabled` = 'N' AND `parent_id` = 451 ORDER BY parent_id ASC,rank ASC  [ RunTime:0.0020s ]
SQL: SELECT * FROM `ztm_goods_category` WHERE `disabled` = 'N' AND `parent_id` = 12 ORDER BY parent_id ASC,rank ASC  [ RunTime:0.0010s ]
SQL: SELECT * FROM `ztm_goods_category` WHERE `disabled` = 'N' AND `parent_id` = 696 ORDER BY parent_id ASC,rank ASC  [ RunTime:0.0010s ]
SQL: SELECT * FROM `ztm_goods_category` WHERE `disabled` = 'N' AND `parent_id` = 876 ORDER BY parent_id ASC,rank ASC  [ RunTime:0.0010s ]
SQL: SELECT * FROM `ztm_goods_category` WHERE `disabled` = 'N' AND `parent_id` = 877 ORDER BY parent_id ASC,rank ASC  [ RunTime:0.0020s ]
SQL: SELECT * FROM `ztm_goods_category` WHERE `disabled` = 'N' AND `parent_id` = 878 ORDER BY parent_id ASC,rank ASC  [ RunTime:0.0020s ]
SQL: SELECT * FROM `ztm_goods_category` WHERE `disabled` = 'N' AND `parent_id` = 1192 ORDER BY parent_id ASC,rank ASC  [ RunTime:0.0010s ]
SQL: SELECT * FROM `ztm_goods_category` WHERE `disabled` = 'N' AND `parent_id` = 702 ORDER BY parent_id ASC,rank ASC  [ RunTime:0.0010s ]
SQL: SELECT * FROM `ztm_goods_category` WHERE `disabled` = 'N' AND `parent_id` = 923 ORDER BY parent_id ASC,rank ASC  [ RunTime:0.0020s ]
SQL: SELECT * FROM `ztm_goods_category` WHERE `disabled` = 'N' AND `parent_id` = 924 ORDER BY parent_id ASC,rank ASC  [ RunTime:0.0020s ]
SQL: SELECT * FROM `ztm_goods_category` WHERE `disabled` = 'N' AND `parent_id` = 925 ORDER BY parent_id ASC,rank ASC  [ RunTime:0.0010s ]
SQL: SELECT * FROM `ztm_goods_category` WHERE `disabled` = 'N' AND `parent_id` = 1104 ORDER BY parent_id ASC,rank ASC  [ RunTime:0.0010s ]
SQL: SELECT * FROM `ztm_goods_category` WHERE `disabled` = 'N' AND `parent_id` = 935 ORDER BY parent_id ASC,rank ASC  [ RunTime:0.0020s ]
SQL: SELECT * FROM `ztm_goods_category` WHERE `disabled` = 'N' AND `parent_id` = 1086 ORDER BY parent_id ASC,rank ASC  [ RunTime:0.0010s ]
SQL: SELECT * FROM `ztm_goods_category` WHERE `disabled` = 'N' AND `parent_id` = 1103 ORDER BY parent_id ASC,rank ASC  [ RunTime:0.0010s ]
SQL: SELECT * FROM `ztm_goods_category` WHERE `disabled` = 'N' AND `parent_id` = 1138 ORDER BY parent_id ASC,rank ASC  [ RunTime:0.0020s ]
SQL: SELECT * FROM `ztm_goods_category` WHERE `disabled` = 'N' AND `parent_id` = 1194 ORDER BY parent_id ASC,rank ASC  [ RunTime:0.0010s ]
SQL: SELECT * FROM `ztm_goods_category` WHERE `disabled` = 'N' AND `parent_id` = 1195 ORDER BY parent_id ASC,rank ASC  [ RunTime:0.0010s ]
SQL: SELECT * FROM `ztm_goods_category` WHERE `disabled` = 'N' AND `parent_id` = 703 ORDER BY parent_id ASC,rank ASC  [ RunTime:0.0010s ]
SQL: SELECT * FROM `ztm_goods_category` WHERE `disabled` = 'N' AND `parent_id` = 1126 ORDER BY parent_id ASC,rank ASC  [ RunTime:0.0010s ]
SQL: SELECT * FROM `ztm_goods_category` WHERE `disabled` = 'N' AND `parent_id` = 1139 ORDER BY parent_id ASC,rank ASC  [ RunTime:0.0020s ]
SQL: SELECT * FROM `ztm_goods_category` WHERE `disabled` = 'N' AND `parent_id` = 1141 ORDER BY parent_id ASC,rank ASC  [ RunTime:0.0010s ]
SQL: SELECT * FROM `ztm_goods_category` WHERE `disabled` = 'N' AND `parent_id` = 1140 ORDER BY parent_id ASC,rank ASC  [ RunTime:0.0010s ]
SQL: SELECT * FROM `ztm_goods_category` WHERE `disabled` = 'N' AND `parent_id` = 1142 ORDER BY parent_id ASC,rank ASC  [ RunTime:0.0010s ]
SQL: SELECT * FROM `ztm_goods_category` WHERE `disabled` = 'N' AND `parent_id` = 1143 ORDER BY parent_id ASC,rank ASC  [ RunTime:0.0010s ]
SQL: SELECT * FROM `ztm_goods_category` WHERE `disabled` = 'N' AND `parent_id` = 1144 ORDER BY parent_id ASC,rank ASC  [ RunTime:0.0010s ]
SQL: SELECT * FROM `ztm_goods_category` WHERE `disabled` = 'N' AND `parent_id` = 1050 ORDER BY parent_id ASC,rank ASC  [ RunTime:0.0010s ]
SQL: SELECT * FROM `ztm_goods_category` WHERE `disabled` = 'N' AND `parent_id` = 1059 ORDER BY parent_id ASC,rank ASC  [ RunTime:0.0010s ]
SQL: SELECT * FROM `ztm_goods_category` WHERE `disabled` = 'N' AND `parent_id` = 1133 ORDER BY parent_id ASC,rank ASC  [ RunTime:0.0010s ]
SQL: SELECT * FROM `ztm_goods_category` WHERE `disabled` = 'N' AND `parent_id` = 1197 ORDER BY parent_id ASC,rank ASC  [ RunTime:0.0010s ]
SQL: SELECT * FROM `ztm_goods_category` WHERE `disabled` = 'N' AND `parent_id` = 1108 ORDER BY parent_id ASC,rank ASC  [ RunTime:0.0020s ]
SQL: SELECT * FROM `ztm_goods_category` WHERE `disabled` = 'N' AND `parent_id` = 1106 ORDER BY parent_id ASC,rank ASC  [ RunTime:0.0020s ]
SQL: SELECT * FROM `ztm_goods_category` WHERE `disabled` = 'N' AND `parent_id` = 1090 ORDER BY parent_id ASC,rank ASC  [ RunTime:0.0010s ]
SQL: SELECT * FROM `ztm_goods_category` WHERE `disabled` = 'N' AND `parent_id` = 1135 ORDER BY parent_id ASC,rank ASC  [ RunTime:0.0010s ]
SQL: SELECT * FROM `ztm_goods_category` WHERE `disabled` = 'N' AND `parent_id` = 1136 ORDER BY parent_id ASC,rank ASC  [ RunTime:0.0010s ]
SQL: SELECT * FROM `ztm_goods_category` WHERE `disabled` = 'N' AND `parent_id` = 1137 ORDER BY parent_id ASC,rank ASC  [ RunTime:0.0010s ]
SQL: SELECT * FROM `ztm_goods_category` WHERE `disabled` = 'N' AND `parent_id` = 1196 ORDER BY parent_id ASC,rank ASC  [ RunTime:0.0010s ]
SQL: SELECT * FROM `ztm_goods_category` WHERE `disabled` = 'N' AND `parent_id` = 1148 ORDER BY parent_id ASC,rank ASC  [ RunTime:0.0020s ]
SQL: SELECT * FROM `ztm_goods_category` WHERE `disabled` = 'N' AND `parent_id` = 1134 ORDER BY parent_id ASC,rank ASC  [ RunTime:0.0010s ]
SQL: SELECT * FROM `ztm_goods_category` WHERE `disabled` = 'N' AND `parent_id` = 1150 ORDER BY parent_id ASC,rank ASC  [ RunTime:0.0010s ]
SQL: SELECT * FROM `ztm_goods_category` WHERE `disabled` = 'N' AND `parent_id` = 1151 ORDER BY parent_id ASC,rank ASC  [ RunTime:0.0010s ]
SQL: SELECT * FROM `ztm_goods_category` WHERE `disabled` = 'N' AND `parent_id` = 1199 ORDER BY parent_id ASC,rank ASC  [ RunTime:0.0020s ]
SQL: SELECT * FROM `ztm_goods_category` WHERE `disabled` = 'N' AND `parent_id` = 1201 ORDER BY parent_id ASC,rank ASC  [ RunTime:0.0010s ]
SQL: SELECT * FROM `ztm_goods_category` WHERE `disabled` = 'N' AND `parent_id` = 1200 ORDER BY parent_id ASC,rank ASC  [ RunTime:0.0010s ]
SQL: SELECT * FROM `ztm_goods_category` WHERE `disabled` = 'N' AND `parent_id` = 1202 ORDER BY parent_id ASC,rank ASC  [ RunTime:0.0010s ]
SQL: SELECT * FROM `ztm_goods_category` WHERE `disabled` = 'N' AND `parent_id` = 1204 ORDER BY parent_id ASC,rank ASC  [ RunTime:0.0010s ]
SQL: SELECT * FROM `ztm_goods_category` WHERE `disabled` = 'N' AND `parent_id` = 1205 ORDER BY parent_id ASC,rank ASC  [ RunTime:0.0020s ]
INFO: [ view_parse ] --START--
INFO: [ template_filter ] --START--
INFO: Run Behavior\ContentReplaceBehavior [ RunTime:0.000000s ]
INFO: [ template_filter ] --END-- [ RunTime:0.000000s ]
NOTIC: [8] Undefined index: category_name F:\homes\webonline\Ztmvip\Runtime\Cache\Admin\b79039958da9ab36c40d837b81e89eff.php 第 114 行.
INFO: Run Behavior\ParseTemplateBehavior [ RunTime:0.036002s ]
INFO: [ view_parse ] --END-- [ RunTime:0.036002s ]
INFO: [ view_filter ] --START--
INFO: Run Behavior\WriteHtmlCacheBehavior [ RunTime:0.000000s ]
INFO: [ view_filter ] --END-- [ RunTime:0.000000s ]
INFO: [ app_end ] --START--
INFO: Run Behavior\ShowPageTraceBehavior [ RunTime:0.001000s ]
INFO: [ app_end ] --END-- [ RunTime:0.001000s ]

