[ 2016-01-13T09:21:40+08:00 ] 127.0.0.1 /
INFO: [ app_init ] --START--
INFO: Run Behavior\BuildLiteBehavior [ RunTime:0.000000s ]
INFO: [ app_init ] --END-- [ RunTime:0.001000s ]
INFO: [ app_begin ] --START--
INFO: Run Behavior\ReadHtmlCacheBehavior [ RunTime:0.001000s ]
INFO: [ app_begin ] --END-- [ RunTime:0.001000s ]

[ 2016-01-13T09:21:40+08:00 ] 127.0.0.1 /Login/index.html?ret=Lw==
INFO: [ app_init ] --START--
INFO: Run Behavior\BuildLiteBehavior [ RunTime:0.000000s ]
INFO: [ app_init ] --END-- [ RunTime:0.000000s ]
INFO: [ app_begin ] --START--
INFO: Run Behavior\ReadHtmlCacheBehavior [ RunTime:0.000000s ]
INFO: [ app_begin ] --END-- [ RunTime:0.000000s ]
SQL: SHOW COLUMNS FROM `ztm_manager` [ RunTime:0.0020s ]
INFO: [ view_parse ] --START--
INFO: [ template_filter ] --START--
INFO: Run Behavior\ContentReplaceBehavior [ RunTime:0.000000s ]
INFO: [ template_filter ] --END-- [ RunTime:0.000000s ]
INFO: Run Behavior\ParseTemplateBehavior [ RunTime:0.042002s ]
INFO: [ view_parse ] --END-- [ RunTime:0.042002s ]
INFO: [ view_filter ] --START--
INFO: Run Behavior\WriteHtmlCacheBehavior [ RunTime:0.001000s ]
INFO: [ view_filter ] --END-- [ RunTime:0.001000s ]
INFO: [ app_end ] --START--
INFO: Run Behavior\ShowPageTraceBehavior [ RunTime:0.001000s ]
INFO: [ app_end ] --END-- [ RunTime:0.001000s ]

[ 2016-01-13T09:26:15+08:00 ] 127.0.0.1 /Login/index.html?ret=Lw==
INFO: [ app_init ] --START--
INFO: Run Behavior\BuildLiteBehavior [ RunTime:0.000000s ]
INFO: [ app_init ] --END-- [ RunTime:0.000000s ]
INFO: [ app_begin ] --START--
INFO: Run Behavior\ReadHtmlCacheBehavior [ RunTime:0.000000s ]
INFO: [ app_begin ] --END-- [ RunTime:0.000000s ]
SQL: SHOW COLUMNS FROM `ztm_manager` [ RunTime:0.0000s ]
SQL: SELECT `id` FROM `ztm_manager` WHERE `user_name` = 'hrlianna' AND `password` = '49c64a05ea70c2cce1502b825b229dbf' LIMIT 1   [ RunTime:0.0000s ]
SQL: SELECT `id`,`nick_name`,`group_id`,`depart_id` FROM `ztm_manager` WHERE `id` = 1 LIMIT 1   [ RunTime:0.0000s ]
SQL: SHOW COLUMNS FROM `ztm_manager_group` [ RunTime:0.0000s ]
SQL: SELECT `rights` FROM `ztm_manager_group` WHERE `id` = 1 LIMIT 1   [ RunTime:0.0000s ]

[ 2016-01-13T09:26:17+08:00 ] 127.0.0.1 /
INFO: [ app_init ] --START--
INFO: Run Behavior\BuildLiteBehavior [ RunTime:0.000000s ]
INFO: [ app_init ] --END-- [ RunTime:0.000000s ]
INFO: [ app_begin ] --START--
INFO: Run Behavior\ReadHtmlCacheBehavior [ RunTime:0.001000s ]
INFO: [ app_begin ] --END-- [ RunTime:0.001000s ]
SQL: SHOW COLUMNS FROM `ztm_order` [ RunTime:0.0030s ]
SQL: SELECT COUNT(*) AS tp_count FROM `ztm_order` WHERE `order_state` = 'confirm' AND `payment_state` = 'payed' AND `date_add` >= 1452614400 LIMIT 1   [ RunTime:0.0290s ]
SQL: SELECT COUNT(*) AS tp_count FROM `ztm_order` WHERE `payment_state` IN ('new','paying') LIMIT 1   [ RunTime:0.0150s ]
SQL: SELECT COUNT(*) AS tp_count FROM `ztm_order` WHERE `order_state` = 'confirm' AND `shipping_state` = 'stock' LIMIT 1   [ RunTime:0.0170s ]
SQL: SELECT COUNT(*) AS tp_count FROM `ztm_order` WHERE `order_state` = 'confirm' AND `payment_state` = 'payed' AND `shipping_state` = 'new' LIMIT 1   [ RunTime:0.0200s ]
SQL: SELECT COUNT(*) AS tp_count FROM `ztm_order` WHERE `order_state` = 'confirm' AND `shipping_state` = 'send' LIMIT 1   [ RunTime:0.0130s ]
SQL: SELECT COUNT(*) AS tp_count FROM `ztm_order` WHERE `order_state` = 'confirm' AND `shipping_state` = 'receive' LIMIT 1   [ RunTime:0.0150s ]
SQL: SELECT COUNT(*) AS tp_count FROM `ztm_order` WHERE `order_state` = 'refund' LIMIT 1   [ RunTime:0.0070s ]
SQL: SELECT COUNT(*) AS tp_count FROM `ztm_order` WHERE `order_state` = 'refunded' LIMIT 1   [ RunTime:0.0070s ]
SQL: select version() as ver [ RunTime:0.0010s ]
INFO: [ view_parse ] --START--
INFO: [ template_filter ] --START--
INFO: Run Behavior\ContentReplaceBehavior [ RunTime:0.000000s ]
INFO: [ template_filter ] --END-- [ RunTime:0.001000s ]
NOTIC: [8] Undefined variable: aside_id F:\homes\webonline\Ztmvip\Runtime\Cache\Admin\9c523151502097629104e7496aadcf24.php 第 191 行.
NOTIC: [8] Undefined variable: aside_id F:\homes\webonline\Ztmvip\Runtime\Cache\Admin\9c523151502097629104e7496aadcf24.php 第 192 行.
INFO: Run Behavior\ParseTemplateBehavior [ RunTime:0.041003s ]
INFO: [ view_parse ] --END-- [ RunTime:0.041003s ]
INFO: [ view_filter ] --START--
INFO: Run Behavior\WriteHtmlCacheBehavior [ RunTime:0.000000s ]
INFO: [ view_filter ] --END-- [ RunTime:0.000000s ]
INFO: [ app_end ] --START--
INFO: Run Behavior\ShowPageTraceBehavior [ RunTime:0.000000s ]
INFO: [ app_end ] --END-- [ RunTime:0.001000s ]

[ 2016-01-13T09:26:29+08:00 ] 127.0.0.1 /Bonus/index.html
INFO: [ app_init ] --START--
INFO: Run Behavior\BuildLiteBehavior [ RunTime:0.000000s ]
INFO: [ app_init ] --END-- [ RunTime:0.001000s ]
INFO: [ app_begin ] --START--
INFO: Run Behavior\ReadHtmlCacheBehavior [ RunTime:0.001000s ]
INFO: [ app_begin ] --END-- [ RunTime:0.001000s ]
SQL: SHOW COLUMNS FROM `ztm_bonus` [ RunTime:0.0030s ]
SQL: SHOW COLUMNS FROM `ztm_user_bonus` [ RunTime:0.0020s ]
NOTIC: [8] Undefined index: bonus_name F:\homes\webonline\Ztmvip\Admin\Controller\BonusController.class.php 第 164 行.
SQL: SELECT COUNT(*) AS tp_count FROM `ztm_bonus` WHERE `disabled` = 'N' LIMIT 1   [ RunTime:0.0010s ]
SQL: SELECT * FROM `ztm_bonus` WHERE `disabled` = 'N' ORDER BY id DESC LIMIT 0,15   [ RunTime:0.0030s ]
SQL: SELECT COUNT(*) AS tp_count FROM `ztm_user_bonus` WHERE `bonus_id` = 79 LIMIT 1   [ RunTime:0.0010s ]
SQL: SELECT COUNT(*) AS tp_count FROM `ztm_user_bonus` WHERE `bonus_id` = 79 AND `date_use` <> 0 LIMIT 1   [ RunTime:0.0020s ]
SQL: SELECT COUNT(*) AS tp_count FROM `ztm_user_bonus` WHERE `bonus_id` = 78 LIMIT 1   [ RunTime:0.0010s ]
SQL: SELECT COUNT(*) AS tp_count FROM `ztm_user_bonus` WHERE `bonus_id` = 78 AND `date_use` <> 0 LIMIT 1   [ RunTime:0.0020s ]
SQL: SELECT COUNT(*) AS tp_count FROM `ztm_user_bonus` WHERE `bonus_id` = 77 LIMIT 1   [ RunTime:0.0010s ]
SQL: SELECT COUNT(*) AS tp_count FROM `ztm_user_bonus` WHERE `bonus_id` = 77 AND `date_use` <> 0 LIMIT 1   [ RunTime:0.0020s ]
SQL: SELECT COUNT(*) AS tp_count FROM `ztm_user_bonus` WHERE `bonus_id` = 76 LIMIT 1   [ RunTime:0.0010s ]
SQL: SELECT COUNT(*) AS tp_count FROM `ztm_user_bonus` WHERE `bonus_id` = 76 AND `date_use` <> 0 LIMIT 1   [ RunTime:0.0010s ]
SQL: SELECT COUNT(*) AS tp_count FROM `ztm_user_bonus` WHERE `bonus_id` = 70 LIMIT 1   [ RunTime:0.0010s ]
SQL: SELECT COUNT(*) AS tp_count FROM `ztm_user_bonus` WHERE `bonus_id` = 70 AND `date_use` <> 0 LIMIT 1   [ RunTime:0.0010s ]
SQL: SELECT COUNT(*) AS tp_count FROM `ztm_user_bonus` WHERE `bonus_id` = 69 LIMIT 1   [ RunTime:0.0010s ]
SQL: SELECT COUNT(*) AS tp_count FROM `ztm_user_bonus` WHERE `bonus_id` = 69 AND `date_use` <> 0 LIMIT 1   [ RunTime:0.0010s ]
SQL: SELECT COUNT(*) AS tp_count FROM `ztm_user_bonus` WHERE `bonus_id` = 68 LIMIT 1   [ RunTime:0.0010s ]
SQL: SELECT COUNT(*) AS tp_count FROM `ztm_user_bonus` WHERE `bonus_id` = 68 AND `date_use` <> 0 LIMIT 1   [ RunTime:0.0010s ]
SQL: SELECT COUNT(*) AS tp_count FROM `ztm_user_bonus` WHERE `bonus_id` = 67 LIMIT 1   [ RunTime:0.0010s ]
SQL: SELECT COUNT(*) AS tp_count FROM `ztm_user_bonus` WHERE `bonus_id` = 67 AND `date_use` <> 0 LIMIT 1   [ RunTime:0.0010s ]
SQL: SELECT COUNT(*) AS tp_count FROM `ztm_user_bonus` WHERE `bonus_id` = 65 LIMIT 1   [ RunTime:0.0020s ]
SQL: SELECT COUNT(*) AS tp_count FROM `ztm_user_bonus` WHERE `bonus_id` = 65 AND `date_use` <> 0 LIMIT 1   [ RunTime:0.0010s ]
SQL: SELECT COUNT(*) AS tp_count FROM `ztm_user_bonus` WHERE `bonus_id` = 64 LIMIT 1   [ RunTime:0.0020s ]
SQL: SELECT COUNT(*) AS tp_count FROM `ztm_user_bonus` WHERE `bonus_id` = 64 AND `date_use` <> 0 LIMIT 1   [ RunTime:0.0010s ]
SQL: SELECT COUNT(*) AS tp_count FROM `ztm_user_bonus` WHERE `bonus_id` = 63 LIMIT 1   [ RunTime:0.0020s ]
SQL: SELECT COUNT(*) AS tp_count FROM `ztm_user_bonus` WHERE `bonus_id` = 63 AND `date_use` <> 0 LIMIT 1   [ RunTime:0.0010s ]
SQL: SELECT COUNT(*) AS tp_count FROM `ztm_user_bonus` WHERE `bonus_id` = 62 LIMIT 1   [ RunTime:0.0020s ]
SQL: SELECT COUNT(*) AS tp_count FROM `ztm_user_bonus` WHERE `bonus_id` = 62 AND `date_use` <> 0 LIMIT 1   [ RunTime:0.0010s ]
SQL: SELECT COUNT(*) AS tp_count FROM `ztm_user_bonus` WHERE `bonus_id` = 61 LIMIT 1   [ RunTime:0.0020s ]
SQL: SELECT COUNT(*) AS tp_count FROM `ztm_user_bonus` WHERE `bonus_id` = 61 AND `date_use` <> 0 LIMIT 1   [ RunTime:0.0010s ]
SQL: SELECT COUNT(*) AS tp_count FROM `ztm_user_bonus` WHERE `bonus_id` = 60 LIMIT 1   [ RunTime:0.0010s ]
SQL: SELECT COUNT(*) AS tp_count FROM `ztm_user_bonus` WHERE `bonus_id` = 60 AND `date_use` <> 0 LIMIT 1   [ RunTime:0.0010s ]
SQL: SELECT COUNT(*) AS tp_count FROM `ztm_user_bonus` WHERE `bonus_id` = 59 LIMIT 1   [ RunTime:0.0010s ]
SQL: SELECT COUNT(*) AS tp_count FROM `ztm_user_bonus` WHERE `bonus_id` = 59 AND `date_use` <> 0 LIMIT 1   [ RunTime:0.0010s ]
INFO: [ view_parse ] --START--
INFO: [ template_filter ] --START--
INFO: Run Behavior\ContentReplaceBehavior [ RunTime:0.000000s ]
INFO: [ template_filter ] --END-- [ RunTime:0.000000s ]
NOTIC: [8] Undefined index: bonus_name F:\homes\webonline\Ztmvip\Runtime\Cache\Admin\359a2f5d60b9d3321e66194035ee1482.php 第 115 行.
INFO: Run Behavior\ParseTemplateBehavior [ RunTime:0.027002s ]
INFO: [ view_parse ] --END-- [ RunTime:0.027002s ]
INFO: [ view_filter ] --START--
INFO: Run Behavior\WriteHtmlCacheBehavior [ RunTime:0.000000s ]
INFO: [ view_filter ] --END-- [ RunTime:0.000000s ]
INFO: [ app_end ] --START--
INFO: Run Behavior\ShowPageTraceBehavior [ RunTime:0.000000s ]
INFO: [ app_end ] --END-- [ RunTime:0.000000s ]

[ 2016-01-13T09:26:41+08:00 ] 127.0.0.1 /Bonus/edit.html
INFO: [ app_init ] --START--
INFO: Run Behavior\BuildLiteBehavior [ RunTime:0.000000s ]
INFO: [ app_init ] --END-- [ RunTime:0.000000s ]
INFO: [ app_begin ] --START--
INFO: Run Behavior\ReadHtmlCacheBehavior [ RunTime:0.001000s ]
INFO: [ app_begin ] --END-- [ RunTime:0.001000s ]
SQL: SHOW COLUMNS FROM `ztm_bonus` [ RunTime:0.0020s ]
SQL: SHOW COLUMNS FROM `ztm_user_bonus` [ RunTime:0.0020s ]
SQL: SHOW COLUMNS FROM `ztm_goods_brand` [ RunTime:0.0020s ]
SQL: SELECT * FROM `ztm_goods_brand` WHERE `display` = 'Y' ORDER BY rank DESC  [ RunTime:0.0030s ]
SQL: SHOW COLUMNS FROM `ztm_goods_category` [ RunTime:0.0010s ]
SQL: SELECT * FROM `ztm_goods_category` WHERE `disabled` = 'N' AND `parent_id` = 0 ORDER BY parent_id ASC,rank ASC  [ RunTime:0.0010s ]
INFO: [ view_parse ] --START--
NOTIC: [8] Undefined index: name F:\homes\webonline\ThinkPHP\Library\Think\Template\TagLib\Html.class.php 第 124 行.
NOTIC: [8] Undefined index: values F:\homes\webonline\ThinkPHP\Library\Think\Template\TagLib\Html.class.php 第 126 行.
NOTIC: [8] Undefined index: output F:\homes\webonline\ThinkPHP\Library\Think\Template\TagLib\Html.class.php 第 127 行.
NOTIC: [8] Undefined index: multiple F:\homes\webonline\ThinkPHP\Library\Think\Template\TagLib\Html.class.php 第 128 行.
NOTIC: [8] Undefined index: id F:\homes\webonline\ThinkPHP\Library\Think\Template\TagLib\Html.class.php 第 129 行.
NOTIC: [8] Undefined index: size F:\homes\webonline\ThinkPHP\Library\Think\Template\TagLib\Html.class.php 第 130 行.
NOTIC: [8] Undefined index: selected F:\homes\webonline\ThinkPHP\Library\Think\Template\TagLib\Html.class.php 第 132 行.
NOTIC: [8] Undefined index: dblclick F:\homes\webonline\ThinkPHP\Library\Think\Template\TagLib\Html.class.php 第 134 行.
NOTIC: [8] Undefined index: change F:\homes\webonline\ThinkPHP\Library\Think\Template\TagLib\Html.class.php 第 135 行.
INFO: [ template_filter ] --START--
INFO: Run Behavior\ContentReplaceBehavior [ RunTime:0.001000s ]
INFO: [ template_filter ] --END-- [ RunTime:0.001000s ]
NOTIC: [8] Undefined variable: edit F:\homes\webonline\Ztmvip\Runtime\Cache\Admin\1a73c866c0a6ef362d86c0163e83a9ee.php 第 122 行.
NOTIC: [8] Undefined variable: send_count F:\homes\webonline\Ztmvip\Runtime\Cache\Admin\1a73c866c0a6ef362d86c0163e83a9ee.php 第 124 行.
NOTIC: [8] Undefined variable: edit F:\homes\webonline\Ztmvip\Runtime\Cache\Admin\1a73c866c0a6ef362d86c0163e83a9ee.php 第 126 行.
NOTIC: [8] Undefined variable: send_count F:\homes\webonline\Ztmvip\Runtime\Cache\Admin\1a73c866c0a6ef362d86c0163e83a9ee.php 第 128 行.
NOTIC: [8] Undefined variable: edit F:\homes\webonline\Ztmvip\Runtime\Cache\Admin\1a73c866c0a6ef362d86c0163e83a9ee.php 第 151 行.
NOTIC: [8] Undefined variable: edit F:\homes\webonline\Ztmvip\Runtime\Cache\Admin\1a73c866c0a6ef362d86c0163e83a9ee.php 第 152 行.
NOTIC: [8] Undefined variable: edit F:\homes\webonline\Ztmvip\Runtime\Cache\Admin\1a73c866c0a6ef362d86c0163e83a9ee.php 第 170 行.
NOTIC: [8] Undefined variable: edit F:\homes\webonline\Ztmvip\Runtime\Cache\Admin\1a73c866c0a6ef362d86c0163e83a9ee.php 第 175 行.
NOTIC: [8] Undefined variable: edit F:\homes\webonline\Ztmvip\Runtime\Cache\Admin\1a73c866c0a6ef362d86c0163e83a9ee.php 第 180 行.
NOTIC: [8] Undefined variable: edit F:\homes\webonline\Ztmvip\Runtime\Cache\Admin\1a73c866c0a6ef362d86c0163e83a9ee.php 第 181 行.
NOTIC: [8] Undefined variable: edit F:\homes\webonline\Ztmvip\Runtime\Cache\Admin\1a73c866c0a6ef362d86c0163e83a9ee.php 第 187 行.
NOTIC: [8] Undefined variable: edit F:\homes\webonline\Ztmvip\Runtime\Cache\Admin\1a73c866c0a6ef362d86c0163e83a9ee.php 第 188 行.
INFO: Run Behavior\ParseTemplateBehavior [ RunTime:0.058003s ]
INFO: [ view_parse ] --END-- [ RunTime:0.058003s ]
INFO: [ view_filter ] --START--
INFO: Run Behavior\WriteHtmlCacheBehavior [ RunTime:0.000000s ]
INFO: [ view_filter ] --END-- [ RunTime:0.000000s ]
INFO: [ app_end ] --START--
INFO: Run Behavior\ShowPageTraceBehavior [ RunTime:0.000000s ]
INFO: [ app_end ] --END-- [ RunTime:0.000000s ]

[ 2016-01-13T09:33:49+08:00 ] 127.0.0.1 /
INFO: [ app_init ] --START--
INFO: Run Behavior\BuildLiteBehavior [ RunTime:0.000000s ]
INFO: [ app_init ] --END-- [ RunTime:0.000000s ]
INFO: [ app_begin ] --START--
INFO: Run Behavior\ReadHtmlCacheBehavior [ RunTime:0.000000s ]
INFO: [ app_begin ] --END-- [ RunTime:0.000000s ]

[ 2016-01-13T09:33:49+08:00 ] 127.0.0.1 /Login/index.html?ret=Lw==
INFO: [ app_init ] --START--
INFO: Run Behavior\BuildLiteBehavior [ RunTime:0.000000s ]
INFO: [ app_init ] --END-- [ RunTime:0.000000s ]
INFO: [ app_begin ] --START--
INFO: Run Behavior\ReadHtmlCacheBehavior [ RunTime:0.000000s ]
INFO: [ app_begin ] --END-- [ RunTime:0.000000s ]
SQL: SHOW COLUMNS FROM `ztm_manager` [ RunTime:0.0020s ]
INFO: [ view_parse ] --START--
INFO: [ template_filter ] --START--
INFO: Run Behavior\ContentReplaceBehavior [ RunTime:0.000000s ]
INFO: [ template_filter ] --END-- [ RunTime:0.000000s ]
INFO: Run Behavior\ParseTemplateBehavior [ RunTime:0.004000s ]
INFO: [ view_parse ] --END-- [ RunTime:0.004000s ]
INFO: [ view_filter ] --START--
INFO: Run Behavior\WriteHtmlCacheBehavior [ RunTime:0.001000s ]
INFO: [ view_filter ] --END-- [ RunTime:0.001000s ]
INFO: [ app_end ] --START--
INFO: Run Behavior\ShowPageTraceBehavior [ RunTime:0.000000s ]
INFO: [ app_end ] --END-- [ RunTime:0.000000s ]

[ 2016-01-13T13:45:26+08:00 ] 127.0.0.1 /
INFO: [ app_init ] --START--
INFO: Run Behavior\BuildLiteBehavior [ RunTime:0.000000s ]
INFO: [ app_init ] --END-- [ RunTime:0.000000s ]
INFO: [ app_begin ] --START--
INFO: Run Behavior\ReadHtmlCacheBehavior [ RunTime:0.001000s ]
INFO: [ app_begin ] --END-- [ RunTime:0.001000s ]

[ 2016-01-13T13:45:26+08:00 ] 127.0.0.1 /Login/index.html?ret=Lw==
INFO: [ app_init ] --START--
INFO: Run Behavior\BuildLiteBehavior [ RunTime:0.000000s ]
INFO: [ app_init ] --END-- [ RunTime:0.001000s ]
INFO: [ app_begin ] --START--
INFO: Run Behavior\ReadHtmlCacheBehavior [ RunTime:0.000000s ]
INFO: [ app_begin ] --END-- [ RunTime:0.000000s ]
SQL: SHOW COLUMNS FROM `ztm_manager` [ RunTime:0.0020s ]
INFO: [ view_parse ] --START--
INFO: [ template_filter ] --START--
INFO: Run Behavior\ContentReplaceBehavior [ RunTime:0.000000s ]
INFO: [ template_filter ] --END-- [ RunTime:0.001000s ]
INFO: Run Behavior\ParseTemplateBehavior [ RunTime:0.004000s ]
INFO: [ view_parse ] --END-- [ RunTime:0.004000s ]
INFO: [ view_filter ] --START--
INFO: Run Behavior\WriteHtmlCacheBehavior [ RunTime:0.000000s ]
INFO: [ view_filter ] --END-- [ RunTime:0.000000s ]
INFO: [ app_end ] --START--
INFO: Run Behavior\ShowPageTraceBehavior [ RunTime:0.001000s ]
INFO: [ app_end ] --END-- [ RunTime:0.001000s ]

[ 2016-01-13T13:45:34+08:00 ] 127.0.0.1 /Login/index.html?ret=Lw==
INFO: [ app_init ] --START--
INFO: Run Behavior\BuildLiteBehavior [ RunTime:0.000000s ]
INFO: [ app_init ] --END-- [ RunTime:0.000000s ]
INFO: [ app_begin ] --START--
INFO: Run Behavior\ReadHtmlCacheBehavior [ RunTime:0.001000s ]
INFO: [ app_begin ] --END-- [ RunTime:0.001000s ]
SQL: SHOW COLUMNS FROM `ztm_manager` [ RunTime:0.0020s ]
SQL: SELECT `id` FROM `ztm_manager` WHERE `user_name` = 'hrlianna' AND `password` = '49c64a05ea70c2cce1502b825b229dbf' LIMIT 1   [ RunTime:0.0010s ]
SQL: SELECT `id`,`nick_name`,`group_id`,`depart_id` FROM `ztm_manager` WHERE `id` = 1 LIMIT 1   [ RunTime:0.0010s ]
SQL: SHOW COLUMNS FROM `ztm_manager_group` [ RunTime:0.0010s ]
SQL: SELECT `rights` FROM `ztm_manager_group` WHERE `id` = 1 LIMIT 1   [ RunTime:0.0000s ]

[ 2016-01-13T13:45:36+08:00 ] 127.0.0.1 /
INFO: [ app_init ] --START--
INFO: Run Behavior\BuildLiteBehavior [ RunTime:0.000000s ]
INFO: [ app_init ] --END-- [ RunTime:0.001001s ]
INFO: [ app_begin ] --START--
INFO: Run Behavior\ReadHtmlCacheBehavior [ RunTime:0.000000s ]
INFO: [ app_begin ] --END-- [ RunTime:0.000000s ]
SQL: SHOW COLUMNS FROM `ztm_order` [ RunTime:0.0030s ]
SQL: SELECT COUNT(*) AS tp_count FROM `ztm_order` WHERE `order_state` = 'confirm' AND `payment_state` = 'payed' AND `date_add` >= 1452614400 LIMIT 1   [ RunTime:0.0010s ]
SQL: SELECT COUNT(*) AS tp_count FROM `ztm_order` WHERE `payment_state` IN ('new','paying') LIMIT 1   [ RunTime:0.0010s ]
SQL: SELECT COUNT(*) AS tp_count FROM `ztm_order` WHERE `order_state` = 'confirm' AND `shipping_state` = 'stock' LIMIT 1   [ RunTime:0.0010s ]
SQL: SELECT COUNT(*) AS tp_count FROM `ztm_order` WHERE `order_state` = 'confirm' AND `payment_state` = 'payed' AND `shipping_state` = 'new' LIMIT 1   [ RunTime:0.0010s ]
SQL: SELECT COUNT(*) AS tp_count FROM `ztm_order` WHERE `order_state` = 'confirm' AND `shipping_state` = 'send' LIMIT 1   [ RunTime:0.0000s ]
SQL: SELECT COUNT(*) AS tp_count FROM `ztm_order` WHERE `order_state` = 'confirm' AND `shipping_state` = 'receive' LIMIT 1   [ RunTime:0.0010s ]
SQL: SELECT COUNT(*) AS tp_count FROM `ztm_order` WHERE `order_state` = 'refund' LIMIT 1   [ RunTime:0.0010s ]
SQL: SELECT COUNT(*) AS tp_count FROM `ztm_order` WHERE `order_state` = 'refunded' LIMIT 1   [ RunTime:0.0010s ]
SQL: select version() as ver [ RunTime:0.0000s ]
INFO: [ view_parse ] --START--
INFO: [ template_filter ] --START--
INFO: Run Behavior\ContentReplaceBehavior [ RunTime:0.000000s ]
INFO: [ template_filter ] --END-- [ RunTime:0.000000s ]
NOTIC: [8] Undefined variable: aside_id F:\homes\webonline\Ztmvip\Runtime\Cache\Admin\9c523151502097629104e7496aadcf24.php 第 191 行.
NOTIC: [8] Undefined variable: aside_id F:\homes\webonline\Ztmvip\Runtime\Cache\Admin\9c523151502097629104e7496aadcf24.php 第 192 行.
INFO: Run Behavior\ParseTemplateBehavior [ RunTime:0.015000s ]
INFO: [ view_parse ] --END-- [ RunTime:0.015000s ]
INFO: [ view_filter ] --START--
INFO: Run Behavior\WriteHtmlCacheBehavior [ RunTime:0.000000s ]
INFO: [ view_filter ] --END-- [ RunTime:0.000000s ]
INFO: [ app_end ] --START--
INFO: Run Behavior\ShowPageTraceBehavior [ RunTime:0.001000s ]
INFO: [ app_end ] --END-- [ RunTime:0.001000s ]

[ 2016-01-13T13:45:58+08:00 ] 127.0.0.1 /GoodsCategory/index.html
INFO: [ app_init ] --START--
INFO: Run Behavior\BuildLiteBehavior [ RunTime:0.000000s ]
INFO: [ app_init ] --END-- [ RunTime:0.001000s ]
INFO: [ app_begin ] --START--
INFO: Run Behavior\ReadHtmlCacheBehavior [ RunTime:0.001000s ]
INFO: [ app_begin ] --END-- [ RunTime:0.001000s ]
SQL: SHOW COLUMNS FROM `ztm_goods_category` [ RunTime:0.0020s ]
NOTIC: [8] Undefined index: category_name F:\homes\webonline\Ztmvip\Admin\Controller\GoodsCategoryController.class.php 第 105 行.
NOTIC: [8] Undefined index: category_name F:\homes\webonline\Ztmvip\Admin\Controller\GoodsCategoryController.class.php 第 108 行.
SQL: SELECT * FROM `ztm_goods_category` WHERE `disabled` = 'N' AND `parent_id` = 0 ORDER BY parent_id ASC,rank ASC  [ RunTime:0.0010s ]
SQL: SELECT * FROM `ztm_goods_category` WHERE `disabled` = 'N' AND `parent_id` = 1 ORDER BY parent_id ASC,rank ASC  [ RunTime:0.0010s ]
SQL: SELECT * FROM `ztm_goods_category` WHERE `disabled` = 'N' AND `parent_id` = 1128 ORDER BY parent_id ASC,rank ASC  [ RunTime:0.0010s ]
SQL: SELECT * FROM `ztm_goods_category` WHERE `disabled` = 'N' AND `parent_id` = 1132 ORDER BY parent_id ASC,rank ASC  [ RunTime:0.0010s ]
SQL: SELECT * FROM `ztm_goods_category` WHERE `disabled` = 'N' AND `parent_id` = 1183 ORDER BY parent_id ASC,rank ASC  [ RunTime:0.0010s ]
SQL: SELECT * FROM `ztm_goods_category` WHERE `disabled` = 'N' AND `parent_id` = 1184 ORDER BY parent_id ASC,rank ASC  [ RunTime:0.0010s ]
SQL: SELECT * FROM `ztm_goods_category` WHERE `disabled` = 'N' AND `parent_id` = 1185 ORDER BY parent_id ASC,rank ASC  [ RunTime:0.0010s ]
SQL: SELECT * FROM `ztm_goods_category` WHERE `disabled` = 'N' AND `parent_id` = 6 ORDER BY parent_id ASC,rank ASC  [ RunTime:0.0010s ]
SQL: SELECT * FROM `ztm_goods_category` WHERE `disabled` = 'N' AND `parent_id` = 711 ORDER BY parent_id ASC,rank ASC  [ RunTime:0.0020s ]
SQL: SELECT * FROM `ztm_goods_category` WHERE `disabled` = 'N' AND `parent_id` = 1129 ORDER BY parent_id ASC,rank ASC  [ RunTime:0.0010s ]
SQL: SELECT * FROM `ztm_goods_category` WHERE `disabled` = 'N' AND `parent_id` = 716 ORDER BY parent_id ASC,rank ASC  [ RunTime:0.0020s ]
SQL: SELECT * FROM `ztm_goods_category` WHERE `disabled` = 'N' AND `parent_id` = 741 ORDER BY parent_id ASC,rank ASC  [ RunTime:0.0010s ]
SQL: SELECT * FROM `ztm_goods_category` WHERE `disabled` = 'N' AND `parent_id` = 1146 ORDER BY parent_id ASC,rank ASC  [ RunTime:0.0020s ]
SQL: SELECT * FROM `ztm_goods_category` WHERE `disabled` = 'N' AND `parent_id` = 717 ORDER BY parent_id ASC,rank ASC  [ RunTime:0.0010s ]
SQL: SELECT * FROM `ztm_goods_category` WHERE `disabled` = 'N' AND `parent_id` = 500 ORDER BY parent_id ASC,rank ASC  [ RunTime:0.0020s ]
SQL: SELECT * FROM `ztm_goods_category` WHERE `disabled` = 'N' AND `parent_id` = 1206 ORDER BY parent_id ASC,rank ASC  [ RunTime:0.0010s ]
SQL: SELECT * FROM `ztm_goods_category` WHERE `disabled` = 'N' AND `parent_id` = 1154 ORDER BY parent_id ASC,rank ASC  [ RunTime:0.0020s ]
SQL: SELECT * FROM `ztm_goods_category` WHERE `disabled` = 'N' AND `parent_id` = 1155 ORDER BY parent_id ASC,rank ASC  [ RunTime:0.0010s ]
SQL: SELECT * FROM `ztm_goods_category` WHERE `disabled` = 'N' AND `parent_id` = 1156 ORDER BY parent_id ASC,rank ASC  [ RunTime:0.0020s ]
SQL: SELECT * FROM `ztm_goods_category` WHERE `disabled` = 'N' AND `parent_id` = 1157 ORDER BY parent_id ASC,rank ASC  [ RunTime:0.0010s ]
SQL: SELECT * FROM `ztm_goods_category` WHERE `disabled` = 'N' AND `parent_id` = 1159 ORDER BY parent_id ASC,rank ASC  [ RunTime:0.0020s ]
SQL: SELECT * FROM `ztm_goods_category` WHERE `disabled` = 'N' AND `parent_id` = 1158 ORDER BY parent_id ASC,rank ASC  [ RunTime:0.0010s ]
SQL: SELECT * FROM `ztm_goods_category` WHERE `disabled` = 'N' AND `parent_id` = 1170 ORDER BY parent_id ASC,rank ASC  [ RunTime:0.0020s ]
SQL: SELECT * FROM `ztm_goods_category` WHERE `disabled` = 'N' AND `parent_id` = 1190 ORDER BY parent_id ASC,rank ASC  [ RunTime:0.0010s ]
SQL: SELECT * FROM `ztm_goods_category` WHERE `disabled` = 'N' AND `parent_id` = 1191 ORDER BY parent_id ASC,rank ASC  [ RunTime:0.0020s ]
SQL: SELECT * FROM `ztm_goods_category` WHERE `disabled` = 'N' AND `parent_id` = 457 ORDER BY parent_id ASC,rank ASC  [ RunTime:0.0010s ]
SQL: SELECT * FROM `ztm_goods_category` WHERE `disabled` = 'N' AND `parent_id` = 1168 ORDER BY parent_id ASC,rank ASC  [ RunTime:0.0010s ]
SQL: SELECT * FROM `ztm_goods_category` WHERE `disabled` = 'N' AND `parent_id` = 1007 ORDER BY parent_id ASC,rank ASC  [ RunTime:0.0010s ]
SQL: SELECT * FROM `ztm_goods_category` WHERE `disabled` = 'N' AND `parent_id` = 718 ORDER BY parent_id ASC,rank ASC  [ RunTime:0.0010s ]
SQL: SELECT * FROM `ztm_goods_category` WHERE `disabled` = 'N' AND `parent_id` = 1176 ORDER BY parent_id ASC,rank ASC  [ RunTime:0.0010s ]
SQL: SELECT * FROM `ztm_goods_category` WHERE `disabled` = 'N' AND `parent_id` = 1177 ORDER BY parent_id ASC,rank ASC  [ RunTime:0.0010s ]
SQL: SELECT * FROM `ztm_goods_category` WHERE `disabled` = 'N' AND `parent_id` = 1023 ORDER BY parent_id ASC,rank ASC  [ RunTime:0.0020s ]
SQL: SELECT * FROM `ztm_goods_category` WHERE `disabled` = 'N' AND `parent_id` = 1082 ORDER BY parent_id ASC,rank ASC  [ RunTime:0.0010s ]
SQL: SELECT * FROM `ztm_goods_category` WHERE `disabled` = 'N' AND `parent_id` = 1123 ORDER BY parent_id ASC,rank ASC  [ RunTime:0.0020s ]
SQL: SELECT * FROM `ztm_goods_category` WHERE `disabled` = 'N' AND `parent_id` = 1027 ORDER BY parent_id ASC,rank ASC  [ RunTime:0.0010s ]
SQL: SELECT * FROM `ztm_goods_category` WHERE `disabled` = 'N' AND `parent_id` = 1181 ORDER BY parent_id ASC,rank ASC  [ RunTime:0.0020s ]
SQL: SELECT * FROM `ztm_goods_category` WHERE `disabled` = 'N' AND `parent_id` = 1035 ORDER BY parent_id ASC,rank ASC  [ RunTime:0.0010s ]
SQL: SELECT * FROM `ztm_goods_category` WHERE `disabled` = 'N' AND `parent_id` = 734 ORDER BY parent_id ASC,rank ASC  [ RunTime:0.0020s ]
SQL: SELECT * FROM `ztm_goods_category` WHERE `disabled` = 'N' AND `parent_id` = 1101 ORDER BY parent_id ASC,rank ASC  [ RunTime:0.0010s ]
SQL: SELECT * FROM `ztm_goods_category` WHERE `disabled` = 'N' AND `parent_id` = 738 ORDER BY parent_id ASC,rank ASC  [ RunTime:0.0010s ]
SQL: SELECT * FROM `ztm_goods_category` WHERE `disabled` = 'N' AND `parent_id` = 1178 ORDER BY parent_id ASC,rank ASC  [ RunTime:0.0010s ]
SQL: SELECT * FROM `ztm_goods_category` WHERE `disabled` = 'N' AND `parent_id` = 1189 ORDER BY parent_id ASC,rank ASC  [ RunTime:0.0010s ]
SQL: SELECT * FROM `ztm_goods_category` WHERE `disabled` = 'N' AND `parent_id` = 1160 ORDER BY parent_id ASC,rank ASC  [ RunTime:0.0020s ]
SQL: SELECT * FROM `ztm_goods_category` WHERE `disabled` = 'N' AND `parent_id` = 1149 ORDER BY parent_id ASC,rank ASC  [ RunTime:0.0010s ]
SQL: SELECT * FROM `ztm_goods_category` WHERE `disabled` = 'N' AND `parent_id` = 1161 ORDER BY parent_id ASC,rank ASC  [ RunTime:0.0020s ]
SQL: SELECT * FROM `ztm_goods_category` WHERE `disabled` = 'N' AND `parent_id` = 1162 ORDER BY parent_id ASC,rank ASC  [ RunTime:0.0010s ]
SQL: SELECT * FROM `ztm_goods_category` WHERE `disabled` = 'N' AND `parent_id` = 1188 ORDER BY parent_id ASC,rank ASC  [ RunTime:0.0020s ]
SQL: SELECT * FROM `ztm_goods_category` WHERE `disabled` = 'N' AND `parent_id` = 7 ORDER BY parent_id ASC,rank ASC  [ RunTime:0.0010s ]
SQL: SELECT * FROM `ztm_goods_category` WHERE `disabled` = 'N' AND `parent_id` = 415 ORDER BY parent_id ASC,rank ASC  [ RunTime:0.0010s ]
SQL: SELECT * FROM `ztm_goods_category` WHERE `disabled` = 'N' AND `parent_id` = 421 ORDER BY parent_id ASC,rank ASC  [ RunTime:0.0010s ]
SQL: SELECT * FROM `ztm_goods_category` WHERE `disabled` = 'N' AND `parent_id` = 1193 ORDER BY parent_id ASC,rank ASC  [ RunTime:0.0020s ]
SQL: SELECT * FROM `ztm_goods_category` WHERE `disabled` = 'N' AND `parent_id` = 423 ORDER BY parent_id ASC,rank ASC  [ RunTime:0.0010s ]
SQL: SELECT * FROM `ztm_goods_category` WHERE `disabled` = 'N' AND `parent_id` = 447 ORDER BY parent_id ASC,rank ASC  [ RunTime:0.0010s ]
SQL: SELECT * FROM `ztm_goods_category` WHERE `disabled` = 'N' AND `parent_id` = 425 ORDER BY parent_id ASC,rank ASC  [ RunTime:0.0010s ]
SQL: SELECT * FROM `ztm_goods_category` WHERE `disabled` = 'N' AND `parent_id` = 449 ORDER BY parent_id ASC,rank ASC  [ RunTime:0.0010s ]
SQL: SELECT * FROM `ztm_goods_category` WHERE `disabled` = 'N' AND `parent_id` = 448 ORDER BY parent_id ASC,rank ASC  [ RunTime:0.0010s ]
SQL: SELECT * FROM `ztm_goods_category` WHERE `disabled` = 'N' AND `parent_id` = 453 ORDER BY parent_id ASC,rank ASC  [ RunTime:0.0010s ]
SQL: SELECT * FROM `ztm_goods_category` WHERE `disabled` = 'N' AND `parent_id` = 450 ORDER BY parent_id ASC,rank ASC  [ RunTime:0.0020s ]
SQL: SELECT * FROM `ztm_goods_category` WHERE `disabled` = 'N' AND `parent_id` = 451 ORDER BY parent_id ASC,rank ASC  [ RunTime:0.0010s ]
SQL: SELECT * FROM `ztm_goods_category` WHERE `disabled` = 'N' AND `parent_id` = 12 ORDER BY parent_id ASC,rank ASC  [ RunTime:0.0020s ]
SQL: SELECT * FROM `ztm_goods_category` WHERE `disabled` = 'N' AND `parent_id` = 696 ORDER BY parent_id ASC,rank ASC  [ RunTime:0.0010s ]
SQL: SELECT * FROM `ztm_goods_category` WHERE `disabled` = 'N' AND `parent_id` = 876 ORDER BY parent_id ASC,rank ASC  [ RunTime:0.0010s ]
SQL: SELECT * FROM `ztm_goods_category` WHERE `disabled` = 'N' AND `parent_id` = 877 ORDER BY parent_id ASC,rank ASC  [ RunTime:0.0010s ]
SQL: SELECT * FROM `ztm_goods_category` WHERE `disabled` = 'N' AND `parent_id` = 878 ORDER BY parent_id ASC,rank ASC  [ RunTime:0.0010s ]
SQL: SELECT * FROM `ztm_goods_category` WHERE `disabled` = 'N' AND `parent_id` = 1192 ORDER BY parent_id ASC,rank ASC  [ RunTime:0.0010s ]
SQL: SELECT * FROM `ztm_goods_category` WHERE `disabled` = 'N' AND `parent_id` = 702 ORDER BY parent_id ASC,rank ASC  [ RunTime:0.0010s ]
SQL: SELECT * FROM `ztm_goods_category` WHERE `disabled` = 'N' AND `parent_id` = 923 ORDER BY parent_id ASC,rank ASC  [ RunTime:0.0020s ]
SQL: SELECT * FROM `ztm_goods_category` WHERE `disabled` = 'N' AND `parent_id` = 924 ORDER BY parent_id ASC,rank ASC  [ RunTime:0.0010s ]
SQL: SELECT * FROM `ztm_goods_category` WHERE `disabled` = 'N' AND `parent_id` = 925 ORDER BY parent_id ASC,rank ASC  [ RunTime:0.0020s ]
SQL: SELECT * FROM `ztm_goods_category` WHERE `disabled` = 'N' AND `parent_id` = 1104 ORDER BY parent_id ASC,rank ASC  [ RunTime:0.0010s ]
SQL: SELECT * FROM `ztm_goods_category` WHERE `disabled` = 'N' AND `parent_id` = 935 ORDER BY parent_id ASC,rank ASC  [ RunTime:0.0010s ]
SQL: SELECT * FROM `ztm_goods_category` WHERE `disabled` = 'N' AND `parent_id` = 1086 ORDER BY parent_id ASC,rank ASC  [ RunTime:0.0010s ]
SQL: SELECT * FROM `ztm_goods_category` WHERE `disabled` = 'N' AND `parent_id` = 1103 ORDER BY parent_id ASC,rank ASC  [ RunTime:0.0010s ]
SQL: SELECT * FROM `ztm_goods_category` WHERE `disabled` = 'N' AND `parent_id` = 1138 ORDER BY parent_id ASC,rank ASC  [ RunTime:0.0010s ]
SQL: SELECT * FROM `ztm_goods_category` WHERE `disabled` = 'N' AND `parent_id` = 1194 ORDER BY parent_id ASC,rank ASC  [ RunTime:0.0010s ]
SQL: SELECT * FROM `ztm_goods_category` WHERE `disabled` = 'N' AND `parent_id` = 1195 ORDER BY parent_id ASC,rank ASC  [ RunTime:0.0010s ]
SQL: SELECT * FROM `ztm_goods_category` WHERE `disabled` = 'N' AND `parent_id` = 703 ORDER BY parent_id ASC,rank ASC  [ RunTime:0.0010s ]
SQL: SELECT * FROM `ztm_goods_category` WHERE `disabled` = 'N' AND `parent_id` = 1126 ORDER BY parent_id ASC,rank ASC  [ RunTime:0.0010s ]
SQL: SELECT * FROM `ztm_goods_category` WHERE `disabled` = 'N' AND `parent_id` = 1139 ORDER BY parent_id ASC,rank ASC  [ RunTime:0.0010s ]
SQL: SELECT * FROM `ztm_goods_category` WHERE `disabled` = 'N' AND `parent_id` = 1141 ORDER BY parent_id ASC,rank ASC  [ RunTime:0.0020s ]
SQL: SELECT * FROM `ztm_goods_category` WHERE `disabled` = 'N' AND `parent_id` = 1140 ORDER BY parent_id ASC,rank ASC  [ RunTime:0.0010s ]
SQL: SELECT * FROM `ztm_goods_category` WHERE `disabled` = 'N' AND `parent_id` = 1142 ORDER BY parent_id ASC,rank ASC  [ RunTime:0.0020s ]
SQL: SELECT * FROM `ztm_goods_category` WHERE `disabled` = 'N' AND `parent_id` = 1143 ORDER BY parent_id ASC,rank ASC  [ RunTime:0.0010s ]
SQL: SELECT * FROM `ztm_goods_category` WHERE `disabled` = 'N' AND `parent_id` = 1144 ORDER BY parent_id ASC,rank ASC  [ RunTime:0.0020s ]
SQL: SELECT * FROM `ztm_goods_category` WHERE `disabled` = 'N' AND `parent_id` = 1207 ORDER BY parent_id ASC,rank ASC  [ RunTime:0.0010s ]
SQL: SELECT * FROM `ztm_goods_category` WHERE `disabled` = 'N' AND `parent_id` = 1050 ORDER BY parent_id ASC,rank ASC  [ RunTime:0.0010s ]
SQL: SELECT * FROM `ztm_goods_category` WHERE `disabled` = 'N' AND `parent_id` = 1059 ORDER BY parent_id ASC,rank ASC  [ RunTime:0.0010s ]
SQL: SELECT * FROM `ztm_goods_category` WHERE `disabled` = 'N' AND `parent_id` = 1133 ORDER BY parent_id ASC,rank ASC  [ RunTime:0.0010s ]
SQL: SELECT * FROM `ztm_goods_category` WHERE `disabled` = 'N' AND `parent_id` = 1197 ORDER BY parent_id ASC,rank ASC  [ RunTime:0.0010s ]
SQL: SELECT * FROM `ztm_goods_category` WHERE `disabled` = 'N' AND `parent_id` = 1108 ORDER BY parent_id ASC,rank ASC  [ RunTime:0.0010s ]
SQL: SELECT * FROM `ztm_goods_category` WHERE `disabled` = 'N' AND `parent_id` = 1106 ORDER BY parent_id ASC,rank ASC  [ RunTime:0.0020s ]
SQL: SELECT * FROM `ztm_goods_category` WHERE `disabled` = 'N' AND `parent_id` = 1090 ORDER BY parent_id ASC,rank ASC  [ RunTime:0.0010s ]
SQL: SELECT * FROM `ztm_goods_category` WHERE `disabled` = 'N' AND `parent_id` = 1135 ORDER BY parent_id ASC,rank ASC  [ RunTime:0.0020s ]
SQL: SELECT * FROM `ztm_goods_category` WHERE `disabled` = 'N' AND `parent_id` = 1136 ORDER BY parent_id ASC,rank ASC  [ RunTime:0.0010s ]
SQL: SELECT * FROM `ztm_goods_category` WHERE `disabled` = 'N' AND `parent_id` = 1137 ORDER BY parent_id ASC,rank ASC  [ RunTime:0.0020s ]
SQL: SELECT * FROM `ztm_goods_category` WHERE `disabled` = 'N' AND `parent_id` = 1196 ORDER BY parent_id ASC,rank ASC  [ RunTime:0.0010s ]
SQL: SELECT * FROM `ztm_goods_category` WHERE `disabled` = 'N' AND `parent_id` = 1148 ORDER BY parent_id ASC,rank ASC  [ RunTime:0.0010s ]
SQL: SELECT * FROM `ztm_goods_category` WHERE `disabled` = 'N' AND `parent_id` = 1134 ORDER BY parent_id ASC,rank ASC  [ RunTime:0.0010s ]
SQL: SELECT * FROM `ztm_goods_category` WHERE `disabled` = 'N' AND `parent_id` = 1150 ORDER BY parent_id ASC,rank ASC  [ RunTime:0.0020s ]
SQL: SELECT * FROM `ztm_goods_category` WHERE `disabled` = 'N' AND `parent_id` = 1151 ORDER BY parent_id ASC,rank ASC  [ RunTime:0.0010s ]
SQL: SELECT * FROM `ztm_goods_category` WHERE `disabled` = 'N' AND `parent_id` = 1199 ORDER BY parent_id ASC,rank ASC  [ RunTime:0.0010s ]
SQL: SELECT * FROM `ztm_goods_category` WHERE `disabled` = 'N' AND `parent_id` = 1201 ORDER BY parent_id ASC,rank ASC  [ RunTime:0.0010s ]
SQL: SELECT * FROM `ztm_goods_category` WHERE `disabled` = 'N' AND `parent_id` = 1200 ORDER BY parent_id ASC,rank ASC  [ RunTime:0.0010s ]
SQL: SELECT * FROM `ztm_goods_category` WHERE `disabled` = 'N' AND `parent_id` = 1202 ORDER BY parent_id ASC,rank ASC  [ RunTime:0.0010s ]
SQL: SELECT * FROM `ztm_goods_category` WHERE `disabled` = 'N' AND `parent_id` = 1204 ORDER BY parent_id ASC,rank ASC  [ RunTime:0.0010s ]
SQL: SELECT * FROM `ztm_goods_category` WHERE `disabled` = 'N' AND `parent_id` = 1205 ORDER BY parent_id ASC,rank ASC  [ RunTime:0.0010s ]
SQL: SELECT * FROM `ztm_goods_category` WHERE `disabled` = 'N' AND `parent_id` = 1208 ORDER BY parent_id ASC,rank ASC  [ RunTime:0.0010s ]
SQL: SELECT * FROM `ztm_goods_category` WHERE `disabled` = 'N' AND `parent_id` = 1209 ORDER BY parent_id ASC,rank ASC  [ RunTime:0.0020s ]
SQL: SELECT * FROM `ztm_goods_category` WHERE `disabled` = 'N' AND `parent_id` = 1210 ORDER BY parent_id ASC,rank ASC  [ RunTime:0.0010s ]
SQL: SELECT * FROM `ztm_goods_category` WHERE `disabled` = 'N' AND `parent_id` = 1211 ORDER BY parent_id ASC,rank ASC  [ RunTime:0.0020s ]
SQL: SELECT * FROM `ztm_goods_category` WHERE `disabled` = 'N' AND `parent_id` = 1212 ORDER BY parent_id ASC,rank ASC  [ RunTime:0.0010s ]
SQL: SELECT * FROM `ztm_goods_category` WHERE `disabled` = 'N' AND `parent_id` = 1213 ORDER BY parent_id ASC,rank ASC  [ RunTime:0.0020s ]
INFO: [ view_parse ] --START--
INFO: [ template_filter ] --START--
INFO: Run Behavior\ContentReplaceBehavior [ RunTime:0.000000s ]
INFO: [ template_filter ] --END-- [ RunTime:0.000000s ]
NOTIC: [8] Undefined index: category_name F:\homes\webonline\Ztmvip\Runtime\Cache\Admin\b79039958da9ab36c40d837b81e89eff.php 第 115 行.
INFO: Run Behavior\ParseTemplateBehavior [ RunTime:0.044003s ]
INFO: [ view_parse ] --END-- [ RunTime:0.044003s ]
INFO: [ view_filter ] --START--
INFO: Run Behavior\WriteHtmlCacheBehavior [ RunTime:0.000000s ]
INFO: [ view_filter ] --END-- [ RunTime:0.000000s ]
INFO: [ app_end ] --START--
INFO: Run Behavior\ShowPageTraceBehavior [ RunTime:0.000000s ]
INFO: [ app_end ] --END-- [ RunTime:0.000000s ]

[ 2016-01-13T15:15:09+08:00 ] 127.0.0.1 /
INFO: [ app_init ] --START--
INFO: Run Behavior\BuildLiteBehavior [ RunTime:0.000000s ]
INFO: [ app_init ] --END-- [ RunTime:0.000000s ]
INFO: [ app_begin ] --START--
INFO: Run Behavior\ReadHtmlCacheBehavior [ RunTime:0.001000s ]
INFO: [ app_begin ] --END-- [ RunTime:0.001000s ]
SQL: SHOW COLUMNS FROM `ztm_order` [ RunTime:0.0030s ]
SQL: SELECT COUNT(*) AS tp_count FROM `ztm_order` WHERE `order_state` = 'confirm' AND `payment_state` = 'payed' AND `date_add` >= 1452614400 LIMIT 1   [ RunTime:0.0290s ]
SQL: SELECT COUNT(*) AS tp_count FROM `ztm_order` WHERE `payment_state` IN ('new','paying') LIMIT 1   [ RunTime:0.0140s ]
SQL: SELECT COUNT(*) AS tp_count FROM `ztm_order` WHERE `order_state` = 'confirm' AND `shipping_state` = 'stock' LIMIT 1   [ RunTime:0.0170s ]
SQL: SELECT COUNT(*) AS tp_count FROM `ztm_order` WHERE `order_state` = 'confirm' AND `payment_state` = 'payed' AND `shipping_state` = 'new' LIMIT 1   [ RunTime:0.0190s ]
SQL: SELECT COUNT(*) AS tp_count FROM `ztm_order` WHERE `order_state` = 'confirm' AND `shipping_state` = 'send' LIMIT 1   [ RunTime:0.0140s ]
SQL: SELECT COUNT(*) AS tp_count FROM `ztm_order` WHERE `order_state` = 'confirm' AND `shipping_state` = 'receive' LIMIT 1   [ RunTime:0.0150s ]
SQL: SELECT COUNT(*) AS tp_count FROM `ztm_order` WHERE `order_state` = 'refund' LIMIT 1   [ RunTime:0.0080s ]
SQL: SELECT COUNT(*) AS tp_count FROM `ztm_order` WHERE `order_state` = 'refunded' LIMIT 1   [ RunTime:0.0080s ]
SQL: select version() as ver [ RunTime:0.0010s ]
INFO: [ view_parse ] --START--
INFO: [ template_filter ] --START--
INFO: Run Behavior\ContentReplaceBehavior [ RunTime:0.000000s ]
INFO: [ template_filter ] --END-- [ RunTime:0.000000s ]
NOTIC: [8] Undefined variable: aside_id F:\homes\webonline\Ztmvip\Runtime\Cache\Admin\9c523151502097629104e7496aadcf24.php 第 191 行.
NOTIC: [8] Undefined variable: aside_id F:\homes\webonline\Ztmvip\Runtime\Cache\Admin\9c523151502097629104e7496aadcf24.php 第 192 行.
INFO: Run Behavior\ParseTemplateBehavior [ RunTime:0.027001s ]
INFO: [ view_parse ] --END-- [ RunTime:0.027001s ]
INFO: [ view_filter ] --START--
INFO: Run Behavior\WriteHtmlCacheBehavior [ RunTime:0.001000s ]
INFO: [ view_filter ] --END-- [ RunTime:0.001000s ]
INFO: [ app_end ] --START--
INFO: Run Behavior\ShowPageTraceBehavior [ RunTime:0.001000s ]
INFO: [ app_end ] --END-- [ RunTime:0.001000s ]

[ 2016-01-13T15:15:18+08:00 ] 127.0.0.1 /GoodsCategory/index.html
INFO: [ app_init ] --START--
INFO: Run Behavior\BuildLiteBehavior [ RunTime:0.000000s ]
INFO: [ app_init ] --END-- [ RunTime:0.001000s ]
INFO: [ app_begin ] --START--
INFO: Run Behavior\ReadHtmlCacheBehavior [ RunTime:0.000000s ]
INFO: [ app_begin ] --END-- [ RunTime:0.000000s ]
SQL: SHOW COLUMNS FROM `ztm_goods_category` [ RunTime:0.0020s ]
NOTIC: [8] Undefined index: category_name F:\homes\webonline\Ztmvip\Admin\Controller\GoodsCategoryController.class.php 第 105 行.
NOTIC: [8] Undefined index: category_name F:\homes\webonline\Ztmvip\Admin\Controller\GoodsCategoryController.class.php 第 108 行.
SQL: SELECT * FROM `ztm_goods_category` WHERE `disabled` = 'N' AND `parent_id` = 0 ORDER BY parent_id ASC,rank ASC  [ RunTime:0.0010s ]
SQL: SELECT * FROM `ztm_goods_category` WHERE `disabled` = 'N' AND `parent_id` = 1 ORDER BY parent_id ASC,rank ASC  [ RunTime:0.0010s ]
SQL: SELECT * FROM `ztm_goods_category` WHERE `disabled` = 'N' AND `parent_id` = 1128 ORDER BY parent_id ASC,rank ASC  [ RunTime:0.0010s ]
SQL: SELECT * FROM `ztm_goods_category` WHERE `disabled` = 'N' AND `parent_id` = 1132 ORDER BY parent_id ASC,rank ASC  [ RunTime:0.0010s ]
SQL: SELECT * FROM `ztm_goods_category` WHERE `disabled` = 'N' AND `parent_id` = 1183 ORDER BY parent_id ASC,rank ASC  [ RunTime:0.0010s ]
SQL: SELECT * FROM `ztm_goods_category` WHERE `disabled` = 'N' AND `parent_id` = 1184 ORDER BY parent_id ASC,rank ASC  [ RunTime:0.0010s ]
SQL: SELECT * FROM `ztm_goods_category` WHERE `disabled` = 'N' AND `parent_id` = 1185 ORDER BY parent_id ASC,rank ASC  [ RunTime:0.0010s ]
SQL: SELECT * FROM `ztm_goods_category` WHERE `disabled` = 'N' AND `parent_id` = 6 ORDER BY parent_id ASC,rank ASC  [ RunTime:0.0010s ]
SQL: SELECT * FROM `ztm_goods_category` WHERE `disabled` = 'N' AND `parent_id` = 711 ORDER BY parent_id ASC,rank ASC  [ RunTime:0.0010s ]
SQL: SELECT * FROM `ztm_goods_category` WHERE `disabled` = 'N' AND `parent_id` = 1129 ORDER BY parent_id ASC,rank ASC  [ RunTime:0.0010s ]
SQL: SELECT * FROM `ztm_goods_category` WHERE `disabled` = 'N' AND `parent_id` = 716 ORDER BY parent_id ASC,rank ASC  [ RunTime:0.0010s ]
SQL: SELECT * FROM `ztm_goods_category` WHERE `disabled` = 'N' AND `parent_id` = 741 ORDER BY parent_id ASC,rank ASC  [ RunTime:0.0010s ]
SQL: SELECT * FROM `ztm_goods_category` WHERE `disabled` = 'N' AND `parent_id` = 1146 ORDER BY parent_id ASC,rank ASC  [ RunTime:0.0020s ]
SQL: SELECT * FROM `ztm_goods_category` WHERE `disabled` = 'N' AND `parent_id` = 717 ORDER BY parent_id ASC,rank ASC  [ RunTime:0.0010s ]
SQL: SELECT * FROM `ztm_goods_category` WHERE `disabled` = 'N' AND `parent_id` = 500 ORDER BY parent_id ASC,rank ASC  [ RunTime:0.0020s ]
SQL: SELECT * FROM `ztm_goods_category` WHERE `disabled` = 'N' AND `parent_id` = 1206 ORDER BY parent_id ASC,rank ASC  [ RunTime:0.0010s ]
SQL: SELECT * FROM `ztm_goods_category` WHERE `disabled` = 'N' AND `parent_id` = 1154 ORDER BY parent_id ASC,rank ASC  [ RunTime:0.0020s ]
SQL: SELECT * FROM `ztm_goods_category` WHERE `disabled` = 'N' AND `parent_id` = 1155 ORDER BY parent_id ASC,rank ASC  [ RunTime:0.0010s ]
SQL: SELECT * FROM `ztm_goods_category` WHERE `disabled` = 'N' AND `parent_id` = 1156 ORDER BY parent_id ASC,rank ASC  [ RunTime:0.0010s ]
SQL: SELECT * FROM `ztm_goods_category` WHERE `disabled` = 'N' AND `parent_id` = 1157 ORDER BY parent_id ASC,rank ASC  [ RunTime:0.0010s ]
SQL: SELECT * FROM `ztm_goods_category` WHERE `disabled` = 'N' AND `parent_id` = 1159 ORDER BY parent_id ASC,rank ASC  [ RunTime:0.0010s ]
SQL: SELECT * FROM `ztm_goods_category` WHERE `disabled` = 'N' AND `parent_id` = 1158 ORDER BY parent_id ASC,rank ASC  [ RunTime:0.0010s ]
SQL: SELECT * FROM `ztm_goods_category` WHERE `disabled` = 'N' AND `parent_id` = 1170 ORDER BY parent_id ASC,rank ASC  [ RunTime:0.0010s ]
SQL: SELECT * FROM `ztm_goods_category` WHERE `disabled` = 'N' AND `parent_id` = 1190 ORDER BY parent_id ASC,rank ASC  [ RunTime:0.0010s ]
SQL: SELECT * FROM `ztm_goods_category` WHERE `disabled` = 'N' AND `parent_id` = 1191 ORDER BY parent_id ASC,rank ASC  [ RunTime:0.0010s ]
SQL: SELECT * FROM `ztm_goods_category` WHERE `disabled` = 'N' AND `parent_id` = 457 ORDER BY parent_id ASC,rank ASC  [ RunTime:0.0020s ]
SQL: SELECT * FROM `ztm_goods_category` WHERE `disabled` = 'N' AND `parent_id` = 1168 ORDER BY parent_id ASC,rank ASC  [ RunTime:0.0010s ]
SQL: SELECT * FROM `ztm_goods_category` WHERE `disabled` = 'N' AND `parent_id` = 1007 ORDER BY parent_id ASC,rank ASC  [ RunTime:0.0020s ]
SQL: SELECT * FROM `ztm_goods_category` WHERE `disabled` = 'N' AND `parent_id` = 718 ORDER BY parent_id ASC,rank ASC  [ RunTime:0.0010s ]
SQL: SELECT * FROM `ztm_goods_category` WHERE `disabled` = 'N' AND `parent_id` = 1176 ORDER BY parent_id ASC,rank ASC  [ RunTime:0.0020s ]
SQL: SELECT * FROM `ztm_goods_category` WHERE `disabled` = 'N' AND `parent_id` = 1177 ORDER BY parent_id ASC,rank ASC  [ RunTime:0.0010s ]
SQL: SELECT * FROM `ztm_goods_category` WHERE `disabled` = 'N' AND `parent_id` = 1023 ORDER BY parent_id ASC,rank ASC  [ RunTime:0.0010s ]
SQL: SELECT * FROM `ztm_goods_category` WHERE `disabled` = 'N' AND `parent_id` = 1082 ORDER BY parent_id ASC,rank ASC  [ RunTime:0.0010s ]
SQL: SELECT * FROM `ztm_goods_category` WHERE `disabled` = 'N' AND `parent_id` = 1123 ORDER BY parent_id ASC,rank ASC  [ RunTime:0.0010s ]
SQL: SELECT * FROM `ztm_goods_category` WHERE `disabled` = 'N' AND `parent_id` = 1027 ORDER BY parent_id ASC,rank ASC  [ RunTime:0.0010s ]
SQL: SELECT * FROM `ztm_goods_category` WHERE `disabled` = 'N' AND `parent_id` = 1181 ORDER BY parent_id ASC,rank ASC  [ RunTime:0.0010s ]
SQL: SELECT * FROM `ztm_goods_category` WHERE `disabled` = 'N' AND `parent_id` = 1035 ORDER BY parent_id ASC,rank ASC  [ RunTime:0.0020s ]
SQL: SELECT * FROM `ztm_goods_category` WHERE `disabled` = 'N' AND `parent_id` = 734 ORDER BY parent_id ASC,rank ASC  [ RunTime:0.0010s ]
SQL: SELECT * FROM `ztm_goods_category` WHERE `disabled` = 'N' AND `parent_id` = 1101 ORDER BY parent_id ASC,rank ASC  [ RunTime:0.0020s ]
SQL: SELECT * FROM `ztm_goods_category` WHERE `disabled` = 'N' AND `parent_id` = 738 ORDER BY parent_id ASC,rank ASC  [ RunTime:0.0010s ]
SQL: SELECT * FROM `ztm_goods_category` WHERE `disabled` = 'N' AND `parent_id` = 1178 ORDER BY parent_id ASC,rank ASC  [ RunTime:0.0010s ]
SQL: SELECT * FROM `ztm_goods_category` WHERE `disabled` = 'N' AND `parent_id` = 1189 ORDER BY parent_id ASC,rank ASC  [ RunTime:0.0010s ]
SQL: SELECT * FROM `ztm_goods_category` WHERE `disabled` = 'N' AND `parent_id` = 1160 ORDER BY parent_id ASC,rank ASC  [ RunTime:0.0010s ]
SQL: SELECT * FROM `ztm_goods_category` WHERE `disabled` = 'N' AND `parent_id` = 1149 ORDER BY parent_id ASC,rank ASC  [ RunTime:0.0010s ]
SQL: SELECT * FROM `ztm_goods_category` WHERE `disabled` = 'N' AND `parent_id` = 1161 ORDER BY parent_id ASC,rank ASC  [ RunTime:0.0010s ]
SQL: SELECT * FROM `ztm_goods_category` WHERE `disabled` = 'N' AND `parent_id` = 1162 ORDER BY parent_id ASC,rank ASC  [ RunTime:0.0020s ]
SQL: SELECT * FROM `ztm_goods_category` WHERE `disabled` = 'N' AND `parent_id` = 1188 ORDER BY parent_id ASC,rank ASC  [ RunTime:0.0010s ]
SQL: SELECT * FROM `ztm_goods_category` WHERE `disabled` = 'N' AND `parent_id` = 7 ORDER BY parent_id ASC,rank ASC  [ RunTime:0.0020s ]
SQL: SELECT * FROM `ztm_goods_category` WHERE `disabled` = 'N' AND `parent_id` = 415 ORDER BY parent_id ASC,rank ASC  [ RunTime:0.0010s ]
SQL: SELECT * FROM `ztm_goods_category` WHERE `disabled` = 'N' AND `parent_id` = 421 ORDER BY parent_id ASC,rank ASC  [ RunTime:0.0010s ]
SQL: SELECT * FROM `ztm_goods_category` WHERE `disabled` = 'N' AND `parent_id` = 1193 ORDER BY parent_id ASC,rank ASC  [ RunTime:0.0010s ]
SQL: SELECT * FROM `ztm_goods_category` WHERE `disabled` = 'N' AND `parent_id` = 423 ORDER BY parent_id ASC,rank ASC  [ RunTime:0.0010s ]
SQL: SELECT * FROM `ztm_goods_category` WHERE `disabled` = 'N' AND `parent_id` = 447 ORDER BY parent_id ASC,rank ASC  [ RunTime:0.0010s ]
SQL: SELECT * FROM `ztm_goods_category` WHERE `disabled` = 'N' AND `parent_id` = 425 ORDER BY parent_id ASC,rank ASC  [ RunTime:0.0010s ]
SQL: SELECT * FROM `ztm_goods_category` WHERE `disabled` = 'N' AND `parent_id` = 449 ORDER BY parent_id ASC,rank ASC  [ RunTime:0.0010s ]
SQL: SELECT * FROM `ztm_goods_category` WHERE `disabled` = 'N' AND `parent_id` = 448 ORDER BY parent_id ASC,rank ASC  [ RunTime:0.0010s ]
SQL: SELECT * FROM `ztm_goods_category` WHERE `disabled` = 'N' AND `parent_id` = 453 ORDER BY parent_id ASC,rank ASC  [ RunTime:0.0020s ]
SQL: SELECT * FROM `ztm_goods_category` WHERE `disabled` = 'N' AND `parent_id` = 450 ORDER BY parent_id ASC,rank ASC  [ RunTime:0.0010s ]
SQL: SELECT * FROM `ztm_goods_category` WHERE `disabled` = 'N' AND `parent_id` = 451 ORDER BY parent_id ASC,rank ASC  [ RunTime:0.0020s ]
SQL: SELECT * FROM `ztm_goods_category` WHERE `disabled` = 'N' AND `parent_id` = 12 ORDER BY parent_id ASC,rank ASC  [ RunTime:0.0010s ]
SQL: SELECT * FROM `ztm_goods_category` WHERE `disabled` = 'N' AND `parent_id` = 696 ORDER BY parent_id ASC,rank ASC  [ RunTime:0.0010s ]
SQL: SELECT * FROM `ztm_goods_category` WHERE `disabled` = 'N' AND `parent_id` = 876 ORDER BY parent_id ASC,rank ASC  [ RunTime:0.0010s ]
SQL: SELECT * FROM `ztm_goods_category` WHERE `disabled` = 'N' AND `parent_id` = 877 ORDER BY parent_id ASC,rank ASC  [ RunTime:0.0010s ]
SQL: SELECT * FROM `ztm_goods_category` WHERE `disabled` = 'N' AND `parent_id` = 878 ORDER BY parent_id ASC,rank ASC  [ RunTime:0.0020s ]
SQL: SELECT * FROM `ztm_goods_category` WHERE `disabled` = 'N' AND `parent_id` = 1192 ORDER BY parent_id ASC,rank ASC  [ RunTime:0.0010s ]
SQL: SELECT * FROM `ztm_goods_category` WHERE `disabled` = 'N' AND `parent_id` = 702 ORDER BY parent_id ASC,rank ASC  [ RunTime:0.0020s ]
SQL: SELECT * FROM `ztm_goods_category` WHERE `disabled` = 'N' AND `parent_id` = 923 ORDER BY parent_id ASC,rank ASC  [ RunTime:0.0010s ]
SQL: SELECT * FROM `ztm_goods_category` WHERE `disabled` = 'N' AND `parent_id` = 924 ORDER BY parent_id ASC,rank ASC  [ RunTime:0.0010s ]
SQL: SELECT * FROM `ztm_goods_category` WHERE `disabled` = 'N' AND `parent_id` = 925 ORDER BY parent_id ASC,rank ASC  [ RunTime:0.0010s ]
SQL: SELECT * FROM `ztm_goods_category` WHERE `disabled` = 'N' AND `parent_id` = 1104 ORDER BY parent_id ASC,rank ASC  [ RunTime:0.0010s ]
SQL: SELECT * FROM `ztm_goods_category` WHERE `disabled` = 'N' AND `parent_id` = 935 ORDER BY parent_id ASC,rank ASC  [ RunTime:0.0010s ]
SQL: SELECT * FROM `ztm_goods_category` WHERE `disabled` = 'N' AND `parent_id` = 1086 ORDER BY parent_id ASC,rank ASC  [ RunTime:0.0010s ]
SQL: SELECT * FROM `ztm_goods_category` WHERE `disabled` = 'N' AND `parent_id` = 1103 ORDER BY parent_id ASC,rank ASC  [ RunTime:0.0020s ]
SQL: SELECT * FROM `ztm_goods_category` WHERE `disabled` = 'N' AND `parent_id` = 1138 ORDER BY parent_id ASC,rank ASC  [ RunTime:0.0010s ]
SQL: SELECT * FROM `ztm_goods_category` WHERE `disabled` = 'N' AND `parent_id` = 1194 ORDER BY parent_id ASC,rank ASC  [ RunTime:0.0020s ]
SQL: SELECT * FROM `ztm_goods_category` WHERE `disabled` = 'N' AND `parent_id` = 1195 ORDER BY parent_id ASC,rank ASC  [ RunTime:0.0010s ]
SQL: SELECT * FROM `ztm_goods_category` WHERE `disabled` = 'N' AND `parent_id` = 703 ORDER BY parent_id ASC,rank ASC  [ RunTime:0.0010s ]
SQL: SELECT * FROM `ztm_goods_category` WHERE `disabled` = 'N' AND `parent_id` = 1126 ORDER BY parent_id ASC,rank ASC  [ RunTime:0.0010s ]
SQL: SELECT * FROM `ztm_goods_category` WHERE `disabled` = 'N' AND `parent_id` = 1139 ORDER BY parent_id ASC,rank ASC  [ RunTime:0.0010s ]
SQL: SELECT * FROM `ztm_goods_category` WHERE `disabled` = 'N' AND `parent_id` = 1141 ORDER BY parent_id ASC,rank ASC  [ RunTime:0.0010s ]
SQL: SELECT * FROM `ztm_goods_category` WHERE `disabled` = 'N' AND `parent_id` = 1140 ORDER BY parent_id ASC,rank ASC  [ RunTime:0.0010s ]
SQL: SELECT * FROM `ztm_goods_category` WHERE `disabled` = 'N' AND `parent_id` = 1142 ORDER BY parent_id ASC,rank ASC  [ RunTime:0.0010s ]
SQL: SELECT * FROM `ztm_goods_category` WHERE `disabled` = 'N' AND `parent_id` = 1143 ORDER BY parent_id ASC,rank ASC  [ RunTime:0.0010s ]
SQL: SELECT * FROM `ztm_goods_category` WHERE `disabled` = 'N' AND `parent_id` = 1144 ORDER BY parent_id ASC,rank ASC  [ RunTime:0.0010s ]
SQL: SELECT * FROM `ztm_goods_category` WHERE `disabled` = 'N' AND `parent_id` = 1207 ORDER BY parent_id ASC,rank ASC  [ RunTime:0.0010s ]
SQL: SELECT * FROM `ztm_goods_category` WHERE `disabled` = 'N' AND `parent_id` = 1050 ORDER BY parent_id ASC,rank ASC  [ RunTime:0.0010s ]
SQL: SELECT * FROM `ztm_goods_category` WHERE `disabled` = 'N' AND `parent_id` = 1059 ORDER BY parent_id ASC,rank ASC  [ RunTime:0.0010s ]
SQL: SELECT * FROM `ztm_goods_category` WHERE `disabled` = 'N' AND `parent_id` = 1133 ORDER BY parent_id ASC,rank ASC  [ RunTime:0.0020s ]
SQL: SELECT * FROM `ztm_goods_category` WHERE `disabled` = 'N' AND `parent_id` = 1197 ORDER BY parent_id ASC,rank ASC  [ RunTime:0.0010s ]
SQL: SELECT * FROM `ztm_goods_category` WHERE `disabled` = 'N' AND `parent_id` = 1108 ORDER BY parent_id ASC,rank ASC  [ RunTime:0.0010s ]
SQL: SELECT * FROM `ztm_goods_category` WHERE `disabled` = 'N' AND `parent_id` = 1106 ORDER BY parent_id ASC,rank ASC  [ RunTime:0.0010s ]
SQL: SELECT * FROM `ztm_goods_category` WHERE `disabled` = 'N' AND `parent_id` = 1090 ORDER BY parent_id ASC,rank ASC  [ RunTime:0.0010s ]
SQL: SELECT * FROM `ztm_goods_category` WHERE `disabled` = 'N' AND `parent_id` = 1135 ORDER BY parent_id ASC,rank ASC  [ RunTime:0.0010s ]
SQL: SELECT * FROM `ztm_goods_category` WHERE `disabled` = 'N' AND `parent_id` = 1136 ORDER BY parent_id ASC,rank ASC  [ RunTime:0.0010s ]
SQL: SELECT * FROM `ztm_goods_category` WHERE `disabled` = 'N' AND `parent_id` = 1137 ORDER BY parent_id ASC,rank ASC  [ RunTime:0.0010s ]
SQL: SELECT * FROM `ztm_goods_category` WHERE `disabled` = 'N' AND `parent_id` = 1196 ORDER BY parent_id ASC,rank ASC  [ RunTime:0.0010s ]
SQL: SELECT * FROM `ztm_goods_category` WHERE `disabled` = 'N' AND `parent_id` = 1148 ORDER BY parent_id ASC,rank ASC  [ RunTime:0.0020s ]
SQL: SELECT * FROM `ztm_goods_category` WHERE `disabled` = 'N' AND `parent_id` = 1134 ORDER BY parent_id ASC,rank ASC  [ RunTime:0.0010s ]
SQL: SELECT * FROM `ztm_goods_category` WHERE `disabled` = 'N' AND `parent_id` = 1150 ORDER BY parent_id ASC,rank ASC  [ RunTime:0.0020s ]
SQL: SELECT * FROM `ztm_goods_category` WHERE `disabled` = 'N' AND `parent_id` = 1151 ORDER BY parent_id ASC,rank ASC  [ RunTime:0.0010s ]
SQL: SELECT * FROM `ztm_goods_category` WHERE `disabled` = 'N' AND `parent_id` = 1199 ORDER BY parent_id ASC,rank ASC  [ RunTime:0.0020s ]
SQL: SELECT * FROM `ztm_goods_category` WHERE `disabled` = 'N' AND `parent_id` = 1201 ORDER BY parent_id ASC,rank ASC  [ RunTime:0.0010s ]
SQL: SELECT * FROM `ztm_goods_category` WHERE `disabled` = 'N' AND `parent_id` = 1200 ORDER BY parent_id ASC,rank ASC  [ RunTime:0.0010s ]
SQL: SELECT * FROM `ztm_goods_category` WHERE `disabled` = 'N' AND `parent_id` = 1202 ORDER BY parent_id ASC,rank ASC  [ RunTime:0.0010s ]
SQL: SELECT * FROM `ztm_goods_category` WHERE `disabled` = 'N' AND `parent_id` = 1204 ORDER BY parent_id ASC,rank ASC  [ RunTime:0.0010s ]
SQL: SELECT * FROM `ztm_goods_category` WHERE `disabled` = 'N' AND `parent_id` = 1205 ORDER BY parent_id ASC,rank ASC  [ RunTime:0.0010s ]
SQL: SELECT * FROM `ztm_goods_category` WHERE `disabled` = 'N' AND `parent_id` = 1208 ORDER BY parent_id ASC,rank ASC  [ RunTime:0.0010s ]
SQL: SELECT * FROM `ztm_goods_category` WHERE `disabled` = 'N' AND `parent_id` = 1209 ORDER BY parent_id ASC,rank ASC  [ RunTime:0.0020s ]
SQL: SELECT * FROM `ztm_goods_category` WHERE `disabled` = 'N' AND `parent_id` = 1210 ORDER BY parent_id ASC,rank ASC  [ RunTime:0.0010s ]
SQL: SELECT * FROM `ztm_goods_category` WHERE `disabled` = 'N' AND `parent_id` = 1211 ORDER BY parent_id ASC,rank ASC  [ RunTime:0.0020s ]
SQL: SELECT * FROM `ztm_goods_category` WHERE `disabled` = 'N' AND `parent_id` = 1212 ORDER BY parent_id ASC,rank ASC  [ RunTime:0.0010s ]
SQL: SELECT * FROM `ztm_goods_category` WHERE `disabled` = 'N' AND `parent_id` = 1213 ORDER BY parent_id ASC,rank ASC  [ RunTime:0.0010s ]
INFO: [ view_parse ] --START--
INFO: [ template_filter ] --START--
INFO: Run Behavior\ContentReplaceBehavior [ RunTime:0.000000s ]
INFO: [ template_filter ] --END-- [ RunTime:0.001000s ]
NOTIC: [8] Undefined index: category_name F:\homes\webonline\Ztmvip\Runtime\Cache\Admin\b79039958da9ab36c40d837b81e89eff.php 第 115 行.
INFO: Run Behavior\ParseTemplateBehavior [ RunTime:0.033002s ]
INFO: [ view_parse ] --END-- [ RunTime:0.033002s ]
INFO: [ view_filter ] --START--
INFO: Run Behavior\WriteHtmlCacheBehavior [ RunTime:0.000000s ]
INFO: [ view_filter ] --END-- [ RunTime:0.000000s ]
INFO: [ app_end ] --START--
INFO: Run Behavior\ShowPageTraceBehavior [ RunTime:0.000000s ]
INFO: [ app_end ] --END-- [ RunTime:0.000000s ]

[ 2016-01-13T15:15:35+08:00 ] 127.0.0.1 /GoodsCategory/index.html?category_name=%E5%B9%B4%E8%B4%A7
INFO: [ app_init ] --START--
INFO: Run Behavior\BuildLiteBehavior [ RunTime:0.000000s ]
INFO: [ app_init ] --END-- [ RunTime:0.000000s ]
INFO: [ app_begin ] --START--
INFO: Run Behavior\ReadHtmlCacheBehavior [ RunTime:0.001000s ]
INFO: [ app_begin ] --END-- [ RunTime:0.001000s ]
SQL: SHOW COLUMNS FROM `ztm_goods_category` [ RunTime:0.0020s ]
SQL: SELECT * FROM `ztm_goods_category` WHERE `shop_id` = 0 AND `disabled` = 'N' AND ( INSTR(category_name,"年货")>0 ) ORDER BY parent_id ASC,rank DESC  [ RunTime:0.0010s ]
INFO: [ view_parse ] --START--
INFO: [ template_filter ] --START--
INFO: Run Behavior\ContentReplaceBehavior [ RunTime:0.000000s ]
INFO: [ template_filter ] --END-- [ RunTime:0.000000s ]
INFO: Run Behavior\ParseTemplateBehavior [ RunTime:0.010000s ]
INFO: [ view_parse ] --END-- [ RunTime:0.010000s ]
INFO: [ view_filter ] --START--
INFO: Run Behavior\WriteHtmlCacheBehavior [ RunTime:0.000000s ]
INFO: [ view_filter ] --END-- [ RunTime:0.000000s ]
INFO: [ app_end ] --START--
INFO: Run Behavior\ShowPageTraceBehavior [ RunTime:0.000000s ]
INFO: [ app_end ] --END-- [ RunTime:0.000000s ]

[ 2016-01-13T15:15:46+08:00 ] 127.0.0.1 /GoodsCategory/index.html
INFO: [ app_init ] --START--
INFO: Run Behavior\BuildLiteBehavior [ RunTime:0.000000s ]
INFO: [ app_init ] --END-- [ RunTime:0.001000s ]
INFO: [ app_begin ] --START--
INFO: Run Behavior\ReadHtmlCacheBehavior [ RunTime:0.001000s ]
INFO: [ app_begin ] --END-- [ RunTime:0.001000s ]
SQL: SHOW COLUMNS FROM `ztm_goods_category` [ RunTime:0.0020s ]
NOTIC: [8] Undefined index: category_name F:\homes\webonline\Ztmvip\Admin\Controller\GoodsCategoryController.class.php 第 105 行.
NOTIC: [8] Undefined index: category_name F:\homes\webonline\Ztmvip\Admin\Controller\GoodsCategoryController.class.php 第 108 行.
SQL: SELECT * FROM `ztm_goods_category` WHERE `disabled` = 'N' AND `parent_id` = 0 ORDER BY parent_id ASC,rank ASC  [ RunTime:0.0010s ]
SQL: SELECT * FROM `ztm_goods_category` WHERE `disabled` = 'N' AND `parent_id` = 1 ORDER BY parent_id ASC,rank ASC  [ RunTime:0.0010s ]
SQL: SELECT * FROM `ztm_goods_category` WHERE `disabled` = 'N' AND `parent_id` = 1128 ORDER BY parent_id ASC,rank ASC  [ RunTime:0.0010s ]
SQL: SELECT * FROM `ztm_goods_category` WHERE `disabled` = 'N' AND `parent_id` = 1132 ORDER BY parent_id ASC,rank ASC  [ RunTime:0.0010s ]
SQL: SELECT * FROM `ztm_goods_category` WHERE `disabled` = 'N' AND `parent_id` = 1183 ORDER BY parent_id ASC,rank ASC  [ RunTime:0.0010s ]
SQL: SELECT * FROM `ztm_goods_category` WHERE `disabled` = 'N' AND `parent_id` = 1184 ORDER BY parent_id ASC,rank ASC  [ RunTime:0.0020s ]
SQL: SELECT * FROM `ztm_goods_category` WHERE `disabled` = 'N' AND `parent_id` = 1185 ORDER BY parent_id ASC,rank ASC  [ RunTime:0.0010s ]
SQL: SELECT * FROM `ztm_goods_category` WHERE `disabled` = 'N' AND `parent_id` = 6 ORDER BY parent_id ASC,rank ASC  [ RunTime:0.0020s ]
SQL: SELECT * FROM `ztm_goods_category` WHERE `disabled` = 'N' AND `parent_id` = 711 ORDER BY parent_id ASC,rank ASC  [ RunTime:0.0010s ]
SQL: SELECT * FROM `ztm_goods_category` WHERE `disabled` = 'N' AND `parent_id` = 1129 ORDER BY parent_id ASC,rank ASC  [ RunTime:0.0010s ]
SQL: SELECT * FROM `ztm_goods_category` WHERE `disabled` = 'N' AND `parent_id` = 716 ORDER BY parent_id ASC,rank ASC  [ RunTime:0.0010s ]
SQL: SELECT * FROM `ztm_goods_category` WHERE `disabled` = 'N' AND `parent_id` = 741 ORDER BY parent_id ASC,rank ASC  [ RunTime:0.0010s ]
SQL: SELECT * FROM `ztm_goods_category` WHERE `disabled` = 'N' AND `parent_id` = 1146 ORDER BY parent_id ASC,rank ASC  [ RunTime:0.0010s ]
SQL: SELECT * FROM `ztm_goods_category` WHERE `disabled` = 'N' AND `parent_id` = 717 ORDER BY parent_id ASC,rank ASC  [ RunTime:0.0010s ]
SQL: SELECT * FROM `ztm_goods_category` WHERE `disabled` = 'N' AND `parent_id` = 500 ORDER BY parent_id ASC,rank ASC  [ RunTime:0.0020s ]
SQL: SELECT * FROM `ztm_goods_category` WHERE `disabled` = 'N' AND `parent_id` = 1206 ORDER BY parent_id ASC,rank ASC  [ RunTime:0.0010s ]
SQL: SELECT * FROM `ztm_goods_category` WHERE `disabled` = 'N' AND `parent_id` = 1154 ORDER BY parent_id ASC,rank ASC  [ RunTime:0.0020s ]
SQL: SELECT * FROM `ztm_goods_category` WHERE `disabled` = 'N' AND `parent_id` = 1155 ORDER BY parent_id ASC,rank ASC  [ RunTime:0.0010s ]
SQL: SELECT * FROM `ztm_goods_category` WHERE `disabled` = 'N' AND `parent_id` = 1156 ORDER BY parent_id ASC,rank ASC  [ RunTime:0.0020s ]
SQL: SELECT * FROM `ztm_goods_category` WHERE `disabled` = 'N' AND `parent_id` = 1157 ORDER BY parent_id ASC,rank ASC  [ RunTime:0.0010s ]
SQL: SELECT * FROM `ztm_goods_category` WHERE `disabled` = 'N' AND `parent_id` = 1159 ORDER BY parent_id ASC,rank ASC  [ RunTime:0.0010s ]
SQL: SELECT * FROM `ztm_goods_category` WHERE `disabled` = 'N' AND `parent_id` = 1158 ORDER BY parent_id ASC,rank ASC  [ RunTime:0.0010s ]
SQL: SELECT * FROM `ztm_goods_category` WHERE `disabled` = 'N' AND `parent_id` = 1170 ORDER BY parent_id ASC,rank ASC  [ RunTime:0.0010s ]
SQL: SELECT * FROM `ztm_goods_category` WHERE `disabled` = 'N' AND `parent_id` = 1190 ORDER BY parent_id ASC,rank ASC  [ RunTime:0.0010s ]
SQL: SELECT * FROM `ztm_goods_category` WHERE `disabled` = 'N' AND `parent_id` = 1191 ORDER BY parent_id ASC,rank ASC  [ RunTime:0.0010s ]
SQL: SELECT * FROM `ztm_goods_category` WHERE `disabled` = 'N' AND `parent_id` = 457 ORDER BY parent_id ASC,rank ASC  [ RunTime:0.0020s ]
SQL: SELECT * FROM `ztm_goods_category` WHERE `disabled` = 'N' AND `parent_id` = 1168 ORDER BY parent_id ASC,rank ASC  [ RunTime:0.0010s ]
SQL: SELECT * FROM `ztm_goods_category` WHERE `disabled` = 'N' AND `parent_id` = 1007 ORDER BY parent_id ASC,rank ASC  [ RunTime:0.0020s ]
SQL: SELECT * FROM `ztm_goods_category` WHERE `disabled` = 'N' AND `parent_id` = 718 ORDER BY parent_id ASC,rank ASC  [ RunTime:0.0010s ]
SQL: SELECT * FROM `ztm_goods_category` WHERE `disabled` = 'N' AND `parent_id` = 1176 ORDER BY parent_id ASC,rank ASC  [ RunTime:0.0020s ]
SQL: SELECT * FROM `ztm_goods_category` WHERE `disabled` = 'N' AND `parent_id` = 1177 ORDER BY parent_id ASC,rank ASC  [ RunTime:0.0010s ]
SQL: SELECT * FROM `ztm_goods_category` WHERE `disabled` = 'N' AND `parent_id` = 1023 ORDER BY parent_id ASC,rank ASC  [ RunTime:0.0010s ]
SQL: SELECT * FROM `ztm_goods_category` WHERE `disabled` = 'N' AND `parent_id` = 1082 ORDER BY parent_id ASC,rank ASC  [ RunTime:0.0010s ]
SQL: SELECT * FROM `ztm_goods_category` WHERE `disabled` = 'N' AND `parent_id` = 1123 ORDER BY parent_id ASC,rank ASC  [ RunTime:0.0010s ]
SQL: SELECT * FROM `ztm_goods_category` WHERE `disabled` = 'N' AND `parent_id` = 1027 ORDER BY parent_id ASC,rank ASC  [ RunTime:0.0020s ]
SQL: SELECT * FROM `ztm_goods_category` WHERE `disabled` = 'N' AND `parent_id` = 1181 ORDER BY parent_id ASC,rank ASC  [ RunTime:0.0010s ]
SQL: SELECT * FROM `ztm_goods_category` WHERE `disabled` = 'N' AND `parent_id` = 1035 ORDER BY parent_id ASC,rank ASC  [ RunTime:0.0020s ]
SQL: SELECT * FROM `ztm_goods_category` WHERE `disabled` = 'N' AND `parent_id` = 734 ORDER BY parent_id ASC,rank ASC  [ RunTime:0.0010s ]
SQL: SELECT * FROM `ztm_goods_category` WHERE `disabled` = 'N' AND `parent_id` = 1101 ORDER BY parent_id ASC,rank ASC  [ RunTime:0.0010s ]
SQL: SELECT * FROM `ztm_goods_category` WHERE `disabled` = 'N' AND `parent_id` = 738 ORDER BY parent_id ASC,rank ASC  [ RunTime:0.0010s ]
SQL: SELECT * FROM `ztm_goods_category` WHERE `disabled` = 'N' AND `parent_id` = 1178 ORDER BY parent_id ASC,rank ASC  [ RunTime:0.0010s ]
SQL: SELECT * FROM `ztm_goods_category` WHERE `disabled` = 'N' AND `parent_id` = 1189 ORDER BY parent_id ASC,rank ASC  [ RunTime:0.0010s ]
SQL: SELECT * FROM `ztm_goods_category` WHERE `disabled` = 'N' AND `parent_id` = 1160 ORDER BY parent_id ASC,rank ASC  [ RunTime:0.0010s ]
SQL: SELECT * FROM `ztm_goods_category` WHERE `disabled` = 'N' AND `parent_id` = 1149 ORDER BY parent_id ASC,rank ASC  [ RunTime:0.0020s ]
SQL: SELECT * FROM `ztm_goods_category` WHERE `disabled` = 'N' AND `parent_id` = 1161 ORDER BY parent_id ASC,rank ASC  [ RunTime:0.0010s ]
SQL: SELECT * FROM `ztm_goods_category` WHERE `disabled` = 'N' AND `parent_id` = 1162 ORDER BY parent_id ASC,rank ASC  [ RunTime:0.0020s ]
SQL: SELECT * FROM `ztm_goods_category` WHERE `disabled` = 'N' AND `parent_id` = 1188 ORDER BY parent_id ASC,rank ASC  [ RunTime:0.0010s ]
SQL: SELECT * FROM `ztm_goods_category` WHERE `disabled` = 'N' AND `parent_id` = 7 ORDER BY parent_id ASC,rank ASC  [ RunTime:0.0020s ]
SQL: SELECT * FROM `ztm_goods_category` WHERE `disabled` = 'N' AND `parent_id` = 415 ORDER BY parent_id ASC,rank ASC  [ RunTime:0.0010s ]
SQL: SELECT * FROM `ztm_goods_category` WHERE `disabled` = 'N' AND `parent_id` = 421 ORDER BY parent_id ASC,rank ASC  [ RunTime:0.0010s ]
SQL: SELECT * FROM `ztm_goods_category` WHERE `disabled` = 'N' AND `parent_id` = 1193 ORDER BY parent_id ASC,rank ASC  [ RunTime:0.0010s ]
SQL: SELECT * FROM `ztm_goods_category` WHERE `disabled` = 'N' AND `parent_id` = 423 ORDER BY parent_id ASC,rank ASC  [ RunTime:0.0010s ]
SQL: SELECT * FROM `ztm_goods_category` WHERE `disabled` = 'N' AND `parent_id` = 447 ORDER BY parent_id ASC,rank ASC  [ RunTime:0.0020s ]
SQL: SELECT * FROM `ztm_goods_category` WHERE `disabled` = 'N' AND `parent_id` = 425 ORDER BY parent_id ASC,rank ASC  [ RunTime:0.0010s ]
SQL: SELECT * FROM `ztm_goods_category` WHERE `disabled` = 'N' AND `parent_id` = 449 ORDER BY parent_id ASC,rank ASC  [ RunTime:0.0010s ]
SQL: SELECT * FROM `ztm_goods_category` WHERE `disabled` = 'N' AND `parent_id` = 448 ORDER BY parent_id ASC,rank ASC  [ RunTime:0.0010s ]
SQL: SELECT * FROM `ztm_goods_category` WHERE `disabled` = 'N' AND `parent_id` = 453 ORDER BY parent_id ASC,rank ASC  [ RunTime:0.0010s ]
SQL: SELECT * FROM `ztm_goods_category` WHERE `disabled` = 'N' AND `parent_id` = 450 ORDER BY parent_id ASC,rank ASC  [ RunTime:0.0010s ]
SQL: SELECT * FROM `ztm_goods_category` WHERE `disabled` = 'N' AND `parent_id` = 451 ORDER BY parent_id ASC,rank ASC  [ RunTime:0.0010s ]
SQL: SELECT * FROM `ztm_goods_category` WHERE `disabled` = 'N' AND `parent_id` = 12 ORDER BY parent_id ASC,rank ASC  [ RunTime:0.0020s ]
SQL: SELECT * FROM `ztm_goods_category` WHERE `disabled` = 'N' AND `parent_id` = 696 ORDER BY parent_id ASC,rank ASC  [ RunTime:0.0010s ]
SQL: SELECT * FROM `ztm_goods_category` WHERE `disabled` = 'N' AND `parent_id` = 876 ORDER BY parent_id ASC,rank ASC  [ RunTime:0.0020s ]
SQL: SELECT * FROM `ztm_goods_category` WHERE `disabled` = 'N' AND `parent_id` = 877 ORDER BY parent_id ASC,rank ASC  [ RunTime:0.0010s ]
SQL: SELECT * FROM `ztm_goods_category` WHERE `disabled` = 'N' AND `parent_id` = 878 ORDER BY parent_id ASC,rank ASC  [ RunTime:0.0020s ]
SQL: SELECT * FROM `ztm_goods_category` WHERE `disabled` = 'N' AND `parent_id` = 1192 ORDER BY parent_id ASC,rank ASC  [ RunTime:0.0010s ]
SQL: SELECT * FROM `ztm_goods_category` WHERE `disabled` = 'N' AND `parent_id` = 702 ORDER BY parent_id ASC,rank ASC  [ RunTime:0.0010s ]
SQL: SELECT * FROM `ztm_goods_category` WHERE `disabled` = 'N' AND `parent_id` = 923 ORDER BY parent_id ASC,rank ASC  [ RunTime:0.0010s ]
SQL: SELECT * FROM `ztm_goods_category` WHERE `disabled` = 'N' AND `parent_id` = 924 ORDER BY parent_id ASC,rank ASC  [ RunTime:0.0010s ]
SQL: SELECT * FROM `ztm_goods_category` WHERE `disabled` = 'N' AND `parent_id` = 925 ORDER BY parent_id ASC,rank ASC  [ RunTime:0.0020s ]
SQL: SELECT * FROM `ztm_goods_category` WHERE `disabled` = 'N' AND `parent_id` = 1104 ORDER BY parent_id ASC,rank ASC  [ RunTime:0.0010s ]
SQL: SELECT * FROM `ztm_goods_category` WHERE `disabled` = 'N' AND `parent_id` = 935 ORDER BY parent_id ASC,rank ASC  [ RunTime:0.0020s ]
SQL: SELECT * FROM `ztm_goods_category` WHERE `disabled` = 'N' AND `parent_id` = 1086 ORDER BY parent_id ASC,rank ASC  [ RunTime:0.0010s ]
SQL: SELECT * FROM `ztm_goods_category` WHERE `disabled` = 'N' AND `parent_id` = 1103 ORDER BY parent_id ASC,rank ASC  [ RunTime:0.0020s ]
SQL: SELECT * FROM `ztm_goods_category` WHERE `disabled` = 'N' AND `parent_id` = 1138 ORDER BY parent_id ASC,rank ASC  [ RunTime:0.0010s ]
SQL: SELECT * FROM `ztm_goods_category` WHERE `disabled` = 'N' AND `parent_id` = 1194 ORDER BY parent_id ASC,rank ASC  [ RunTime:0.0010s ]
SQL: SELECT * FROM `ztm_goods_category` WHERE `disabled` = 'N' AND `parent_id` = 1195 ORDER BY parent_id ASC,rank ASC  [ RunTime:0.0010s ]
SQL: SELECT * FROM `ztm_goods_category` WHERE `disabled` = 'N' AND `parent_id` = 703 ORDER BY parent_id ASC,rank ASC  [ RunTime:0.0010s ]
SQL: SELECT * FROM `ztm_goods_category` WHERE `disabled` = 'N' AND `parent_id` = 1126 ORDER BY parent_id ASC,rank ASC  [ RunTime:0.0020s ]
SQL: SELECT * FROM `ztm_goods_category` WHERE `disabled` = 'N' AND `parent_id` = 1139 ORDER BY parent_id ASC,rank ASC  [ RunTime:0.0010s ]
SQL: SELECT * FROM `ztm_goods_category` WHERE `disabled` = 'N' AND `parent_id` = 1141 ORDER BY parent_id ASC,rank ASC  [ RunTime:0.0010s ]
SQL: SELECT * FROM `ztm_goods_category` WHERE `disabled` = 'N' AND `parent_id` = 1140 ORDER BY parent_id ASC,rank ASC  [ RunTime:0.0010s ]
SQL: SELECT * FROM `ztm_goods_category` WHERE `disabled` = 'N' AND `parent_id` = 1142 ORDER BY parent_id ASC,rank ASC  [ RunTime:0.0020s ]
SQL: SELECT * FROM `ztm_goods_category` WHERE `disabled` = 'N' AND `parent_id` = 1143 ORDER BY parent_id ASC,rank ASC  [ RunTime:0.0010s ]
SQL: SELECT * FROM `ztm_goods_category` WHERE `disabled` = 'N' AND `parent_id` = 1144 ORDER BY parent_id ASC,rank ASC  [ RunTime:0.0020s ]
SQL: SELECT * FROM `ztm_goods_category` WHERE `disabled` = 'N' AND `parent_id` = 1207 ORDER BY parent_id ASC,rank ASC  [ RunTime:0.0010s ]
SQL: SELECT * FROM `ztm_goods_category` WHERE `disabled` = 'N' AND `parent_id` = 1050 ORDER BY parent_id ASC,rank ASC  [ RunTime:0.0010s ]
SQL: SELECT * FROM `ztm_goods_category` WHERE `disabled` = 'N' AND `parent_id` = 1059 ORDER BY parent_id ASC,rank ASC  [ RunTime:0.0010s ]
SQL: SELECT * FROM `ztm_goods_category` WHERE `disabled` = 'N' AND `parent_id` = 1133 ORDER BY parent_id ASC,rank ASC  [ RunTime:0.0010s ]
SQL: SELECT * FROM `ztm_goods_category` WHERE `disabled` = 'N' AND `parent_id` = 1197 ORDER BY parent_id ASC,rank ASC  [ RunTime:0.0020s ]
SQL: SELECT * FROM `ztm_goods_category` WHERE `disabled` = 'N' AND `parent_id` = 1108 ORDER BY parent_id ASC,rank ASC  [ RunTime:0.0010s ]
SQL: SELECT * FROM `ztm_goods_category` WHERE `disabled` = 'N' AND `parent_id` = 1106 ORDER BY parent_id ASC,rank ASC  [ RunTime:0.0010s ]
SQL: SELECT * FROM `ztm_goods_category` WHERE `disabled` = 'N' AND `parent_id` = 1090 ORDER BY parent_id ASC,rank ASC  [ RunTime:0.0010s ]
SQL: SELECT * FROM `ztm_goods_category` WHERE `disabled` = 'N' AND `parent_id` = 1135 ORDER BY parent_id ASC,rank ASC  [ RunTime:0.0010s ]
SQL: SELECT * FROM `ztm_goods_category` WHERE `disabled` = 'N' AND `parent_id` = 1136 ORDER BY parent_id ASC,rank ASC  [ RunTime:0.0010s ]
SQL: SELECT * FROM `ztm_goods_category` WHERE `disabled` = 'N' AND `parent_id` = 1137 ORDER BY parent_id ASC,rank ASC  [ RunTime:0.0010s ]
SQL: SELECT * FROM `ztm_goods_category` WHERE `disabled` = 'N' AND `parent_id` = 1196 ORDER BY parent_id ASC,rank ASC  [ RunTime:0.0020s ]
SQL: SELECT * FROM `ztm_goods_category` WHERE `disabled` = 'N' AND `parent_id` = 1148 ORDER BY parent_id ASC,rank ASC  [ RunTime:0.0010s ]
SQL: SELECT * FROM `ztm_goods_category` WHERE `disabled` = 'N' AND `parent_id` = 1134 ORDER BY parent_id ASC,rank ASC  [ RunTime:0.0020s ]
SQL: SELECT * FROM `ztm_goods_category` WHERE `disabled` = 'N' AND `parent_id` = 1150 ORDER BY parent_id ASC,rank ASC  [ RunTime:0.0010s ]
SQL: SELECT * FROM `ztm_goods_category` WHERE `disabled` = 'N' AND `parent_id` = 1151 ORDER BY parent_id ASC,rank ASC  [ RunTime:0.0020s ]
SQL: SELECT * FROM `ztm_goods_category` WHERE `disabled` = 'N' AND `parent_id` = 1199 ORDER BY parent_id ASC,rank ASC  [ RunTime:0.0010s ]
SQL: SELECT * FROM `ztm_goods_category` WHERE `disabled` = 'N' AND `parent_id` = 1201 ORDER BY parent_id ASC,rank ASC  [ RunTime:0.0010s ]
SQL: SELECT * FROM `ztm_goods_category` WHERE `disabled` = 'N' AND `parent_id` = 1200 ORDER BY parent_id ASC,rank ASC  [ RunTime:0.0010s ]
SQL: SELECT * FROM `ztm_goods_category` WHERE `disabled` = 'N' AND `parent_id` = 1202 ORDER BY parent_id ASC,rank ASC  [ RunTime:0.0010s ]
SQL: SELECT * FROM `ztm_goods_category` WHERE `disabled` = 'N' AND `parent_id` = 1204 ORDER BY parent_id ASC,rank ASC  [ RunTime:0.0010s ]
SQL: SELECT * FROM `ztm_goods_category` WHERE `disabled` = 'N' AND `parent_id` = 1205 ORDER BY parent_id ASC,rank ASC  [ RunTime:0.0010s ]
SQL: SELECT * FROM `ztm_goods_category` WHERE `disabled` = 'N' AND `parent_id` = 1208 ORDER BY parent_id ASC,rank ASC  [ RunTime:0.0020s ]
SQL: SELECT * FROM `ztm_goods_category` WHERE `disabled` = 'N' AND `parent_id` = 1209 ORDER BY parent_id ASC,rank ASC  [ RunTime:0.0010s ]
SQL: SELECT * FROM `ztm_goods_category` WHERE `disabled` = 'N' AND `parent_id` = 1210 ORDER BY parent_id ASC,rank ASC  [ RunTime:0.0020s ]
SQL: SELECT * FROM `ztm_goods_category` WHERE `disabled` = 'N' AND `parent_id` = 1211 ORDER BY parent_id ASC,rank ASC  [ RunTime:0.0010s ]
SQL: SELECT * FROM `ztm_goods_category` WHERE `disabled` = 'N' AND `parent_id` = 1212 ORDER BY parent_id ASC,rank ASC  [ RunTime:0.0020s ]
SQL: SELECT * FROM `ztm_goods_category` WHERE `disabled` = 'N' AND `parent_id` = 1213 ORDER BY parent_id ASC,rank ASC  [ RunTime:0.0010s ]
INFO: [ view_parse ] --START--
INFO: [ template_filter ] --START--
INFO: Run Behavior\ContentReplaceBehavior [ RunTime:0.000000s ]
INFO: [ template_filter ] --END-- [ RunTime:0.000000s ]
NOTIC: [8] Undefined index: category_name F:\homes\webonline\Ztmvip\Runtime\Cache\Admin\b79039958da9ab36c40d837b81e89eff.php 第 115 行.
INFO: Run Behavior\ParseTemplateBehavior [ RunTime:0.027002s ]
INFO: [ view_parse ] --END-- [ RunTime:0.027002s ]
INFO: [ view_filter ] --START--
INFO: Run Behavior\WriteHtmlCacheBehavior [ RunTime:0.000000s ]
INFO: [ view_filter ] --END-- [ RunTime:0.000000s ]
INFO: [ app_end ] --START--
INFO: Run Behavior\ShowPageTraceBehavior [ RunTime:0.000000s ]
INFO: [ app_end ] --END-- [ RunTime:0.000000s ]

