[ 2016-01-06T09:34:14+08:00 ] 127.0.0.1 /
INFO: [ app_init ] --START--
INFO: Run Behavior\BuildLiteBehavior [ RunTime:0.000000s ]
INFO: [ app_init ] --END-- [ RunTime:0.000000s ]
INFO: [ app_begin ] --START--
INFO: Run Behavior\ReadHtmlCacheBehavior [ RunTime:0.001000s ]
INFO: [ app_begin ] --END-- [ RunTime:0.001000s ]
SQL: SHOW COLUMNS FROM `ztm_cart` [ RunTime:0.0030s ]
SQL: SHOW COLUMNS FROM `ztm_cart` [ RunTime:0.0020s ]
SQL: SELECT SUM(goods_number) AS count FROM `ztm_cart` WHERE `cart_key` = '25ec53935b7a14cc2d69465da96c39a1' LIMIT 1   [ RunTime:0.0000s ]
SQL: SHOW COLUMNS FROM `ztm_advert` [ RunTime:0.0010s ]
SQL: SELECT * FROM `ztm_advert` WHERE `topic` = 'indexBanner' AND `disabled` = 'N' ORDER BY rank desc LIMIT 0,10000   [ RunTime:0.0100s ]
SQL: SHOW COLUMNS FROM `ztm_goods` [ RunTime:0.0010s ]
SQL: SELECT g.goods_name,g.market_price,g.shop_price,sg.goods_id,g.goods_thumb,sg.kill_price,sg.goods_number,sg.kill_start,sg.kill_end FROM ztm_seckill_goods AS sg LEFT JOIN ztm_goods AS g ON sg.goods_id=g.id WHERE sg.on_sale='Y' AND sg.disabled='N' AND sg.kill_start=1452009600 AND sg.kill_end=1452096000 ORDER BY sg.rank DESC LIMIT 0,3 [ RunTime:0.0010s ]
SQL: SELECT * FROM `ztm_advert` WHERE `topic` = 'indexFashion' AND `disabled` = 'N' ORDER BY rank desc LIMIT 0,9   [ RunTime:0.0010s ]
INFO: [ view_parse ] --START--
INFO: [ template_filter ] --START--
INFO: Run Behavior\ContentReplaceBehavior [ RunTime:0.001001s ]
INFO: [ template_filter ] --END-- [ RunTime:0.001001s ]
INFO: Run Behavior\ParseTemplateBehavior [ RunTime:0.022002s ]
INFO: [ view_parse ] --END-- [ RunTime:0.022002s ]
INFO: [ view_filter ] --START--
INFO: Run Behavior\WriteHtmlCacheBehavior [ RunTime:0.001000s ]
INFO: [ view_filter ] --END-- [ RunTime:0.001000s ]
INFO: [ app_end ] --START--
INFO: Run Behavior\ShowPageTraceBehavior [ RunTime:0.000000s ]
INFO: [ app_end ] --END-- [ RunTime:0.000000s ]

[ 2016-01-06T09:34:14+08:00 ] 127.0.0.1 /Uploads/20151216/5671118e51d60.jpg
INFO: [ app_init ] --START--
INFO: Run Behavior\BuildLiteBehavior [ RunTime:0.000000s ]
INFO: [ app_init ] --END-- [ RunTime:0.000000s ]

[ 2016-01-06T09:34:14+08:00 ] 127.0.0.1 /Uploads/20151214/566e8e50221b5.jpg
INFO: [ app_init ] --START--
INFO: Run Behavior\BuildLiteBehavior [ RunTime:0.000000s ]
INFO: [ app_init ] --END-- [ RunTime:0.000000s ]

[ 2016-01-06T09:34:14+08:00 ] 127.0.0.1 /Uploads/20151215/566fbff15b94c.jpg
INFO: [ app_init ] --START--
INFO: Run Behavior\BuildLiteBehavior [ RunTime:0.000000s ]
INFO: [ app_init ] --END-- [ RunTime:0.000000s ]

[ 2016-01-06T09:34:14+08:00 ] 127.0.0.1 /Uploads/20151216/567111719f5ef.jpg
INFO: [ app_init ] --START--
INFO: Run Behavior\BuildLiteBehavior [ RunTime:0.001000s ]
INFO: [ app_init ] --END-- [ RunTime:0.001000s ]

[ 2016-01-06T09:34:14+08:00 ] 127.0.0.1 /Uploads/20151211/566ab7fd714e7.jpg
INFO: [ app_init ] --START--
INFO: Run Behavior\BuildLiteBehavior [ RunTime:0.000000s ]
INFO: [ app_init ] --END-- [ RunTime:0.000000s ]

[ 2016-01-06T09:34:14+08:00 ] 127.0.0.1 /Uploads/20151214/566e8e3607c33.jpg
INFO: [ app_init ] --START--
INFO: Run Behavior\BuildLiteBehavior [ RunTime:0.000000s ]
INFO: [ app_init ] --END-- [ RunTime:0.000000s ]

[ 2016-01-06T09:34:14+08:00 ] 127.0.0.1 /Uploads/20151215/566fd0895d1e1.jpg
INFO: [ app_init ] --START--
INFO: Run Behavior\BuildLiteBehavior [ RunTime:0.000000s ]
INFO: [ app_init ] --END-- [ RunTime:0.001001s ]

[ 2016-01-06T09:34:14+08:00 ] 127.0.0.1 /Uploads/20151215/566fd06f1fb82.jpg
INFO: [ app_init ] --START--
INFO: Run Behavior\BuildLiteBehavior [ RunTime:0.000000s ]
INFO: [ app_init ] --END-- [ RunTime:0.000000s ]

[ 2016-01-06T09:34:14+08:00 ] 127.0.0.1 /Uploads/20151215/566fbfd9e81c0.jpg
INFO: [ app_init ] --START--
INFO: Run Behavior\BuildLiteBehavior [ RunTime:0.000000s ]
INFO: [ app_init ] --END-- [ RunTime:0.001000s ]

[ 2016-01-06T09:34:14+08:00 ] 127.0.0.1 /Uploads/20151216/5671118e51d60.jpg
INFO: [ app_init ] --START--
INFO: Run Behavior\BuildLiteBehavior [ RunTime:0.000000s ]
INFO: [ app_init ] --END-- [ RunTime:0.000000s ]

[ 2016-01-06T09:34:14+08:00 ] 127.0.0.1 /Uploads/20151214/566e8e3607c33.jpg
INFO: [ app_init ] --START--
INFO: Run Behavior\BuildLiteBehavior [ RunTime:0.000000s ]
INFO: [ app_init ] --END-- [ RunTime:0.000000s ]

[ 2016-01-06T09:34:14+08:00 ] 127.0.0.1 /Uploads/20151216/567111719f5ef.jpg
INFO: [ app_init ] --START--
INFO: Run Behavior\BuildLiteBehavior [ RunTime:0.000000s ]
INFO: [ app_init ] --END-- [ RunTime:0.001000s ]

[ 2016-01-06T09:34:14+08:00 ] 127.0.0.1 /Uploads/20151214/566e8e50221b5.jpg
INFO: [ app_init ] --START--
INFO: Run Behavior\BuildLiteBehavior [ RunTime:0.000000s ]
INFO: [ app_init ] --END-- [ RunTime:0.001000s ]

[ 2016-01-06T09:34:14+08:00 ] 127.0.0.1 /Uploads/20151211/566ab7fd714e7.jpg
INFO: [ app_init ] --START--
INFO: Run Behavior\BuildLiteBehavior [ RunTime:0.000000s ]
INFO: [ app_init ] --END-- [ RunTime:0.001000s ]

[ 2016-01-06T09:34:14+08:00 ] 127.0.0.1 /Uploads/20151225/567cfc2fe6bfb.jpg
INFO: [ app_init ] --START--
INFO: Run Behavior\BuildLiteBehavior [ RunTime:0.000000s ]
INFO: [ app_init ] --END-- [ RunTime:0.000000s ]

[ 2016-01-06T09:34:14+08:00 ] 127.0.0.1 /Uploads/20151225/567cfc2fe6bfb.jpg
INFO: [ app_init ] --START--
INFO: Run Behavior\BuildLiteBehavior [ RunTime:0.001000s ]
INFO: [ app_init ] --END-- [ RunTime:0.001000s ]

[ 2016-01-06T09:34:14+08:00 ] 127.0.0.1 /Uploads/20151225/567cfc2fe6bfb.jpg
INFO: [ app_init ] --START--
INFO: Run Behavior\BuildLiteBehavior [ RunTime:0.000000s ]
INFO: [ app_init ] --END-- [ RunTime:0.001000s ]

[ 2016-01-06T09:34:16+08:00 ] 127.0.0.1 /favicon.ico
INFO: [ app_init ] --START--
INFO: Run Behavior\BuildLiteBehavior [ RunTime:0.000000s ]
INFO: [ app_init ] --END-- [ RunTime:0.001000s ]

[ 2016-01-06T09:34:16+08:00 ] 127.0.0.1 /favicon.ico
INFO: [ app_init ] --START--
INFO: Run Behavior\BuildLiteBehavior [ RunTime:0.000000s ]
INFO: [ app_init ] --END-- [ RunTime:0.000000s ]

[ 2016-01-06T09:34:16+08:00 ] 127.0.0.1 /Index/catGoodsList/cat_id/1160.html
INFO: [ app_init ] --START--
INFO: Run Behavior\BuildLiteBehavior [ RunTime:0.000000s ]
INFO: [ app_init ] --END-- [ RunTime:0.001000s ]
INFO: [ app_begin ] --START--
INFO: Run Behavior\ReadHtmlCacheBehavior [ RunTime:0.000000s ]
INFO: [ app_begin ] --END-- [ RunTime:0.001000s ]
SQL: SHOW COLUMNS FROM `ztm_cart` [ RunTime:0.0020s ]
SQL: SHOW COLUMNS FROM `ztm_cart` [ RunTime:0.0020s ]
SQL: SELECT SUM(goods_number) AS count FROM `ztm_cart` WHERE `cart_key` = '25ec53935b7a14cc2d69465da96c39a1' LIMIT 1   [ RunTime:0.0020s ]
SQL: SHOW COLUMNS FROM `ztm_goods_category` [ RunTime:0.0020s ]
SQL: SELECT `category_name` FROM `ztm_goods_category` WHERE `id` = 1160 LIMIT 1   [ RunTime:0.0010s ]
INFO: [ view_parse ] --START--
INFO: [ template_filter ] --START--
INFO: Run Behavior\ContentReplaceBehavior [ RunTime:0.000000s ]
INFO: [ template_filter ] --END-- [ RunTime:0.000000s ]
INFO: Run Behavior\ParseTemplateBehavior [ RunTime:0.029001s ]
INFO: [ view_parse ] --END-- [ RunTime:0.029001s ]
INFO: [ view_filter ] --START--
INFO: Run Behavior\WriteHtmlCacheBehavior [ RunTime:0.000000s ]
INFO: [ view_filter ] --END-- [ RunTime:0.000000s ]
INFO: [ app_end ] --START--
INFO: Run Behavior\ShowPageTraceBehavior [ RunTime:0.001000s ]
INFO: [ app_end ] --END-- [ RunTime:0.001000s ]

[ 2016-01-06T09:34:16+08:00 ] 127.0.0.1 /index.php?m=Mobile&c=Index&a=getAjaxGoods
INFO: [ app_init ] --START--
INFO: Run Behavior\BuildLiteBehavior [ RunTime:0.000000s ]
INFO: [ app_init ] --END-- [ RunTime:0.001000s ]
INFO: [ app_begin ] --START--
INFO: Run Behavior\ReadHtmlCacheBehavior [ RunTime:0.001000s ]
INFO: [ app_begin ] --END-- [ RunTime:0.001000s ]
SQL: SHOW COLUMNS FROM `ztm_cart` [ RunTime:0.0010s ]
SQL: SHOW COLUMNS FROM `ztm_cart` [ RunTime:0.0010s ]
SQL: SELECT SUM(goods_number) AS count FROM `ztm_cart` WHERE `cart_key` = '25ec53935b7a14cc2d69465da96c39a1' LIMIT 1   [ RunTime:0.0010s ]
SQL: SHOW COLUMNS FROM `ztm_goods` [ RunTime:0.0030s ]
SQL: SHOW COLUMNS FROM `ztm_goods_category` [ RunTime:0.0030s ]
SQL: SELECT * FROM `ztm_goods_category` WHERE `parent_id` = 1160 AND `disabled` = 'N' AND `display` = 'Y'  [ RunTime:0.0020s ]
SQL: SELECT * FROM `ztm_goods_category` WHERE `parent_id` = 1149 AND `disabled` = 'N' AND `display` = 'Y'  [ RunTime:0.0020s ]
SQL: SELECT * FROM `ztm_goods_category` WHERE `parent_id` = 1161 AND `disabled` = 'N' AND `display` = 'Y'  [ RunTime:0.0010s ]
SQL: SELECT * FROM `ztm_goods_category` WHERE `parent_id` = 1162 AND `disabled` = 'N' AND `display` = 'Y'  [ RunTime:0.0010s ]
SQL: SELECT * FROM `ztm_goods_category` WHERE `parent_id` = 1188 AND `disabled` = 'N' AND `display` = 'Y'  [ RunTime:0.0020s ]
SQL: SELECT g.id,g.goods_name,g.market_price,g.shop_price,g.goods_thumb FROM ztm_goods g left join ztm_goods_extend_category gec on g.id=gec.goods_id and gec.category_id=1160  WHERE g.on_sale = 'Y' AND g.disabled = 'N' AND ( g.category_id in (1149,1161,1162,1188,1160) or gec.category_id=1160 ) ORDER BY g.rank desc LIMIT 0,12   [ RunTime:0.0050s ]
INFO: [ view_parse ] --START--
INFO: [ template_filter ] --START--
INFO: Run Behavior\ContentReplaceBehavior [ RunTime:0.000000s ]
INFO: [ template_filter ] --END-- [ RunTime:0.000000s ]
INFO: Run Behavior\ParseTemplateBehavior [ RunTime:0.005000s ]
INFO: [ view_parse ] --END-- [ RunTime:0.005000s ]
INFO: [ view_filter ] --START--
INFO: Run Behavior\WriteHtmlCacheBehavior [ RunTime:0.000000s ]
INFO: [ view_filter ] --END-- [ RunTime:0.000000s ]

[ 2016-01-06T09:34:16+08:00 ] 127.0.0.1 /Uploads/20151228/5680ad0ac0f5d.jpg_250x250.jpg
INFO: [ app_init ] --START--
INFO: Run Behavior\BuildLiteBehavior [ RunTime:0.000000s ]
INFO: [ app_init ] --END-- [ RunTime:0.000000s ]

[ 2016-01-06T09:34:16+08:00 ] 127.0.0.1 /Uploads/20151223/567a6026cd049.jpg_250x250.jpg
INFO: [ app_init ] --START--
INFO: Run Behavior\BuildLiteBehavior [ RunTime:0.000000s ]
INFO: [ app_init ] --END-- [ RunTime:0.000000s ]

[ 2016-01-06T09:34:16+08:00 ] 127.0.0.1 /Uploads/20151223/567a657c35f43.jpg_250x250.jpg
INFO: [ app_init ] --START--
INFO: Run Behavior\BuildLiteBehavior [ RunTime:0.000000s ]
INFO: [ app_init ] --END-- [ RunTime:0.001000s ]

[ 2016-01-06T09:34:16+08:00 ] 127.0.0.1 /Uploads/20151223/567a5dea5f1ae.jpg_250x250.jpg
INFO: [ app_init ] --START--
INFO: Run Behavior\BuildLiteBehavior [ RunTime:0.000000s ]
INFO: [ app_init ] --END-- [ RunTime:0.000000s ]

[ 2016-01-06T09:34:16+08:00 ] 127.0.0.1 /Uploads/20151223/567a678cdeb16.jpg_250x250.jpg
INFO: [ app_init ] --START--
INFO: Run Behavior\BuildLiteBehavior [ RunTime:0.000000s ]
INFO: [ app_init ] --END-- [ RunTime:0.001000s ]

[ 2016-01-06T09:34:16+08:00 ] 127.0.0.1 /Uploads/20151223/567a624d6f911.jpg_250x250.jpg
INFO: [ app_init ] --START--
INFO: Run Behavior\BuildLiteBehavior [ RunTime:0.000000s ]
INFO: [ app_init ] --END-- [ RunTime:0.000000s ]

[ 2016-01-06T09:34:17+08:00 ] 127.0.0.1 /Goods/detail/goods_id/2539
INFO: [ app_init ] --START--
INFO: Run Behavior\BuildLiteBehavior [ RunTime:0.000000s ]
INFO: [ app_init ] --END-- [ RunTime:0.001000s ]
INFO: [ app_begin ] --START--
INFO: Run Behavior\ReadHtmlCacheBehavior [ RunTime:0.000000s ]
INFO: [ app_begin ] --END-- [ RunTime:0.001000s ]
SQL: SHOW COLUMNS FROM `ztm_cart` [ RunTime:0.0030s ]
SQL: SHOW COLUMNS FROM `ztm_cart` [ RunTime:0.0020s ]
SQL: SELECT SUM(goods_number) AS count FROM `ztm_cart` WHERE `cart_key` = '25ec53935b7a14cc2d69465da96c39a1' LIMIT 1   [ RunTime:0.0000s ]
SQL: SHOW COLUMNS FROM `ztm_goods` [ RunTime:0.0020s ]
SQL: SHOW COLUMNS FROM `ztm_goods_extend` [ RunTime:0.0020s ]
SQL: SELECT `goods_gallery` FROM `ztm_goods_extend` WHERE `goods_id` = 2539 LIMIT 1   [ RunTime:0.0010s ]
SQL: SHOW COLUMNS FROM `ztm_goods` [ RunTime:0.0020s ]
SQL: SELECT `goods_name`,`market_price`,`goods_thumb`,`shop_price`,`category_id` FROM `ztm_goods` WHERE `id` = 2539 LIMIT 1   [ RunTime:0.0010s ]
SQL: SHOW COLUMNS FROM `ztm_goods` [ RunTime:0.0020s ]
SQL: SELECT `shop_price` FROM `ztm_goods` WHERE `on_sale` = 'Y' AND `disabled` = 'N' AND `id` = 2539 LIMIT 1   [ RunTime:0.0000s ]
SQL: SHOW COLUMNS FROM `ztm_seckill_goods` [ RunTime:0.0010s ]
SQL: SELECT `kill_price` FROM `ztm_seckill_goods` WHERE `goods_id` = 2539 AND `on_sale` = 'Y' AND `disabled` = 'N' AND `kill_start` < 1452044057 AND `kill_end` > 1452044057 LIMIT 1   [ RunTime:0.0010s ]
SQL: SHOW COLUMNS FROM `ztm_goods_extend` [ RunTime:0.0020s ]
SQL: SELECT * FROM `ztm_goods_extend` WHERE ( goods_id=2539 ) LIMIT 1   [ RunTime:0.0020s ]
SQL: SELECT SUM(og.goods_number) AS sale_count FROM ztm_order_goods AS og LEFT JOIN ztm_order AS o ON og.order_id=o.id WHERE
  o.payment_state='payed' AND og.goods_id=2539 [ RunTime:0.0020s ]
SQL: SELECT ge.skus AS oneskus,gs.skus AS twoskus FROM ztm_goods_extend AS ge LEFT JOIN ztm_goods_sku AS gs ON ge.sku_id=gs.id WHERE ge.goods_id=2539 [ RunTime:0.0010s ]
SQL: SHOW COLUMNS FROM `ztm_goods_extend` [ RunTime:0.0010s ]
SQL: SELECT `relation_goods` FROM `ztm_goods_extend` WHERE `goods_id` = '2539' LIMIT 1   [ RunTime:0.0010s ]
SQL: SHOW COLUMNS FROM `ztm_goods` [ RunTime:0.0020s ]
SQL: SELECT id AS goods_id,`goods_name`,`shop_price`,`market_price`,`goods_thumb` FROM `ztm_goods` WHERE `id` IN ('2532','2533','2534','2535','2536','2537','2538','2294','2295','2405','2406') AND `on_sale` = 'Y' AND `disabled` = 'N' LIMIT 0,20   [ RunTime:0.0020s ]
SQL: SHOW COLUMNS FROM `ztm_group_goods` [ RunTime:0.0010s ]
SQL: SELECT id AS package_id,`group_name`,`relation_goods` FROM `ztm_group_goods` WHERE `goods_id` = '2539' AND `display` = 'Y' AND `disabled` = 'N' ORDER BY rank desc  [ RunTime:0.0010s ]
SQL: SHOW COLUMNS FROM `ztm_comment` [ RunTime:0.0020s ]
SQL: SELECT COUNT(*) AS tp_count FROM `ztm_comment` WHERE `relation_id` = 2539 AND `display` = 'Y' AND `relation_type` = 'goods' LIMIT 1   [ RunTime:0.0010s ]
SQL: SELECT COUNT(*) AS tp_count FROM `ztm_comment` WHERE `relation_id` = 2539 AND `display` = 'Y' AND `relation_type` = 'goods' AND `level` IN ('4','5') LIMIT 1   [ RunTime:0.0020s ]
SQL: SELECT COUNT(*) AS tp_count FROM `ztm_comment` WHERE `relation_id` = 2539 AND `display` = 'Y' AND `relation_type` = 'goods' AND `level` IN ('2','3') LIMIT 1   [ RunTime:0.0010s ]
SQL: SELECT COUNT(*) AS tp_count FROM `ztm_comment` WHERE `relation_id` = 2539 AND `display` = 'Y' AND `relation_type` = 'goods' AND `level` = 1 LIMIT 1   [ RunTime:0.0010s ]
SQL: SHOW COLUMNS FROM `ztm_comment` [ RunTime:0.0010s ]
SQL: SELECT `user_name`,`content`,`level`,`date_add` FROM `ztm_comment` WHERE `relation_id` = '2539' AND `display` = 'Y' AND `relation_type` = 'goods' ORDER BY id desc LIMIT 0,3   [ RunTime:0.0010s ]
SQL: SHOW COLUMNS FROM `ztm_goods_category` [ RunTime:0.0020s ]
SQL: SELECT `parent_id` FROM `ztm_goods_category` WHERE ( id=1162 ) LIMIT 1   [ RunTime:0.0010s ]
INFO: [ view_parse ] --START--
INFO: [ template_filter ] --START--
INFO: Run Behavior\ContentReplaceBehavior [ RunTime:0.001000s ]
INFO: [ template_filter ] --END-- [ RunTime:0.001000s ]
NOTIC: [8] Undefined variable: signPackage F:\homes\webonline\Ztmvip\Runtime\Cache\Mobile\bbca1ab48b10c56dde37875b852e8c3f.php 第 391 行.
NOTIC: [8] Undefined variable: signPackage F:\homes\webonline\Ztmvip\Runtime\Cache\Mobile\bbca1ab48b10c56dde37875b852e8c3f.php 第 392 行.
NOTIC: [8] Undefined variable: signPackage F:\homes\webonline\Ztmvip\Runtime\Cache\Mobile\bbca1ab48b10c56dde37875b852e8c3f.php 第 393 行.
NOTIC: [8] Undefined variable: signPackage F:\homes\webonline\Ztmvip\Runtime\Cache\Mobile\bbca1ab48b10c56dde37875b852e8c3f.php 第 394 行.
NOTIC: [8] Undefined variable: title F:\homes\webonline\Ztmvip\Runtime\Cache\Mobile\bbca1ab48b10c56dde37875b852e8c3f.php 第 406 行.
NOTIC: [8] Undefined variable: desc F:\homes\webonline\Ztmvip\Runtime\Cache\Mobile\bbca1ab48b10c56dde37875b852e8c3f.php 第 407 行.
NOTIC: [8] Undefined variable: link F:\homes\webonline\Ztmvip\Runtime\Cache\Mobile\bbca1ab48b10c56dde37875b852e8c3f.php 第 408 行.
NOTIC: [8] Undefined variable: imgUrl F:\homes\webonline\Ztmvip\Runtime\Cache\Mobile\bbca1ab48b10c56dde37875b852e8c3f.php 第 409 行.
NOTIC: [8] Undefined variable: title F:\homes\webonline\Ztmvip\Runtime\Cache\Mobile\bbca1ab48b10c56dde37875b852e8c3f.php 第 420 行.
NOTIC: [8] Undefined variable: link F:\homes\webonline\Ztmvip\Runtime\Cache\Mobile\bbca1ab48b10c56dde37875b852e8c3f.php 第 421 行.
NOTIC: [8] Undefined variable: imgUrl F:\homes\webonline\Ztmvip\Runtime\Cache\Mobile\bbca1ab48b10c56dde37875b852e8c3f.php 第 422 行.
INFO: Run Behavior\ParseTemplateBehavior [ RunTime:0.030001s ]
INFO: [ view_parse ] --END-- [ RunTime:0.030001s ]
INFO: [ view_filter ] --START--
INFO: Run Behavior\WriteHtmlCacheBehavior [ RunTime:0.000000s ]
INFO: [ view_filter ] --END-- [ RunTime:0.001000s ]
INFO: [ app_end ] --START--
INFO: Run Behavior\ShowPageTraceBehavior [ RunTime:0.000000s ]
INFO: [ app_end ] --END-- [ RunTime:0.000000s ]

[ 2016-01-06T09:34:17+08:00 ] 127.0.0.1 /Uploads/20151223/567a67dda22b2.jpg
INFO: [ app_init ] --START--
INFO: Run Behavior\BuildLiteBehavior [ RunTime:0.000000s ]
INFO: [ app_init ] --END-- [ RunTime:0.001000s ]

[ 2016-01-06T09:34:17+08:00 ] 127.0.0.1 /Uploads/20151223/567a67dec1eae.jpg
INFO: [ app_init ] --START--
INFO: Run Behavior\BuildLiteBehavior [ RunTime:0.000000s ]
INFO: [ app_init ] --END-- [ RunTime:0.001001s ]

[ 2016-01-06T09:34:17+08:00 ] 127.0.0.1 /Uploads/20151223/567a67dddea5a.jpg
INFO: [ app_init ] --START--
INFO: Run Behavior\BuildLiteBehavior [ RunTime:0.000000s ]
INFO: [ app_init ] --END-- [ RunTime:0.000000s ]

[ 2016-01-06T09:34:17+08:00 ] 127.0.0.1 /Uploads/20151223/567a67de158de.jpg
INFO: [ app_init ] --START--
INFO: Run Behavior\BuildLiteBehavior [ RunTime:0.000000s ]
INFO: [ app_init ] --END-- [ RunTime:0.000000s ]

[ 2016-01-06T09:34:17+08:00 ] 127.0.0.1 /Uploads/20151223/567a67dfc59c6.jpg
INFO: [ app_init ] --START--
INFO: Run Behavior\BuildLiteBehavior [ RunTime:0.000000s ]
INFO: [ app_init ] --END-- [ RunTime:0.000000s ]

[ 2016-01-06T09:34:18+08:00 ] 127.0.0.1 /Uploads/20151223/567a67df7cda6.jpg
INFO: [ app_init ] --START--
INFO: Run Behavior\BuildLiteBehavior [ RunTime:0.000000s ]
INFO: [ app_init ] --END-- [ RunTime:0.001000s ]

[ 2016-01-06T09:34:18+08:00 ] 127.0.0.1 /Uploads/20151223/567a67dfe44f4.jpg
INFO: [ app_init ] --START--
INFO: Run Behavior\BuildLiteBehavior [ RunTime:0.000000s ]
INFO: [ app_init ] --END-- [ RunTime:0.000000s ]

[ 2016-01-06T09:34:18+08:00 ] 127.0.0.1 /Uploads/20151223/567a67dfef406.jpg
INFO: [ app_init ] --START--
INFO: Run Behavior\BuildLiteBehavior [ RunTime:0.000000s ]
INFO: [ app_init ] --END-- [ RunTime:0.000000s ]

[ 2016-01-06T09:34:18+08:00 ] 127.0.0.1 /Uploads/20151223/567a67e08e7fb.jpg
INFO: [ app_init ] --START--
INFO: Run Behavior\BuildLiteBehavior [ RunTime:0.000000s ]
INFO: [ app_init ] --END-- [ RunTime:0.000000s ]

[ 2016-01-06T09:34:18+08:00 ] 127.0.0.1 /Uploads/20151223/567a67e165986.jpg
INFO: [ app_init ] --START--
INFO: Run Behavior\BuildLiteBehavior [ RunTime:0.000000s ]
INFO: [ app_init ] --END-- [ RunTime:0.001000s ]

[ 2016-01-06T09:34:18+08:00 ] 127.0.0.1 /Uploads/20151223/567a67e15ab1f.jpg
INFO: [ app_init ] --START--
INFO: Run Behavior\BuildLiteBehavior [ RunTime:0.000000s ]
INFO: [ app_init ] --END-- [ RunTime:0.009000s ]

[ 2016-01-06T09:34:18+08:00 ] 127.0.0.1 /Uploads/20151223/567a67e14bc23.jpg
INFO: [ app_init ] --START--
INFO: Run Behavior\BuildLiteBehavior [ RunTime:0.000000s ]
INFO: [ app_init ] --END-- [ RunTime:0.000000s ]

[ 2016-01-06T09:34:18+08:00 ] 127.0.0.1 /Uploads/20151223/567a67e119a34.jpg
INFO: [ app_init ] --START--
INFO: Run Behavior\BuildLiteBehavior [ RunTime:0.000000s ]
INFO: [ app_init ] --END-- [ RunTime:0.000000s ]

[ 2016-01-06T09:34:18+08:00 ] 127.0.0.1 /Uploads/20151218/56737d3e33d65.jpg
INFO: [ app_init ] --START--
INFO: Run Behavior\BuildLiteBehavior [ RunTime:0.000000s ]
INFO: [ app_init ] --END-- [ RunTime:0.000000s ]

[ 2016-01-06T09:34:18+08:00 ] 127.0.0.1 /Uploads/20151214/566e3c4f2aa10.jpg
INFO: [ app_init ] --START--
INFO: Run Behavior\BuildLiteBehavior [ RunTime:0.000000s ]
INFO: [ app_init ] --END-- [ RunTime:0.000000s ]

[ 2016-01-06T09:34:18+08:00 ] 127.0.0.1 /Uploads/20151214/566e3d09b0984.jpg
INFO: [ app_init ] --START--
INFO: Run Behavior\BuildLiteBehavior [ RunTime:0.000000s ]
INFO: [ app_init ] --END-- [ RunTime:0.000000s ]

[ 2016-01-06T09:34:18+08:00 ] 127.0.0.1 /Uploads/20151223/567a589099072.jpg
INFO: [ app_init ] --START--
INFO: Run Behavior\BuildLiteBehavior [ RunTime:0.000000s ]
INFO: [ app_init ] --END-- [ RunTime:0.001000s ]

[ 2016-01-06T09:34:18+08:00 ] 127.0.0.1 /Uploads/20151223/567a59ee02353.jpg
INFO: [ app_init ] --START--
INFO: Run Behavior\BuildLiteBehavior [ RunTime:0.001000s ]
INFO: [ app_init ] --END-- [ RunTime:0.001000s ]

[ 2016-01-06T09:34:18+08:00 ] 127.0.0.1 /Uploads/20151223/567a5dea5f1ae.jpg
INFO: [ app_init ] --START--
INFO: Run Behavior\BuildLiteBehavior [ RunTime:0.000000s ]
INFO: [ app_init ] --END-- [ RunTime:0.001000s ]

[ 2016-01-06T09:34:18+08:00 ] 127.0.0.1 /Uploads/20151218/56737b7669c0e.jpg
INFO: [ app_init ] --START--
INFO: Run Behavior\BuildLiteBehavior [ RunTime:0.000000s ]
INFO: [ app_init ] --END-- [ RunTime:0.000000s ]

[ 2016-01-06T09:34:18+08:00 ] 127.0.0.1 /Uploads/20151223/567a6026cd049.jpg
INFO: [ app_init ] --START--
INFO: Run Behavior\BuildLiteBehavior [ RunTime:0.000000s ]
INFO: [ app_init ] --END-- [ RunTime:0.000000s ]

[ 2016-01-06T09:34:18+08:00 ] 127.0.0.1 /Uploads/20151223/567a657c35f43.jpg
INFO: [ app_init ] --START--
INFO: Run Behavior\BuildLiteBehavior [ RunTime:0.000000s ]
INFO: [ app_init ] --END-- [ RunTime:0.000000s ]

[ 2016-01-06T09:34:18+08:00 ] 127.0.0.1 /Uploads/20151223/567a624d6f911.jpg
INFO: [ app_init ] --START--
INFO: Run Behavior\BuildLiteBehavior [ RunTime:0.000000s ]
INFO: [ app_init ] --END-- [ RunTime:0.001000s ]

[ 2016-01-06T09:34:18+08:00 ] 127.0.0.1 /Uploads/20151228/5680ad0ac0f5d.jpg
INFO: [ app_init ] --START--
INFO: Run Behavior\BuildLiteBehavior [ RunTime:0.000000s ]
INFO: [ app_init ] --END-- [ RunTime:0.000000s ]

[ 2016-01-06T09:34:18+08:00 ] 127.0.0.1 /Uploads/20151223/567a678cdeb16.jpg_710x700.jpg
INFO: [ app_init ] --START--
INFO: Run Behavior\BuildLiteBehavior [ RunTime:0.000000s ]
INFO: [ app_init ] --END-- [ RunTime:0.001001s ]

[ 2016-01-06T09:34:18+08:00 ] 127.0.0.1 /index.php?m=Mobile&c=Flow&a=price
INFO: [ app_init ] --START--
INFO: Run Behavior\BuildLiteBehavior [ RunTime:0.000000s ]
INFO: [ app_init ] --END-- [ RunTime:0.000000s ]
INFO: [ app_begin ] --START--
INFO: Run Behavior\ReadHtmlCacheBehavior [ RunTime:0.001000s ]
INFO: [ app_begin ] --END-- [ RunTime:0.001000s ]
SQL: SHOW COLUMNS FROM `ztm_cart` [ RunTime:0.0020s ]
SQL: SHOW COLUMNS FROM `ztm_cart` [ RunTime:0.0020s ]
SQL: SELECT SUM(goods_number) AS count FROM `ztm_cart` WHERE `cart_key` = '25ec53935b7a14cc2d69465da96c39a1' LIMIT 1   [ RunTime:0.0020s ]
SQL: SHOW COLUMNS FROM `ztm_goods` [ RunTime:0.0050s ]
SQL: SHOW COLUMNS FROM `ztm_goods` [ RunTime:0.0030s ]
SQL: SELECT `shop_price` FROM `ztm_goods` WHERE `on_sale` = 'Y' AND `disabled` = 'N' AND `id` = 2539 LIMIT 1   [ RunTime:0.0010s ]
SQL: SHOW COLUMNS FROM `ztm_seckill_goods` [ RunTime:0.0020s ]
SQL: SELECT `kill_price` FROM `ztm_seckill_goods` WHERE `goods_id` = 2539 AND `on_sale` = 'Y' AND `disabled` = 'N' AND `kill_start` < 1452044058 AND `kill_end` > 1452044058 LIMIT 1   [ RunTime:0.0010s ]
SQL: SHOW COLUMNS FROM `ztm_goods_extend` [ RunTime:0.0020s ]
SQL: SELECT `skus_price` FROM `ztm_goods_extend` WHERE ( goods_id=2539 ) LIMIT 1   [ RunTime:0.0010s ]

[ 2016-01-06T09:34:18+08:00 ] 127.0.0.1 /Uploads/20151223/567a678cdeb16.jpg_710x700.jpg
INFO: [ app_init ] --START--
INFO: Run Behavior\BuildLiteBehavior [ RunTime:0.000000s ]
INFO: [ app_init ] --END-- [ RunTime:0.000000s ]

[ 2016-01-06T09:34:18+08:00 ] 127.0.0.1 /Uploads/20151223/567a678cdeb16.jpg_710x700.jpg
INFO: [ app_init ] --START--
INFO: Run Behavior\BuildLiteBehavior [ RunTime:0.000000s ]
INFO: [ app_init ] --END-- [ RunTime:0.000000s ]

[ 2016-01-06T09:34:20+08:00 ] 127.0.0.1 /Uploads/20151223/567a6792d6d74.jpg_710x700.jpg
INFO: [ app_init ] --START--
INFO: Run Behavior\BuildLiteBehavior [ RunTime:0.000000s ]
INFO: [ app_init ] --END-- [ RunTime:0.000000s ]

[ 2016-01-06T09:34:20+08:00 ] 127.0.0.1 /Uploads/20151223/567a6792d6d74.jpg_710x700.jpg
INFO: [ app_init ] --START--
INFO: Run Behavior\BuildLiteBehavior [ RunTime:0.000000s ]
INFO: [ app_init ] --END-- [ RunTime:0.000000s ]

[ 2016-01-06T09:34:20+08:00 ] 127.0.0.1 /Uploads/20151223/567a6792d6d74.jpg_710x700.jpg
INFO: [ app_init ] --START--
INFO: Run Behavior\BuildLiteBehavior [ RunTime:0.000000s ]
INFO: [ app_init ] --END-- [ RunTime:0.000000s ]

[ 2016-01-06T09:34:21+08:00 ] 127.0.0.1 /Goods/detail/goods_id/145
INFO: [ app_init ] --START--
INFO: Run Behavior\BuildLiteBehavior [ RunTime:0.000000s ]
INFO: [ app_init ] --END-- [ RunTime:0.001000s ]
INFO: [ app_begin ] --START--
INFO: Run Behavior\ReadHtmlCacheBehavior [ RunTime:0.001000s ]
INFO: [ app_begin ] --END-- [ RunTime:0.001000s ]
SQL: SHOW COLUMNS FROM `ztm_cart` [ RunTime:0.0020s ]
SQL: SHOW COLUMNS FROM `ztm_cart` [ RunTime:0.0020s ]
SQL: SELECT SUM(goods_number) AS count FROM `ztm_cart` WHERE `cart_key` = '25ec53935b7a14cc2d69465da96c39a1' LIMIT 1   [ RunTime:0.0010s ]
SQL: SHOW COLUMNS FROM `ztm_goods` [ RunTime:0.0020s ]
SQL: SHOW COLUMNS FROM `ztm_goods_extend` [ RunTime:0.0020s ]
SQL: SELECT `goods_gallery` FROM `ztm_goods_extend` WHERE `goods_id` = 145 LIMIT 1   [ RunTime:0.0010s ]
SQL: SHOW COLUMNS FROM `ztm_goods` [ RunTime:0.0020s ]
SQL: SELECT `goods_name`,`market_price`,`goods_thumb`,`shop_price`,`category_id` FROM `ztm_goods` WHERE `id` = 145 LIMIT 1   [ RunTime:0.0010s ]
SQL: SHOW COLUMNS FROM `ztm_goods` [ RunTime:0.0020s ]
SQL: SELECT `shop_price` FROM `ztm_goods` WHERE `on_sale` = 'Y' AND `disabled` = 'N' AND `id` = 145 LIMIT 1   [ RunTime:0.0010s ]
SQL: SHOW COLUMNS FROM `ztm_seckill_goods` [ RunTime:0.0020s ]
SQL: SELECT `kill_price` FROM `ztm_seckill_goods` WHERE `goods_id` = 145 AND `on_sale` = 'Y' AND `disabled` = 'N' AND `kill_start` < 1452044061 AND `kill_end` > 1452044061 LIMIT 1   [ RunTime:0.0010s ]
SQL: SHOW COLUMNS FROM `ztm_goods_extend` [ RunTime:0.0020s ]
SQL: SELECT * FROM `ztm_goods_extend` WHERE ( goods_id=145 ) LIMIT 1   [ RunTime:0.0010s ]
SQL: SELECT SUM(og.goods_number) AS sale_count FROM ztm_order_goods AS og LEFT JOIN ztm_order AS o ON og.order_id=o.id WHERE
  o.payment_state='payed' AND og.goods_id=145 [ RunTime:0.0670s ]
SQL: SELECT ge.skus AS oneskus,gs.skus AS twoskus FROM ztm_goods_extend AS ge LEFT JOIN ztm_goods_sku AS gs ON ge.sku_id=gs.id WHERE ge.goods_id=145 [ RunTime:0.0010s ]
SQL: SHOW COLUMNS FROM `ztm_goods_extend` [ RunTime:0.0020s ]
SQL: SELECT `relation_goods` FROM `ztm_goods_extend` WHERE `goods_id` = '145' LIMIT 1   [ RunTime:0.0010s ]
SQL: SHOW COLUMNS FROM `ztm_goods` [ RunTime:0.0020s ]
SQL: SELECT id AS goods_id,`goods_name`,`shop_price`,`market_price`,`goods_thumb` FROM `ztm_goods` WHERE `id` IN ('163') AND `on_sale` = 'Y' AND `disabled` = 'N' LIMIT 0,20   [ RunTime:0.0010s ]
SQL: SHOW COLUMNS FROM `ztm_group_goods` [ RunTime:0.0020s ]
SQL: SELECT id AS package_id,`group_name`,`relation_goods` FROM `ztm_group_goods` WHERE `goods_id` = '145' AND `display` = 'Y' AND `disabled` = 'N' ORDER BY rank desc  [ RunTime:0.0010s ]
SQL: SHOW COLUMNS FROM `ztm_comment` [ RunTime:0.0020s ]
SQL: SELECT COUNT(*) AS tp_count FROM `ztm_comment` WHERE `relation_id` = 145 AND `display` = 'Y' AND `relation_type` = 'goods' LIMIT 1   [ RunTime:0.0400s ]
SQL: SELECT COUNT(*) AS tp_count FROM `ztm_comment` WHERE `relation_id` = 145 AND `display` = 'Y' AND `relation_type` = 'goods' AND `level` IN ('4','5') LIMIT 1   [ RunTime:0.0020s ]
SQL: SELECT COUNT(*) AS tp_count FROM `ztm_comment` WHERE `relation_id` = 145 AND `display` = 'Y' AND `relation_type` = 'goods' AND `level` IN ('2','3') LIMIT 1   [ RunTime:0.0010s ]
SQL: SELECT COUNT(*) AS tp_count FROM `ztm_comment` WHERE `relation_id` = 145 AND `display` = 'Y' AND `relation_type` = 'goods' AND `level` = 1 LIMIT 1   [ RunTime:0.0010s ]
SQL: SHOW COLUMNS FROM `ztm_comment` [ RunTime:0.0020s ]
SQL: SELECT `user_name`,`content`,`level`,`date_add` FROM `ztm_comment` WHERE `relation_id` = '145' AND `display` = 'Y' AND `relation_type` = 'goods' ORDER BY id desc LIMIT 0,3   [ RunTime:0.0020s ]
SQL: SHOW COLUMNS FROM `ztm_goods_category` [ RunTime:0.0020s ]
SQL: SELECT `parent_id` FROM `ztm_goods_category` WHERE ( id=423 ) LIMIT 1   [ RunTime:0.0010s ]
INFO: [ view_parse ] --START--
INFO: [ template_filter ] --START--
INFO: Run Behavior\ContentReplaceBehavior [ RunTime:0.000000s ]
INFO: [ template_filter ] --END-- [ RunTime:0.000000s ]
NOTIC: [8] Undefined variable: signPackage F:\homes\webonline\Ztmvip\Runtime\Cache\Mobile\bbca1ab48b10c56dde37875b852e8c3f.php 第 391 行.
NOTIC: [8] Undefined variable: signPackage F:\homes\webonline\Ztmvip\Runtime\Cache\Mobile\bbca1ab48b10c56dde37875b852e8c3f.php 第 392 行.
NOTIC: [8] Undefined variable: signPackage F:\homes\webonline\Ztmvip\Runtime\Cache\Mobile\bbca1ab48b10c56dde37875b852e8c3f.php 第 393 行.
NOTIC: [8] Undefined variable: signPackage F:\homes\webonline\Ztmvip\Runtime\Cache\Mobile\bbca1ab48b10c56dde37875b852e8c3f.php 第 394 行.
NOTIC: [8] Undefined variable: title F:\homes\webonline\Ztmvip\Runtime\Cache\Mobile\bbca1ab48b10c56dde37875b852e8c3f.php 第 406 行.
NOTIC: [8] Undefined variable: desc F:\homes\webonline\Ztmvip\Runtime\Cache\Mobile\bbca1ab48b10c56dde37875b852e8c3f.php 第 407 行.
NOTIC: [8] Undefined variable: link F:\homes\webonline\Ztmvip\Runtime\Cache\Mobile\bbca1ab48b10c56dde37875b852e8c3f.php 第 408 行.
NOTIC: [8] Undefined variable: imgUrl F:\homes\webonline\Ztmvip\Runtime\Cache\Mobile\bbca1ab48b10c56dde37875b852e8c3f.php 第 409 行.
NOTIC: [8] Undefined variable: title F:\homes\webonline\Ztmvip\Runtime\Cache\Mobile\bbca1ab48b10c56dde37875b852e8c3f.php 第 420 行.
NOTIC: [8] Undefined variable: link F:\homes\webonline\Ztmvip\Runtime\Cache\Mobile\bbca1ab48b10c56dde37875b852e8c3f.php 第 421 行.
NOTIC: [8] Undefined variable: imgUrl F:\homes\webonline\Ztmvip\Runtime\Cache\Mobile\bbca1ab48b10c56dde37875b852e8c3f.php 第 422 行.
INFO: Run Behavior\ParseTemplateBehavior [ RunTime:0.032001s ]
INFO: [ view_parse ] --END-- [ RunTime:0.032001s ]
INFO: [ view_filter ] --START--
INFO: Run Behavior\WriteHtmlCacheBehavior [ RunTime:0.000000s ]
INFO: [ view_filter ] --END-- [ RunTime:0.000000s ]
INFO: [ app_end ] --START--
INFO: Run Behavior\ShowPageTraceBehavior [ RunTime:0.001001s ]
INFO: [ app_end ] --END-- [ RunTime:0.001001s ]

[ 2016-01-06T09:34:21+08:00 ] 127.0.0.1 /images/201509/thumb_img/145_thumb_P_1442883376271.jpg
INFO: [ app_init ] --START--
INFO: Run Behavior\BuildLiteBehavior [ RunTime:0.000000s ]
INFO: [ app_init ] --END-- [ RunTime:0.000000s ]

[ 2016-01-06T09:34:21+08:00 ] 127.0.0.1 /index.php?m=Mobile&c=Flow&a=price
INFO: [ app_init ] --START--
INFO: Run Behavior\BuildLiteBehavior [ RunTime:0.000000s ]
INFO: [ app_init ] --END-- [ RunTime:0.000000s ]
INFO: [ app_begin ] --START--
INFO: Run Behavior\ReadHtmlCacheBehavior [ RunTime:0.001000s ]
INFO: [ app_begin ] --END-- [ RunTime:0.001000s ]
SQL: SHOW COLUMNS FROM `ztm_cart` [ RunTime:0.0030s ]
SQL: SHOW COLUMNS FROM `ztm_cart` [ RunTime:0.0030s ]
SQL: SELECT SUM(goods_number) AS count FROM `ztm_cart` WHERE `cart_key` = '25ec53935b7a14cc2d69465da96c39a1' LIMIT 1   [ RunTime:0.0010s ]
SQL: SHOW COLUMNS FROM `ztm_goods` [ RunTime:0.0020s ]
SQL: SHOW COLUMNS FROM `ztm_goods` [ RunTime:0.0020s ]
SQL: SELECT `shop_price` FROM `ztm_goods` WHERE `on_sale` = 'Y' AND `disabled` = 'N' AND `id` = 145 LIMIT 1   [ RunTime:0.0010s ]
SQL: SHOW COLUMNS FROM `ztm_seckill_goods` [ RunTime:0.0020s ]
SQL: SELECT `kill_price` FROM `ztm_seckill_goods` WHERE `goods_id` = 145 AND `on_sale` = 'Y' AND `disabled` = 'N' AND `kill_start` < 1452044061 AND `kill_end` > 1452044061 LIMIT 1   [ RunTime:0.0020s ]

[ 2016-01-06T09:34:21+08:00 ] 127.0.0.1 /images/201509/thumb_img/145_thumb_P_1442883376271.jpg
INFO: [ app_init ] --START--
INFO: Run Behavior\BuildLiteBehavior [ RunTime:0.000000s ]
INFO: [ app_init ] --END-- [ RunTime:0.001000s ]

[ 2016-01-06T09:34:21+08:00 ] 127.0.0.1 /images/201509/thumb_img/145_thumb_P_1442883376271.jpg
INFO: [ app_init ] --START--
INFO: Run Behavior\BuildLiteBehavior [ RunTime:0.000000s ]
INFO: [ app_init ] --END-- [ RunTime:0.001000s ]

[ 2016-01-06T09:34:23+08:00 ] 127.0.0.1 /images/201509/thumb_img/145_thumb_P_1442883376271.jpg
INFO: [ app_init ] --START--
INFO: Run Behavior\BuildLiteBehavior [ RunTime:0.000000s ]
INFO: [ app_init ] --END-- [ RunTime:0.001000s ]

[ 2016-01-06T09:34:23+08:00 ] 127.0.0.1 /images/201509/thumb_img/145_thumb_P_1442883376271.jpg
INFO: [ app_init ] --START--
INFO: Run Behavior\BuildLiteBehavior [ RunTime:0.000000s ]
INFO: [ app_init ] --END-- [ RunTime:0.001000s ]

[ 2016-01-06T10:50:58+08:00 ] 127.0.0.1 /
INFO: [ app_init ] --START--
INFO: Run Behavior\BuildLiteBehavior [ RunTime:0.000000s ]
INFO: [ app_init ] --END-- [ RunTime:0.001000s ]
INFO: [ app_begin ] --START--
INFO: Run Behavior\ReadHtmlCacheBehavior [ RunTime:0.000000s ]
INFO: [ app_begin ] --END-- [ RunTime:0.000000s ]
SQL: SHOW COLUMNS FROM `ztm_cart` [ RunTime:0.0030s ]
SQL: SHOW COLUMNS FROM `ztm_cart` [ RunTime:0.0020s ]
SQL: SELECT SUM(goods_number) AS count FROM `ztm_cart` WHERE `cart_key` = '25ec53935b7a14cc2d69465da96c39a1' LIMIT 1   [ RunTime:0.0010s ]
SQL: SHOW COLUMNS FROM `ztm_advert` [ RunTime:0.0010s ]
SQL: SELECT * FROM `ztm_advert` WHERE `topic` = 'indexBanner' AND `disabled` = 'N' ORDER BY rank desc LIMIT 0,10000   [ RunTime:0.0020s ]
SQL: SHOW COLUMNS FROM `ztm_goods` [ RunTime:0.0020s ]
SQL: SELECT g.goods_name,g.market_price,g.shop_price,sg.goods_id,g.goods_thumb,sg.kill_price,sg.goods_number,sg.kill_start,sg.kill_end FROM ztm_seckill_goods AS sg LEFT JOIN ztm_goods AS g ON sg.goods_id=g.id WHERE sg.on_sale='Y' AND sg.disabled='N' AND sg.kill_start=1452009600 AND sg.kill_end=1452096000 ORDER BY sg.rank DESC LIMIT 0,3 [ RunTime:0.0020s ]
SQL: SELECT * FROM `ztm_advert` WHERE `topic` = 'indexFashion' AND `disabled` = 'N' ORDER BY rank desc LIMIT 0,9   [ RunTime:0.0010s ]
INFO: [ view_parse ] --START--
INFO: [ template_filter ] --START--
INFO: Run Behavior\ContentReplaceBehavior [ RunTime:0.000000s ]
INFO: [ template_filter ] --END-- [ RunTime:0.000000s ]
INFO: Run Behavior\ParseTemplateBehavior [ RunTime:0.016001s ]
INFO: [ view_parse ] --END-- [ RunTime:0.016001s ]
INFO: [ view_filter ] --START--
INFO: Run Behavior\WriteHtmlCacheBehavior [ RunTime:0.000000s ]
INFO: [ view_filter ] --END-- [ RunTime:0.000000s ]
INFO: [ app_end ] --START--
INFO: Run Behavior\ShowPageTraceBehavior [ RunTime:0.001000s ]
INFO: [ app_end ] --END-- [ RunTime:0.001000s ]

[ 2016-01-06T10:50:58+08:00 ] 127.0.0.1 /Uploads/20151215/566fd0895d1e1.jpg
INFO: [ app_init ] --START--
INFO: Run Behavior\BuildLiteBehavior [ RunTime:0.000000s ]
INFO: [ app_init ] --END-- [ RunTime:0.000000s ]

[ 2016-01-06T10:50:58+08:00 ] 127.0.0.1 /Uploads/20151215/566fbff15b94c.jpg
INFO: [ app_init ] --START--
INFO: Run Behavior\BuildLiteBehavior [ RunTime:0.000000s ]
INFO: [ app_init ] --END-- [ RunTime:0.000000s ]

[ 2016-01-06T10:50:58+08:00 ] 127.0.0.1 /Uploads/20151215/566fbfd9e81c0.jpg
INFO: [ app_init ] --START--
INFO: Run Behavior\BuildLiteBehavior [ RunTime:0.000000s ]
INFO: [ app_init ] --END-- [ RunTime:0.001001s ]

[ 2016-01-06T10:50:58+08:00 ] 127.0.0.1 /Uploads/20151215/566fd06f1fb82.jpg
INFO: [ app_init ] --START--
INFO: Run Behavior\BuildLiteBehavior [ RunTime:0.000000s ]
INFO: [ app_init ] --END-- [ RunTime:0.001000s ]

[ 2016-01-06T10:50:58+08:00 ] 127.0.0.1 /Uploads/20151216/5671118e51d60.jpg
INFO: [ app_init ] --START--
INFO: Run Behavior\BuildLiteBehavior [ RunTime:0.000000s ]
INFO: [ app_init ] --END-- [ RunTime:0.000000s ]

[ 2016-01-06T10:50:58+08:00 ] 127.0.0.1 /Uploads/20151216/567111719f5ef.jpg
INFO: [ app_init ] --START--
INFO: Run Behavior\BuildLiteBehavior [ RunTime:0.000000s ]
INFO: [ app_init ] --END-- [ RunTime:0.001000s ]

[ 2016-01-06T10:50:58+08:00 ] 127.0.0.1 /Uploads/20151214/566e8e50221b5.jpg
INFO: [ app_init ] --START--
INFO: Run Behavior\BuildLiteBehavior [ RunTime:0.000000s ]
INFO: [ app_init ] --END-- [ RunTime:0.000000s ]

[ 2016-01-06T10:50:58+08:00 ] 127.0.0.1 /Uploads/20151214/566e8e3607c33.jpg
INFO: [ app_init ] --START--
INFO: Run Behavior\BuildLiteBehavior [ RunTime:0.000000s ]
INFO: [ app_init ] --END-- [ RunTime:0.001000s ]

[ 2016-01-06T10:50:58+08:00 ] 127.0.0.1 /Uploads/20151211/566ab7fd714e7.jpg
INFO: [ app_init ] --START--
INFO: Run Behavior\BuildLiteBehavior [ RunTime:0.001000s ]
INFO: [ app_init ] --END-- [ RunTime:0.001000s ]

[ 2016-01-06T10:50:58+08:00 ] 127.0.0.1 /Uploads/20151215/566fd0895d1e1.jpg
INFO: [ app_init ] --START--
INFO: Run Behavior\BuildLiteBehavior [ RunTime:0.000000s ]
INFO: [ app_init ] --END-- [ RunTime:0.000000s ]

[ 2016-01-06T10:50:58+08:00 ] 127.0.0.1 /Uploads/20151225/567cfc2fe6bfb.jpg
INFO: [ app_init ] --START--
INFO: Run Behavior\BuildLiteBehavior [ RunTime:0.000000s ]
INFO: [ app_init ] --END-- [ RunTime:0.000000s ]

[ 2016-01-06T10:50:58+08:00 ] 127.0.0.1 /Uploads/20151225/567cfc2fe6bfb.jpg
INFO: [ app_init ] --START--
INFO: Run Behavior\BuildLiteBehavior [ RunTime:0.000000s ]
INFO: [ app_init ] --END-- [ RunTime:0.000000s ]

[ 2016-01-06T10:50:58+08:00 ] 127.0.0.1 /Uploads/20151225/567cfc2fe6bfb.jpg
INFO: [ app_init ] --START--
INFO: Run Behavior\BuildLiteBehavior [ RunTime:0.000000s ]
INFO: [ app_init ] --END-- [ RunTime:0.001000s ]

[ 2016-01-06T10:51:01+08:00 ] 127.0.0.1 /Index/brandPavilion.html
INFO: [ app_init ] --START--
INFO: Run Behavior\BuildLiteBehavior [ RunTime:0.000000s ]
INFO: [ app_init ] --END-- [ RunTime:0.001000s ]
INFO: [ app_begin ] --START--
INFO: Run Behavior\ReadHtmlCacheBehavior [ RunTime:0.001000s ]
INFO: [ app_begin ] --END-- [ RunTime:0.002000s ]
SQL: SHOW COLUMNS FROM `ztm_cart` [ RunTime:0.0020s ]
SQL: SHOW COLUMNS FROM `ztm_cart` [ RunTime:0.0020s ]
SQL: SELECT SUM(goods_number) AS count FROM `ztm_cart` WHERE `cart_key` = '25ec53935b7a14cc2d69465da96c39a1' LIMIT 1   [ RunTime:0.0010s ]
SQL: SHOW COLUMNS FROM `ztm_advert` [ RunTime:0.0020s ]
SQL: SELECT * FROM `ztm_advert` WHERE `topic` = 'brandPavilion' AND `disabled` = 'N' ORDER BY rank desc LIMIT 0,10000   [ RunTime:0.0010s ]
INFO: [ view_parse ] --START--
INFO: [ template_filter ] --START--
INFO: Run Behavior\ContentReplaceBehavior [ RunTime:0.000000s ]
INFO: [ template_filter ] --END-- [ RunTime:0.001000s ]
INFO: Run Behavior\ParseTemplateBehavior [ RunTime:0.050003s ]
INFO: [ view_parse ] --END-- [ RunTime:0.050003s ]
INFO: [ view_filter ] --START--
INFO: Run Behavior\WriteHtmlCacheBehavior [ RunTime:0.001000s ]
INFO: [ view_filter ] --END-- [ RunTime:0.001000s ]
INFO: [ app_end ] --START--
INFO: Run Behavior\ShowPageTraceBehavior [ RunTime:0.002000s ]
INFO: [ app_end ] --END-- [ RunTime:0.002000s ]

[ 2016-01-06T10:51:04+08:00 ] 127.0.0.1 /Index/index.html
INFO: [ app_init ] --START--
INFO: Run Behavior\BuildLiteBehavior [ RunTime:0.000000s ]
INFO: [ app_init ] --END-- [ RunTime:0.001000s ]
INFO: [ app_begin ] --START--
INFO: Run Behavior\ReadHtmlCacheBehavior [ RunTime:0.000000s ]
INFO: [ app_begin ] --END-- [ RunTime:0.001001s ]
SQL: SHOW COLUMNS FROM `ztm_cart` [ RunTime:0.0020s ]
SQL: SHOW COLUMNS FROM `ztm_cart` [ RunTime:0.0020s ]
SQL: SELECT SUM(goods_number) AS count FROM `ztm_cart` WHERE `cart_key` = '25ec53935b7a14cc2d69465da96c39a1' LIMIT 1   [ RunTime:0.0010s ]
SQL: SHOW COLUMNS FROM `ztm_advert` [ RunTime:0.0020s ]
SQL: SELECT * FROM `ztm_advert` WHERE `topic` = 'indexBanner' AND `disabled` = 'N' ORDER BY rank desc LIMIT 0,10000   [ RunTime:0.0010s ]
SQL: SHOW COLUMNS FROM `ztm_goods` [ RunTime:0.0030s ]
SQL: SELECT g.goods_name,g.market_price,g.shop_price,sg.goods_id,g.goods_thumb,sg.kill_price,sg.goods_number,sg.kill_start,sg.kill_end FROM ztm_seckill_goods AS sg LEFT JOIN ztm_goods AS g ON sg.goods_id=g.id WHERE sg.on_sale='Y' AND sg.disabled='N' AND sg.kill_start=1452009600 AND sg.kill_end=1452096000 ORDER BY sg.rank DESC LIMIT 0,3 [ RunTime:0.0010s ]
SQL: SELECT * FROM `ztm_advert` WHERE `topic` = 'indexFashion' AND `disabled` = 'N' ORDER BY rank desc LIMIT 0,9   [ RunTime:0.0010s ]
INFO: [ view_parse ] --START--
INFO: [ template_filter ] --START--
INFO: Run Behavior\ContentReplaceBehavior [ RunTime:0.001000s ]
INFO: [ template_filter ] --END-- [ RunTime:0.001000s ]
INFO: Run Behavior\ParseTemplateBehavior [ RunTime:0.019002s ]
INFO: [ view_parse ] --END-- [ RunTime:0.020002s ]
INFO: [ view_filter ] --START--
INFO: Run Behavior\WriteHtmlCacheBehavior [ RunTime:0.000000s ]
INFO: [ view_filter ] --END-- [ RunTime:0.000000s ]
INFO: [ app_end ] --START--
INFO: Run Behavior\ShowPageTraceBehavior [ RunTime:0.000000s ]
INFO: [ app_end ] --END-- [ RunTime:0.000000s ]

[ 2016-01-06T10:51:04+08:00 ] 127.0.0.1 /Uploads/20151216/5671118e51d60.jpg
INFO: [ app_init ] --START--
INFO: Run Behavior\BuildLiteBehavior [ RunTime:0.000000s ]
INFO: [ app_init ] --END-- [ RunTime:0.001000s ]

[ 2016-01-06T10:51:04+08:00 ] 127.0.0.1 /Uploads/20151216/567111719f5ef.jpg
INFO: [ app_init ] --START--
INFO: Run Behavior\BuildLiteBehavior [ RunTime:0.000000s ]
INFO: [ app_init ] --END-- [ RunTime:0.000000s ]

[ 2016-01-06T10:51:04+08:00 ] 127.0.0.1 /Uploads/20151215/566fbfd9e81c0.jpg
INFO: [ app_init ] --START--
INFO: Run Behavior\BuildLiteBehavior [ RunTime:0.000000s ]
INFO: [ app_init ] --END-- [ RunTime:0.000000s ]

[ 2016-01-06T10:51:04+08:00 ] 127.0.0.1 /Uploads/20151215/566fd06f1fb82.jpg
INFO: [ app_init ] --START--
INFO: Run Behavior\BuildLiteBehavior [ RunTime:0.000000s ]
INFO: [ app_init ] --END-- [ RunTime:0.000000s ]

[ 2016-01-06T10:51:04+08:00 ] 127.0.0.1 /Uploads/20151215/566fd0895d1e1.jpg
INFO: [ app_init ] --START--
INFO: Run Behavior\BuildLiteBehavior [ RunTime:0.000000s ]
INFO: [ app_init ] --END-- [ RunTime:0.003000s ]

[ 2016-01-06T10:51:04+08:00 ] 127.0.0.1 /Uploads/20151214/566e8e50221b5.jpg
INFO: [ app_init ] --START--
INFO: Run Behavior\BuildLiteBehavior [ RunTime:0.000000s ]
INFO: [ app_init ] --END-- [ RunTime:0.000000s ]

[ 2016-01-06T10:51:04+08:00 ] 127.0.0.1 /Uploads/20151214/566e8e3607c33.jpg
INFO: [ app_init ] --START--
INFO: Run Behavior\BuildLiteBehavior [ RunTime:0.000000s ]
INFO: [ app_init ] --END-- [ RunTime:0.000000s ]

[ 2016-01-06T10:51:04+08:00 ] 127.0.0.1 /Uploads/20151215/566fbff15b94c.jpg
INFO: [ app_init ] --START--
INFO: Run Behavior\BuildLiteBehavior [ RunTime:0.000000s ]
INFO: [ app_init ] --END-- [ RunTime:0.001000s ]

[ 2016-01-06T10:51:04+08:00 ] 127.0.0.1 /Uploads/20151211/566ab7fd714e7.jpg
INFO: [ app_init ] --START--
INFO: Run Behavior\BuildLiteBehavior [ RunTime:0.000000s ]
INFO: [ app_init ] --END-- [ RunTime:0.000000s ]

[ 2016-01-06T10:51:04+08:00 ] 127.0.0.1 /Uploads/20151216/567111719f5ef.jpg
INFO: [ app_init ] --START--
INFO: Run Behavior\BuildLiteBehavior [ RunTime:0.000000s ]
INFO: [ app_init ] --END-- [ RunTime:0.000000s ]

[ 2016-01-06T10:51:04+08:00 ] 127.0.0.1 /Uploads/20151216/5671118e51d60.jpg
INFO: [ app_init ] --START--
INFO: Run Behavior\BuildLiteBehavior [ RunTime:0.000000s ]
INFO: [ app_init ] --END-- [ RunTime:0.000000s ]

[ 2016-01-06T10:51:04+08:00 ] 127.0.0.1 /Uploads/20151225/567cfc2fe6bfb.jpg
INFO: [ app_init ] --START--
INFO: Run Behavior\BuildLiteBehavior [ RunTime:0.000000s ]
INFO: [ app_init ] --END-- [ RunTime:0.000000s ]

[ 2016-01-06T10:51:04+08:00 ] 127.0.0.1 /Uploads/20151225/567cfc2fe6bfb.jpg
INFO: [ app_init ] --START--
INFO: Run Behavior\BuildLiteBehavior [ RunTime:0.000000s ]
INFO: [ app_init ] --END-- [ RunTime:0.000000s ]

[ 2016-01-06T10:51:06+08:00 ] 127.0.0.1 /Index/catGoodsList/cat_id/1149.html
INFO: [ app_init ] --START--
INFO: Run Behavior\BuildLiteBehavior [ RunTime:0.000000s ]
INFO: [ app_init ] --END-- [ RunTime:0.001000s ]
INFO: [ app_begin ] --START--
INFO: Run Behavior\ReadHtmlCacheBehavior [ RunTime:0.000000s ]
INFO: [ app_begin ] --END-- [ RunTime:0.000000s ]
SQL: SHOW COLUMNS FROM `ztm_cart` [ RunTime:0.0030s ]
SQL: SHOW COLUMNS FROM `ztm_cart` [ RunTime:0.0020s ]
SQL: SELECT SUM(goods_number) AS count FROM `ztm_cart` WHERE `cart_key` = '25ec53935b7a14cc2d69465da96c39a1' LIMIT 1   [ RunTime:0.0010s ]
SQL: SHOW COLUMNS FROM `ztm_goods_category` [ RunTime:0.0020s ]
SQL: SELECT `category_name` FROM `ztm_goods_category` WHERE `id` = 1149 LIMIT 1   [ RunTime:0.0010s ]
INFO: [ view_parse ] --START--
INFO: [ template_filter ] --START--
INFO: Run Behavior\ContentReplaceBehavior [ RunTime:0.000000s ]
INFO: [ template_filter ] --END-- [ RunTime:0.000000s ]
INFO: Run Behavior\ParseTemplateBehavior [ RunTime:0.005000s ]
INFO: [ view_parse ] --END-- [ RunTime:0.005000s ]
INFO: [ view_filter ] --START--
INFO: Run Behavior\WriteHtmlCacheBehavior [ RunTime:0.000000s ]
INFO: [ view_filter ] --END-- [ RunTime:0.000000s ]
INFO: [ app_end ] --START--
INFO: Run Behavior\ShowPageTraceBehavior [ RunTime:0.000000s ]
INFO: [ app_end ] --END-- [ RunTime:0.001000s ]

[ 2016-01-06T10:51:06+08:00 ] 127.0.0.1 /index.php?m=Mobile&c=Index&a=getAjaxGoods
INFO: [ app_init ] --START--
INFO: Run Behavior\BuildLiteBehavior [ RunTime:0.000000s ]
INFO: [ app_init ] --END-- [ RunTime:0.000000s ]
INFO: [ app_begin ] --START--
INFO: Run Behavior\ReadHtmlCacheBehavior [ RunTime:0.000000s ]
INFO: [ app_begin ] --END-- [ RunTime:0.000000s ]
SQL: SHOW COLUMNS FROM `ztm_cart` [ RunTime:0.0030s ]
SQL: SHOW COLUMNS FROM `ztm_cart` [ RunTime:0.0020s ]
SQL: SELECT SUM(goods_number) AS count FROM `ztm_cart` WHERE `cart_key` = '25ec53935b7a14cc2d69465da96c39a1' LIMIT 1   [ RunTime:0.0010s ]
SQL: SHOW COLUMNS FROM `ztm_goods` [ RunTime:0.0020s ]
SQL: SHOW COLUMNS FROM `ztm_goods_category` [ RunTime:0.0020s ]
SQL: SELECT * FROM `ztm_goods_category` WHERE `parent_id` = 1149 AND `disabled` = 'N' AND `display` = 'Y'  [ RunTime:0.0010s ]
SQL: SELECT g.id,g.goods_name,g.market_price,g.shop_price,g.goods_thumb FROM ztm_goods g left join ztm_goods_extend_category gec on g.id=gec.goods_id and gec.category_id=1149  WHERE g.on_sale = 'Y' AND g.disabled = 'N' AND ( g.category_id in (1149) or gec.category_id=1149 ) ORDER BY g.rank desc LIMIT 0,12   [ RunTime:0.0070s ]
INFO: [ view_parse ] --START--
INFO: [ template_filter ] --START--
INFO: Run Behavior\ContentReplaceBehavior [ RunTime:0.000000s ]
INFO: [ template_filter ] --END-- [ RunTime:0.000000s ]
INFO: Run Behavior\ParseTemplateBehavior [ RunTime:0.005001s ]
INFO: [ view_parse ] --END-- [ RunTime:0.005001s ]
INFO: [ view_filter ] --START--
INFO: Run Behavior\WriteHtmlCacheBehavior [ RunTime:0.000000s ]
INFO: [ view_filter ] --END-- [ RunTime:0.000000s ]

[ 2016-01-06T10:51:06+08:00 ] 127.0.0.1 /Uploads/20151218/56737a759372d.jpg_250x250.jpg
INFO: [ app_init ] --START--
INFO: Run Behavior\BuildLiteBehavior [ RunTime:0.000000s ]
INFO: [ app_init ] --END-- [ RunTime:0.000000s ]

[ 2016-01-06T10:51:06+08:00 ] 127.0.0.1 /Uploads/20151218/567379ff88e0e.jpg_250x250.jpg
INFO: [ app_init ] --START--
INFO: Run Behavior\BuildLiteBehavior [ RunTime:0.000000s ]
INFO: [ app_init ] --END-- [ RunTime:0.000000s ]

[ 2016-01-06T10:51:06+08:00 ] 127.0.0.1 /Uploads/20151217/5672828880717.jpg_250x250.jpg
INFO: [ app_init ] --START--
INFO: Run Behavior\BuildLiteBehavior [ RunTime:0.000000s ]
INFO: [ app_init ] --END-- [ RunTime:0.000000s ]

[ 2016-01-06T10:51:06+08:00 ] 127.0.0.1 /Uploads/20151218/56737aeaad2e9.jpg_250x250.jpg
INFO: [ app_init ] --START--
INFO: Run Behavior\BuildLiteBehavior [ RunTime:0.000000s ]
INFO: [ app_init ] --END-- [ RunTime:0.000000s ]

[ 2016-01-06T10:51:06+08:00 ] 127.0.0.1 /Uploads/20151217/567283b8e6913.jpg_250x250.jpg
INFO: [ app_init ] --START--
INFO: Run Behavior\BuildLiteBehavior [ RunTime:0.000000s ]
INFO: [ app_init ] --END-- [ RunTime:0.000000s ]

[ 2016-01-06T10:51:06+08:00 ] 127.0.0.1 /Uploads/20151217/5672833e929a1.jpg_250x250.jpg
INFO: [ app_init ] --START--
INFO: Run Behavior\BuildLiteBehavior [ RunTime:0.000000s ]
INFO: [ app_init ] --END-- [ RunTime:0.001000s ]

[ 2016-01-06T10:51:07+08:00 ] 127.0.0.1 /Goods/detail/goods_id/2404
INFO: [ app_init ] --START--
INFO: Run Behavior\BuildLiteBehavior [ RunTime:0.000000s ]
INFO: [ app_init ] --END-- [ RunTime:0.000000s ]
INFO: [ app_begin ] --START--
INFO: Run Behavior\ReadHtmlCacheBehavior [ RunTime:0.001000s ]
INFO: [ app_begin ] --END-- [ RunTime:0.001000s ]
SQL: SHOW COLUMNS FROM `ztm_cart` [ RunTime:0.0020s ]
SQL: SHOW COLUMNS FROM `ztm_cart` [ RunTime:0.0020s ]
SQL: SELECT SUM(goods_number) AS count FROM `ztm_cart` WHERE `cart_key` = '25ec53935b7a14cc2d69465da96c39a1' LIMIT 1   [ RunTime:0.0020s ]
SQL: SHOW COLUMNS FROM `ztm_goods` [ RunTime:0.0020s ]
SQL: SHOW COLUMNS FROM `ztm_goods_extend` [ RunTime:0.0020s ]
SQL: SELECT `goods_gallery` FROM `ztm_goods_extend` WHERE `goods_id` = 2404 LIMIT 1   [ RunTime:0.0010s ]
SQL: SHOW COLUMNS FROM `ztm_goods` [ RunTime:0.0020s ]
SQL: SELECT `goods_name`,`market_price`,`goods_thumb`,`shop_price`,`category_id` FROM `ztm_goods` WHERE `id` = 2404 LIMIT 1   [ RunTime:0.0010s ]
SQL: SHOW COLUMNS FROM `ztm_goods` [ RunTime:0.0020s ]
SQL: SELECT `shop_price` FROM `ztm_goods` WHERE `on_sale` = 'Y' AND `disabled` = 'N' AND `id` = 2404 LIMIT 1   [ RunTime:0.0010s ]
SQL: SHOW COLUMNS FROM `ztm_seckill_goods` [ RunTime:0.0010s ]
SQL: SELECT `kill_price` FROM `ztm_seckill_goods` WHERE `goods_id` = 2404 AND `on_sale` = 'Y' AND `disabled` = 'N' AND `kill_start` < 1452048667 AND `kill_end` > 1452048667 LIMIT 1   [ RunTime:0.0010s ]
SQL: SHOW COLUMNS FROM `ztm_goods_extend` [ RunTime:0.0010s ]
SQL: SELECT * FROM `ztm_goods_extend` WHERE ( goods_id=2404 ) LIMIT 1   [ RunTime:0.0010s ]
SQL: SELECT SUM(og.goods_number) AS sale_count FROM ztm_order_goods AS og LEFT JOIN ztm_order AS o ON og.order_id=o.id WHERE
  o.payment_state='payed' AND og.goods_id=2404 [ RunTime:0.0010s ]
SQL: SELECT ge.skus AS oneskus,gs.skus AS twoskus FROM ztm_goods_extend AS ge LEFT JOIN ztm_goods_sku AS gs ON ge.sku_id=gs.id WHERE ge.goods_id=2404 [ RunTime:0.0020s ]
SQL: SHOW COLUMNS FROM `ztm_goods_extend` [ RunTime:0.0010s ]
SQL: SELECT `relation_goods` FROM `ztm_goods_extend` WHERE `goods_id` = '2404' LIMIT 1   [ RunTime:0.0010s ]
SQL: SHOW COLUMNS FROM `ztm_goods` [ RunTime:0.0020s ]
SQL: SELECT id AS goods_id,`goods_name`,`shop_price`,`market_price`,`goods_thumb` FROM `ztm_goods` WHERE `id` IN ('2400','2401','2402','2403') AND `on_sale` = 'Y' AND `disabled` = 'N' LIMIT 0,20   [ RunTime:0.0010s ]
SQL: SHOW COLUMNS FROM `ztm_group_goods` [ RunTime:0.0020s ]
SQL: SELECT id AS package_id,`group_name`,`relation_goods` FROM `ztm_group_goods` WHERE `goods_id` = '2404' AND `display` = 'Y' AND `disabled` = 'N' ORDER BY rank desc  [ RunTime:0.0010s ]
SQL: SHOW COLUMNS FROM `ztm_comment` [ RunTime:0.0020s ]
SQL: SELECT COUNT(*) AS tp_count FROM `ztm_comment` WHERE `relation_id` = 2404 AND `display` = 'Y' AND `relation_type` = 'goods' LIMIT 1   [ RunTime:0.0010s ]
SQL: SELECT COUNT(*) AS tp_count FROM `ztm_comment` WHERE `relation_id` = 2404 AND `display` = 'Y' AND `relation_type` = 'goods' AND `level` IN ('4','5') LIMIT 1   [ RunTime:0.0010s ]
SQL: SELECT COUNT(*) AS tp_count FROM `ztm_comment` WHERE `relation_id` = 2404 AND `display` = 'Y' AND `relation_type` = 'goods' AND `level` IN ('2','3') LIMIT 1   [ RunTime:0.0010s ]
SQL: SELECT COUNT(*) AS tp_count FROM `ztm_comment` WHERE `relation_id` = 2404 AND `display` = 'Y' AND `relation_type` = 'goods' AND `level` = 1 LIMIT 1   [ RunTime:0.0010s ]
SQL: SHOW COLUMNS FROM `ztm_comment` [ RunTime:0.0020s ]
SQL: SELECT `user_name`,`content`,`level`,`date_add` FROM `ztm_comment` WHERE `relation_id` = '2404' AND `display` = 'Y' AND `relation_type` = 'goods' ORDER BY id desc LIMIT 0,3   [ RunTime:0.0010s ]
SQL: SHOW COLUMNS FROM `ztm_goods_category` [ RunTime:0.0020s ]
SQL: SELECT `parent_id` FROM `ztm_goods_category` WHERE ( id=1149 ) LIMIT 1   [ RunTime:0.0010s ]
INFO: [ view_parse ] --START--
INFO: [ template_filter ] --START--
INFO: Run Behavior\ContentReplaceBehavior [ RunTime:0.000000s ]
INFO: [ template_filter ] --END-- [ RunTime:0.000000s ]
NOTIC: [8] Undefined variable: signPackage F:\homes\webonline\Ztmvip\Runtime\Cache\Mobile\bbca1ab48b10c56dde37875b852e8c3f.php 第 391 行.
NOTIC: [8] Undefined variable: signPackage F:\homes\webonline\Ztmvip\Runtime\Cache\Mobile\bbca1ab48b10c56dde37875b852e8c3f.php 第 392 行.
NOTIC: [8] Undefined variable: signPackage F:\homes\webonline\Ztmvip\Runtime\Cache\Mobile\bbca1ab48b10c56dde37875b852e8c3f.php 第 393 行.
NOTIC: [8] Undefined variable: signPackage F:\homes\webonline\Ztmvip\Runtime\Cache\Mobile\bbca1ab48b10c56dde37875b852e8c3f.php 第 394 行.
NOTIC: [8] Undefined variable: title F:\homes\webonline\Ztmvip\Runtime\Cache\Mobile\bbca1ab48b10c56dde37875b852e8c3f.php 第 406 行.
NOTIC: [8] Undefined variable: desc F:\homes\webonline\Ztmvip\Runtime\Cache\Mobile\bbca1ab48b10c56dde37875b852e8c3f.php 第 407 行.
NOTIC: [8] Undefined variable: link F:\homes\webonline\Ztmvip\Runtime\Cache\Mobile\bbca1ab48b10c56dde37875b852e8c3f.php 第 408 行.
NOTIC: [8] Undefined variable: imgUrl F:\homes\webonline\Ztmvip\Runtime\Cache\Mobile\bbca1ab48b10c56dde37875b852e8c3f.php 第 409 行.
NOTIC: [8] Undefined variable: title F:\homes\webonline\Ztmvip\Runtime\Cache\Mobile\bbca1ab48b10c56dde37875b852e8c3f.php 第 420 行.
NOTIC: [8] Undefined variable: link F:\homes\webonline\Ztmvip\Runtime\Cache\Mobile\bbca1ab48b10c56dde37875b852e8c3f.php 第 421 行.
NOTIC: [8] Undefined variable: imgUrl F:\homes\webonline\Ztmvip\Runtime\Cache\Mobile\bbca1ab48b10c56dde37875b852e8c3f.php 第 422 行.
INFO: Run Behavior\ParseTemplateBehavior [ RunTime:0.020001s ]
INFO: [ view_parse ] --END-- [ RunTime:0.021002s ]
INFO: [ view_filter ] --START--
INFO: Run Behavior\WriteHtmlCacheBehavior [ RunTime:0.001000s ]
INFO: [ view_filter ] --END-- [ RunTime:0.001000s ]
INFO: [ app_end ] --START--
INFO: Run Behavior\ShowPageTraceBehavior [ RunTime:0.001000s ]
INFO: [ app_end ] --END-- [ RunTime:0.001000s ]

[ 2016-01-06T10:51:07+08:00 ] 127.0.0.1 /Uploads/20151218/56737b024698b.jpg
INFO: [ app_init ] --START--
INFO: Run Behavior\BuildLiteBehavior [ RunTime:0.000000s ]
INFO: [ app_init ] --END-- [ RunTime:0.001000s ]

[ 2016-01-06T10:51:07+08:00 ] 127.0.0.1 /Uploads/20151218/56737b023fe5f.jpg
INFO: [ app_init ] --START--
INFO: Run Behavior\BuildLiteBehavior [ RunTime:0.000000s ]
INFO: [ app_init ] --END-- [ RunTime:0.001000s ]

[ 2016-01-06T10:51:07+08:00 ] 127.0.0.1 /Uploads/20151218/56737b0249cdf.jpg
INFO: [ app_init ] --START--
INFO: Run Behavior\BuildLiteBehavior [ RunTime:0.000000s ]
INFO: [ app_init ] --END-- [ RunTime:0.000000s ]

[ 2016-01-06T10:51:07+08:00 ] 127.0.0.1 /Uploads/20151218/56737b024f4cc.jpg
INFO: [ app_init ] --START--
INFO: Run Behavior\BuildLiteBehavior [ RunTime:0.000000s ]
INFO: [ app_init ] --END-- [ RunTime:0.000000s ]

[ 2016-01-06T10:51:07+08:00 ] 127.0.0.1 /Uploads/20151218/56737b029cea1.jpg
INFO: [ app_init ] --START--
INFO: Run Behavior\BuildLiteBehavior [ RunTime:0.000000s ]
INFO: [ app_init ] --END-- [ RunTime:0.000000s ]

[ 2016-01-06T10:51:07+08:00 ] 127.0.0.1 /Uploads/20151218/56737b02b5ae1.jpg
INFO: [ app_init ] --START--
INFO: Run Behavior\BuildLiteBehavior [ RunTime:0.000000s ]
INFO: [ app_init ] --END-- [ RunTime:0.000000s ]

[ 2016-01-06T10:51:07+08:00 ] 127.0.0.1 /Uploads/20151218/56737b026b270.jpg
INFO: [ app_init ] --START--
INFO: Run Behavior\BuildLiteBehavior [ RunTime:0.000000s ]
INFO: [ app_init ] --END-- [ RunTime:0.000000s ]

[ 2016-01-06T10:51:07+08:00 ] 127.0.0.1 /Uploads/20151218/56737b027b2b0.jpg
INFO: [ app_init ] --START--
INFO: Run Behavior\BuildLiteBehavior [ RunTime:0.000000s ]
INFO: [ app_init ] --END-- [ RunTime:0.000000s ]

[ 2016-01-06T10:51:07+08:00 ] 127.0.0.1 /Uploads/20151218/56737b0272a06.jpg
INFO: [ app_init ] --START--
INFO: Run Behavior\BuildLiteBehavior [ RunTime:0.000000s ]
INFO: [ app_init ] --END-- [ RunTime:0.001000s ]

[ 2016-01-06T10:51:07+08:00 ] 127.0.0.1 /Uploads/20151218/56737b0262892.jpg
INFO: [ app_init ] --START--
INFO: Run Behavior\BuildLiteBehavior [ RunTime:0.000000s ]
INFO: [ app_init ] --END-- [ RunTime:0.000000s ]

[ 2016-01-06T10:51:07+08:00 ] 127.0.0.1 /Uploads/20151218/56737b028505e.jpg
INFO: [ app_init ] --START--
INFO: Run Behavior\BuildLiteBehavior [ RunTime:0.000000s ]
INFO: [ app_init ] --END-- [ RunTime:0.000000s ]

[ 2016-01-06T10:51:07+08:00 ] 127.0.0.1 /Uploads/20151218/56737b02ad4e8.jpg
INFO: [ app_init ] --START--
INFO: Run Behavior\BuildLiteBehavior [ RunTime:0.000000s ]
INFO: [ app_init ] --END-- [ RunTime:0.000000s ]

[ 2016-01-06T10:51:07+08:00 ] 127.0.0.1 /Uploads/20151218/56737b02b913b.jpg
INFO: [ app_init ] --START--
INFO: Run Behavior\BuildLiteBehavior [ RunTime:0.000000s ]
INFO: [ app_init ] --END-- [ RunTime:0.000000s ]

[ 2016-01-06T10:51:07+08:00 ] 127.0.0.1 /Uploads/20151218/56737b02e2934.jpg
INFO: [ app_init ] --START--
INFO: Run Behavior\BuildLiteBehavior [ RunTime:0.000000s ]
INFO: [ app_init ] --END-- [ RunTime:0.001000s ]

[ 2016-01-06T10:51:07+08:00 ] 127.0.0.1 /Uploads/20151218/56737b02cd896.jpg
INFO: [ app_init ] --START--
INFO: Run Behavior\BuildLiteBehavior [ RunTime:0.000000s ]
INFO: [ app_init ] --END-- [ RunTime:0.000000s ]

[ 2016-01-06T10:51:07+08:00 ] 127.0.0.1 /Uploads/20151218/56737b0323f8d.jpg
INFO: [ app_init ] --START--
INFO: Run Behavior\BuildLiteBehavior [ RunTime:0.000000s ]
INFO: [ app_init ] --END-- [ RunTime:0.001000s ]

[ 2016-01-06T10:51:07+08:00 ] 127.0.0.1 /Uploads/20151218/56737b02d8a67.jpg
INFO: [ app_init ] --START--
INFO: Run Behavior\BuildLiteBehavior [ RunTime:0.000000s ]
INFO: [ app_init ] --END-- [ RunTime:0.000000s ]

[ 2016-01-06T10:51:07+08:00 ] 127.0.0.1 /Uploads/20151218/56737b02dd42c.jpg
INFO: [ app_init ] --START--
INFO: Run Behavior\BuildLiteBehavior [ RunTime:0.000000s ]
INFO: [ app_init ] --END-- [ RunTime:0.000000s ]

[ 2016-01-06T10:51:07+08:00 ] 127.0.0.1 /Uploads/20151217/5672833e929a1.jpg
INFO: [ app_init ] --START--
INFO: Run Behavior\BuildLiteBehavior [ RunTime:0.000000s ]
INFO: [ app_init ] --END-- [ RunTime:0.001000s ]

[ 2016-01-06T10:51:07+08:00 ] 127.0.0.1 /Uploads/20151218/56737b0341f96.jpg
INFO: [ app_init ] --START--
INFO: Run Behavior\BuildLiteBehavior [ RunTime:0.000000s ]
INFO: [ app_init ] --END-- [ RunTime:0.001000s ]

[ 2016-01-06T10:51:07+08:00 ] 127.0.0.1 /Uploads/20151218/56737b02588f5.jpg
INFO: [ app_init ] --START--
INFO: Run Behavior\BuildLiteBehavior [ RunTime:0.000000s ]
INFO: [ app_init ] --END-- [ RunTime:0.000000s ]

[ 2016-01-06T10:51:07+08:00 ] 127.0.0.1 /Uploads/20151217/567283b8e6913.jpg
INFO: [ app_init ] --START--
INFO: Run Behavior\BuildLiteBehavior [ RunTime:0.000000s ]
INFO: [ app_init ] --END-- [ RunTime:0.000000s ]

[ 2016-01-06T10:51:07+08:00 ] 127.0.0.1 /Uploads/20151218/567379ff88e0e.jpg
INFO: [ app_init ] --START--
INFO: Run Behavior\BuildLiteBehavior [ RunTime:0.000000s ]
INFO: [ app_init ] --END-- [ RunTime:0.000000s ]

[ 2016-01-06T10:51:07+08:00 ] 127.0.0.1 /Uploads/20151218/56737a759372d.jpg
INFO: [ app_init ] --START--
INFO: Run Behavior\BuildLiteBehavior [ RunTime:0.000000s ]
INFO: [ app_init ] --END-- [ RunTime:0.001001s ]

[ 2016-01-06T10:51:07+08:00 ] 127.0.0.1 /Uploads/20151218/56737aeaad2e9.jpg_710x700.jpg
INFO: [ app_init ] --START--
INFO: Run Behavior\BuildLiteBehavior [ RunTime:0.000000s ]
INFO: [ app_init ] --END-- [ RunTime:0.000000s ]

[ 2016-01-06T10:51:07+08:00 ] 127.0.0.1 /Uploads/20151218/56737b024698b.jpg
INFO: [ app_init ] --START--
INFO: Run Behavior\BuildLiteBehavior [ RunTime:0.000000s ]
INFO: [ app_init ] --END-- [ RunTime:0.000000s ]

[ 2016-01-06T10:51:07+08:00 ] 127.0.0.1 /Uploads/20151218/56737b024f4cc.jpg
INFO: [ app_init ] --START--
INFO: Run Behavior\BuildLiteBehavior [ RunTime:0.000000s ]
INFO: [ app_init ] --END-- [ RunTime:0.000000s ]

[ 2016-01-06T10:51:07+08:00 ] 127.0.0.1 /Uploads/20151218/56737b023fe5f.jpg
INFO: [ app_init ] --START--
INFO: Run Behavior\BuildLiteBehavior [ RunTime:0.000000s ]
INFO: [ app_init ] --END-- [ RunTime:0.000000s ]

[ 2016-01-06T10:51:08+08:00 ] 127.0.0.1 /Uploads/20151218/56737b0249cdf.jpg
INFO: [ app_init ] --START--
INFO: Run Behavior\BuildLiteBehavior [ RunTime:0.000000s ]
INFO: [ app_init ] --END-- [ RunTime:0.001000s ]

[ 2016-01-06T10:51:08+08:00 ] 127.0.0.1 /Uploads/20151218/56737b02b5ae1.jpg
INFO: [ app_init ] --START--
INFO: Run Behavior\BuildLiteBehavior [ RunTime:0.000000s ]
INFO: [ app_init ] --END-- [ RunTime:0.000000s ]

[ 2016-01-06T10:51:08+08:00 ] 127.0.0.1 /Uploads/20151218/56737b0272a06.jpg
INFO: [ app_init ] --START--
INFO: Run Behavior\BuildLiteBehavior [ RunTime:0.000000s ]
INFO: [ app_init ] --END-- [ RunTime:0.000000s ]

[ 2016-01-06T10:51:08+08:00 ] 127.0.0.1 /Uploads/20151218/56737b0262892.jpg
INFO: [ app_init ] --START--
INFO: Run Behavior\BuildLiteBehavior [ RunTime:0.000000s ]
INFO: [ app_init ] --END-- [ RunTime:0.000000s ]

[ 2016-01-06T10:51:08+08:00 ] 127.0.0.1 /Uploads/20151218/56737b026b270.jpg
INFO: [ app_init ] --START--
INFO: Run Behavior\BuildLiteBehavior [ RunTime:0.000000s ]
INFO: [ app_init ] --END-- [ RunTime:0.000000s ]

[ 2016-01-06T10:51:08+08:00 ] 127.0.0.1 /Uploads/20151218/56737b028505e.jpg
INFO: [ app_init ] --START--
INFO: Run Behavior\BuildLiteBehavior [ RunTime:0.000000s ]
INFO: [ app_init ] --END-- [ RunTime:0.000000s ]

[ 2016-01-06T10:51:08+08:00 ] 127.0.0.1 /Uploads/20151218/56737b027b2b0.jpg
INFO: [ app_init ] --START--
INFO: Run Behavior\BuildLiteBehavior [ RunTime:0.000000s ]
INFO: [ app_init ] --END-- [ RunTime:0.000000s ]

[ 2016-01-06T10:51:08+08:00 ] 127.0.0.1 /Uploads/20151218/56737b02b913b.jpg
INFO: [ app_init ] --START--
INFO: Run Behavior\BuildLiteBehavior [ RunTime:0.000000s ]
INFO: [ app_init ] --END-- [ RunTime:0.000000s ]

[ 2016-01-06T10:51:08+08:00 ] 127.0.0.1 /Uploads/20151218/56737b029cea1.jpg
INFO: [ app_init ] --START--
INFO: Run Behavior\BuildLiteBehavior [ RunTime:0.000000s ]
INFO: [ app_init ] --END-- [ RunTime:0.000000s ]

[ 2016-01-06T10:51:08+08:00 ] 127.0.0.1 /Uploads/20151218/56737b02ad4e8.jpg
INFO: [ app_init ] --START--
INFO: Run Behavior\BuildLiteBehavior [ RunTime:0.000000s ]
INFO: [ app_init ] --END-- [ RunTime:0.000000s ]

[ 2016-01-06T10:51:08+08:00 ] 127.0.0.1 /Uploads/20151218/56737aeaad2e9.jpg_710x700.jpg
INFO: [ app_init ] --START--
INFO: Run Behavior\BuildLiteBehavior [ RunTime:0.000000s ]
INFO: [ app_init ] --END-- [ RunTime:0.000000s ]

[ 2016-01-06T10:51:08+08:00 ] 127.0.0.1 /Uploads/20151218/56737aeaad2e9.jpg_710x700.jpg
INFO: [ app_init ] --START--
INFO: Run Behavior\BuildLiteBehavior [ RunTime:0.000000s ]
INFO: [ app_init ] --END-- [ RunTime:0.001000s ]

[ 2016-01-06T10:51:08+08:00 ] 127.0.0.1 /index.php?m=Mobile&c=Flow&a=price
INFO: [ app_init ] --START--
INFO: Run Behavior\BuildLiteBehavior [ RunTime:0.000000s ]
INFO: [ app_init ] --END-- [ RunTime:0.000000s ]
INFO: [ app_begin ] --START--
INFO: Run Behavior\ReadHtmlCacheBehavior [ RunTime:0.000000s ]
INFO: [ app_begin ] --END-- [ RunTime:0.000000s ]
SQL: SHOW COLUMNS FROM `ztm_cart` [ RunTime:0.0020s ]
SQL: SHOW COLUMNS FROM `ztm_cart` [ RunTime:0.0010s ]
SQL: SELECT SUM(goods_number) AS count FROM `ztm_cart` WHERE `cart_key` = '25ec53935b7a14cc2d69465da96c39a1' LIMIT 1   [ RunTime:0.0010s ]
SQL: SHOW COLUMNS FROM `ztm_goods` [ RunTime:0.0020s ]
SQL: SHOW COLUMNS FROM `ztm_goods` [ RunTime:0.0020s ]
SQL: SELECT `shop_price` FROM `ztm_goods` WHERE `on_sale` = 'Y' AND `disabled` = 'N' AND `id` = 2404 LIMIT 1   [ RunTime:0.0010s ]
SQL: SHOW COLUMNS FROM `ztm_seckill_goods` [ RunTime:0.0020s ]
SQL: SELECT `kill_price` FROM `ztm_seckill_goods` WHERE `goods_id` = 2404 AND `on_sale` = 'Y' AND `disabled` = 'N' AND `kill_start` < 1452048668 AND `kill_end` > 1452048668 LIMIT 1   [ RunTime:0.0020s ]
SQL: SHOW COLUMNS FROM `ztm_goods_extend` [ RunTime:0.0010s ]
SQL: SELECT `skus_price` FROM `ztm_goods_extend` WHERE ( goods_id=2404 ) LIMIT 1   [ RunTime:0.0010s ]

[ 2016-01-06T10:51:10+08:00 ] 127.0.0.1 /Uploads/20151218/56737aeee78cf.jpg_710x700.jpg
INFO: [ app_init ] --START--
INFO: Run Behavior\BuildLiteBehavior [ RunTime:0.000000s ]
INFO: [ app_init ] --END-- [ RunTime:0.001000s ]

[ 2016-01-06T10:51:10+08:00 ] 127.0.0.1 /Uploads/20151218/56737aeee78cf.jpg_710x700.jpg
INFO: [ app_init ] --START--
INFO: Run Behavior\BuildLiteBehavior [ RunTime:0.000000s ]
INFO: [ app_init ] --END-- [ RunTime:0.000000s ]

[ 2016-01-06T10:51:10+08:00 ] 127.0.0.1 /Uploads/20151218/56737aeee78cf.jpg_710x700.jpg
INFO: [ app_init ] --START--
INFO: Run Behavior\BuildLiteBehavior [ RunTime:0.000000s ]
INFO: [ app_init ] --END-- [ RunTime:0.000000s ]

[ 2016-01-06T10:51:12+08:00 ] 127.0.0.1 /Goods/detail/goods_id/183
INFO: [ app_init ] --START--
INFO: Run Behavior\BuildLiteBehavior [ RunTime:0.000000s ]
INFO: [ app_init ] --END-- [ RunTime:0.001000s ]
INFO: [ app_begin ] --START--
INFO: Run Behavior\ReadHtmlCacheBehavior [ RunTime:0.000000s ]
INFO: [ app_begin ] --END-- [ RunTime:0.001000s ]
SQL: SHOW COLUMNS FROM `ztm_cart` [ RunTime:0.0020s ]
SQL: SHOW COLUMNS FROM `ztm_cart` [ RunTime:0.0020s ]
SQL: SELECT SUM(goods_number) AS count FROM `ztm_cart` WHERE `cart_key` = '25ec53935b7a14cc2d69465da96c39a1' LIMIT 1   [ RunTime:0.0010s ]
SQL: SHOW COLUMNS FROM `ztm_goods` [ RunTime:0.0020s ]
SQL: SHOW COLUMNS FROM `ztm_goods_extend` [ RunTime:0.0020s ]
SQL: SELECT `goods_gallery` FROM `ztm_goods_extend` WHERE `goods_id` = 183 LIMIT 1   [ RunTime:0.0010s ]
SQL: SHOW COLUMNS FROM `ztm_goods` [ RunTime:0.0020s ]
SQL: SELECT `goods_name`,`market_price`,`goods_thumb`,`shop_price`,`category_id` FROM `ztm_goods` WHERE `id` = 183 LIMIT 1   [ RunTime:0.0010s ]
SQL: SHOW COLUMNS FROM `ztm_goods` [ RunTime:0.0020s ]
SQL: SELECT `shop_price` FROM `ztm_goods` WHERE `on_sale` = 'Y' AND `disabled` = 'N' AND `id` = 183 LIMIT 1   [ RunTime:0.0010s ]
SQL: SHOW COLUMNS FROM `ztm_seckill_goods` [ RunTime:0.0010s ]
SQL: SELECT `kill_price` FROM `ztm_seckill_goods` WHERE `goods_id` = 183 AND `on_sale` = 'Y' AND `disabled` = 'N' AND `kill_start` < 1452048672 AND `kill_end` > 1452048672 LIMIT 1   [ RunTime:0.0010s ]
SQL: SHOW COLUMNS FROM `ztm_goods_extend` [ RunTime:0.0020s ]
SQL: SELECT * FROM `ztm_goods_extend` WHERE ( goods_id=183 ) LIMIT 1   [ RunTime:0.0010s ]
SQL: SELECT SUM(og.goods_number) AS sale_count FROM ztm_order_goods AS og LEFT JOIN ztm_order AS o ON og.order_id=o.id WHERE
  o.payment_state='payed' AND og.goods_id=183 [ RunTime:0.0280s ]
SQL: SELECT ge.skus AS oneskus,gs.skus AS twoskus FROM ztm_goods_extend AS ge LEFT JOIN ztm_goods_sku AS gs ON ge.sku_id=gs.id WHERE ge.goods_id=183 [ RunTime:0.0010s ]
SQL: SHOW COLUMNS FROM `ztm_goods_extend` [ RunTime:0.0020s ]
SQL: SELECT `relation_goods` FROM `ztm_goods_extend` WHERE `goods_id` = '183' LIMIT 1   [ RunTime:0.0010s ]
SQL: SHOW COLUMNS FROM `ztm_group_goods` [ RunTime:0.0010s ]
SQL: SELECT id AS package_id,`group_name`,`relation_goods` FROM `ztm_group_goods` WHERE `goods_id` = '183' AND `display` = 'Y' AND `disabled` = 'N' ORDER BY rank desc  [ RunTime:0.0020s ]
SQL: SHOW COLUMNS FROM `ztm_comment` [ RunTime:0.0010s ]
SQL: SELECT COUNT(*) AS tp_count FROM `ztm_comment` WHERE `relation_id` = 183 AND `display` = 'Y' AND `relation_type` = 'goods' LIMIT 1   [ RunTime:0.0010s ]
SQL: SELECT COUNT(*) AS tp_count FROM `ztm_comment` WHERE `relation_id` = 183 AND `display` = 'Y' AND `relation_type` = 'goods' AND `level` IN ('4','5') LIMIT 1   [ RunTime:0.0010s ]
SQL: SELECT COUNT(*) AS tp_count FROM `ztm_comment` WHERE `relation_id` = 183 AND `display` = 'Y' AND `relation_type` = 'goods' AND `level` IN ('2','3') LIMIT 1   [ RunTime:0.0010s ]
SQL: SELECT COUNT(*) AS tp_count FROM `ztm_comment` WHERE `relation_id` = 183 AND `display` = 'Y' AND `relation_type` = 'goods' AND `level` = 1 LIMIT 1   [ RunTime:0.0010s ]
SQL: SHOW COLUMNS FROM `ztm_comment` [ RunTime:0.0020s ]
SQL: SELECT `user_name`,`content`,`level`,`date_add` FROM `ztm_comment` WHERE `relation_id` = '183' AND `display` = 'Y' AND `relation_type` = 'goods' ORDER BY id desc LIMIT 0,3   [ RunTime:0.0020s ]
SQL: SHOW COLUMNS FROM `ztm_goods_category` [ RunTime:0.0020s ]
SQL: SELECT `parent_id` FROM `ztm_goods_category` WHERE ( id=721 ) LIMIT 1   [ RunTime:0.0010s ]
INFO: [ view_parse ] --START--
INFO: [ template_filter ] --START--
INFO: Run Behavior\ContentReplaceBehavior [ RunTime:0.001000s ]
INFO: [ template_filter ] --END-- [ RunTime:0.001000s ]
NOTIC: [8] Undefined index: name F:\homes\webonline\Ztmvip\Runtime\Cache\Mobile\bbca1ab48b10c56dde37875b852e8c3f.php 第 210 行.
NOTIC: [8] Undefined index: sku_id F:\homes\webonline\Ztmvip\Runtime\Cache\Mobile\bbca1ab48b10c56dde37875b852e8c3f.php 第 213 行.
NOTIC: [8] Undefined index: name F:\homes\webonline\Ztmvip\Runtime\Cache\Mobile\bbca1ab48b10c56dde37875b852e8c3f.php 第 213 行.
NOTIC: [8] Undefined index: sku_id F:\homes\webonline\Ztmvip\Runtime\Cache\Mobile\bbca1ab48b10c56dde37875b852e8c3f.php 第 213 行.
NOTIC: [8] Undefined index: name F:\homes\webonline\Ztmvip\Runtime\Cache\Mobile\bbca1ab48b10c56dde37875b852e8c3f.php 第 213 行.
NOTIC: [8] Undefined index: sku_id F:\homes\webonline\Ztmvip\Runtime\Cache\Mobile\bbca1ab48b10c56dde37875b852e8c3f.php 第 213 行.
NOTIC: [8] Undefined index: name F:\homes\webonline\Ztmvip\Runtime\Cache\Mobile\bbca1ab48b10c56dde37875b852e8c3f.php 第 213 行.
NOTIC: [8] Undefined index: name F:\homes\webonline\Ztmvip\Runtime\Cache\Mobile\bbca1ab48b10c56dde37875b852e8c3f.php 第 210 行.
NOTIC: [8] Undefined index: sku_id F:\homes\webonline\Ztmvip\Runtime\Cache\Mobile\bbca1ab48b10c56dde37875b852e8c3f.php 第 213 行.
NOTIC: [8] Undefined index: name F:\homes\webonline\Ztmvip\Runtime\Cache\Mobile\bbca1ab48b10c56dde37875b852e8c3f.php 第 213 行.
NOTIC: [8] Undefined index: sku_id F:\homes\webonline\Ztmvip\Runtime\Cache\Mobile\bbca1ab48b10c56dde37875b852e8c3f.php 第 213 行.
NOTIC: [8] Undefined index: name F:\homes\webonline\Ztmvip\Runtime\Cache\Mobile\bbca1ab48b10c56dde37875b852e8c3f.php 第 213 行.
NOTIC: [8] Undefined variable: signPackage F:\homes\webonline\Ztmvip\Runtime\Cache\Mobile\bbca1ab48b10c56dde37875b852e8c3f.php 第 391 行.
NOTIC: [8] Undefined variable: signPackage F:\homes\webonline\Ztmvip\Runtime\Cache\Mobile\bbca1ab48b10c56dde37875b852e8c3f.php 第 392 行.
NOTIC: [8] Undefined variable: signPackage F:\homes\webonline\Ztmvip\Runtime\Cache\Mobile\bbca1ab48b10c56dde37875b852e8c3f.php 第 393 行.
NOTIC: [8] Undefined variable: signPackage F:\homes\webonline\Ztmvip\Runtime\Cache\Mobile\bbca1ab48b10c56dde37875b852e8c3f.php 第 394 行.
NOTIC: [8] Undefined variable: title F:\homes\webonline\Ztmvip\Runtime\Cache\Mobile\bbca1ab48b10c56dde37875b852e8c3f.php 第 406 行.
NOTIC: [8] Undefined variable: desc F:\homes\webonline\Ztmvip\Runtime\Cache\Mobile\bbca1ab48b10c56dde37875b852e8c3f.php 第 407 行.
NOTIC: [8] Undefined variable: link F:\homes\webonline\Ztmvip\Runtime\Cache\Mobile\bbca1ab48b10c56dde37875b852e8c3f.php 第 408 行.
NOTIC: [8] Undefined variable: imgUrl F:\homes\webonline\Ztmvip\Runtime\Cache\Mobile\bbca1ab48b10c56dde37875b852e8c3f.php 第 409 行.
NOTIC: [8] Undefined variable: title F:\homes\webonline\Ztmvip\Runtime\Cache\Mobile\bbca1ab48b10c56dde37875b852e8c3f.php 第 420 行.
NOTIC: [8] Undefined variable: link F:\homes\webonline\Ztmvip\Runtime\Cache\Mobile\bbca1ab48b10c56dde37875b852e8c3f.php 第 421 行.
NOTIC: [8] Undefined variable: imgUrl F:\homes\webonline\Ztmvip\Runtime\Cache\Mobile\bbca1ab48b10c56dde37875b852e8c3f.php 第 422 行.
INFO: Run Behavior\ParseTemplateBehavior [ RunTime:0.025001s ]
INFO: [ view_parse ] --END-- [ RunTime:0.025001s ]
INFO: [ view_filter ] --START--
INFO: Run Behavior\WriteHtmlCacheBehavior [ RunTime:0.000000s ]
INFO: [ view_filter ] --END-- [ RunTime:0.000000s ]
INFO: [ app_end ] --START--
INFO: Run Behavior\ShowPageTraceBehavior [ RunTime:0.000000s ]
INFO: [ app_end ] --END-- [ RunTime:0.000000s ]

[ 2016-01-06T10:51:12+08:00 ] 127.0.0.1 /images/upload/Image/4(5).jpg
INFO: [ app_init ] --START--
INFO: Run Behavior\BuildLiteBehavior [ RunTime:0.000000s ]
INFO: [ app_init ] --END-- [ RunTime:0.000000s ]

[ 2016-01-06T10:51:12+08:00 ] 127.0.0.1 /images/upload/Image/3(7).jpg
INFO: [ app_init ] --START--
INFO: Run Behavior\BuildLiteBehavior [ RunTime:0.000000s ]
INFO: [ app_init ] --END-- [ RunTime:0.000000s ]

[ 2016-01-06T10:51:12+08:00 ] 127.0.0.1 /images/upload/Image/6(6).jpg
INFO: [ app_init ] --START--
INFO: Run Behavior\BuildLiteBehavior [ RunTime:0.000000s ]
INFO: [ app_init ] --END-- [ RunTime:0.000000s ]

[ 2016-01-06T10:51:12+08:00 ] 127.0.0.1 /images/upload/Image/3(7).jpg
INFO: [ app_init ] --START--
INFO: Run Behavior\BuildLiteBehavior [ RunTime:0.000000s ]
INFO: [ app_init ] --END-- [ RunTime:0.000000s ]

[ 2016-01-06T10:51:12+08:00 ] 127.0.0.1 /images/upload/Image/4(5).jpg
INFO: [ app_init ] --START--
INFO: Run Behavior\BuildLiteBehavior [ RunTime:0.000000s ]
INFO: [ app_init ] --END-- [ RunTime:0.000000s ]

[ 2016-01-06T10:51:12+08:00 ] 127.0.0.1 /images/201506/thumb_img/183_thumb_P_1433441507117.jpg
INFO: [ app_init ] --START--
INFO: Run Behavior\BuildLiteBehavior [ RunTime:0.000000s ]
INFO: [ app_init ] --END-- [ RunTime:0.000000s ]

[ 2016-01-06T10:51:12+08:00 ] 127.0.0.1 /images/upload/Image/6(6).jpg
INFO: [ app_init ] --START--
INFO: Run Behavior\BuildLiteBehavior [ RunTime:0.000000s ]
INFO: [ app_init ] --END-- [ RunTime:0.000000s ]

[ 2016-01-06T10:51:12+08:00 ] 127.0.0.1 /images/201506/thumb_img/183_thumb_P_1433441507117.jpg
INFO: [ app_init ] --START--
INFO: Run Behavior\BuildLiteBehavior [ RunTime:0.000000s ]
INFO: [ app_init ] --END-- [ RunTime:0.000000s ]

[ 2016-01-06T10:51:12+08:00 ] 127.0.0.1 /images/201506/thumb_img/183_thumb_P_1433441507117.jpg
INFO: [ app_init ] --START--
INFO: Run Behavior\BuildLiteBehavior [ RunTime:0.000000s ]
INFO: [ app_init ] --END-- [ RunTime:0.000000s ]

[ 2016-01-06T10:51:12+08:00 ] 127.0.0.1 /index.php?m=Mobile&c=Flow&a=price
INFO: [ app_init ] --START--
INFO: Run Behavior\BuildLiteBehavior [ RunTime:0.000000s ]
INFO: [ app_init ] --END-- [ RunTime:0.000000s ]
INFO: [ app_begin ] --START--
INFO: Run Behavior\ReadHtmlCacheBehavior [ RunTime:0.001000s ]
INFO: [ app_begin ] --END-- [ RunTime:0.001000s ]
SQL: SHOW COLUMNS FROM `ztm_cart` [ RunTime:0.0020s ]
SQL: SHOW COLUMNS FROM `ztm_cart` [ RunTime:0.0020s ]
SQL: SELECT SUM(goods_number) AS count FROM `ztm_cart` WHERE `cart_key` = '25ec53935b7a14cc2d69465da96c39a1' LIMIT 1   [ RunTime:0.0020s ]
SQL: SHOW COLUMNS FROM `ztm_goods` [ RunTime:0.0020s ]
SQL: SHOW COLUMNS FROM `ztm_goods` [ RunTime:0.0010s ]
SQL: SELECT `shop_price` FROM `ztm_goods` WHERE `on_sale` = 'Y' AND `disabled` = 'N' AND `id` = 183 LIMIT 1   [ RunTime:0.0010s ]
SQL: SHOW COLUMNS FROM `ztm_seckill_goods` [ RunTime:0.0010s ]
SQL: SELECT `kill_price` FROM `ztm_seckill_goods` WHERE `goods_id` = 183 AND `on_sale` = 'Y' AND `disabled` = 'N' AND `kill_start` < 1452048672 AND `kill_end` > 1452048672 LIMIT 1   [ RunTime:0.0010s ]
SQL: SHOW COLUMNS FROM `ztm_goods_extend` [ RunTime:0.0010s ]
SQL: SELECT `skus_price` FROM `ztm_goods_extend` WHERE ( goods_id=183 ) LIMIT 1   [ RunTime:0.0010s ]

[ 2016-01-06T10:51:15+08:00 ] 127.0.0.1 /images/201506/thumb_img/183_thumb_P_1433441932522.jpg
INFO: [ app_init ] --START--
INFO: Run Behavior\BuildLiteBehavior [ RunTime:0.000000s ]
INFO: [ app_init ] --END-- [ RunTime:0.001000s ]

[ 2016-01-06T10:51:15+08:00 ] 127.0.0.1 /images/201506/thumb_img/183_thumb_P_1433441932522.jpg
INFO: [ app_init ] --START--
INFO: Run Behavior\BuildLiteBehavior [ RunTime:0.000000s ]
INFO: [ app_init ] --END-- [ RunTime:0.001000s ]

[ 2016-01-06T10:51:15+08:00 ] 127.0.0.1 /images/201506/thumb_img/183_thumb_P_1433441932522.jpg
INFO: [ app_init ] --START--
INFO: Run Behavior\BuildLiteBehavior [ RunTime:0.000000s ]
INFO: [ app_init ] --END-- [ RunTime:0.001000s ]

[ 2016-01-06T10:51:17+08:00 ] 127.0.0.1 /images/201506/thumb_img/183_thumb_P_1433441507117.jpg
INFO: [ app_init ] --START--
INFO: Run Behavior\BuildLiteBehavior [ RunTime:0.000000s ]
INFO: [ app_init ] --END-- [ RunTime:0.000000s ]

[ 2016-01-06T10:51:17+08:00 ] 127.0.0.1 /images/201506/thumb_img/183_thumb_P_1433441507117.jpg
INFO: [ app_init ] --START--
INFO: Run Behavior\BuildLiteBehavior [ RunTime:0.000000s ]
INFO: [ app_init ] --END-- [ RunTime:0.000000s ]

