[ 2016-01-25T13:51:05+08:00 ] 127.0.0.1 /favicon.ico
INFO: [ app_init ] --START--
INFO: Run Behavior\BuildLiteBehavior [ RunTime:0.000000s ]
INFO: [ app_init ] --END-- [ RunTime:0.001000s ]

[ 2016-01-25T13:51:05+08:00 ] 127.0.0.1 /
INFO: [ app_init ] --START--
INFO: Run Behavior\BuildLiteBehavior [ RunTime:0.000000s ]
INFO: [ app_init ] --END-- [ RunTime:0.000000s ]
INFO: [ app_begin ] --START--
INFO: Run Behavior\ReadHtmlCacheBehavior [ RunTime:0.001000s ]
INFO: [ app_begin ] --END-- [ RunTime:0.001000s ]
SQL: SHOW COLUMNS FROM `ztm_cart` [ RunTime:0.0020s ]
SQL: SHOW COLUMNS FROM `ztm_cart` [ RunTime:0.0020s ]
SQL: SELECT SUM(goods_number) AS count FROM `ztm_cart` WHERE `cart_key` = '1945b8f1733b0efe898a6a6c49f3a900' LIMIT 1   [ RunTime:0.0010s ]
NOTIC: [8] Use of undefined constant normal - assumed 'normal' F:\homes\webonline\Ztmvip\Mobile\Controller\IndexController.class.php 第 11 行.
ERR: Think\Model:logAccountChange方法不存在！

[ 2016-01-25T13:51:05+08:00 ] 127.0.0.1 /favicon.ico
INFO: [ app_init ] --START--
INFO: Run Behavior\BuildLiteBehavior [ RunTime:0.000000s ]
INFO: [ app_init ] --END-- [ RunTime:0.000000s ]

[ 2016-01-25T13:51:25+08:00 ] 127.0.0.1 /
INFO: [ app_init ] --START--
INFO: Run Behavior\BuildLiteBehavior [ RunTime:0.000000s ]
INFO: [ app_init ] --END-- [ RunTime:0.001000s ]
INFO: [ app_begin ] --START--
INFO: Run Behavior\ReadHtmlCacheBehavior [ RunTime:0.001000s ]
INFO: [ app_begin ] --END-- [ RunTime:0.001000s ]
SQL: SHOW COLUMNS FROM `ztm_cart` [ RunTime:0.0020s ]
SQL: SHOW COLUMNS FROM `ztm_cart` [ RunTime:0.0020s ]
SQL: SELECT SUM(goods_number) AS count FROM `ztm_cart` WHERE `cart_key` = '1945b8f1733b0efe898a6a6c49f3a900' LIMIT 1   [ RunTime:0.0010s ]
SQL: SHOW COLUMNS FROM `ztm_user` [ RunTime:0.0020s ]
NOTIC: [8] Use of undefined constant normal - assumed 'normal' F:\homes\webonline\Ztmvip\Mobile\Controller\IndexController.class.php 第 11 行.
SQL: SHOW COLUMNS FROM `ztm_account_log` [ RunTime:0.0020s ]
ERR: 1048:Column 'user_id' cannot be null
 [ SQL语句 ] : INSERT INTO `ztm_account_log` (`user_id`,`user_money`,`frozen_money`,`level_integral`,`integral`,`date_add`,`change_desc`,`change_type`) VALUES (NULL,'50000','0','0','10000','1453701085','normal','大山测试添加的积分与余额')
ERR: 1048:Column 'user_id' cannot be null
 [ SQL语句 ] : INSERT INTO `ztm_account_log` (`user_id`,`user_money`,`frozen_money`,`level_integral`,`integral`,`date_add`,`change_desc`,`change_type`) VALUES (NULL,'50000','0','0','10000','1453701085','normal','大山测试添加的积分与余额')

[ 2016-01-25T13:51:44+08:00 ] 127.0.0.1 /
INFO: [ app_init ] --START--
INFO: Run Behavior\BuildLiteBehavior [ RunTime:0.000000s ]
INFO: [ app_init ] --END-- [ RunTime:0.000000s ]
INFO: [ app_begin ] --START--
INFO: Run Behavior\ReadHtmlCacheBehavior [ RunTime:0.000000s ]
INFO: [ app_begin ] --END-- [ RunTime:0.001000s ]
SQL: SHOW COLUMNS FROM `ztm_cart` [ RunTime:0.0020s ]
SQL: SHOW COLUMNS FROM `ztm_cart` [ RunTime:0.0020s ]
SQL: SELECT SUM(goods_number) AS count FROM `ztm_cart` WHERE `cart_key` = '1945b8f1733b0efe898a6a6c49f3a900' LIMIT 1   [ RunTime:0.0020s ]
SQL: SHOW COLUMNS FROM `ztm_user` [ RunTime:0.0020s ]
NOTIC: [8] Use of undefined constant normal - assumed 'normal' F:\homes\webonline\Ztmvip\Mobile\Controller\IndexController.class.php 第 12 行.
SQL: SHOW COLUMNS FROM `ztm_account_log` [ RunTime:0.0020s ]
SQL: INSERT INTO `ztm_account_log` (`user_id`,`user_money`,`frozen_money`,`level_integral`,`integral`,`date_add`,`change_desc`,`change_type`) VALUES ('19023','50000','0','0','10000','1453701104','normal','大山测试添加的积分与余额') [ RunTime:0.0600s ]
SQL: UPDATE ztm_user SET user_money=user_money+50000,frozen_money=frozen_money+0,level_integral=level_integral+0,integral=integral+10000,date_upd=1453701104 WHERE id=19023 [ RunTime:0.0010s ]
SQL: SHOW COLUMNS FROM `ztm_advert` [ RunTime:0.0010s ]
SQL: SELECT * FROM `ztm_advert` WHERE `topic` = 'indexBanner' AND `disabled` = 'N' ORDER BY rank desc LIMIT 0,10000   [ RunTime:0.0010s ]
SQL: SHOW COLUMNS FROM `ztm_goods` [ RunTime:0.0020s ]
SQL: SELECT g.goods_name,g.market_price,g.shop_price,sg.goods_id,g.goods_thumb,sg.kill_price,sg.goods_number,sg.kill_start,sg.kill_end FROM ztm_seckill_goods AS sg LEFT JOIN ztm_goods AS g ON sg.goods_id=g.id WHERE sg.on_sale='Y' AND sg.disabled='N' AND sg.kill_start=1453651200 AND sg.kill_end=1453737600 ORDER BY sg.rank DESC LIMIT 0,3 [ RunTime:0.0010s ]
SQL: SELECT * FROM `ztm_advert` WHERE `topic` = 'indexFashion' AND `disabled` = 'N' ORDER BY rank desc LIMIT 0,9   [ RunTime:0.0010s ]
INFO: [ view_parse ] --START--
INFO: [ template_filter ] --START--
INFO: Run Behavior\ContentReplaceBehavior [ RunTime:0.001000s ]
INFO: [ template_filter ] --END-- [ RunTime:0.001000s ]
INFO: Run Behavior\ParseTemplateBehavior [ RunTime:0.041003s ]
INFO: [ view_parse ] --END-- [ RunTime:0.041003s ]
INFO: [ view_filter ] --START--
INFO: Run Behavior\WriteHtmlCacheBehavior [ RunTime:0.001000s ]
INFO: [ view_filter ] --END-- [ RunTime:0.001000s ]
INFO: [ app_end ] --START--
INFO: Run Behavior\ShowPageTraceBehavior [ RunTime:0.001000s ]
INFO: [ app_end ] --END-- [ RunTime:0.001000s ]

[ 2016-01-25T13:51:44+08:00 ] 127.0.0.1 /Uploads/20160105/568b3de239e6f.jpg
INFO: [ app_init ] --START--
INFO: Run Behavior\BuildLiteBehavior [ RunTime:0.000000s ]
INFO: [ app_init ] --END-- [ RunTime:0.000000s ]

[ 2016-01-25T13:51:44+08:00 ] 127.0.0.1 /Uploads/20151216/5671118e51d60.jpg
INFO: [ app_init ] --START--
INFO: Run Behavior\BuildLiteBehavior [ RunTime:0.000000s ]
INFO: [ app_init ] --END-- [ RunTime:0.001000s ]

[ 2016-01-25T13:51:45+08:00 ] 127.0.0.1 /Uploads/20151216/567111719f5ef.jpg
INFO: [ app_init ] --START--
INFO: Run Behavior\BuildLiteBehavior [ RunTime:0.000000s ]
INFO: [ app_init ] --END-- [ RunTime:0.001000s ]

[ 2016-01-25T13:51:45+08:00 ] 127.0.0.1 /Uploads/20151215/566fd0895d1e1.jpg
INFO: [ app_init ] --START--
INFO: Run Behavior\BuildLiteBehavior [ RunTime:0.000000s ]
INFO: [ app_init ] --END-- [ RunTime:0.000000s ]

[ 2016-01-25T13:51:45+08:00 ] 127.0.0.1 /Uploads/20151215/566fd06f1fb82.jpg
INFO: [ app_init ] --START--
INFO: Run Behavior\BuildLiteBehavior [ RunTime:0.000000s ]
INFO: [ app_init ] --END-- [ RunTime:0.000000s ]

[ 2016-01-25T13:51:45+08:00 ] 127.0.0.1 /Uploads/20151215/566fbfd9e81c0.jpg
INFO: [ app_init ] --START--
INFO: Run Behavior\BuildLiteBehavior [ RunTime:0.000000s ]
INFO: [ app_init ] --END-- [ RunTime:0.000000s ]

[ 2016-01-25T13:51:45+08:00 ] 127.0.0.1 /Uploads/20151215/566fbff15b94c.jpg
INFO: [ app_init ] --START--
INFO: Run Behavior\BuildLiteBehavior [ RunTime:0.000000s ]
INFO: [ app_init ] --END-- [ RunTime:0.001000s ]

[ 2016-01-25T13:51:45+08:00 ] 127.0.0.1 /Uploads/20151214/566e8e50221b5.jpg
INFO: [ app_init ] --START--
INFO: Run Behavior\BuildLiteBehavior [ RunTime:0.000000s ]
INFO: [ app_init ] --END-- [ RunTime:0.000000s ]

[ 2016-01-25T13:51:45+08:00 ] 127.0.0.1 /Uploads/20151214/566e8e3607c33.jpg
INFO: [ app_init ] --START--
INFO: Run Behavior\BuildLiteBehavior [ RunTime:0.000000s ]
INFO: [ app_init ] --END-- [ RunTime:0.000000s ]

[ 2016-01-25T13:51:45+08:00 ] 127.0.0.1 /Uploads/20160105/568b3de239e6f.jpg
INFO: [ app_init ] --START--
INFO: Run Behavior\BuildLiteBehavior [ RunTime:0.000000s ]
INFO: [ app_init ] --END-- [ RunTime:0.001000s ]

[ 2016-01-25T13:51:45+08:00 ] 127.0.0.1 /Uploads/20151216/5671118e51d60.jpg
INFO: [ app_init ] --START--
INFO: Run Behavior\BuildLiteBehavior [ RunTime:0.000000s ]
INFO: [ app_init ] --END-- [ RunTime:0.000000s ]

[ 2016-01-25T13:51:45+08:00 ] 127.0.0.1 /Uploads/20160114/56975bd173ad9.jpg
INFO: [ app_init ] --START--
INFO: Run Behavior\BuildLiteBehavior [ RunTime:0.000000s ]
INFO: [ app_init ] --END-- [ RunTime:0.001000s ]

[ 2016-01-25T13:51:45+08:00 ] 127.0.0.1 /Uploads/20160114/56975bd173ad9.jpg
INFO: [ app_init ] --START--
INFO: Run Behavior\BuildLiteBehavior [ RunTime:0.000000s ]
INFO: [ app_init ] --END-- [ RunTime:0.000000s ]

[ 2016-01-25T13:51:45+08:00 ] 127.0.0.1 /Uploads/20160114/56975bd173ad9.jpg
INFO: [ app_init ] --START--
INFO: Run Behavior\BuildLiteBehavior [ RunTime:0.001000s ]
INFO: [ app_init ] --END-- [ RunTime:0.001000s ]

[ 2016-01-25T13:51:50+08:00 ] 127.0.0.1 /Uploads/20160112/5694cde84304d.png
INFO: [ app_init ] --START--
INFO: Run Behavior\BuildLiteBehavior [ RunTime:0.000000s ]
INFO: [ app_init ] --END-- [ RunTime:0.000000s ]

[ 2016-01-25T13:51:50+08:00 ] 127.0.0.1 /Uploads/20160112/5694cde84304d.png
INFO: [ app_init ] --START--
INFO: Run Behavior\BuildLiteBehavior [ RunTime:0.000000s ]
INFO: [ app_init ] --END-- [ RunTime:0.000000s ]

[ 2016-01-25T13:51:55+08:00 ] 127.0.0.1 /Uploads/20160108/568f2572bcc4b.jpg
INFO: [ app_init ] --START--
INFO: Run Behavior\BuildLiteBehavior [ RunTime:0.000000s ]
INFO: [ app_init ] --END-- [ RunTime:0.000000s ]

[ 2016-01-25T13:51:55+08:00 ] 127.0.0.1 /Uploads/20160108/568f2572bcc4b.jpg
INFO: [ app_init ] --START--
INFO: Run Behavior\BuildLiteBehavior [ RunTime:0.000000s ]
INFO: [ app_init ] --END-- [ RunTime:0.000000s ]

[ 2016-01-25T13:52:00+08:00 ] 127.0.0.1 /Uploads/20151123/56526880940a2.jpg
INFO: [ app_init ] --START--
INFO: Run Behavior\BuildLiteBehavior [ RunTime:0.000000s ]
INFO: [ app_init ] --END-- [ RunTime:0.001000s ]

[ 2016-01-25T13:52:00+08:00 ] 127.0.0.1 /Uploads/20151123/56526880940a2.jpg
INFO: [ app_init ] --START--
INFO: Run Behavior\BuildLiteBehavior [ RunTime:0.000000s ]
INFO: [ app_init ] --END-- [ RunTime:0.000000s ]

[ 2016-01-25T13:52:05+08:00 ] 127.0.0.1 /Uploads/20151123/565268a7362e1.jpg
INFO: [ app_init ] --START--
INFO: Run Behavior\BuildLiteBehavior [ RunTime:0.000000s ]
INFO: [ app_init ] --END-- [ RunTime:0.000000s ]

[ 2016-01-25T13:52:05+08:00 ] 127.0.0.1 /Uploads/20151123/565268a7362e1.jpg
INFO: [ app_init ] --START--
INFO: Run Behavior\BuildLiteBehavior [ RunTime:0.000000s ]
INFO: [ app_init ] --END-- [ RunTime:0.000000s ]

[ 2016-01-25T13:52:10+08:00 ] 127.0.0.1 /Uploads/20151123/5652694fd3a84.jpg
INFO: [ app_init ] --START--
INFO: Run Behavior\BuildLiteBehavior [ RunTime:0.000000s ]
INFO: [ app_init ] --END-- [ RunTime:0.000000s ]

[ 2016-01-25T13:52:10+08:00 ] 127.0.0.1 /Uploads/20151123/5652694fd3a84.jpg
INFO: [ app_init ] --START--
INFO: Run Behavior\BuildLiteBehavior [ RunTime:0.000000s ]
INFO: [ app_init ] --END-- [ RunTime:0.001000s ]

[ 2016-01-25T13:52:10+08:00 ] 127.0.0.1 /Uploads/20151123/5652694fd3a84.jpg
INFO: [ app_init ] --START--
INFO: Run Behavior\BuildLiteBehavior [ RunTime:0.000000s ]
INFO: [ app_init ] --END-- [ RunTime:0.001000s ]

[ 2016-01-25T15:00:29+08:00 ] 127.0.0.1 /favicon.ico
INFO: [ app_init ] --START--
INFO: Run Behavior\BuildLiteBehavior [ RunTime:0.000000s ]
INFO: [ app_init ] --END-- [ RunTime:0.001001s ]

[ 2016-01-25T16:33:45+08:00 ] 127.0.0.1 /favicon.ico
INFO: [ app_init ] --START--
INFO: Run Behavior\BuildLiteBehavior [ RunTime:0.000000s ]
INFO: [ app_init ] --END-- [ RunTime:0.000000s ]

