[ 2016-01-14T09:06:18+08:00 ] 127.0.0.1 /Year/year
INFO: [ app_init ] --START--
INFO: Run Behavior\BuildLiteBehavior [ RunTime:0.000000s ]
INFO: [ app_init ] --END-- [ RunTime:0.001001s ]
INFO: [ app_begin ] --START--
INFO: Run Behavior\ReadHtmlCacheBehavior [ RunTime:0.000000s ]
INFO: [ app_begin ] --END-- [ RunTime:0.000000s ]
SQL: SHOW COLUMNS FROM `ztm_cart` [ RunTime:0.0020s ]
SQL: SHOW COLUMNS FROM `ztm_cart` [ RunTime:0.0020s ]
SQL: SELECT SUM(goods_number) AS count FROM `ztm_cart` WHERE `cart_key` = '25ec53935b7a14cc2d69465da96c39a1' LIMIT 1   [ RunTime:0.0010s ]
INFO: [ view_parse ] --START--
INFO: [ template_filter ] --START--
INFO: Run Behavior\ContentReplaceBehavior [ RunTime:0.000000s ]
INFO: [ template_filter ] --END-- [ RunTime:0.000000s ]
NOTIC: [8] Undefined variable: flag1 F:\homes\webonline\Ztmvip\Runtime\Cache\Mobile\ab4c8825c513bfdff5325d437366e06b.php 第 55 行.
NOTIC: [8] Undefined variable: flag2 F:\homes\webonline\Ztmvip\Runtime\Cache\Mobile\ab4c8825c513bfdff5325d437366e06b.php 第 61 行.
NOTIC: [8] Undefined variable: flag3 F:\homes\webonline\Ztmvip\Runtime\Cache\Mobile\ab4c8825c513bfdff5325d437366e06b.php 第 66 行.
INFO: Run Behavior\ParseTemplateBehavior [ RunTime:0.005001s ]
INFO: [ view_parse ] --END-- [ RunTime:0.005001s ]
INFO: [ view_filter ] --START--
INFO: Run Behavior\WriteHtmlCacheBehavior [ RunTime:0.000000s ]
INFO: [ view_filter ] --END-- [ RunTime:0.001000s ]
INFO: [ app_end ] --START--
INFO: Run Behavior\ShowPageTraceBehavior [ RunTime:0.000000s ]
INFO: [ app_end ] --END-- [ RunTime:0.000000s ]

[ 2016-01-14T09:06:19+08:00 ] 127.0.0.1 /index.php?m=Mobile&c=Year&a=getAjaxGoods
INFO: [ app_init ] --START--
INFO: Run Behavior\BuildLiteBehavior [ RunTime:0.000000s ]
INFO: [ app_init ] --END-- [ RunTime:0.001000s ]
INFO: [ app_begin ] --START--
INFO: Run Behavior\ReadHtmlCacheBehavior [ RunTime:0.001000s ]
INFO: [ app_begin ] --END-- [ RunTime:0.001000s ]
SQL: SHOW COLUMNS FROM `ztm_cart` [ RunTime:0.0020s ]
SQL: SHOW COLUMNS FROM `ztm_cart` [ RunTime:0.0010s ]
SQL: SELECT SUM(goods_number) AS count FROM `ztm_cart` WHERE `cart_key` = '25ec53935b7a14cc2d69465da96c39a1' LIMIT 1   [ RunTime:0.0010s ]
SQL: SHOW COLUMNS FROM `ztm_goods` [ RunTime:0.0020s ]
SQL: SHOW COLUMNS FROM `ztm_goods_category` [ RunTime:0.0010s ]
SQL: SELECT * FROM `ztm_goods_category` WHERE `parent_id` = 1178 AND `disabled` = 'N' AND `display` = 'Y'  [ RunTime:0.0010s ]
SQL: SELECT * FROM `ztm_goods_category` WHERE `parent_id` = 1189 AND `disabled` = 'N' AND `display` = 'Y'  [ RunTime:0.0020s ]
SQL: SELECT g.id,g.goods_name,g.market_price,g.shop_price,g.goods_thumb FROM ztm_goods g left join ztm_goods_extend_category gec on g.id=gec.goods_id and gec.category_id=1178  WHERE g.on_sale = 'Y' AND g.disabled = 'N' AND ( g.category_id in (1189,1178) or gec.category_id=1178 ) ORDER BY g.rank desc LIMIT 0,4   [ RunTime:0.0010s ]
INFO: [ view_parse ] --START--
INFO: [ template_filter ] --START--
INFO: Run Behavior\ContentReplaceBehavior [ RunTime:0.000000s ]
INFO: [ template_filter ] --END-- [ RunTime:0.000000s ]
INFO: Run Behavior\ParseTemplateBehavior [ RunTime:0.005000s ]
INFO: [ view_parse ] --END-- [ RunTime:0.005000s ]
INFO: [ view_filter ] --START--
INFO: Run Behavior\WriteHtmlCacheBehavior [ RunTime:0.000000s ]
INFO: [ view_filter ] --END-- [ RunTime:0.000000s ]

[ 2016-01-14T09:06:19+08:00 ] 127.0.0.1 /index.php?m=Mobile&c=Year&a=getAjaxGoods
INFO: [ app_init ] --START--
INFO: Run Behavior\BuildLiteBehavior [ RunTime:0.000000s ]
INFO: [ app_init ] --END-- [ RunTime:0.000000s ]
INFO: [ app_begin ] --START--
INFO: Run Behavior\ReadHtmlCacheBehavior [ RunTime:0.000000s ]
INFO: [ app_begin ] --END-- [ RunTime:0.000000s ]
SQL: SHOW COLUMNS FROM `ztm_cart` [ RunTime:0.0020s ]
SQL: SHOW COLUMNS FROM `ztm_cart` [ RunTime:0.0010s ]
SQL: SELECT SUM(goods_number) AS count FROM `ztm_cart` WHERE `cart_key` = '25ec53935b7a14cc2d69465da96c39a1' LIMIT 1   [ RunTime:0.0010s ]
SQL: SHOW COLUMNS FROM `ztm_goods` [ RunTime:0.0010s ]
SQL: SHOW COLUMNS FROM `ztm_goods_category` [ RunTime:0.0010s ]
SQL: SELECT * FROM `ztm_goods_category` WHERE `parent_id` = 457 AND `disabled` = 'N' AND `display` = 'Y'  [ RunTime:0.0010s ]
SQL: SELECT * FROM `ztm_goods_category` WHERE `parent_id` = 1007 AND `disabled` = 'N' AND `display` = 'Y'  [ RunTime:0.0010s ]
SQL: SELECT * FROM `ztm_goods_category` WHERE `parent_id` = 1168 AND `disabled` = 'N' AND `display` = 'Y'  [ RunTime:0.0010s ]
SQL: SELECT g.id,g.goods_name,g.market_price,g.shop_price,g.goods_thumb FROM ztm_goods g left join ztm_goods_extend_category gec on g.id=gec.goods_id and gec.category_id=457  WHERE g.on_sale = 'Y' AND g.disabled = 'N' AND ( g.category_id in (1007,1168,457) or gec.category_id=457 ) ORDER BY g.rank desc LIMIT 0,4   [ RunTime:0.0010s ]
INFO: [ view_parse ] --START--
INFO: [ template_filter ] --START--
INFO: Run Behavior\ContentReplaceBehavior [ RunTime:0.000000s ]
INFO: [ template_filter ] --END-- [ RunTime:0.000000s ]
INFO: Run Behavior\ParseTemplateBehavior [ RunTime:0.006000s ]
INFO: [ view_parse ] --END-- [ RunTime:0.006000s ]
INFO: [ view_filter ] --START--
INFO: Run Behavior\WriteHtmlCacheBehavior [ RunTime:0.000000s ]
INFO: [ view_filter ] --END-- [ RunTime:0.001000s ]

[ 2016-01-14T09:06:19+08:00 ] 127.0.0.1 /favicon.ico
INFO: [ app_init ] --START--
INFO: Run Behavior\BuildLiteBehavior [ RunTime:0.000000s ]
INFO: [ app_init ] --END-- [ RunTime:0.001000s ]

[ 2016-01-14T09:06:19+08:00 ] 127.0.0.1 /index.php?m=Mobile&c=Year&a=getAjaxGoods
INFO: [ app_init ] --START--
INFO: Run Behavior\BuildLiteBehavior [ RunTime:0.000000s ]
INFO: [ app_init ] --END-- [ RunTime:0.000000s ]
INFO: [ app_begin ] --START--
INFO: Run Behavior\ReadHtmlCacheBehavior [ RunTime:0.001000s ]
INFO: [ app_begin ] --END-- [ RunTime:0.001000s ]
SQL: SHOW COLUMNS FROM `ztm_cart` [ RunTime:0.0020s ]
SQL: SHOW COLUMNS FROM `ztm_cart` [ RunTime:0.0010s ]
SQL: SELECT SUM(goods_number) AS count FROM `ztm_cart` WHERE `cart_key` = '25ec53935b7a14cc2d69465da96c39a1' LIMIT 1   [ RunTime:0.0010s ]
SQL: SHOW COLUMNS FROM `ztm_goods` [ RunTime:0.0010s ]
SQL: SHOW COLUMNS FROM `ztm_goods_category` [ RunTime:0.0010s ]
SQL: SELECT * FROM `ztm_goods_category` WHERE `parent_id` = 453 AND `disabled` = 'N' AND `display` = 'Y'  [ RunTime:0.0010s ]
SQL: SELECT g.id,g.goods_name,g.market_price,g.shop_price,g.goods_thumb FROM ztm_goods g left join ztm_goods_extend_category gec on g.id=gec.goods_id and gec.category_id=453  WHERE g.on_sale = 'Y' AND g.disabled = 'N' AND ( g.category_id in (453) or gec.category_id=453 ) ORDER BY g.rank desc LIMIT 0,4   [ RunTime:0.0020s ]
INFO: [ view_parse ] --START--
INFO: [ template_filter ] --START--
INFO: Run Behavior\ContentReplaceBehavior [ RunTime:0.000000s ]
INFO: [ template_filter ] --END-- [ RunTime:0.000000s ]
INFO: Run Behavior\ParseTemplateBehavior [ RunTime:0.004000s ]
INFO: [ view_parse ] --END-- [ RunTime:0.004000s ]
INFO: [ view_filter ] --START--
INFO: Run Behavior\WriteHtmlCacheBehavior [ RunTime:0.001000s ]
INFO: [ view_filter ] --END-- [ RunTime:0.001000s ]

[ 2016-01-14T09:06:19+08:00 ] 127.0.0.1 /favicon.ico
INFO: [ app_init ] --START--
INFO: Run Behavior\BuildLiteBehavior [ RunTime:0.000000s ]
INFO: [ app_init ] --END-- [ RunTime:0.001000s ]

[ 2016-01-14T09:06:19+08:00 ] 127.0.0.1 /index.php?m=Mobile&c=Year&a=getAjaxGoods
INFO: [ app_init ] --START--
INFO: Run Behavior\BuildLiteBehavior [ RunTime:0.000000s ]
INFO: [ app_init ] --END-- [ RunTime:0.000000s ]
INFO: [ app_begin ] --START--
INFO: Run Behavior\ReadHtmlCacheBehavior [ RunTime:0.000000s ]
INFO: [ app_begin ] --END-- [ RunTime:0.000000s ]
SQL: SHOW COLUMNS FROM `ztm_cart` [ RunTime:0.0020s ]
SQL: SHOW COLUMNS FROM `ztm_cart` [ RunTime:0.0010s ]
SQL: SELECT SUM(goods_number) AS count FROM `ztm_cart` WHERE `cart_key` = '25ec53935b7a14cc2d69465da96c39a1' LIMIT 1   [ RunTime:0.0010s ]
SQL: SHOW COLUMNS FROM `ztm_goods` [ RunTime:0.0010s ]
SQL: SHOW COLUMNS FROM `ztm_goods_category` [ RunTime:0.0010s ]
SQL: SELECT * FROM `ztm_goods_category` WHERE `parent_id` = 1104 AND `disabled` = 'N' AND `display` = 'Y'  [ RunTime:0.0010s ]
SQL: SELECT * FROM `ztm_goods_category` WHERE `parent_id` = 935 AND `disabled` = 'N' AND `display` = 'Y'  [ RunTime:0.0020s ]
SQL: SELECT * FROM `ztm_goods_category` WHERE `parent_id` = 1086 AND `disabled` = 'N' AND `display` = 'Y'  [ RunTime:0.0010s ]
SQL: SELECT * FROM `ztm_goods_category` WHERE `parent_id` = 1103 AND `disabled` = 'N' AND `display` = 'Y'  [ RunTime:0.0020s ]
SQL: SELECT * FROM `ztm_goods_category` WHERE `parent_id` = 1138 AND `disabled` = 'N' AND `display` = 'Y'  [ RunTime:0.0000s ]
SQL: SELECT * FROM `ztm_goods_category` WHERE `parent_id` = 1194 AND `disabled` = 'N' AND `display` = 'Y'  [ RunTime:0.0010s ]
SQL: SELECT * FROM `ztm_goods_category` WHERE `parent_id` = 1195 AND `disabled` = 'N' AND `display` = 'Y'  [ RunTime:0.0020s ]
SQL: SELECT g.id,g.goods_name,g.market_price,g.shop_price,g.goods_thumb FROM ztm_goods g left join ztm_goods_extend_category gec on g.id=gec.goods_id and gec.category_id=1104  WHERE g.on_sale = 'Y' AND g.disabled = 'N' AND ( g.category_id in (935,1086,1103,1138,1194,1195,1104) or gec.category_id=1104 ) ORDER BY g.rank desc LIMIT 0,4   [ RunTime:0.0010s ]
INFO: [ view_parse ] --START--
INFO: [ template_filter ] --START--
INFO: Run Behavior\ContentReplaceBehavior [ RunTime:0.000000s ]
INFO: [ template_filter ] --END-- [ RunTime:0.000000s ]
INFO: Run Behavior\ParseTemplateBehavior [ RunTime:0.005000s ]
INFO: [ view_parse ] --END-- [ RunTime:0.005000s ]
INFO: [ view_filter ] --START--
INFO: Run Behavior\WriteHtmlCacheBehavior [ RunTime:0.000000s ]
INFO: [ view_filter ] --END-- [ RunTime:0.000000s ]

[ 2016-01-14T09:06:19+08:00 ] 127.0.0.1 /index.php?m=Mobile&c=Year&a=getAjaxGoods
INFO: [ app_init ] --START--
INFO: Run Behavior\BuildLiteBehavior [ RunTime:0.000000s ]
INFO: [ app_init ] --END-- [ RunTime:0.000000s ]
INFO: [ app_begin ] --START--
INFO: Run Behavior\ReadHtmlCacheBehavior [ RunTime:0.000000s ]
INFO: [ app_begin ] --END-- [ RunTime:0.000000s ]
SQL: SHOW COLUMNS FROM `ztm_cart` [ RunTime:0.0010s ]
SQL: SHOW COLUMNS FROM `ztm_cart` [ RunTime:0.0010s ]
SQL: SELECT SUM(goods_number) AS count FROM `ztm_cart` WHERE `cart_key` = '25ec53935b7a14cc2d69465da96c39a1' LIMIT 1   [ RunTime:0.0010s ]
SQL: SHOW COLUMNS FROM `ztm_goods` [ RunTime:0.0010s ]
SQL: SHOW COLUMNS FROM `ztm_goods_category` [ RunTime:0.0010s ]
SQL: SELECT * FROM `ztm_goods_category` WHERE `parent_id` = 718 AND `disabled` = 'N' AND `display` = 'Y'  [ RunTime:0.0020s ]
SQL: SELECT * FROM `ztm_goods_category` WHERE `parent_id` = 1176 AND `disabled` = 'N' AND `display` = 'Y'  [ RunTime:0.0010s ]
SQL: SELECT * FROM `ztm_goods_category` WHERE `parent_id` = 1177 AND `disabled` = 'N' AND `display` = 'Y'  [ RunTime:0.0020s ]
SQL: SELECT g.id,g.goods_name,g.market_price,g.shop_price,g.goods_thumb FROM ztm_goods g left join ztm_goods_extend_category gec on g.id=gec.goods_id and gec.category_id=718  WHERE g.on_sale = 'Y' AND g.disabled = 'N' AND ( g.category_id in (1176,1177,718) or gec.category_id=718 ) ORDER BY g.rank desc LIMIT 0,4   [ RunTime:0.0010s ]
INFO: [ view_parse ] --START--
INFO: [ template_filter ] --START--
INFO: Run Behavior\ContentReplaceBehavior [ RunTime:0.000000s ]
INFO: [ template_filter ] --END-- [ RunTime:0.000000s ]
INFO: Run Behavior\ParseTemplateBehavior [ RunTime:0.005000s ]
INFO: [ view_parse ] --END-- [ RunTime:0.005000s ]
INFO: [ view_filter ] --START--
INFO: Run Behavior\WriteHtmlCacheBehavior [ RunTime:0.000000s ]
INFO: [ view_filter ] --END-- [ RunTime:0.000000s ]

[ 2016-01-14T09:06:19+08:00 ] 127.0.0.1 /index.php?m=Mobile&c=Year&a=getAjaxGoods
INFO: [ app_init ] --START--
INFO: Run Behavior\BuildLiteBehavior [ RunTime:0.000000s ]
INFO: [ app_init ] --END-- [ RunTime:0.001000s ]
INFO: [ app_begin ] --START--
INFO: Run Behavior\ReadHtmlCacheBehavior [ RunTime:0.001000s ]
INFO: [ app_begin ] --END-- [ RunTime:0.001000s ]
SQL: SHOW COLUMNS FROM `ztm_cart` [ RunTime:0.0020s ]
SQL: SHOW COLUMNS FROM `ztm_cart` [ RunTime:0.0010s ]
SQL: SELECT SUM(goods_number) AS count FROM `ztm_cart` WHERE `cart_key` = '25ec53935b7a14cc2d69465da96c39a1' LIMIT 1   [ RunTime:0.0000s ]
SQL: SHOW COLUMNS FROM `ztm_goods` [ RunTime:0.0010s ]
SQL: SHOW COLUMNS FROM `ztm_goods_category` [ RunTime:0.0010s ]
SQL: SELECT * FROM `ztm_goods_category` WHERE `parent_id` = 696 AND `disabled` = 'N' AND `display` = 'Y'  [ RunTime:0.0010s ]
SQL: SELECT * FROM `ztm_goods_category` WHERE `parent_id` = 876 AND `disabled` = 'N' AND `display` = 'Y'  [ RunTime:0.0010s ]
SQL: SELECT * FROM `ztm_goods_category` WHERE `parent_id` = 877 AND `disabled` = 'N' AND `display` = 'Y'  [ RunTime:0.0010s ]
SQL: SELECT * FROM `ztm_goods_category` WHERE `parent_id` = 878 AND `disabled` = 'N' AND `display` = 'Y'  [ RunTime:0.0010s ]
SQL: SELECT * FROM `ztm_goods_category` WHERE `parent_id` = 1192 AND `disabled` = 'N' AND `display` = 'Y'  [ RunTime:0.0010s ]
SQL: SELECT g.id,g.goods_name,g.market_price,g.shop_price,g.goods_thumb FROM ztm_goods g left join ztm_goods_extend_category gec on g.id=gec.goods_id and gec.category_id=696  WHERE g.on_sale = 'Y' AND g.disabled = 'N' AND ( g.category_id in (876,877,878,1192,696) or gec.category_id=696 ) ORDER BY g.rank desc LIMIT 0,4   [ RunTime:0.0010s ]
INFO: [ view_parse ] --START--
INFO: [ template_filter ] --START--
INFO: Run Behavior\ContentReplaceBehavior [ RunTime:0.000000s ]
INFO: [ template_filter ] --END-- [ RunTime:0.000000s ]
INFO: Run Behavior\ParseTemplateBehavior [ RunTime:0.005000s ]
INFO: [ view_parse ] --END-- [ RunTime:0.005000s ]
INFO: [ view_filter ] --START--
INFO: Run Behavior\WriteHtmlCacheBehavior [ RunTime:0.000000s ]
INFO: [ view_filter ] --END-- [ RunTime:0.000000s ]

[ 2016-01-14T09:06:22+08:00 ] 127.0.0.1 /Uploads/20151218/5673cec55377c.jpg_250x250.jpg
INFO: [ app_init ] --START--
INFO: Run Behavior\BuildLiteBehavior [ RunTime:0.000000s ]
INFO: [ app_init ] --END-- [ RunTime:0.000000s ]

[ 2016-01-14T09:06:27+08:00 ] 127.0.0.1 /Uploads/20151218/5673d4333fc5f.jpg_250x250.jpg
INFO: [ app_init ] --START--
INFO: Run Behavior\BuildLiteBehavior [ RunTime:0.000000s ]
INFO: [ app_init ] --END-- [ RunTime:0.000000s ]

[ 2016-01-14T09:06:27+08:00 ] 127.0.0.1 /Uploads/20151218/5673d52e0521e.jpg_250x250.jpg
INFO: [ app_init ] --START--
INFO: Run Behavior\BuildLiteBehavior [ RunTime:0.000000s ]
INFO: [ app_init ] --END-- [ RunTime:0.001000s ]

[ 2016-01-14T09:06:30+08:00 ] 127.0.0.1 /Uploads/20151127/56581b8f1c029.jpg_250x250.jpg
INFO: [ app_init ] --START--
INFO: Run Behavior\BuildLiteBehavior [ RunTime:0.000000s ]
INFO: [ app_init ] --END-- [ RunTime:0.000000s ]

[ 2016-01-14T09:06:30+08:00 ] 127.0.0.1 /Uploads/20151127/565813f6dbde9.jpg_250x250.jpg
INFO: [ app_init ] --START--
INFO: Run Behavior\BuildLiteBehavior [ RunTime:0.000000s ]
INFO: [ app_init ] --END-- [ RunTime:0.000000s ]

[ 2016-01-14T09:06:30+08:00 ] 127.0.0.1 /Uploads/20151127/56581a2f844ec.jpg_250x250.jpg
INFO: [ app_init ] --START--
INFO: Run Behavior\BuildLiteBehavior [ RunTime:0.000000s ]
INFO: [ app_init ] --END-- [ RunTime:0.000000s ]

[ 2016-01-14T09:06:30+08:00 ] 127.0.0.1 /Uploads/20151211/566a8ac2b7b65.jpg_250x250.jpg
INFO: [ app_init ] --START--
INFO: Run Behavior\BuildLiteBehavior [ RunTime:0.000000s ]
INFO: [ app_init ] --END-- [ RunTime:0.001000s ]

[ 2016-01-14T09:06:30+08:00 ] 127.0.0.1 /Uploads/20151211/566a8a5781ec9.jpg_250x250.jpg
INFO: [ app_init ] --START--
INFO: Run Behavior\BuildLiteBehavior [ RunTime:0.000000s ]
INFO: [ app_init ] --END-- [ RunTime:0.000000s ]

[ 2016-01-14T09:06:30+08:00 ] 127.0.0.1 /Uploads/20151211/566a8a8ae2519.jpg_250x250.jpg
INFO: [ app_init ] --START--
INFO: Run Behavior\BuildLiteBehavior [ RunTime:0.000000s ]
INFO: [ app_init ] --END-- [ RunTime:0.000000s ]

[ 2016-01-14T09:06:30+08:00 ] 127.0.0.1 /Uploads/20151211/566a8a216511f.jpg_250x250.jpg
INFO: [ app_init ] --START--
INFO: Run Behavior\BuildLiteBehavior [ RunTime:0.000000s ]
INFO: [ app_init ] --END-- [ RunTime:0.001000s ]

[ 2016-01-14T09:06:30+08:00 ] 127.0.0.1 /Uploads/20151127/565812a5657b6.jpg_250x250.jpg
INFO: [ app_init ] --START--
INFO: Run Behavior\BuildLiteBehavior [ RunTime:0.000000s ]
INFO: [ app_init ] --END-- [ RunTime:0.000000s ]

[ 2016-01-14T09:06:33+08:00 ] 127.0.0.1 /Uploads/20160107/568e3e0b4dfbe.jpg_250x250.jpg
INFO: [ app_init ] --START--
INFO: Run Behavior\BuildLiteBehavior [ RunTime:0.000000s ]
INFO: [ app_init ] --END-- [ RunTime:0.000000s ]

[ 2016-01-14T09:06:33+08:00 ] 127.0.0.1 /Uploads/20160107/568e3cf440799.jpg_250x250.jpg
INFO: [ app_init ] --START--
INFO: Run Behavior\BuildLiteBehavior [ RunTime:0.000000s ]
INFO: [ app_init ] --END-- [ RunTime:0.001000s ]

[ 2016-01-14T09:06:33+08:00 ] 127.0.0.1 /Uploads/20160107/568e3c4c4212e.jpg_250x250.jpg
INFO: [ app_init ] --START--
INFO: Run Behavior\BuildLiteBehavior [ RunTime:0.000000s ]
INFO: [ app_init ] --END-- [ RunTime:0.000000s ]

[ 2016-01-14T09:07:45+08:00 ] 127.0.0.1 /Uploads/20151231/5684a650b73c2.jpg_250x250.jpg
INFO: [ app_init ] --START--
INFO: Run Behavior\BuildLiteBehavior [ RunTime:0.000000s ]
INFO: [ app_init ] --END-- [ RunTime:0.000000s ]

[ 2016-01-14T09:07:45+08:00 ] 127.0.0.1 /Uploads/20151231/5684a112b6d84.jpg_250x250.jpg
INFO: [ app_init ] --START--
INFO: Run Behavior\BuildLiteBehavior [ RunTime:0.000000s ]
INFO: [ app_init ] --END-- [ RunTime:0.000000s ]

[ 2016-01-14T09:07:45+08:00 ] 127.0.0.1 /Uploads/20151231/5684a7c337f3d.jpg_250x250.jpg
INFO: [ app_init ] --START--
INFO: Run Behavior\BuildLiteBehavior [ RunTime:0.000000s ]
INFO: [ app_init ] --END-- [ RunTime:0.001000s ]

[ 2016-01-14T09:07:45+08:00 ] 127.0.0.1 /Uploads/20151231/5684a726e4e39.jpg_250x250.jpg
INFO: [ app_init ] --START--
INFO: Run Behavior\BuildLiteBehavior [ RunTime:0.000000s ]
INFO: [ app_init ] --END-- [ RunTime:0.000000s ]

[ 2016-01-14T09:07:46+08:00 ] 127.0.0.1 /Uploads/20151123/5652e2e9412dc.jpg_250x250.jpg
INFO: [ app_init ] --START--
INFO: Run Behavior\BuildLiteBehavior [ RunTime:0.000000s ]
INFO: [ app_init ] --END-- [ RunTime:0.001001s ]

[ 2016-01-14T09:07:46+08:00 ] 127.0.0.1 /Uploads/20151123/5652d8de1e7c3.jpg_250x250.jpg
INFO: [ app_init ] --START--
INFO: Run Behavior\BuildLiteBehavior [ RunTime:0.000000s ]
INFO: [ app_init ] --END-- [ RunTime:0.001001s ]

[ 2016-01-14T09:07:46+08:00 ] 127.0.0.1 /Uploads/20151123/5652e8581ce3d.jpg_250x250.jpg
INFO: [ app_init ] --START--
INFO: Run Behavior\BuildLiteBehavior [ RunTime:0.000000s ]
INFO: [ app_init ] --END-- [ RunTime:0.000000s ]

[ 2016-01-14T09:07:46+08:00 ] 127.0.0.1 /Uploads/20151123/5652d1c8e98e0.jpg_250x250.jpg
INFO: [ app_init ] --START--
INFO: Run Behavior\BuildLiteBehavior [ RunTime:0.000000s ]
INFO: [ app_init ] --END-- [ RunTime:0.000000s ]

[ 2016-01-14T09:42:17+08:00 ] 127.0.0.1 /Year/year
INFO: [ app_init ] --START--
INFO: Run Behavior\BuildLiteBehavior [ RunTime:0.000000s ]
INFO: [ app_init ] --END-- [ RunTime:0.000000s ]
INFO: [ app_begin ] --START--
INFO: Run Behavior\ReadHtmlCacheBehavior [ RunTime:0.000000s ]
INFO: [ app_begin ] --END-- [ RunTime:0.000000s ]
SQL: SHOW COLUMNS FROM `ztm_cart` [ RunTime:0.0000s ]
SQL: SHOW COLUMNS FROM `ztm_cart` [ RunTime:0.0000s ]
SQL: SELECT SUM(goods_number) AS count FROM `ztm_cart` WHERE `cart_key` = '25ec53935b7a14cc2d69465da96c39a1' LIMIT 1   [ RunTime:0.0000s ]
INFO: [ view_parse ] --START--
INFO: [ template_filter ] --START--
INFO: Run Behavior\ContentReplaceBehavior [ RunTime:0.000000s ]
INFO: [ template_filter ] --END-- [ RunTime:0.000000s ]
NOTIC: [8] Undefined variable: flag1 F:\homes\webonline\Ztmvip\Runtime\Cache\Mobile\ab4c8825c513bfdff5325d437366e06b.php 第 55 行.
NOTIC: [8] Undefined variable: flag2 F:\homes\webonline\Ztmvip\Runtime\Cache\Mobile\ab4c8825c513bfdff5325d437366e06b.php 第 61 行.
NOTIC: [8] Undefined variable: flag3 F:\homes\webonline\Ztmvip\Runtime\Cache\Mobile\ab4c8825c513bfdff5325d437366e06b.php 第 66 行.
INFO: Run Behavior\ParseTemplateBehavior [ RunTime:0.015600s ]
INFO: [ view_parse ] --END-- [ RunTime:0.015600s ]
INFO: [ view_filter ] --START--
INFO: Run Behavior\WriteHtmlCacheBehavior [ RunTime:0.000000s ]
INFO: [ view_filter ] --END-- [ RunTime:0.000000s ]
INFO: [ app_end ] --START--
INFO: Run Behavior\ShowPageTraceBehavior [ RunTime:0.000000s ]
INFO: [ app_end ] --END-- [ RunTime:0.000000s ]

[ 2016-01-14T09:42:17+08:00 ] 127.0.0.1 /index.php?m=Mobile&c=Year&a=getAjaxGoods
INFO: [ app_init ] --START--
INFO: Run Behavior\BuildLiteBehavior [ RunTime:0.000000s ]
INFO: [ app_init ] --END-- [ RunTime:0.000000s ]
INFO: [ app_begin ] --START--
INFO: Run Behavior\ReadHtmlCacheBehavior [ RunTime:0.015600s ]
INFO: [ app_begin ] --END-- [ RunTime:0.015600s ]
SQL: SHOW COLUMNS FROM `ztm_cart` [ RunTime:0.0000s ]
SQL: SHOW COLUMNS FROM `ztm_cart` [ RunTime:0.0000s ]
SQL: SELECT SUM(goods_number) AS count FROM `ztm_cart` WHERE `cart_key` = '25ec53935b7a14cc2d69465da96c39a1' LIMIT 1   [ RunTime:0.0000s ]
SQL: SHOW COLUMNS FROM `ztm_goods` [ RunTime:0.0000s ]
SQL: SHOW COLUMNS FROM `ztm_goods_category` [ RunTime:0.0156s ]
SQL: SELECT * FROM `ztm_goods_category` WHERE `parent_id` = 1214 AND `disabled` = 'N' AND `display` = 'Y'  [ RunTime:0.0000s ]
SQL: SELECT g.id,g.goods_name,g.market_price,g.shop_price,g.goods_thumb FROM ztm_goods g left join ztm_goods_extend_category gec on g.id=gec.goods_id and gec.category_id=1214  WHERE g.on_sale = 'Y' AND g.disabled = 'N' AND ( g.category_id in (1214) or gec.category_id=1214 ) ORDER BY g.rank desc LIMIT 0,10   [ RunTime:0.0000s ]

[ 2016-01-14T09:42:18+08:00 ] 127.0.0.1 /index.php?m=Mobile&c=Year&a=getAjaxGoods
INFO: [ app_init ] --START--
INFO: Run Behavior\BuildLiteBehavior [ RunTime:0.000000s ]
INFO: [ app_init ] --END-- [ RunTime:0.000000s ]
INFO: [ app_begin ] --START--
INFO: Run Behavior\ReadHtmlCacheBehavior [ RunTime:0.000000s ]
INFO: [ app_begin ] --END-- [ RunTime:0.000000s ]
SQL: SHOW COLUMNS FROM `ztm_cart` [ RunTime:0.0000s ]
SQL: SHOW COLUMNS FROM `ztm_cart` [ RunTime:0.0000s ]
SQL: SELECT SUM(goods_number) AS count FROM `ztm_cart` WHERE `cart_key` = '25ec53935b7a14cc2d69465da96c39a1' LIMIT 1   [ RunTime:0.0000s ]
SQL: SHOW COLUMNS FROM `ztm_goods` [ RunTime:0.0000s ]
SQL: SHOW COLUMNS FROM `ztm_goods_category` [ RunTime:0.0000s ]
SQL: SELECT * FROM `ztm_goods_category` WHERE `parent_id` = 1210 AND `disabled` = 'N' AND `display` = 'Y'  [ RunTime:0.0000s ]
SQL: SELECT g.id,g.goods_name,g.market_price,g.shop_price,g.goods_thumb FROM ztm_goods g left join ztm_goods_extend_category gec on g.id=gec.goods_id and gec.category_id=1210  WHERE g.on_sale = 'Y' AND g.disabled = 'N' AND ( g.category_id in (1210) or gec.category_id=1210 ) ORDER BY g.rank desc LIMIT 0,10   [ RunTime:0.0156s ]

[ 2016-01-14T09:42:18+08:00 ] 127.0.0.1 /index.php?m=Mobile&c=Year&a=getAjaxGoods
INFO: [ app_init ] --START--
INFO: Run Behavior\BuildLiteBehavior [ RunTime:0.000000s ]
INFO: [ app_init ] --END-- [ RunTime:0.000000s ]
INFO: [ app_begin ] --START--
INFO: Run Behavior\ReadHtmlCacheBehavior [ RunTime:0.000000s ]
INFO: [ app_begin ] --END-- [ RunTime:0.000000s ]
SQL: SHOW COLUMNS FROM `ztm_cart` [ RunTime:0.0000s ]
SQL: SHOW COLUMNS FROM `ztm_cart` [ RunTime:0.0000s ]
SQL: SELECT SUM(goods_number) AS count FROM `ztm_cart` WHERE `cart_key` = '25ec53935b7a14cc2d69465da96c39a1' LIMIT 1   [ RunTime:0.0000s ]
SQL: SHOW COLUMNS FROM `ztm_goods` [ RunTime:0.0156s ]
SQL: SHOW COLUMNS FROM `ztm_goods_category` [ RunTime:0.0000s ]
SQL: SELECT * FROM `ztm_goods_category` WHERE `parent_id` = 1211 AND `disabled` = 'N' AND `display` = 'Y'  [ RunTime:0.0000s ]
SQL: SELECT g.id,g.goods_name,g.market_price,g.shop_price,g.goods_thumb FROM ztm_goods g left join ztm_goods_extend_category gec on g.id=gec.goods_id and gec.category_id=1211  WHERE g.on_sale = 'Y' AND g.disabled = 'N' AND ( g.category_id in (1211) or gec.category_id=1211 ) ORDER BY g.rank desc LIMIT 0,10   [ RunTime:0.0000s ]

[ 2016-01-14T09:42:18+08:00 ] 127.0.0.1 /index.php?m=Mobile&c=Year&a=getAjaxGoods
INFO: [ app_init ] --START--
INFO: Run Behavior\BuildLiteBehavior [ RunTime:0.000000s ]
INFO: [ app_init ] --END-- [ RunTime:0.000000s ]
INFO: [ app_begin ] --START--
INFO: Run Behavior\ReadHtmlCacheBehavior [ RunTime:0.000000s ]
INFO: [ app_begin ] --END-- [ RunTime:0.000000s ]
SQL: SHOW COLUMNS FROM `ztm_cart` [ RunTime:0.0000s ]
SQL: SHOW COLUMNS FROM `ztm_cart` [ RunTime:0.0000s ]
SQL: SELECT SUM(goods_number) AS count FROM `ztm_cart` WHERE `cart_key` = '25ec53935b7a14cc2d69465da96c39a1' LIMIT 1   [ RunTime:0.0000s ]
SQL: SHOW COLUMNS FROM `ztm_goods` [ RunTime:0.0000s ]
SQL: SHOW COLUMNS FROM `ztm_goods_category` [ RunTime:0.0000s ]
SQL: SELECT * FROM `ztm_goods_category` WHERE `parent_id` = 1212 AND `disabled` = 'N' AND `display` = 'Y'  [ RunTime:0.0000s ]
SQL: SELECT g.id,g.goods_name,g.market_price,g.shop_price,g.goods_thumb FROM ztm_goods g left join ztm_goods_extend_category gec on g.id=gec.goods_id and gec.category_id=1212  WHERE g.on_sale = 'Y' AND g.disabled = 'N' AND ( g.category_id in (1212) or gec.category_id=1212 ) ORDER BY g.rank desc LIMIT 0,10   [ RunTime:0.0156s ]

[ 2016-01-14T09:42:18+08:00 ] 127.0.0.1 /index.php?m=Mobile&c=Year&a=getAjaxGoods
INFO: [ app_init ] --START--
INFO: Run Behavior\BuildLiteBehavior [ RunTime:0.000000s ]
INFO: [ app_init ] --END-- [ RunTime:0.000000s ]
INFO: [ app_begin ] --START--
INFO: Run Behavior\ReadHtmlCacheBehavior [ RunTime:0.000000s ]
INFO: [ app_begin ] --END-- [ RunTime:0.000000s ]
SQL: SHOW COLUMNS FROM `ztm_cart` [ RunTime:0.0000s ]
SQL: SHOW COLUMNS FROM `ztm_cart` [ RunTime:0.0000s ]
SQL: SELECT SUM(goods_number) AS count FROM `ztm_cart` WHERE `cart_key` = '25ec53935b7a14cc2d69465da96c39a1' LIMIT 1   [ RunTime:0.0000s ]
SQL: SHOW COLUMNS FROM `ztm_goods` [ RunTime:0.0000s ]
SQL: SHOW COLUMNS FROM `ztm_goods_category` [ RunTime:0.0000s ]
SQL: SELECT * FROM `ztm_goods_category` WHERE `parent_id` = 1213 AND `disabled` = 'N' AND `display` = 'Y'  [ RunTime:0.0000s ]
SQL: SELECT g.id,g.goods_name,g.market_price,g.shop_price,g.goods_thumb FROM ztm_goods g left join ztm_goods_extend_category gec on g.id=gec.goods_id and gec.category_id=1213  WHERE g.on_sale = 'Y' AND g.disabled = 'N' AND ( g.category_id in (1213) or gec.category_id=1213 ) ORDER BY g.rank desc LIMIT 0,10   [ RunTime:0.0156s ]

[ 2016-01-14T09:42:18+08:00 ] 127.0.0.1 /index.php?m=Mobile&c=Year&a=getAjaxGoods
INFO: [ app_init ] --START--
INFO: Run Behavior\BuildLiteBehavior [ RunTime:0.000000s ]
INFO: [ app_init ] --END-- [ RunTime:0.000000s ]
INFO: [ app_begin ] --START--
INFO: Run Behavior\ReadHtmlCacheBehavior [ RunTime:0.000000s ]
INFO: [ app_begin ] --END-- [ RunTime:0.000000s ]
SQL: SHOW COLUMNS FROM `ztm_cart` [ RunTime:0.0000s ]
SQL: SHOW COLUMNS FROM `ztm_cart` [ RunTime:0.0000s ]
SQL: SELECT SUM(goods_number) AS count FROM `ztm_cart` WHERE `cart_key` = '25ec53935b7a14cc2d69465da96c39a1' LIMIT 1   [ RunTime:0.0000s ]
SQL: SHOW COLUMNS FROM `ztm_goods` [ RunTime:0.0000s ]
SQL: SHOW COLUMNS FROM `ztm_goods_category` [ RunTime:0.0000s ]
SQL: SELECT * FROM `ztm_goods_category` WHERE `parent_id` = 1209 AND `disabled` = 'N' AND `display` = 'Y'  [ RunTime:0.0000s ]
SQL: SELECT g.id,g.goods_name,g.market_price,g.shop_price,g.goods_thumb FROM ztm_goods g left join ztm_goods_extend_category gec on g.id=gec.goods_id and gec.category_id=1209  WHERE g.on_sale = 'Y' AND g.disabled = 'N' AND ( g.category_id in (1209) or gec.category_id=1209 ) ORDER BY g.rank desc LIMIT 0,10   [ RunTime:0.0156s ]

