[ 2016-01-26T11:14:23+08:00 ] 127.0.0.1 /Pay/aliCheckPay
INFO: [ app_init ] --START--
INFO: Run Behavior\BuildLiteBehavior [ RunTime:0.000000s ]
INFO: [ app_init ] --END-- [ RunTime:0.001001s ]
INFO: [ app_begin ] --START--
INFO: Run Behavior\ReadHtmlCacheBehavior [ RunTime:0.001000s ]
INFO: [ app_begin ] --END-- [ RunTime:0.001000s ]
INFO: [ view_parse ] --START--
INFO: [ template_filter ] --START--
INFO: Run Behavior\ContentReplaceBehavior [ RunTime:0.000000s ]
INFO: [ template_filter ] --END-- [ RunTime:0.000000s ]
INFO: Run Behavior\ParseTemplateBehavior [ RunTime:0.015001s ]
INFO: [ view_parse ] --END-- [ RunTime:0.015001s ]
INFO: [ view_filter ] --START--
INFO: Run Behavior\WriteHtmlCacheBehavior [ RunTime:0.000000s ]
INFO: [ view_filter ] --END-- [ RunTime:0.000000s ]

[ 2016-01-26T11:14:24+08:00 ] 127.0.0.1 /favicon.ico
INFO: [ app_init ] --START--
INFO: Run Behavior\BuildLiteBehavior [ RunTime:0.000000s ]
INFO: [ app_init ] --END-- [ RunTime:0.000000s ]

[ 2016-01-26T11:14:24+08:00 ] 127.0.0.1 /favicon.ico
INFO: [ app_init ] --START--
INFO: Run Behavior\BuildLiteBehavior [ RunTime:0.000000s ]
INFO: [ app_init ] --END-- [ RunTime:0.001000s ]

[ 2016-01-26T11:14:39+08:00 ] 127.0.0.1 /Pay/alicheckPay
INFO: [ app_init ] --START--
INFO: Run Behavior\BuildLiteBehavior [ RunTime:0.000000s ]
INFO: [ app_init ] --END-- [ RunTime:0.001000s ]
INFO: [ app_begin ] --START--
INFO: Run Behavior\ReadHtmlCacheBehavior [ RunTime:0.001000s ]
INFO: [ app_begin ] --END-- [ RunTime:0.001000s ]
INFO: [ view_parse ] --START--
INFO: [ template_filter ] --START--
INFO: Run Behavior\ContentReplaceBehavior [ RunTime:0.000000s ]
INFO: [ template_filter ] --END-- [ RunTime:0.000000s ]
INFO: Run Behavior\ParseTemplateBehavior [ RunTime:0.005000s ]
INFO: [ view_parse ] --END-- [ RunTime:0.005000s ]
INFO: [ view_filter ] --START--
INFO: Run Behavior\WriteHtmlCacheBehavior [ RunTime:0.001000s ]
INFO: [ view_filter ] --END-- [ RunTime:0.001000s ]

[ 2016-01-26T11:15:26+08:00 ] 127.0.0.1 /Pay/aliCheckPay
INFO: [ app_init ] --START--
INFO: Run Behavior\BuildLiteBehavior [ RunTime:0.000000s ]
INFO: [ app_init ] --END-- [ RunTime:0.001000s ]
INFO: [ app_begin ] --START--
INFO: Run Behavior\ReadHtmlCacheBehavior [ RunTime:0.000000s ]
INFO: [ app_begin ] --END-- [ RunTime:0.001000s ]
INFO: [ view_parse ] --START--
INFO: [ template_filter ] --START--
INFO: Run Behavior\ContentReplaceBehavior [ RunTime:0.000000s ]
INFO: [ template_filter ] --END-- [ RunTime:0.000000s ]
INFO: Run Behavior\ParseTemplateBehavior [ RunTime:0.006000s ]
INFO: [ view_parse ] --END-- [ RunTime:0.006000s ]
INFO: [ view_filter ] --START--
INFO: Run Behavior\WriteHtmlCacheBehavior [ RunTime:0.001000s ]
INFO: [ view_filter ] --END-- [ RunTime:0.001000s ]

[ 2016-01-26T11:15:47+08:00 ] 127.0.0.1 /Pay/aliCheckPay
INFO: [ app_init ] --START--
INFO: Run Behavior\BuildLiteBehavior [ RunTime:0.000000s ]
INFO: [ app_init ] --END-- [ RunTime:0.001000s ]
INFO: [ app_begin ] --START--
INFO: Run Behavior\ReadHtmlCacheBehavior [ RunTime:0.001000s ]
INFO: [ app_begin ] --END-- [ RunTime:0.001000s ]
INFO: [ view_parse ] --START--
INFO: [ template_filter ] --START--
INFO: Run Behavior\ContentReplaceBehavior [ RunTime:0.000000s ]
INFO: [ template_filter ] --END-- [ RunTime:0.000000s ]
INFO: Run Behavior\ParseTemplateBehavior [ RunTime:0.007000s ]
INFO: [ view_parse ] --END-- [ RunTime:0.008000s ]
INFO: [ view_filter ] --START--
INFO: Run Behavior\WriteHtmlCacheBehavior [ RunTime:0.001001s ]
INFO: [ view_filter ] --END-- [ RunTime:0.001001s ]

[ 2016-01-26T11:15:48+08:00 ] 127.0.0.1 /Pay/aliCheckPay
INFO: [ app_init ] --START--
INFO: Run Behavior\BuildLiteBehavior [ RunTime:0.000000s ]
INFO: [ app_init ] --END-- [ RunTime:0.001000s ]
INFO: [ app_begin ] --START--
INFO: Run Behavior\ReadHtmlCacheBehavior [ RunTime:0.000000s ]
INFO: [ app_begin ] --END-- [ RunTime:0.001001s ]
INFO: [ view_parse ] --START--
INFO: [ template_filter ] --START--
INFO: Run Behavior\ContentReplaceBehavior [ RunTime:0.000000s ]
INFO: [ template_filter ] --END-- [ RunTime:0.000000s ]
INFO: Run Behavior\ParseTemplateBehavior [ RunTime:0.007000s ]
INFO: [ view_parse ] --END-- [ RunTime:0.007000s ]
INFO: [ view_filter ] --START--
INFO: Run Behavior\WriteHtmlCacheBehavior [ RunTime:0.001000s ]
INFO: [ view_filter ] --END-- [ RunTime:0.001000s ]

[ 2016-01-26T11:15:54+08:00 ] 127.0.0.1 /Pay/aliCheckPay
INFO: [ app_init ] --START--
INFO: Run Behavior\BuildLiteBehavior [ RunTime:0.000000s ]
INFO: [ app_init ] --END-- [ RunTime:0.000000s ]
INFO: [ app_begin ] --START--
INFO: Run Behavior\ReadHtmlCacheBehavior [ RunTime:0.001000s ]
INFO: [ app_begin ] --END-- [ RunTime:0.001000s ]
INFO: [ view_parse ] --START--
INFO: [ template_filter ] --START--
INFO: Run Behavior\ContentReplaceBehavior [ RunTime:0.000000s ]
INFO: [ template_filter ] --END-- [ RunTime:0.000000s ]
INFO: Run Behavior\ParseTemplateBehavior [ RunTime:0.004000s ]
INFO: [ view_parse ] --END-- [ RunTime:0.004000s ]
INFO: [ view_filter ] --START--
INFO: Run Behavior\WriteHtmlCacheBehavior [ RunTime:0.000000s ]
INFO: [ view_filter ] --END-- [ RunTime:0.000000s ]

[ 2016-01-26T15:01:07+08:00 ] 127.0.0.1 /favicon.ico
INFO: [ app_init ] --START--
INFO: Run Behavior\BuildLiteBehavior [ RunTime:0.000000s ]
INFO: [ app_init ] --END-- [ RunTime:0.000000s ]

[ 2016-01-26T15:01:09+08:00 ] 127.0.0.1 /
INFO: [ app_init ] --START--
INFO: Run Behavior\BuildLiteBehavior [ RunTime:0.000000s ]
INFO: [ app_init ] --END-- [ RunTime:0.000000s ]
INFO: [ app_begin ] --START--
INFO: Run Behavior\ReadHtmlCacheBehavior [ RunTime:0.001000s ]
INFO: [ app_begin ] --END-- [ RunTime:0.001000s ]
SQL: SHOW COLUMNS FROM `ztm_cart` [ RunTime:0.0020s ]
SQL: SHOW COLUMNS FROM `ztm_cart` [ RunTime:0.0020s ]
SQL: SELECT SUM(goods_number) AS count FROM `ztm_cart` WHERE `cart_key` = '1945b8f1733b0efe898a6a6c49f3a900' LIMIT 1   [ RunTime:0.0020s ]
SQL: SHOW COLUMNS FROM `ztm_advert` [ RunTime:0.0010s ]
SQL: SELECT * FROM `ztm_advert` WHERE `topic` = 'indexBanner' AND `disabled` = 'N' ORDER BY rank desc LIMIT 0,10000   [ RunTime:0.0020s ]
SQL: SHOW COLUMNS FROM `ztm_goods` [ RunTime:0.0020s ]
SQL: SELECT g.goods_name,g.market_price,g.shop_price,sg.goods_id,g.goods_thumb,sg.kill_price,sg.goods_number,sg.kill_start,sg.kill_end FROM ztm_seckill_goods AS sg LEFT JOIN ztm_goods AS g ON sg.goods_id=g.id WHERE sg.on_sale='Y' AND sg.disabled='N' AND sg.kill_start=1453737600 AND sg.kill_end=1453824000 ORDER BY sg.rank DESC LIMIT 0,3 [ RunTime:0.0010s ]
SQL: SELECT * FROM `ztm_advert` WHERE `topic` = 'indexFashion' AND `disabled` = 'N' ORDER BY rank desc LIMIT 0,9   [ RunTime:0.0020s ]
INFO: [ view_parse ] --START--
INFO: [ template_filter ] --START--
INFO: Run Behavior\ContentReplaceBehavior [ RunTime:0.000000s ]
INFO: [ template_filter ] --END-- [ RunTime:0.000000s ]
INFO: Run Behavior\ParseTemplateBehavior [ RunTime:0.031002s ]
INFO: [ view_parse ] --END-- [ RunTime:0.031002s ]
INFO: [ view_filter ] --START--
INFO: Run Behavior\WriteHtmlCacheBehavior [ RunTime:0.000000s ]
INFO: [ view_filter ] --END-- [ RunTime:0.001000s ]
INFO: [ app_end ] --START--
INFO: Run Behavior\ShowPageTraceBehavior [ RunTime:0.000000s ]
INFO: [ app_end ] --END-- [ RunTime:0.000000s ]

[ 2016-01-26T15:01:10+08:00 ] 127.0.0.1 /Uploads/20151216/5671118e51d60.jpg
INFO: [ app_init ] --START--
INFO: Run Behavior\BuildLiteBehavior [ RunTime:0.000000s ]
INFO: [ app_init ] --END-- [ RunTime:0.000000s ]

[ 2016-01-26T15:01:10+08:00 ] 127.0.0.1 /Uploads/20151215/566fd0895d1e1.jpg
INFO: [ app_init ] --START--
INFO: Run Behavior\BuildLiteBehavior [ RunTime:0.000000s ]
INFO: [ app_init ] --END-- [ RunTime:0.001000s ]

[ 2016-01-26T15:01:10+08:00 ] 127.0.0.1 /Uploads/20151215/566fd06f1fb82.jpg
INFO: [ app_init ] --START--
INFO: Run Behavior\BuildLiteBehavior [ RunTime:0.000000s ]
INFO: [ app_init ] --END-- [ RunTime:0.001000s ]

[ 2016-01-26T15:01:10+08:00 ] 127.0.0.1 /Uploads/20160105/568b3de239e6f.jpg
INFO: [ app_init ] --START--
INFO: Run Behavior\BuildLiteBehavior [ RunTime:0.000000s ]
INFO: [ app_init ] --END-- [ RunTime:0.000000s ]

[ 2016-01-26T15:01:10+08:00 ] 127.0.0.1 /Uploads/20151215/566fbff15b94c.jpg
INFO: [ app_init ] --START--
INFO: Run Behavior\BuildLiteBehavior [ RunTime:0.000000s ]
INFO: [ app_init ] --END-- [ RunTime:0.001000s ]

[ 2016-01-26T15:01:10+08:00 ] 127.0.0.1 /Uploads/20151216/567111719f5ef.jpg
INFO: [ app_init ] --START--
INFO: Run Behavior\BuildLiteBehavior [ RunTime:0.000000s ]
INFO: [ app_init ] --END-- [ RunTime:0.000000s ]

[ 2016-01-26T15:01:10+08:00 ] 127.0.0.1 /Uploads/20151214/566e8e50221b5.jpg
INFO: [ app_init ] --START--
INFO: Run Behavior\BuildLiteBehavior [ RunTime:0.000000s ]
INFO: [ app_init ] --END-- [ RunTime:0.000000s ]

[ 2016-01-26T15:01:10+08:00 ] 127.0.0.1 /Uploads/20151215/566fbfd9e81c0.jpg
INFO: [ app_init ] --START--
INFO: Run Behavior\BuildLiteBehavior [ RunTime:0.000000s ]
INFO: [ app_init ] --END-- [ RunTime:0.000000s ]

[ 2016-01-26T15:01:10+08:00 ] 127.0.0.1 /Uploads/20151214/566e8e3607c33.jpg
INFO: [ app_init ] --START--
INFO: Run Behavior\BuildLiteBehavior [ RunTime:0.000000s ]
INFO: [ app_init ] --END-- [ RunTime:0.000000s ]

[ 2016-01-26T15:01:10+08:00 ] 127.0.0.1 /Uploads/20151216/5671118e51d60.jpg
INFO: [ app_init ] --START--
INFO: Run Behavior\BuildLiteBehavior [ RunTime:0.000000s ]
INFO: [ app_init ] --END-- [ RunTime:0.000000s ]

[ 2016-01-26T15:01:10+08:00 ] 127.0.0.1 /Uploads/20160114/56975bd173ad9.jpg
INFO: [ app_init ] --START--
INFO: Run Behavior\BuildLiteBehavior [ RunTime:0.000000s ]
INFO: [ app_init ] --END-- [ RunTime:0.001000s ]

[ 2016-01-26T15:01:10+08:00 ] 127.0.0.1 /Uploads/20151215/566fd06f1fb82.jpg
INFO: [ app_init ] --START--
INFO: Run Behavior\BuildLiteBehavior [ RunTime:0.000000s ]
INFO: [ app_init ] --END-- [ RunTime:0.000000s ]

[ 2016-01-26T15:01:10+08:00 ] 127.0.0.1 /Uploads/20151215/566fd0895d1e1.jpg
INFO: [ app_init ] --START--
INFO: Run Behavior\BuildLiteBehavior [ RunTime:0.000000s ]
INFO: [ app_init ] --END-- [ RunTime:0.000000s ]

[ 2016-01-26T15:01:10+08:00 ] 127.0.0.1 /Uploads/20160105/568b3de239e6f.jpg
INFO: [ app_init ] --START--
INFO: Run Behavior\BuildLiteBehavior [ RunTime:0.000000s ]
INFO: [ app_init ] --END-- [ RunTime:0.000000s ]

[ 2016-01-26T15:01:10+08:00 ] 127.0.0.1 /Uploads/20160114/56975bd173ad9.jpg
INFO: [ app_init ] --START--
INFO: Run Behavior\BuildLiteBehavior [ RunTime:0.000000s ]
INFO: [ app_init ] --END-- [ RunTime:0.001000s ]

[ 2016-01-26T15:01:10+08:00 ] 127.0.0.1 /Uploads/20160114/56975bd173ad9.jpg
INFO: [ app_init ] --START--
INFO: Run Behavior\BuildLiteBehavior [ RunTime:0.000000s ]
INFO: [ app_init ] --END-- [ RunTime:0.000000s ]

[ 2016-01-26T15:01:15+08:00 ] 127.0.0.1 /Uploads/20160112/5694cde84304d.png
INFO: [ app_init ] --START--
INFO: Run Behavior\BuildLiteBehavior [ RunTime:0.000000s ]
INFO: [ app_init ] --END-- [ RunTime:0.001000s ]

[ 2016-01-26T15:01:15+08:00 ] 127.0.0.1 /Uploads/20160112/5694cde84304d.png
INFO: [ app_init ] --START--
INFO: Run Behavior\BuildLiteBehavior [ RunTime:0.000000s ]
INFO: [ app_init ] --END-- [ RunTime:0.001000s ]

[ 2016-01-26T15:01:20+08:00 ] 127.0.0.1 /Uploads/20160108/568f2572bcc4b.jpg
INFO: [ app_init ] --START--
INFO: Run Behavior\BuildLiteBehavior [ RunTime:0.000000s ]
INFO: [ app_init ] --END-- [ RunTime:0.001000s ]

[ 2016-01-26T15:01:20+08:00 ] 127.0.0.1 /Uploads/20160108/568f2572bcc4b.jpg
INFO: [ app_init ] --START--
INFO: Run Behavior\BuildLiteBehavior [ RunTime:0.000000s ]
INFO: [ app_init ] --END-- [ RunTime:0.001000s ]

[ 2016-01-26T15:01:23+08:00 ] 127.0.0.1 /favicon.ico
INFO: [ app_init ] --START--
INFO: Run Behavior\BuildLiteBehavior [ RunTime:0.000000s ]
INFO: [ app_init ] --END-- [ RunTime:0.001000s ]

[ 2016-01-26T15:01:25+08:00 ] 127.0.0.1 /Uploads/20151123/56526880940a2.jpg
INFO: [ app_init ] --START--
INFO: Run Behavior\BuildLiteBehavior [ RunTime:0.000000s ]
INFO: [ app_init ] --END-- [ RunTime:0.001000s ]

[ 2016-01-26T15:01:25+08:00 ] 127.0.0.1 /Uploads/20151123/56526880940a2.jpg
INFO: [ app_init ] --START--
INFO: Run Behavior\BuildLiteBehavior [ RunTime:0.000000s ]
INFO: [ app_init ] --END-- [ RunTime:0.000000s ]

[ 2016-01-26T15:01:30+08:00 ] 127.0.0.1 /Uploads/20151123/565268a7362e1.jpg
INFO: [ app_init ] --START--
INFO: Run Behavior\BuildLiteBehavior [ RunTime:0.000000s ]
INFO: [ app_init ] --END-- [ RunTime:0.000000s ]

[ 2016-01-26T15:01:30+08:00 ] 127.0.0.1 /Uploads/20151123/565268a7362e1.jpg
INFO: [ app_init ] --START--
INFO: Run Behavior\BuildLiteBehavior [ RunTime:0.000000s ]
INFO: [ app_init ] --END-- [ RunTime:0.000000s ]

[ 2016-01-26T15:01:35+08:00 ] 127.0.0.1 /Uploads/20151123/5652694fd3a84.jpg
INFO: [ app_init ] --START--
INFO: Run Behavior\BuildLiteBehavior [ RunTime:0.000000s ]
INFO: [ app_init ] --END-- [ RunTime:0.001000s ]

[ 2016-01-26T15:01:35+08:00 ] 127.0.0.1 /Uploads/20151123/5652694fd3a84.jpg
INFO: [ app_init ] --START--
INFO: Run Behavior\BuildLiteBehavior [ RunTime:0.000000s ]
INFO: [ app_init ] --END-- [ RunTime:0.001000s ]

[ 2016-01-26T15:01:35+08:00 ] 127.0.0.1 /Uploads/20151123/5652694fd3a84.jpg
INFO: [ app_init ] --START--
INFO: Run Behavior\BuildLiteBehavior [ RunTime:0.000000s ]
INFO: [ app_init ] --END-- [ RunTime:0.000000s ]

[ 2016-01-26T15:02:30+08:00 ] 127.0.0.1 /Index/catGoodsList/cat_id/696.html
INFO: [ app_init ] --START--
INFO: Run Behavior\BuildLiteBehavior [ RunTime:0.000000s ]
INFO: [ app_init ] --END-- [ RunTime:0.000000s ]
INFO: [ app_begin ] --START--
INFO: Run Behavior\ReadHtmlCacheBehavior [ RunTime:0.001000s ]
INFO: [ app_begin ] --END-- [ RunTime:0.001000s ]
SQL: SHOW COLUMNS FROM `ztm_cart` [ RunTime:0.0020s ]
SQL: SHOW COLUMNS FROM `ztm_cart` [ RunTime:0.0020s ]
SQL: SELECT SUM(goods_number) AS tp_sum FROM `ztm_cart` WHERE `cart_key` = '1945b8f1733b0efe898a6a6c49f3a900' LIMIT 1   [ RunTime:0.0010s ]
SQL: SHOW COLUMNS FROM `ztm_goods_category` [ RunTime:0.0020s ]
SQL: SELECT `category_name` FROM `ztm_goods_category` WHERE `id` = 696 LIMIT 1   [ RunTime:0.0010s ]
INFO: [ view_parse ] --START--
INFO: [ template_filter ] --START--
INFO: Run Behavior\ContentReplaceBehavior [ RunTime:0.000000s ]
INFO: [ template_filter ] --END-- [ RunTime:0.000000s ]
INFO: Run Behavior\ParseTemplateBehavior [ RunTime:0.027002s ]
INFO: [ view_parse ] --END-- [ RunTime:0.028002s ]
INFO: [ view_filter ] --START--
INFO: Run Behavior\WriteHtmlCacheBehavior [ RunTime:0.000000s ]
INFO: [ view_filter ] --END-- [ RunTime:0.000000s ]
INFO: [ app_end ] --START--
INFO: Run Behavior\ShowPageTraceBehavior [ RunTime:0.001000s ]
INFO: [ app_end ] --END-- [ RunTime:0.001000s ]

[ 2016-01-26T15:02:30+08:00 ] 127.0.0.1 /index.php?m=Mobile&c=Index&a=getAjaxGoods
INFO: [ app_init ] --START--
INFO: Run Behavior\BuildLiteBehavior [ RunTime:0.000000s ]
INFO: [ app_init ] --END-- [ RunTime:0.001000s ]
INFO: [ app_begin ] --START--
INFO: Run Behavior\ReadHtmlCacheBehavior [ RunTime:0.000000s ]
INFO: [ app_begin ] --END-- [ RunTime:0.000000s ]
SQL: SHOW COLUMNS FROM `ztm_cart` [ RunTime:0.0010s ]
SQL: SHOW COLUMNS FROM `ztm_cart` [ RunTime:0.0020s ]
SQL: SELECT SUM(goods_number) AS tp_sum FROM `ztm_cart` WHERE `cart_key` = '1945b8f1733b0efe898a6a6c49f3a900' LIMIT 1   [ RunTime:0.0010s ]
SQL: SHOW COLUMNS FROM `ztm_goods` [ RunTime:0.0030s ]
SQL: SHOW COLUMNS FROM `ztm_goods_category` [ RunTime:0.0010s ]
SQL: SELECT * FROM `ztm_goods_category` WHERE `parent_id` = 696 AND `disabled` = 'N' AND `display` = 'Y'  [ RunTime:0.0010s ]
SQL: SELECT * FROM `ztm_goods_category` WHERE `parent_id` = 876 AND `disabled` = 'N' AND `display` = 'Y'  [ RunTime:0.0010s ]
SQL: SELECT * FROM `ztm_goods_category` WHERE `parent_id` = 877 AND `disabled` = 'N' AND `display` = 'Y'  [ RunTime:0.0010s ]
SQL: SELECT * FROM `ztm_goods_category` WHERE `parent_id` = 878 AND `disabled` = 'N' AND `display` = 'Y'  [ RunTime:0.0010s ]
SQL: SELECT * FROM `ztm_goods_category` WHERE `parent_id` = 1192 AND `disabled` = 'N' AND `display` = 'Y'  [ RunTime:0.0010s ]
SQL: SELECT g.id,g.goods_name,g.market_price,g.shop_price,g.goods_thumb FROM ztm_goods g left join ztm_goods_extend_category gec on g.id=gec.goods_id and gec.category_id=696  WHERE g.on_sale = 'Y' AND g.disabled = 'N' AND ( g.category_id in (876,877,878,1192,696) or gec.category_id=696 ) ORDER BY g.rank desc LIMIT 0,12   [ RunTime:0.0090s ]
INFO: [ view_parse ] --START--
INFO: [ template_filter ] --START--
INFO: Run Behavior\ContentReplaceBehavior [ RunTime:0.000000s ]
INFO: [ template_filter ] --END-- [ RunTime:0.000000s ]
INFO: Run Behavior\ParseTemplateBehavior [ RunTime:0.006000s ]
INFO: [ view_parse ] --END-- [ RunTime:0.006000s ]
INFO: [ view_filter ] --START--
INFO: Run Behavior\WriteHtmlCacheBehavior [ RunTime:0.000000s ]
INFO: [ view_filter ] --END-- [ RunTime:0.000000s ]

[ 2016-01-26T15:02:30+08:00 ] 127.0.0.1 /Uploads/20151211/566a8a216511f.jpg_250x250.jpg
INFO: [ app_init ] --START--
INFO: Run Behavior\BuildLiteBehavior [ RunTime:0.000000s ]
INFO: [ app_init ] --END-- [ RunTime:0.000000s ]

[ 2016-01-26T15:02:30+08:00 ] 127.0.0.1 /Uploads/20151211/566a89a5dafba.jpg_250x250.jpg
INFO: [ app_init ] --START--
INFO: Run Behavior\BuildLiteBehavior [ RunTime:0.000000s ]
INFO: [ app_init ] --END-- [ RunTime:0.000000s ]

[ 2016-01-26T15:02:30+08:00 ] 127.0.0.1 /Uploads/20151211/566a89e5ad3e9.jpg_250x250.jpg
INFO: [ app_init ] --START--
INFO: Run Behavior\BuildLiteBehavior [ RunTime:0.000000s ]
INFO: [ app_init ] --END-- [ RunTime:0.000000s ]

[ 2016-01-26T15:02:30+08:00 ] 127.0.0.1 /Uploads/20151211/566a8a5781ec9.jpg_250x250.jpg
INFO: [ app_init ] --START--
INFO: Run Behavior\BuildLiteBehavior [ RunTime:0.000000s ]
INFO: [ app_init ] --END-- [ RunTime:0.000000s ]

[ 2016-01-26T15:02:30+08:00 ] 127.0.0.1 /Uploads/20151211/566a8ac2b7b65.jpg_250x250.jpg
INFO: [ app_init ] --START--
INFO: Run Behavior\BuildLiteBehavior [ RunTime:0.000000s ]
INFO: [ app_init ] --END-- [ RunTime:0.000000s ]

[ 2016-01-26T15:02:30+08:00 ] 127.0.0.1 /Uploads/20151211/566a8a8ae2519.jpg_250x250.jpg
INFO: [ app_init ] --START--
INFO: Run Behavior\BuildLiteBehavior [ RunTime:0.000000s ]
INFO: [ app_init ] --END-- [ RunTime:0.001000s ]

[ 2016-01-26T15:02:31+08:00 ] 127.0.0.1 /Goods/detail/goods_id/2265
INFO: [ app_init ] --START--
INFO: Run Behavior\BuildLiteBehavior [ RunTime:0.000000s ]
INFO: [ app_init ] --END-- [ RunTime:0.001000s ]
INFO: [ app_begin ] --START--
INFO: Run Behavior\ReadHtmlCacheBehavior [ RunTime:0.000000s ]
INFO: [ app_begin ] --END-- [ RunTime:0.000000s ]
SQL: SHOW COLUMNS FROM `ztm_cart` [ RunTime:0.0010s ]
SQL: SHOW COLUMNS FROM `ztm_cart` [ RunTime:0.0020s ]
SQL: SELECT SUM(goods_number) AS tp_sum FROM `ztm_cart` WHERE `cart_key` = '1945b8f1733b0efe898a6a6c49f3a900' LIMIT 1   [ RunTime:0.0010s ]
SQL: SHOW COLUMNS FROM `ztm_goods` [ RunTime:0.0020s ]
SQL: SHOW COLUMNS FROM `ztm_goods_extend` [ RunTime:0.0020s ]
SQL: SELECT `goods_gallery` FROM `ztm_goods_extend` WHERE `goods_id` = 2265 LIMIT 1   [ RunTime:0.0020s ]
SQL: SELECT * FROM ztm_goods g INNER JOIN ztm_goods_extend AS ge ON ge.goods_id=g.id  WHERE g.id = '2265' LIMIT 1   [ RunTime:0.0010s ]
SQL: SHOW COLUMNS FROM `ztm_goods` [ RunTime:0.0020s ]
SQL: SELECT `shop_price` FROM `ztm_goods` WHERE `on_sale` = 'Y' AND `disabled` = 'N' AND `id` = 2265 LIMIT 1   [ RunTime:0.0010s ]
SQL: SHOW COLUMNS FROM `ztm_seckill_goods` [ RunTime:0.0020s ]
SQL: SELECT `kill_price` FROM `ztm_seckill_goods` WHERE `goods_id` = 2265 AND `on_sale` = 'Y' AND `disabled` = 'N' AND `kill_start` < 1453791751 AND `kill_end` > 1453791751 LIMIT 1   [ RunTime:0.0010s ]
SQL: SELECT SUM(og.goods_number) AS sale_count FROM ztm_order_goods AS og LEFT JOIN ztm_order AS o ON og.order_id=o.id WHERE
  o.payment_state='payed' AND og.goods_id=2265 [ RunTime:0.0010s ]
SQL: SELECT ge.skus AS oneskus,gs.skus AS twoskus FROM ztm_goods_extend AS ge LEFT JOIN ztm_goods_sku AS gs ON ge.sku_id=gs.id WHERE ge.goods_id=2265 [ RunTime:0.0010s ]
SQL: SHOW COLUMNS FROM `ztm_goods_extend` [ RunTime:0.0010s ]
SQL: SELECT `relation_goods` FROM `ztm_goods_extend` WHERE `goods_id` = '2265' LIMIT 1   [ RunTime:0.0020s ]
SQL: SHOW COLUMNS FROM `ztm_goods` [ RunTime:0.0020s ]
SQL: SELECT id AS goods_id,`goods_name`,`shop_price`,`market_price`,`goods_thumb` FROM `ztm_goods` WHERE `id` IN ('1286','1287','1288','1289','1290','1291') AND `on_sale` = 'Y' AND `disabled` = 'N' LIMIT 0,20   [ RunTime:0.0010s ]
SQL: SHOW COLUMNS FROM `ztm_comment` [ RunTime:0.0020s ]
SQL: SELECT COUNT(*) AS tp_count FROM `ztm_comment` WHERE `relation_id` = 2265 AND `display` = 'Y' AND `relation_type` = 'goods' LIMIT 1   [ RunTime:0.0010s ]
SQL: SELECT COUNT(*) AS tp_count FROM `ztm_comment` WHERE `relation_id` = 2265 AND `display` = 'Y' AND `relation_type` = 'goods' AND `level` IN ('4','5') LIMIT 1   [ RunTime:0.0020s ]
SQL: SELECT COUNT(*) AS tp_count FROM `ztm_comment` WHERE `relation_id` = 2265 AND `display` = 'Y' AND `relation_type` = 'goods' AND `level` IN ('2','3') LIMIT 1   [ RunTime:0.0010s ]
SQL: SELECT COUNT(*) AS tp_count FROM `ztm_comment` WHERE `relation_id` = 2265 AND `display` = 'Y' AND `relation_type` = 'goods' AND `level` = 1 LIMIT 1   [ RunTime:0.0020s ]
SQL: SHOW COLUMNS FROM `ztm_comment` [ RunTime:0.0010s ]
SQL: SELECT `user_name`,`content`,`level`,`date_add` FROM `ztm_comment` WHERE `relation_id` = '2265' AND `display` = 'Y' AND `relation_type` = 'goods' ORDER BY id desc LIMIT 0,3   [ RunTime:0.0020s ]
SQL: SHOW COLUMNS FROM `ztm_goods_category` [ RunTime:0.0010s ]
SQL: SELECT `parent_id` FROM `ztm_goods_category` WHERE ( id=877 ) LIMIT 1   [ RunTime:0.0020s ]
INFO: [ view_parse ] --START--
INFO: [ template_filter ] --START--
INFO: Run Behavior\ContentReplaceBehavior [ RunTime:0.000000s ]
INFO: [ template_filter ] --END-- [ RunTime:0.000000s ]
NOTIC: [8] Undefined index: refund F:\homes\webonline\Ztmvip\Runtime\Cache\Mobile\bbca1ab48b10c56dde37875b852e8c3f.php 第 179 行.
NOTIC: [8] Undefined variable: signPackage F:\homes\webonline\Ztmvip\Runtime\Cache\Mobile\bbca1ab48b10c56dde37875b852e8c3f.php 第 389 行.
NOTIC: [8] Undefined variable: signPackage F:\homes\webonline\Ztmvip\Runtime\Cache\Mobile\bbca1ab48b10c56dde37875b852e8c3f.php 第 390 行.
NOTIC: [8] Undefined variable: signPackage F:\homes\webonline\Ztmvip\Runtime\Cache\Mobile\bbca1ab48b10c56dde37875b852e8c3f.php 第 391 行.
NOTIC: [8] Undefined variable: signPackage F:\homes\webonline\Ztmvip\Runtime\Cache\Mobile\bbca1ab48b10c56dde37875b852e8c3f.php 第 392 行.
NOTIC: [8] Undefined variable: title F:\homes\webonline\Ztmvip\Runtime\Cache\Mobile\bbca1ab48b10c56dde37875b852e8c3f.php 第 404 行.
NOTIC: [8] Undefined variable: desc F:\homes\webonline\Ztmvip\Runtime\Cache\Mobile\bbca1ab48b10c56dde37875b852e8c3f.php 第 405 行.
NOTIC: [8] Undefined variable: link F:\homes\webonline\Ztmvip\Runtime\Cache\Mobile\bbca1ab48b10c56dde37875b852e8c3f.php 第 406 行.
NOTIC: [8] Undefined variable: imgUrl F:\homes\webonline\Ztmvip\Runtime\Cache\Mobile\bbca1ab48b10c56dde37875b852e8c3f.php 第 407 行.
NOTIC: [8] Undefined variable: title F:\homes\webonline\Ztmvip\Runtime\Cache\Mobile\bbca1ab48b10c56dde37875b852e8c3f.php 第 418 行.
NOTIC: [8] Undefined variable: link F:\homes\webonline\Ztmvip\Runtime\Cache\Mobile\bbca1ab48b10c56dde37875b852e8c3f.php 第 419 行.
NOTIC: [8] Undefined variable: imgUrl F:\homes\webonline\Ztmvip\Runtime\Cache\Mobile\bbca1ab48b10c56dde37875b852e8c3f.php 第 420 行.
INFO: Run Behavior\ParseTemplateBehavior [ RunTime:0.013001s ]
INFO: [ view_parse ] --END-- [ RunTime:0.013001s ]
INFO: [ view_filter ] --START--
INFO: Run Behavior\WriteHtmlCacheBehavior [ RunTime:0.001000s ]
INFO: [ view_filter ] --END-- [ RunTime:0.001000s ]
INFO: [ app_end ] --START--
INFO: Run Behavior\ShowPageTraceBehavior [ RunTime:0.000000s ]
INFO: [ app_end ] --END-- [ RunTime:0.000000s ]

[ 2016-01-26T15:02:32+08:00 ] 127.0.0.1 /Uploads/20151211/566a8a93b2461.jpg
INFO: [ app_init ] --START--
INFO: Run Behavior\BuildLiteBehavior [ RunTime:0.000000s ]
INFO: [ app_init ] --END-- [ RunTime:0.001000s ]

[ 2016-01-26T15:02:32+08:00 ] 127.0.0.1 /Uploads/20151211/566a8a93a5593.jpg
INFO: [ app_init ] --START--
INFO: Run Behavior\BuildLiteBehavior [ RunTime:0.000000s ]
INFO: [ app_init ] --END-- [ RunTime:0.001000s ]

[ 2016-01-26T15:02:32+08:00 ] 127.0.0.1 /Uploads/20151211/566a8a93af04b.jpg
INFO: [ app_init ] --START--
INFO: Run Behavior\BuildLiteBehavior [ RunTime:0.000000s ]
INFO: [ app_init ] --END-- [ RunTime:0.000000s ]

[ 2016-01-26T15:02:32+08:00 ] 127.0.0.1 /Uploads/20151211/566a8a941698f.jpg
INFO: [ app_init ] --START--
INFO: Run Behavior\BuildLiteBehavior [ RunTime:0.000000s ]
INFO: [ app_init ] --END-- [ RunTime:0.000000s ]

[ 2016-01-26T15:02:32+08:00 ] 127.0.0.1 /Uploads/20151211/566a8a93da42a.jpg
INFO: [ app_init ] --START--
INFO: Run Behavior\BuildLiteBehavior [ RunTime:0.000000s ]
INFO: [ app_init ] --END-- [ RunTime:0.000000s ]

[ 2016-01-26T15:02:32+08:00 ] 127.0.0.1 /Uploads/20151211/566a8a93d73b6.jpg
INFO: [ app_init ] --START--
INFO: Run Behavior\BuildLiteBehavior [ RunTime:0.000000s ]
INFO: [ app_init ] --END-- [ RunTime:0.001000s ]

[ 2016-01-26T15:02:32+08:00 ] 127.0.0.1 /Uploads/20151211/566a8a94007fc.jpg
INFO: [ app_init ] --START--
INFO: Run Behavior\BuildLiteBehavior [ RunTime:0.000000s ]
INFO: [ app_init ] --END-- [ RunTime:0.000000s ]

[ 2016-01-26T15:02:32+08:00 ] 127.0.0.1 /Uploads/20151211/566a8a9403817.jpg
INFO: [ app_init ] --START--
INFO: Run Behavior\BuildLiteBehavior [ RunTime:0.000000s ]
INFO: [ app_init ] --END-- [ RunTime:0.001001s ]

[ 2016-01-26T15:02:32+08:00 ] 127.0.0.1 /Uploads/20151211/566a8a94ae96f.jpg
INFO: [ app_init ] --START--
INFO: Run Behavior\BuildLiteBehavior [ RunTime:0.000000s ]
INFO: [ app_init ] --END-- [ RunTime:0.000000s ]

[ 2016-01-26T15:02:32+08:00 ] 127.0.0.1 /Uploads/20151211/566a8a94b045f.jpg
INFO: [ app_init ] --START--
INFO: Run Behavior\BuildLiteBehavior [ RunTime:0.000000s ]
INFO: [ app_init ] --END-- [ RunTime:0.001000s ]

[ 2016-01-26T15:02:32+08:00 ] 127.0.0.1 /Uploads/20151211/566a8a8ae2519.jpg_710x700.jpg
INFO: [ app_init ] --START--
INFO: Run Behavior\BuildLiteBehavior [ RunTime:0.000000s ]
INFO: [ app_init ] --END-- [ RunTime:0.000000s ]

[ 2016-01-26T15:02:32+08:00 ] 127.0.0.1 /Uploads/20151211/566a8a93a5593.jpg
INFO: [ app_init ] --START--
INFO: Run Behavior\BuildLiteBehavior [ RunTime:0.000000s ]
INFO: [ app_init ] --END-- [ RunTime:0.000000s ]

[ 2016-01-26T15:02:32+08:00 ] 127.0.0.1 /Uploads/20151211/566a8a93af04b.jpg
INFO: [ app_init ] --START--
INFO: Run Behavior\BuildLiteBehavior [ RunTime:0.000000s ]
INFO: [ app_init ] --END-- [ RunTime:0.000000s ]

[ 2016-01-26T15:02:32+08:00 ] 127.0.0.1 /Uploads/20151211/566a8a93b2461.jpg
INFO: [ app_init ] --START--
INFO: Run Behavior\BuildLiteBehavior [ RunTime:0.000000s ]
INFO: [ app_init ] --END-- [ RunTime:0.001000s ]

[ 2016-01-26T15:02:32+08:00 ] 127.0.0.1 /Uploads/20151211/566a8a941698f.jpg
INFO: [ app_init ] --START--
INFO: Run Behavior\BuildLiteBehavior [ RunTime:0.000000s ]
INFO: [ app_init ] --END-- [ RunTime:0.000000s ]

[ 2016-01-26T15:02:32+08:00 ] 127.0.0.1 /Uploads/20151211/566a8a93d73b6.jpg
INFO: [ app_init ] --START--
INFO: Run Behavior\BuildLiteBehavior [ RunTime:0.000000s ]
INFO: [ app_init ] --END-- [ RunTime:0.001000s ]

[ 2016-01-26T15:02:32+08:00 ] 127.0.0.1 /Uploads/20151211/566a8a93da42a.jpg
INFO: [ app_init ] --START--
INFO: Run Behavior\BuildLiteBehavior [ RunTime:0.000000s ]
INFO: [ app_init ] --END-- [ RunTime:0.000000s ]

[ 2016-01-26T15:02:32+08:00 ] 127.0.0.1 /Uploads/20151211/566a8a9403817.jpg
INFO: [ app_init ] --START--
INFO: Run Behavior\BuildLiteBehavior [ RunTime:0.000000s ]
INFO: [ app_init ] --END-- [ RunTime:0.000000s ]

[ 2016-01-26T15:02:32+08:00 ] 127.0.0.1 /Uploads/20151211/566a8a94007fc.jpg
INFO: [ app_init ] --START--
INFO: Run Behavior\BuildLiteBehavior [ RunTime:0.000000s ]
INFO: [ app_init ] --END-- [ RunTime:0.000000s ]

[ 2016-01-26T15:02:32+08:00 ] 127.0.0.1 /Uploads/20151211/566a8a8ae2519.jpg_710x700.jpg
INFO: [ app_init ] --START--
INFO: Run Behavior\BuildLiteBehavior [ RunTime:0.000000s ]
INFO: [ app_init ] --END-- [ RunTime:0.000000s ]

[ 2016-01-26T15:02:32+08:00 ] 127.0.0.1 /index.php?m=Mobile&c=Flow&a=price
INFO: [ app_init ] --START--
INFO: Run Behavior\BuildLiteBehavior [ RunTime:0.000000s ]
INFO: [ app_init ] --END-- [ RunTime:0.000000s ]
INFO: [ app_begin ] --START--
INFO: Run Behavior\ReadHtmlCacheBehavior [ RunTime:0.000000s ]
INFO: [ app_begin ] --END-- [ RunTime:0.000000s ]
SQL: SHOW COLUMNS FROM `ztm_cart` [ RunTime:0.0020s ]
SQL: SHOW COLUMNS FROM `ztm_cart` [ RunTime:0.0040s ]
SQL: SELECT SUM(goods_number) AS tp_sum FROM `ztm_cart` WHERE `cart_key` = '1945b8f1733b0efe898a6a6c49f3a900' LIMIT 1   [ RunTime:0.0030s ]
SQL: SHOW COLUMNS FROM `ztm_goods` [ RunTime:0.0020s ]
SQL: SHOW COLUMNS FROM `ztm_goods` [ RunTime:0.0050s ]
SQL: SELECT `shop_price` FROM `ztm_goods` WHERE `on_sale` = 'Y' AND `disabled` = 'N' AND `id` = 2265 LIMIT 1   [ RunTime:0.0000s ]
SQL: SHOW COLUMNS FROM `ztm_seckill_goods` [ RunTime:0.0030s ]
SQL: SELECT `kill_price` FROM `ztm_seckill_goods` WHERE `goods_id` = 2265 AND `on_sale` = 'Y' AND `disabled` = 'N' AND `kill_start` < 1453791752 AND `kill_end` > 1453791752 LIMIT 1   [ RunTime:0.0030s ]

[ 2016-01-26T15:02:32+08:00 ] 127.0.0.1 /Uploads/20151211/566a8a8ae2519.jpg_710x700.jpg
INFO: [ app_init ] --START--
INFO: Run Behavior\BuildLiteBehavior [ RunTime:0.000000s ]
INFO: [ app_init ] --END-- [ RunTime:0.000000s ]

[ 2016-01-26T15:02:34+08:00 ] 127.0.0.1 /Uploads/20151211/566a8a8ae2519.jpg_710x700.jpg
INFO: [ app_init ] --START--
INFO: Run Behavior\BuildLiteBehavior [ RunTime:0.000000s ]
INFO: [ app_init ] --END-- [ RunTime:0.001000s ]

[ 2016-01-26T15:02:34+08:00 ] 127.0.0.1 /Uploads/20151211/566a8a8ae2519.jpg_710x700.jpg
INFO: [ app_init ] --START--
INFO: Run Behavior\BuildLiteBehavior [ RunTime:0.000000s ]
INFO: [ app_init ] --END-- [ RunTime:0.000000s ]

[ 2016-01-26T15:02:36+08:00 ] 127.0.0.1 /Uploads/20151211/566a8a8ae2519.jpg_710x700.jpg
INFO: [ app_init ] --START--
INFO: Run Behavior\BuildLiteBehavior [ RunTime:0.000000s ]
INFO: [ app_init ] --END-- [ RunTime:0.001000s ]

[ 2016-01-26T15:02:36+08:00 ] 127.0.0.1 /index.php?m=Mobile&c=Flow&a=addToCart
INFO: [ app_init ] --START--
INFO: Run Behavior\BuildLiteBehavior [ RunTime:0.000000s ]
INFO: [ app_init ] --END-- [ RunTime:0.001000s ]
INFO: [ app_begin ] --START--
INFO: Run Behavior\ReadHtmlCacheBehavior [ RunTime:0.001000s ]
INFO: [ app_begin ] --END-- [ RunTime:0.001000s ]
SQL: SHOW COLUMNS FROM `ztm_cart` [ RunTime:0.0020s ]
SQL: SHOW COLUMNS FROM `ztm_cart` [ RunTime:0.0020s ]
SQL: SELECT SUM(goods_number) AS tp_sum FROM `ztm_cart` WHERE `cart_key` = '1945b8f1733b0efe898a6a6c49f3a900' LIMIT 1   [ RunTime:0.0010s ]
SQL: SHOW COLUMNS FROM `ztm_goods` [ RunTime:0.0020s ]
SQL: SHOW COLUMNS FROM `ztm_goods` [ RunTime:0.0020s ]
SQL: SELECT `shop_price` FROM `ztm_goods` WHERE `on_sale` = 'Y' AND `disabled` = 'N' AND `id` = 2265 LIMIT 1   [ RunTime:0.0010s ]
SQL: SHOW COLUMNS FROM `ztm_seckill_goods` [ RunTime:0.0020s ]
SQL: SELECT `kill_price` FROM `ztm_seckill_goods` WHERE `goods_id` = 2265 AND `on_sale` = 'Y' AND `disabled` = 'N' AND `kill_start` < 1453791756 AND `kill_end` > 1453791756 LIMIT 1   [ RunTime:0.0010s ]
SQL: SELECT g.goods_name,ge.express_id FROM ztm_goods g LEFT JOIN ztm_goods_extend AS ge ON ge.goods_id=g.id  WHERE g.id = 2265  [ RunTime:0.0020s ]
NOTIC: [8] Undefined variable: goods_attr F:\homes\webonline\Ztmvip\Mobile\Model\FlowModel.class.php 第 72 行.
SQL: SHOW COLUMNS FROM `ztm_cart` [ RunTime:0.0010s ]
SQL: SELECT `id` FROM `ztm_cart` WHERE `cart_key` = '1945b8f1733b0efe898a6a6c49f3a900' AND `goods_id` = 2265 LIMIT 1   [ RunTime:0.0010s ]
NOTIC: [8] Undefined index: goods_name F:\homes\webonline\Ztmvip\Mobile\Model\FlowModel.class.php 第 85 行.
NOTIC: [8] Undefined index: express_id F:\homes\webonline\Ztmvip\Mobile\Model\FlowModel.class.php 第 86 行.
NOTIC: [8] Undefined variable: goods_attr F:\homes\webonline\Ztmvip\Mobile\Model\FlowModel.class.php 第 94 行.
ERR: 1048:Column 'goods_name' cannot be null
 [ SQL语句 ] : INSERT INTO `ztm_cart` (`cart_key`,`goods_id`,`goods_name`,`express_id`,`goods_price`,`goods_number`,`selected`,`buy_flag`) VALUES ('1945b8f1733b0efe898a6a6c49f3a900','2265',NULL,NULL,'258.00','1','Y','normal')
ERR: 1048:Column 'goods_name' cannot be null
 [ SQL语句 ] : INSERT INTO `ztm_cart` (`cart_key`,`goods_id`,`goods_name`,`express_id`,`goods_price`,`goods_number`,`selected`,`buy_flag`) VALUES ('1945b8f1733b0efe898a6a6c49f3a900','2265',NULL,NULL,'258.00','1','Y','normal')

[ 2016-01-26T15:02:38+08:00 ] 127.0.0.1 /Uploads/20151211/566a8a8ae2519.jpg_710x700.jpg
INFO: [ app_init ] --START--
INFO: Run Behavior\BuildLiteBehavior [ RunTime:0.000000s ]
INFO: [ app_init ] --END-- [ RunTime:0.001000s ]

[ 2016-01-26T15:02:38+08:00 ] 127.0.0.1 /index.php?m=Mobile&c=Flow&a=addToCart
INFO: [ app_init ] --START--
INFO: Run Behavior\BuildLiteBehavior [ RunTime:0.000000s ]
INFO: [ app_init ] --END-- [ RunTime:0.001000s ]
INFO: [ app_begin ] --START--
INFO: Run Behavior\ReadHtmlCacheBehavior [ RunTime:0.002000s ]
INFO: [ app_begin ] --END-- [ RunTime:0.002000s ]
SQL: SHOW COLUMNS FROM `ztm_cart` [ RunTime:0.0020s ]
SQL: SHOW COLUMNS FROM `ztm_cart` [ RunTime:0.0020s ]
SQL: SELECT SUM(goods_number) AS tp_sum FROM `ztm_cart` WHERE `cart_key` = '1945b8f1733b0efe898a6a6c49f3a900' LIMIT 1   [ RunTime:0.0020s ]
SQL: SHOW COLUMNS FROM `ztm_goods` [ RunTime:0.0020s ]
SQL: SHOW COLUMNS FROM `ztm_goods` [ RunTime:0.0020s ]
SQL: SELECT `shop_price` FROM `ztm_goods` WHERE `on_sale` = 'Y' AND `disabled` = 'N' AND `id` = 2265 LIMIT 1   [ RunTime:0.0010s ]
SQL: SHOW COLUMNS FROM `ztm_seckill_goods` [ RunTime:0.0030s ]
SQL: SELECT `kill_price` FROM `ztm_seckill_goods` WHERE `goods_id` = 2265 AND `on_sale` = 'Y' AND `disabled` = 'N' AND `kill_start` < 1453791758 AND `kill_end` > 1453791758 LIMIT 1   [ RunTime:0.0010s ]
SQL: SELECT g.goods_name,ge.express_id FROM ztm_goods g LEFT JOIN ztm_goods_extend AS ge ON ge.goods_id=g.id  WHERE g.id = 2265  [ RunTime:0.0010s ]
NOTIC: [8] Undefined variable: goods_attr F:\homes\webonline\Ztmvip\Mobile\Model\FlowModel.class.php 第 72 行.
SQL: SHOW COLUMNS FROM `ztm_cart` [ RunTime:0.0020s ]
SQL: SELECT `id` FROM `ztm_cart` WHERE `cart_key` = '1945b8f1733b0efe898a6a6c49f3a900' AND `goods_id` = 2265 LIMIT 1   [ RunTime:0.0020s ]
NOTIC: [8] Undefined index: goods_name F:\homes\webonline\Ztmvip\Mobile\Model\FlowModel.class.php 第 85 行.
NOTIC: [8] Undefined index: express_id F:\homes\webonline\Ztmvip\Mobile\Model\FlowModel.class.php 第 86 行.
NOTIC: [8] Undefined variable: goods_attr F:\homes\webonline\Ztmvip\Mobile\Model\FlowModel.class.php 第 94 行.
ERR: 1048:Column 'goods_name' cannot be null
 [ SQL语句 ] : INSERT INTO `ztm_cart` (`cart_key`,`goods_id`,`goods_name`,`express_id`,`goods_price`,`goods_number`,`selected`,`buy_flag`) VALUES ('1945b8f1733b0efe898a6a6c49f3a900','2265',NULL,NULL,'258.00','1','Y','normal')
ERR: 1048:Column 'goods_name' cannot be null
 [ SQL语句 ] : INSERT INTO `ztm_cart` (`cart_key`,`goods_id`,`goods_name`,`express_id`,`goods_price`,`goods_number`,`selected`,`buy_flag`) VALUES ('1945b8f1733b0efe898a6a6c49f3a900','2265',NULL,NULL,'258.00','1','Y','normal')

[ 2016-01-26T15:02:38+08:00 ] 127.0.0.1 /Uploads/20151211/566a8a8ae2519.jpg_710x700.jpg
INFO: [ app_init ] --START--
INFO: Run Behavior\BuildLiteBehavior [ RunTime:0.000000s ]
INFO: [ app_init ] --END-- [ RunTime:0.001000s ]

[ 2016-01-26T15:02:38+08:00 ] 127.0.0.1 /index.php?m=Mobile&c=Flow&a=addToCart
INFO: [ app_init ] --START--
INFO: Run Behavior\BuildLiteBehavior [ RunTime:0.000000s ]
INFO: [ app_init ] --END-- [ RunTime:0.000000s ]
INFO: [ app_begin ] --START--
INFO: Run Behavior\ReadHtmlCacheBehavior [ RunTime:0.001000s ]
INFO: [ app_begin ] --END-- [ RunTime:0.001000s ]
SQL: SHOW COLUMNS FROM `ztm_cart` [ RunTime:0.0030s ]
SQL: SHOW COLUMNS FROM `ztm_cart` [ RunTime:0.0020s ]
SQL: SELECT SUM(goods_number) AS tp_sum FROM `ztm_cart` WHERE `cart_key` = '1945b8f1733b0efe898a6a6c49f3a900' LIMIT 1   [ RunTime:0.0010s ]
SQL: SHOW COLUMNS FROM `ztm_goods` [ RunTime:0.0020s ]
SQL: SHOW COLUMNS FROM `ztm_goods` [ RunTime:0.0020s ]
SQL: SELECT `shop_price` FROM `ztm_goods` WHERE `on_sale` = 'Y' AND `disabled` = 'N' AND `id` = 2265 LIMIT 1   [ RunTime:0.0010s ]
SQL: SHOW COLUMNS FROM `ztm_seckill_goods` [ RunTime:0.0020s ]
SQL: SELECT `kill_price` FROM `ztm_seckill_goods` WHERE `goods_id` = 2265 AND `on_sale` = 'Y' AND `disabled` = 'N' AND `kill_start` < 1453791758 AND `kill_end` > 1453791758 LIMIT 1   [ RunTime:0.0020s ]
SQL: SELECT g.goods_name,ge.express_id FROM ztm_goods g LEFT JOIN ztm_goods_extend AS ge ON ge.goods_id=g.id  WHERE g.id = 2265  [ RunTime:0.0010s ]
NOTIC: [8] Undefined variable: goods_attr F:\homes\webonline\Ztmvip\Mobile\Model\FlowModel.class.php 第 72 行.
SQL: SHOW COLUMNS FROM `ztm_cart` [ RunTime:0.0020s ]
SQL: SELECT `id` FROM `ztm_cart` WHERE `cart_key` = '1945b8f1733b0efe898a6a6c49f3a900' AND `goods_id` = 2265 LIMIT 1   [ RunTime:0.0010s ]
NOTIC: [8] Undefined index: goods_name F:\homes\webonline\Ztmvip\Mobile\Model\FlowModel.class.php 第 85 行.
NOTIC: [8] Undefined index: express_id F:\homes\webonline\Ztmvip\Mobile\Model\FlowModel.class.php 第 86 行.
NOTIC: [8] Undefined variable: goods_attr F:\homes\webonline\Ztmvip\Mobile\Model\FlowModel.class.php 第 94 行.
ERR: 1048:Column 'goods_name' cannot be null
 [ SQL语句 ] : INSERT INTO `ztm_cart` (`cart_key`,`goods_id`,`goods_name`,`express_id`,`goods_price`,`goods_number`,`selected`,`buy_flag`) VALUES ('1945b8f1733b0efe898a6a6c49f3a900','2265',NULL,NULL,'258.00','1','Y','normal')
ERR: 1048:Column 'goods_name' cannot be null
 [ SQL语句 ] : INSERT INTO `ztm_cart` (`cart_key`,`goods_id`,`goods_name`,`express_id`,`goods_price`,`goods_number`,`selected`,`buy_flag`) VALUES ('1945b8f1733b0efe898a6a6c49f3a900','2265',NULL,NULL,'258.00','1','Y','normal')

[ 2016-01-26T15:02:39+08:00 ] 127.0.0.1 /Uploads/20151211/566a8a8ae2519.jpg_710x700.jpg
INFO: [ app_init ] --START--
INFO: Run Behavior\BuildLiteBehavior [ RunTime:0.000000s ]
INFO: [ app_init ] --END-- [ RunTime:0.001000s ]

[ 2016-01-26T15:02:39+08:00 ] 127.0.0.1 /index.php?m=Mobile&c=Flow&a=addToCart
INFO: [ app_init ] --START--
INFO: Run Behavior\BuildLiteBehavior [ RunTime:0.000000s ]
INFO: [ app_init ] --END-- [ RunTime:0.001000s ]
INFO: [ app_begin ] --START--
INFO: Run Behavior\ReadHtmlCacheBehavior [ RunTime:0.001000s ]
INFO: [ app_begin ] --END-- [ RunTime:0.001000s ]
SQL: SHOW COLUMNS FROM `ztm_cart` [ RunTime:0.0020s ]
SQL: SHOW COLUMNS FROM `ztm_cart` [ RunTime:0.0010s ]
SQL: SELECT SUM(goods_number) AS tp_sum FROM `ztm_cart` WHERE `cart_key` = '1945b8f1733b0efe898a6a6c49f3a900' LIMIT 1   [ RunTime:0.0010s ]
SQL: SHOW COLUMNS FROM `ztm_goods` [ RunTime:0.0030s ]
SQL: SHOW COLUMNS FROM `ztm_goods` [ RunTime:0.0030s ]
SQL: SELECT `shop_price` FROM `ztm_goods` WHERE `on_sale` = 'Y' AND `disabled` = 'N' AND `id` = 2265 LIMIT 1   [ RunTime:0.0010s ]
SQL: SHOW COLUMNS FROM `ztm_seckill_goods` [ RunTime:0.0020s ]
SQL: SELECT `kill_price` FROM `ztm_seckill_goods` WHERE `goods_id` = 2265 AND `on_sale` = 'Y' AND `disabled` = 'N' AND `kill_start` < 1453791759 AND `kill_end` > 1453791759 LIMIT 1   [ RunTime:0.0020s ]
SQL: SELECT g.goods_name,ge.express_id FROM ztm_goods g LEFT JOIN ztm_goods_extend AS ge ON ge.goods_id=g.id  WHERE g.id = 2265  [ RunTime:0.0010s ]
NOTIC: [8] Undefined variable: goods_attr F:\homes\webonline\Ztmvip\Mobile\Model\FlowModel.class.php 第 72 行.
SQL: SHOW COLUMNS FROM `ztm_cart` [ RunTime:0.0020s ]
SQL: SELECT `id` FROM `ztm_cart` WHERE `cart_key` = '1945b8f1733b0efe898a6a6c49f3a900' AND `goods_id` = 2265 LIMIT 1   [ RunTime:0.0020s ]
NOTIC: [8] Undefined index: goods_name F:\homes\webonline\Ztmvip\Mobile\Model\FlowModel.class.php 第 85 行.
NOTIC: [8] Undefined index: express_id F:\homes\webonline\Ztmvip\Mobile\Model\FlowModel.class.php 第 86 行.
NOTIC: [8] Undefined variable: goods_attr F:\homes\webonline\Ztmvip\Mobile\Model\FlowModel.class.php 第 94 行.
ERR: 1048:Column 'goods_name' cannot be null
 [ SQL语句 ] : INSERT INTO `ztm_cart` (`cart_key`,`goods_id`,`goods_name`,`express_id`,`goods_price`,`goods_number`,`selected`,`buy_flag`) VALUES ('1945b8f1733b0efe898a6a6c49f3a900','2265',NULL,NULL,'258.00','1','Y','normal')
ERR: 1048:Column 'goods_name' cannot be null
 [ SQL语句 ] : INSERT INTO `ztm_cart` (`cart_key`,`goods_id`,`goods_name`,`express_id`,`goods_price`,`goods_number`,`selected`,`buy_flag`) VALUES ('1945b8f1733b0efe898a6a6c49f3a900','2265',NULL,NULL,'258.00','1','Y','normal')

[ 2016-01-26T15:06:25+08:00 ] 127.0.0.1 /Goods/detail/goods_id/2265
INFO: [ app_init ] --START--
INFO: Run Behavior\BuildLiteBehavior [ RunTime:0.000000s ]
INFO: [ app_init ] --END-- [ RunTime:0.001000s ]
INFO: [ app_begin ] --START--
INFO: Run Behavior\ReadHtmlCacheBehavior [ RunTime:0.001000s ]
INFO: [ app_begin ] --END-- [ RunTime:0.001000s ]
SQL: SHOW COLUMNS FROM `ztm_cart` [ RunTime:0.0020s ]
SQL: SHOW COLUMNS FROM `ztm_cart` [ RunTime:0.0010s ]
SQL: SELECT SUM(goods_number) AS tp_sum FROM `ztm_cart` WHERE `cart_key` = '1945b8f1733b0efe898a6a6c49f3a900' LIMIT 1   [ RunTime:0.0010s ]
SQL: SHOW COLUMNS FROM `ztm_goods` [ RunTime:0.0020s ]
SQL: SHOW COLUMNS FROM `ztm_goods_extend` [ RunTime:0.0020s ]
SQL: SELECT `goods_gallery` FROM `ztm_goods_extend` WHERE `goods_id` = 2265 LIMIT 1   [ RunTime:0.0020s ]
SQL: SELECT * FROM ztm_goods g INNER JOIN ztm_goods_extend AS ge ON ge.goods_id=g.id  WHERE g.id = '2265' LIMIT 1   [ RunTime:0.0010s ]
SQL: SHOW COLUMNS FROM `ztm_goods` [ RunTime:0.0020s ]
SQL: SELECT `shop_price` FROM `ztm_goods` WHERE `on_sale` = 'Y' AND `disabled` = 'N' AND `id` = 2265 LIMIT 1   [ RunTime:0.0020s ]
SQL: SHOW COLUMNS FROM `ztm_seckill_goods` [ RunTime:0.0010s ]
SQL: SELECT `kill_price` FROM `ztm_seckill_goods` WHERE `goods_id` = 2265 AND `on_sale` = 'Y' AND `disabled` = 'N' AND `kill_start` < 1453791985 AND `kill_end` > 1453791985 LIMIT 1   [ RunTime:0.0020s ]
SQL: SELECT SUM(og.goods_number) AS sale_count FROM ztm_order_goods AS og LEFT JOIN ztm_order AS o ON og.order_id=o.id WHERE
  o.payment_state='payed' AND og.goods_id=2265 [ RunTime:0.0010s ]
SQL: SELECT ge.skus AS oneskus,gs.skus AS twoskus FROM ztm_goods_extend AS ge LEFT JOIN ztm_goods_sku AS gs ON ge.sku_id=gs.id WHERE ge.goods_id=2265 [ RunTime:0.0000s ]
SQL: SHOW COLUMNS FROM `ztm_goods_extend` [ RunTime:0.0020s ]
SQL: SELECT `relation_goods` FROM `ztm_goods_extend` WHERE `goods_id` = '2265' LIMIT 1   [ RunTime:0.0010s ]
SQL: SHOW COLUMNS FROM `ztm_goods` [ RunTime:0.0020s ]
SQL: SELECT id AS goods_id,`goods_name`,`shop_price`,`market_price`,`goods_thumb` FROM `ztm_goods` WHERE `id` IN ('1286','1287','1288','1289','1290','1291') AND `on_sale` = 'Y' AND `disabled` = 'N' LIMIT 0,20   [ RunTime:0.0010s ]
SQL: SHOW COLUMNS FROM `ztm_comment` [ RunTime:0.0020s ]
SQL: SELECT COUNT(*) AS tp_count FROM `ztm_comment` WHERE `relation_id` = 2265 AND `display` = 'Y' AND `relation_type` = 'goods' LIMIT 1   [ RunTime:0.0010s ]
SQL: SELECT COUNT(*) AS tp_count FROM `ztm_comment` WHERE `relation_id` = 2265 AND `display` = 'Y' AND `relation_type` = 'goods' AND `level` IN ('4','5') LIMIT 1   [ RunTime:0.0010s ]
SQL: SELECT COUNT(*) AS tp_count FROM `ztm_comment` WHERE `relation_id` = 2265 AND `display` = 'Y' AND `relation_type` = 'goods' AND `level` IN ('2','3') LIMIT 1   [ RunTime:0.0010s ]
SQL: SELECT COUNT(*) AS tp_count FROM `ztm_comment` WHERE `relation_id` = 2265 AND `display` = 'Y' AND `relation_type` = 'goods' AND `level` = 1 LIMIT 1   [ RunTime:0.0010s ]
SQL: SHOW COLUMNS FROM `ztm_comment` [ RunTime:0.0010s ]
SQL: SELECT `user_name`,`content`,`level`,`date_add` FROM `ztm_comment` WHERE `relation_id` = '2265' AND `display` = 'Y' AND `relation_type` = 'goods' ORDER BY id desc LIMIT 0,3   [ RunTime:0.0010s ]
SQL: SHOW COLUMNS FROM `ztm_goods_category` [ RunTime:0.0020s ]
SQL: SELECT `parent_id` FROM `ztm_goods_category` WHERE ( id=877 ) LIMIT 1   [ RunTime:0.0010s ]
INFO: [ view_parse ] --START--
INFO: [ template_filter ] --START--
INFO: Run Behavior\ContentReplaceBehavior [ RunTime:0.000000s ]
INFO: [ template_filter ] --END-- [ RunTime:0.000000s ]
NOTIC: [8] Undefined index: refund F:\homes\webonline\Ztmvip\Runtime\Cache\Mobile\bbca1ab48b10c56dde37875b852e8c3f.php 第 179 行.
NOTIC: [8] Undefined variable: signPackage F:\homes\webonline\Ztmvip\Runtime\Cache\Mobile\bbca1ab48b10c56dde37875b852e8c3f.php 第 389 行.
NOTIC: [8] Undefined variable: signPackage F:\homes\webonline\Ztmvip\Runtime\Cache\Mobile\bbca1ab48b10c56dde37875b852e8c3f.php 第 390 行.
NOTIC: [8] Undefined variable: signPackage F:\homes\webonline\Ztmvip\Runtime\Cache\Mobile\bbca1ab48b10c56dde37875b852e8c3f.php 第 391 行.
NOTIC: [8] Undefined variable: signPackage F:\homes\webonline\Ztmvip\Runtime\Cache\Mobile\bbca1ab48b10c56dde37875b852e8c3f.php 第 392 行.
NOTIC: [8] Undefined variable: title F:\homes\webonline\Ztmvip\Runtime\Cache\Mobile\bbca1ab48b10c56dde37875b852e8c3f.php 第 404 行.
NOTIC: [8] Undefined variable: desc F:\homes\webonline\Ztmvip\Runtime\Cache\Mobile\bbca1ab48b10c56dde37875b852e8c3f.php 第 405 行.
NOTIC: [8] Undefined variable: link F:\homes\webonline\Ztmvip\Runtime\Cache\Mobile\bbca1ab48b10c56dde37875b852e8c3f.php 第 406 行.
NOTIC: [8] Undefined variable: imgUrl F:\homes\webonline\Ztmvip\Runtime\Cache\Mobile\bbca1ab48b10c56dde37875b852e8c3f.php 第 407 行.
NOTIC: [8] Undefined variable: title F:\homes\webonline\Ztmvip\Runtime\Cache\Mobile\bbca1ab48b10c56dde37875b852e8c3f.php 第 418 行.
NOTIC: [8] Undefined variable: link F:\homes\webonline\Ztmvip\Runtime\Cache\Mobile\bbca1ab48b10c56dde37875b852e8c3f.php 第 419 行.
NOTIC: [8] Undefined variable: imgUrl F:\homes\webonline\Ztmvip\Runtime\Cache\Mobile\bbca1ab48b10c56dde37875b852e8c3f.php 第 420 行.
INFO: Run Behavior\ParseTemplateBehavior [ RunTime:0.034002s ]
INFO: [ view_parse ] --END-- [ RunTime:0.034002s ]
INFO: [ view_filter ] --START--
INFO: Run Behavior\WriteHtmlCacheBehavior [ RunTime:0.000000s ]
INFO: [ view_filter ] --END-- [ RunTime:0.000000s ]
INFO: [ app_end ] --START--
INFO: Run Behavior\ShowPageTraceBehavior [ RunTime:0.001000s ]
INFO: [ app_end ] --END-- [ RunTime:0.001000s ]

[ 2016-01-26T15:06:25+08:00 ] 127.0.0.1 /Uploads/20151211/566a8a93b2461.jpg
INFO: [ app_init ] --START--
INFO: Run Behavior\BuildLiteBehavior [ RunTime:0.000000s ]
INFO: [ app_init ] --END-- [ RunTime:0.001000s ]

[ 2016-01-26T15:06:25+08:00 ] 127.0.0.1 /Uploads/20151211/566a8a93d73b6.jpg
INFO: [ app_init ] --START--
INFO: Run Behavior\BuildLiteBehavior [ RunTime:0.000000s ]
INFO: [ app_init ] --END-- [ RunTime:0.001000s ]

[ 2016-01-26T15:06:25+08:00 ] 127.0.0.1 /Uploads/20151211/566a8a93af04b.jpg
INFO: [ app_init ] --START--
INFO: Run Behavior\BuildLiteBehavior [ RunTime:0.000000s ]
INFO: [ app_init ] --END-- [ RunTime:0.000000s ]

[ 2016-01-26T15:06:25+08:00 ] 127.0.0.1 /Uploads/20151211/566a8a93a5593.jpg
INFO: [ app_init ] --START--
INFO: Run Behavior\BuildLiteBehavior [ RunTime:0.000000s ]
INFO: [ app_init ] --END-- [ RunTime:0.000000s ]

[ 2016-01-26T15:06:25+08:00 ] 127.0.0.1 /Uploads/20151211/566a8a93da42a.jpg
INFO: [ app_init ] --START--
INFO: Run Behavior\BuildLiteBehavior [ RunTime:0.000000s ]
INFO: [ app_init ] --END-- [ RunTime:0.001000s ]

[ 2016-01-26T15:06:25+08:00 ] 127.0.0.1 /Uploads/20151211/566a8a941698f.jpg
INFO: [ app_init ] --START--
INFO: Run Behavior\BuildLiteBehavior [ RunTime:0.000000s ]
INFO: [ app_init ] --END-- [ RunTime:0.001001s ]

[ 2016-01-26T15:06:25+08:00 ] 127.0.0.1 /Uploads/20151211/566a8a9403817.jpg
INFO: [ app_init ] --START--
INFO: Run Behavior\BuildLiteBehavior [ RunTime:0.000000s ]
INFO: [ app_init ] --END-- [ RunTime:0.001000s ]

[ 2016-01-26T15:06:25+08:00 ] 127.0.0.1 /Uploads/20151211/566a8a94007fc.jpg
INFO: [ app_init ] --START--
INFO: Run Behavior\BuildLiteBehavior [ RunTime:0.000000s ]
INFO: [ app_init ] --END-- [ RunTime:0.000000s ]

[ 2016-01-26T15:06:25+08:00 ] 127.0.0.1 /Uploads/20151211/566a8a94ae96f.jpg
INFO: [ app_init ] --START--
INFO: Run Behavior\BuildLiteBehavior [ RunTime:0.001000s ]
INFO: [ app_init ] --END-- [ RunTime:0.001000s ]

[ 2016-01-26T15:06:25+08:00 ] 127.0.0.1 /Uploads/20151211/566a8a94b045f.jpg
INFO: [ app_init ] --START--
INFO: Run Behavior\BuildLiteBehavior [ RunTime:0.000000s ]
INFO: [ app_init ] --END-- [ RunTime:0.000000s ]

[ 2016-01-26T15:06:25+08:00 ] 127.0.0.1 /Uploads/20151211/566a8a941698f.jpg
INFO: [ app_init ] --START--
INFO: Run Behavior\BuildLiteBehavior [ RunTime:0.000000s ]
INFO: [ app_init ] --END-- [ RunTime:0.001000s ]

[ 2016-01-26T15:06:25+08:00 ] 127.0.0.1 /Uploads/20151211/566a8a8ae2519.jpg_710x700.jpg
INFO: [ app_init ] --START--
INFO: Run Behavior\BuildLiteBehavior [ RunTime:0.000000s ]
INFO: [ app_init ] --END-- [ RunTime:0.001000s ]

[ 2016-01-26T15:06:25+08:00 ] 127.0.0.1 /Uploads/20151211/566a8a93da42a.jpg
INFO: [ app_init ] --START--
INFO: Run Behavior\BuildLiteBehavior [ RunTime:0.000000s ]
INFO: [ app_init ] --END-- [ RunTime:0.001000s ]

[ 2016-01-26T15:06:25+08:00 ] 127.0.0.1 /Uploads/20151211/566a8a93b2461.jpg
INFO: [ app_init ] --START--
INFO: Run Behavior\BuildLiteBehavior [ RunTime:0.000000s ]
INFO: [ app_init ] --END-- [ RunTime:0.000000s ]

[ 2016-01-26T15:06:25+08:00 ] 127.0.0.1 /Uploads/20151211/566a8a93af04b.jpg
INFO: [ app_init ] --START--
INFO: Run Behavior\BuildLiteBehavior [ RunTime:0.000000s ]
INFO: [ app_init ] --END-- [ RunTime:0.000000s ]

[ 2016-01-26T15:06:25+08:00 ] 127.0.0.1 /Uploads/20151211/566a8a93a5593.jpg
INFO: [ app_init ] --START--
INFO: Run Behavior\BuildLiteBehavior [ RunTime:0.000000s ]
INFO: [ app_init ] --END-- [ RunTime:0.000000s ]

[ 2016-01-26T15:06:25+08:00 ] 127.0.0.1 /Uploads/20151211/566a8a9403817.jpg
INFO: [ app_init ] --START--
INFO: Run Behavior\BuildLiteBehavior [ RunTime:0.000000s ]
INFO: [ app_init ] --END-- [ RunTime:0.001000s ]

[ 2016-01-26T15:06:25+08:00 ] 127.0.0.1 /Uploads/20151211/566a8a93d73b6.jpg
INFO: [ app_init ] --START--
INFO: Run Behavior\BuildLiteBehavior [ RunTime:0.000000s ]
INFO: [ app_init ] --END-- [ RunTime:0.000000s ]

[ 2016-01-26T15:06:25+08:00 ] 127.0.0.1 /Uploads/20151211/566a8a94007fc.jpg
INFO: [ app_init ] --START--
INFO: Run Behavior\BuildLiteBehavior [ RunTime:0.000000s ]
INFO: [ app_init ] --END-- [ RunTime:0.001000s ]

[ 2016-01-26T15:06:25+08:00 ] 127.0.0.1 /Uploads/20151211/566a8a94b045f.jpg
INFO: [ app_init ] --START--
INFO: Run Behavior\BuildLiteBehavior [ RunTime:0.000000s ]
INFO: [ app_init ] --END-- [ RunTime:0.000000s ]

[ 2016-01-26T15:06:25+08:00 ] 127.0.0.1 /Uploads/20151211/566a8a94ae96f.jpg
INFO: [ app_init ] --START--
INFO: Run Behavior\BuildLiteBehavior [ RunTime:0.000000s ]
INFO: [ app_init ] --END-- [ RunTime:0.001000s ]

[ 2016-01-26T15:06:25+08:00 ] 127.0.0.1 /Uploads/20151211/566a8a8ae2519.jpg_710x700.jpg
INFO: [ app_init ] --START--
INFO: Run Behavior\BuildLiteBehavior [ RunTime:0.000000s ]
INFO: [ app_init ] --END-- [ RunTime:0.001000s ]

[ 2016-01-26T15:06:25+08:00 ] 127.0.0.1 /index.php?m=Mobile&c=Flow&a=price
INFO: [ app_init ] --START--
INFO: Run Behavior\BuildLiteBehavior [ RunTime:0.000000s ]
INFO: [ app_init ] --END-- [ RunTime:0.000000s ]
INFO: [ app_begin ] --START--
INFO: Run Behavior\ReadHtmlCacheBehavior [ RunTime:0.001000s ]
INFO: [ app_begin ] --END-- [ RunTime:0.001000s ]
SQL: SHOW COLUMNS FROM `ztm_cart` [ RunTime:0.0020s ]
SQL: SHOW COLUMNS FROM `ztm_cart` [ RunTime:0.0020s ]
SQL: SELECT SUM(goods_number) AS tp_sum FROM `ztm_cart` WHERE `cart_key` = '1945b8f1733b0efe898a6a6c49f3a900' LIMIT 1   [ RunTime:0.0020s ]
SQL: SHOW COLUMNS FROM `ztm_goods` [ RunTime:0.0030s ]
SQL: SHOW COLUMNS FROM `ztm_goods` [ RunTime:0.0020s ]
SQL: SELECT `shop_price` FROM `ztm_goods` WHERE `on_sale` = 'Y' AND `disabled` = 'N' AND `id` = 2265 LIMIT 1   [ RunTime:0.0020s ]
SQL: SHOW COLUMNS FROM `ztm_seckill_goods` [ RunTime:0.0020s ]
SQL: SELECT `kill_price` FROM `ztm_seckill_goods` WHERE `goods_id` = 2265 AND `on_sale` = 'Y' AND `disabled` = 'N' AND `kill_start` < 1453791985 AND `kill_end` > 1453791985 LIMIT 1   [ RunTime:0.0010s ]

[ 2016-01-26T15:06:25+08:00 ] 127.0.0.1 /Uploads/20151211/566a8a8ae2519.jpg_710x700.jpg
INFO: [ app_init ] --START--
INFO: Run Behavior\BuildLiteBehavior [ RunTime:0.000000s ]
INFO: [ app_init ] --END-- [ RunTime:0.000000s ]

[ 2016-01-26T15:06:31+08:00 ] 127.0.0.1 /Uploads/20151211/566a8a8ae2519.jpg_710x700.jpg
INFO: [ app_init ] --START--
INFO: Run Behavior\BuildLiteBehavior [ RunTime:0.000000s ]
INFO: [ app_init ] --END-- [ RunTime:0.000000s ]

[ 2016-01-26T15:06:31+08:00 ] 127.0.0.1 /index.php?m=Mobile&c=Flow&a=addToCart
INFO: [ app_init ] --START--
INFO: Run Behavior\BuildLiteBehavior [ RunTime:0.000000s ]
INFO: [ app_init ] --END-- [ RunTime:0.000000s ]
INFO: [ app_begin ] --START--
INFO: Run Behavior\ReadHtmlCacheBehavior [ RunTime:0.001000s ]
INFO: [ app_begin ] --END-- [ RunTime:0.001000s ]
SQL: SHOW COLUMNS FROM `ztm_cart` [ RunTime:0.0020s ]
SQL: SHOW COLUMNS FROM `ztm_cart` [ RunTime:0.0010s ]
SQL: SELECT SUM(goods_number) AS tp_sum FROM `ztm_cart` WHERE `cart_key` = '1945b8f1733b0efe898a6a6c49f3a900' LIMIT 1   [ RunTime:0.0010s ]
SQL: SHOW COLUMNS FROM `ztm_goods` [ RunTime:0.0020s ]
SQL: SHOW COLUMNS FROM `ztm_goods` [ RunTime:0.0020s ]
SQL: SELECT `shop_price` FROM `ztm_goods` WHERE `on_sale` = 'Y' AND `disabled` = 'N' AND `id` = 2265 LIMIT 1   [ RunTime:0.0010s ]
SQL: SHOW COLUMNS FROM `ztm_seckill_goods` [ RunTime:0.0020s ]
SQL: SELECT `kill_price` FROM `ztm_seckill_goods` WHERE `goods_id` = 2265 AND `on_sale` = 'Y' AND `disabled` = 'N' AND `kill_start` < 1453791991 AND `kill_end` > 1453791991 LIMIT 1   [ RunTime:0.0020s ]
SQL: SELECT g.goods_name,ge.express_id FROM ztm_goods g LEFT JOIN ztm_goods_extend AS ge ON ge.goods_id=g.id  WHERE g.id = 2265  [ RunTime:0.0000s ]
NOTIC: [8] Undefined variable: goods_attr F:\homes\webonline\Ztmvip\Mobile\Model\FlowModel.class.php 第 72 行.
SQL: SHOW COLUMNS FROM `ztm_cart` [ RunTime:0.0010s ]
SQL: SELECT `id` FROM `ztm_cart` WHERE `cart_key` = '1945b8f1733b0efe898a6a6c49f3a900' AND `goods_id` = 2265 LIMIT 1   [ RunTime:0.0010s ]
NOTIC: [8] Undefined index: goods_name F:\homes\webonline\Ztmvip\Mobile\Model\FlowModel.class.php 第 85 行.
NOTIC: [8] Undefined index: express_id F:\homes\webonline\Ztmvip\Mobile\Model\FlowModel.class.php 第 86 行.
NOTIC: [8] Undefined variable: goods_attr F:\homes\webonline\Ztmvip\Mobile\Model\FlowModel.class.php 第 94 行.
ERR: 1048:Column 'goods_name' cannot be null
 [ SQL语句 ] : INSERT INTO `ztm_cart` (`cart_key`,`goods_id`,`goods_name`,`express_id`,`goods_price`,`goods_number`,`selected`,`buy_flag`) VALUES ('1945b8f1733b0efe898a6a6c49f3a900','2265',NULL,NULL,'258.00','1','Y','normal')
ERR: 1048:Column 'goods_name' cannot be null
 [ SQL语句 ] : INSERT INTO `ztm_cart` (`cart_key`,`goods_id`,`goods_name`,`express_id`,`goods_price`,`goods_number`,`selected`,`buy_flag`) VALUES ('1945b8f1733b0efe898a6a6c49f3a900','2265',NULL,NULL,'258.00','1','Y','normal')

[ 2016-01-26T15:06:32+08:00 ] 127.0.0.1 /Uploads/20151211/566a8a8ae2519.jpg_710x700.jpg
INFO: [ app_init ] --START--
INFO: Run Behavior\BuildLiteBehavior [ RunTime:0.000000s ]
INFO: [ app_init ] --END-- [ RunTime:0.001000s ]

[ 2016-01-26T15:06:32+08:00 ] 127.0.0.1 /Uploads/20151211/566a8a8ae2519.jpg_710x700.jpg
INFO: [ app_init ] --START--
INFO: Run Behavior\BuildLiteBehavior [ RunTime:0.000000s ]
INFO: [ app_init ] --END-- [ RunTime:0.001000s ]

[ 2016-01-26T15:06:40+08:00 ] 127.0.0.1 /Uploads/20151211/566a8a8ae2519.jpg_710x700.jpg
INFO: [ app_init ] --START--
INFO: Run Behavior\BuildLiteBehavior [ RunTime:0.000000s ]
INFO: [ app_init ] --END-- [ RunTime:0.001000s ]

[ 2016-01-26T15:06:40+08:00 ] 127.0.0.1 /index.php?m=Mobile&c=Flow&a=addToCart
INFO: [ app_init ] --START--
INFO: Run Behavior\BuildLiteBehavior [ RunTime:0.000000s ]
INFO: [ app_init ] --END-- [ RunTime:0.001000s ]
INFO: [ app_begin ] --START--
INFO: Run Behavior\ReadHtmlCacheBehavior [ RunTime:0.000000s ]
INFO: [ app_begin ] --END-- [ RunTime:0.000000s ]
SQL: SHOW COLUMNS FROM `ztm_cart` [ RunTime:0.0020s ]
SQL: SHOW COLUMNS FROM `ztm_cart` [ RunTime:0.0020s ]
SQL: SELECT SUM(goods_number) AS tp_sum FROM `ztm_cart` WHERE `cart_key` = '1945b8f1733b0efe898a6a6c49f3a900' LIMIT 1   [ RunTime:0.0010s ]
SQL: SHOW COLUMNS FROM `ztm_goods` [ RunTime:0.0030s ]
SQL: SHOW COLUMNS FROM `ztm_goods` [ RunTime:0.0020s ]
SQL: SELECT `shop_price` FROM `ztm_goods` WHERE `on_sale` = 'Y' AND `disabled` = 'N' AND `id` = 2265 LIMIT 1   [ RunTime:0.0010s ]
SQL: SHOW COLUMNS FROM `ztm_seckill_goods` [ RunTime:0.0010s ]
SQL: SELECT `kill_price` FROM `ztm_seckill_goods` WHERE `goods_id` = 2265 AND `on_sale` = 'Y' AND `disabled` = 'N' AND `kill_start` < 1453792000 AND `kill_end` > 1453792000 LIMIT 1   [ RunTime:0.0020s ]
SQL: SELECT g.goods_name,ge.express_id FROM ztm_goods g LEFT JOIN ztm_goods_extend AS ge ON ge.goods_id=g.id  WHERE g.id = 2265  [ RunTime:0.0020s ]
NOTIC: [8] Undefined variable: goods_attr F:\homes\webonline\Ztmvip\Mobile\Model\FlowModel.class.php 第 72 行.
SQL: SHOW COLUMNS FROM `ztm_cart` [ RunTime:0.0020s ]
SQL: SELECT `id` FROM `ztm_cart` WHERE `cart_key` = '1945b8f1733b0efe898a6a6c49f3a900' AND `goods_id` = 2265 LIMIT 1   [ RunTime:0.0010s ]
NOTIC: [8] Undefined index: goods_name F:\homes\webonline\Ztmvip\Mobile\Model\FlowModel.class.php 第 85 行.
NOTIC: [8] Undefined index: express_id F:\homes\webonline\Ztmvip\Mobile\Model\FlowModel.class.php 第 86 行.
NOTIC: [8] Undefined variable: goods_attr F:\homes\webonline\Ztmvip\Mobile\Model\FlowModel.class.php 第 94 行.
ERR: 1048:Column 'goods_name' cannot be null
 [ SQL语句 ] : INSERT INTO `ztm_cart` (`cart_key`,`goods_id`,`goods_name`,`express_id`,`goods_price`,`goods_number`,`selected`,`buy_flag`) VALUES ('1945b8f1733b0efe898a6a6c49f3a900','2265',NULL,NULL,'258.00','1','Y','normal')
ERR: 1048:Column 'goods_name' cannot be null
 [ SQL语句 ] : INSERT INTO `ztm_cart` (`cart_key`,`goods_id`,`goods_name`,`express_id`,`goods_price`,`goods_number`,`selected`,`buy_flag`) VALUES ('1945b8f1733b0efe898a6a6c49f3a900','2265',NULL,NULL,'258.00','1','Y','normal')

[ 2016-01-26T15:06:56+08:00 ] 127.0.0.1 /Goods/detail/goods_id/2265
INFO: [ app_init ] --START--
INFO: Run Behavior\BuildLiteBehavior [ RunTime:0.000000s ]
INFO: [ app_init ] --END-- [ RunTime:0.000000s ]
INFO: [ app_begin ] --START--
INFO: Run Behavior\ReadHtmlCacheBehavior [ RunTime:0.000000s ]
INFO: [ app_begin ] --END-- [ RunTime:0.001000s ]
SQL: SHOW COLUMNS FROM `ztm_cart` [ RunTime:0.0020s ]
SQL: SHOW COLUMNS FROM `ztm_cart` [ RunTime:0.0020s ]
SQL: SELECT SUM(goods_number) AS tp_sum FROM `ztm_cart` WHERE `cart_key` = '1945b8f1733b0efe898a6a6c49f3a900' LIMIT 1   [ RunTime:0.0010s ]
SQL: SHOW COLUMNS FROM `ztm_goods` [ RunTime:0.0020s ]
SQL: SHOW COLUMNS FROM `ztm_goods_extend` [ RunTime:0.0010s ]
SQL: SELECT `goods_gallery` FROM `ztm_goods_extend` WHERE `goods_id` = 2265 LIMIT 1   [ RunTime:0.0010s ]
SQL: SELECT * FROM ztm_goods g INNER JOIN ztm_goods_extend AS ge ON ge.goods_id=g.id  WHERE g.id = '2265' LIMIT 1   [ RunTime:0.0020s ]
SQL: SHOW COLUMNS FROM `ztm_goods` [ RunTime:0.0020s ]
SQL: SELECT `shop_price` FROM `ztm_goods` WHERE `on_sale` = 'Y' AND `disabled` = 'N' AND `id` = 2265 LIMIT 1   [ RunTime:0.0010s ]
SQL: SHOW COLUMNS FROM `ztm_seckill_goods` [ RunTime:0.0020s ]
SQL: SELECT `kill_price` FROM `ztm_seckill_goods` WHERE `goods_id` = 2265 AND `on_sale` = 'Y' AND `disabled` = 'N' AND `kill_start` < 1453792016 AND `kill_end` > 1453792016 LIMIT 1   [ RunTime:0.0010s ]
SQL: SELECT SUM(og.goods_number) AS sale_count FROM ztm_order_goods AS og LEFT JOIN ztm_order AS o ON og.order_id=o.id WHERE
  o.payment_state='payed' AND og.goods_id=2265 [ RunTime:0.0010s ]
SQL: SELECT ge.skus AS oneskus,gs.skus AS twoskus FROM ztm_goods_extend AS ge LEFT JOIN ztm_goods_sku AS gs ON ge.sku_id=gs.id WHERE ge.goods_id=2265 [ RunTime:0.0010s ]
SQL: SHOW COLUMNS FROM `ztm_goods_extend` [ RunTime:0.0010s ]
SQL: SELECT `relation_goods` FROM `ztm_goods_extend` WHERE `goods_id` = '2265' LIMIT 1   [ RunTime:0.0010s ]
SQL: SHOW COLUMNS FROM `ztm_goods` [ RunTime:0.0020s ]
SQL: SELECT id AS goods_id,`goods_name`,`shop_price`,`market_price`,`goods_thumb` FROM `ztm_goods` WHERE `id` IN ('1286','1287','1288','1289','1290','1291') AND `on_sale` = 'Y' AND `disabled` = 'N' LIMIT 0,20   [ RunTime:0.0010s ]
SQL: SHOW COLUMNS FROM `ztm_comment` [ RunTime:0.0010s ]
SQL: SELECT COUNT(*) AS tp_count FROM `ztm_comment` WHERE `relation_id` = 2265 AND `display` = 'Y' AND `relation_type` = 'goods' LIMIT 1   [ RunTime:0.0020s ]
SQL: SELECT COUNT(*) AS tp_count FROM `ztm_comment` WHERE `relation_id` = 2265 AND `display` = 'Y' AND `relation_type` = 'goods' AND `level` IN ('4','5') LIMIT 1   [ RunTime:0.0010s ]
SQL: SELECT COUNT(*) AS tp_count FROM `ztm_comment` WHERE `relation_id` = 2265 AND `display` = 'Y' AND `relation_type` = 'goods' AND `level` IN ('2','3') LIMIT 1   [ RunTime:0.0020s ]
SQL: SELECT COUNT(*) AS tp_count FROM `ztm_comment` WHERE `relation_id` = 2265 AND `display` = 'Y' AND `relation_type` = 'goods' AND `level` = 1 LIMIT 1   [ RunTime:0.0010s ]
SQL: SHOW COLUMNS FROM `ztm_comment` [ RunTime:0.0020s ]
SQL: SELECT `user_name`,`content`,`level`,`date_add` FROM `ztm_comment` WHERE `relation_id` = '2265' AND `display` = 'Y' AND `relation_type` = 'goods' ORDER BY id desc LIMIT 0,3   [ RunTime:0.0010s ]
SQL: SHOW COLUMNS FROM `ztm_goods_category` [ RunTime:0.0020s ]
SQL: SELECT `parent_id` FROM `ztm_goods_category` WHERE ( id=877 ) LIMIT 1   [ RunTime:0.0010s ]
INFO: [ view_parse ] --START--
INFO: [ template_filter ] --START--
INFO: Run Behavior\ContentReplaceBehavior [ RunTime:0.000000s ]
INFO: [ template_filter ] --END-- [ RunTime:0.000000s ]
NOTIC: [8] Undefined index: refund F:\homes\webonline\Ztmvip\Runtime\Cache\Mobile\bbca1ab48b10c56dde37875b852e8c3f.php 第 179 行.
NOTIC: [8] Undefined variable: signPackage F:\homes\webonline\Ztmvip\Runtime\Cache\Mobile\bbca1ab48b10c56dde37875b852e8c3f.php 第 389 行.
NOTIC: [8] Undefined variable: signPackage F:\homes\webonline\Ztmvip\Runtime\Cache\Mobile\bbca1ab48b10c56dde37875b852e8c3f.php 第 390 行.
NOTIC: [8] Undefined variable: signPackage F:\homes\webonline\Ztmvip\Runtime\Cache\Mobile\bbca1ab48b10c56dde37875b852e8c3f.php 第 391 行.
NOTIC: [8] Undefined variable: signPackage F:\homes\webonline\Ztmvip\Runtime\Cache\Mobile\bbca1ab48b10c56dde37875b852e8c3f.php 第 392 行.
NOTIC: [8] Undefined variable: title F:\homes\webonline\Ztmvip\Runtime\Cache\Mobile\bbca1ab48b10c56dde37875b852e8c3f.php 第 404 行.
NOTIC: [8] Undefined variable: desc F:\homes\webonline\Ztmvip\Runtime\Cache\Mobile\bbca1ab48b10c56dde37875b852e8c3f.php 第 405 行.
NOTIC: [8] Undefined variable: link F:\homes\webonline\Ztmvip\Runtime\Cache\Mobile\bbca1ab48b10c56dde37875b852e8c3f.php 第 406 行.
NOTIC: [8] Undefined variable: imgUrl F:\homes\webonline\Ztmvip\Runtime\Cache\Mobile\bbca1ab48b10c56dde37875b852e8c3f.php 第 407 行.
NOTIC: [8] Undefined variable: title F:\homes\webonline\Ztmvip\Runtime\Cache\Mobile\bbca1ab48b10c56dde37875b852e8c3f.php 第 418 行.
NOTIC: [8] Undefined variable: link F:\homes\webonline\Ztmvip\Runtime\Cache\Mobile\bbca1ab48b10c56dde37875b852e8c3f.php 第 419 行.
NOTIC: [8] Undefined variable: imgUrl F:\homes\webonline\Ztmvip\Runtime\Cache\Mobile\bbca1ab48b10c56dde37875b852e8c3f.php 第 420 行.
INFO: Run Behavior\ParseTemplateBehavior [ RunTime:0.025002s ]
INFO: [ view_parse ] --END-- [ RunTime:0.025002s ]
INFO: [ view_filter ] --START--
INFO: Run Behavior\WriteHtmlCacheBehavior [ RunTime:0.001000s ]
INFO: [ view_filter ] --END-- [ RunTime:0.001000s ]
INFO: [ app_end ] --START--
INFO: Run Behavior\ShowPageTraceBehavior [ RunTime:0.001000s ]
INFO: [ app_end ] --END-- [ RunTime:0.001000s ]

[ 2016-01-26T15:06:56+08:00 ] 127.0.0.1 /Uploads/20151211/566a8a93b2461.jpg
INFO: [ app_init ] --START--
INFO: Run Behavior\BuildLiteBehavior [ RunTime:0.000000s ]
INFO: [ app_init ] --END-- [ RunTime:0.000000s ]

[ 2016-01-26T15:06:56+08:00 ] 127.0.0.1 /Uploads/20151211/566a8a93af04b.jpg
INFO: [ app_init ] --START--
INFO: Run Behavior\BuildLiteBehavior [ RunTime:0.000000s ]
INFO: [ app_init ] --END-- [ RunTime:0.001000s ]

[ 2016-01-26T15:06:56+08:00 ] 127.0.0.1 /Uploads/20151211/566a8a93a5593.jpg
INFO: [ app_init ] --START--
INFO: Run Behavior\BuildLiteBehavior [ RunTime:0.000000s ]
INFO: [ app_init ] --END-- [ RunTime:0.000000s ]

[ 2016-01-26T15:06:56+08:00 ] 127.0.0.1 /Uploads/20151211/566a8a93d73b6.jpg
INFO: [ app_init ] --START--
INFO: Run Behavior\BuildLiteBehavior [ RunTime:0.000000s ]
INFO: [ app_init ] --END-- [ RunTime:0.000000s ]

[ 2016-01-26T15:06:56+08:00 ] 127.0.0.1 /Uploads/20151211/566a8a93da42a.jpg
INFO: [ app_init ] --START--
INFO: Run Behavior\BuildLiteBehavior [ RunTime:0.000000s ]
INFO: [ app_init ] --END-- [ RunTime:0.001000s ]

[ 2016-01-26T15:06:56+08:00 ] 127.0.0.1 /Uploads/20151211/566a8a941698f.jpg
INFO: [ app_init ] --START--
INFO: Run Behavior\BuildLiteBehavior [ RunTime:0.000000s ]
INFO: [ app_init ] --END-- [ RunTime:0.003001s ]

[ 2016-01-26T15:06:56+08:00 ] 127.0.0.1 /Uploads/20151211/566a8a9403817.jpg
INFO: [ app_init ] --START--
INFO: Run Behavior\BuildLiteBehavior [ RunTime:0.000000s ]
INFO: [ app_init ] --END-- [ RunTime:0.000000s ]

[ 2016-01-26T15:06:56+08:00 ] 127.0.0.1 /Uploads/20151211/566a8a94007fc.jpg
INFO: [ app_init ] --START--
INFO: Run Behavior\BuildLiteBehavior [ RunTime:0.000000s ]
INFO: [ app_init ] --END-- [ RunTime:0.000000s ]

[ 2016-01-26T15:06:56+08:00 ] 127.0.0.1 /Uploads/20151211/566a8a94ae96f.jpg
INFO: [ app_init ] --START--
INFO: Run Behavior\BuildLiteBehavior [ RunTime:0.000000s ]
INFO: [ app_init ] --END-- [ RunTime:0.001000s ]

[ 2016-01-26T15:06:56+08:00 ] 127.0.0.1 /Uploads/20151211/566a8a94b045f.jpg
INFO: [ app_init ] --START--
INFO: Run Behavior\BuildLiteBehavior [ RunTime:0.000000s ]
INFO: [ app_init ] --END-- [ RunTime:0.000000s ]

[ 2016-01-26T15:06:56+08:00 ] 127.0.0.1 /Uploads/20151211/566a8a8ae2519.jpg_710x700.jpg
INFO: [ app_init ] --START--
INFO: Run Behavior\BuildLiteBehavior [ RunTime:0.000000s ]
INFO: [ app_init ] --END-- [ RunTime:0.001000s ]

[ 2016-01-26T15:06:56+08:00 ] 127.0.0.1 /Uploads/20151211/566a8a93b2461.jpg
INFO: [ app_init ] --START--
INFO: Run Behavior\BuildLiteBehavior [ RunTime:0.000000s ]
INFO: [ app_init ] --END-- [ RunTime:0.000000s ]

[ 2016-01-26T15:06:56+08:00 ] 127.0.0.1 /Uploads/20151211/566a8a93a5593.jpg
INFO: [ app_init ] --START--
INFO: Run Behavior\BuildLiteBehavior [ RunTime:0.000000s ]
INFO: [ app_init ] --END-- [ RunTime:0.000000s ]

[ 2016-01-26T15:06:56+08:00 ] 127.0.0.1 /Uploads/20151211/566a8a93da42a.jpg
INFO: [ app_init ] --START--
INFO: Run Behavior\BuildLiteBehavior [ RunTime:0.000000s ]
INFO: [ app_init ] --END-- [ RunTime:0.000000s ]

[ 2016-01-26T15:06:56+08:00 ] 127.0.0.1 /Uploads/20151211/566a8a941698f.jpg
INFO: [ app_init ] --START--
INFO: Run Behavior\BuildLiteBehavior [ RunTime:0.000000s ]
INFO: [ app_init ] --END-- [ RunTime:0.000000s ]

[ 2016-01-26T15:06:56+08:00 ] 127.0.0.1 /Uploads/20151211/566a8a93af04b.jpg
INFO: [ app_init ] --START--
INFO: Run Behavior\BuildLiteBehavior [ RunTime:0.000000s ]
INFO: [ app_init ] --END-- [ RunTime:0.001000s ]

[ 2016-01-26T15:06:56+08:00 ] 127.0.0.1 /Uploads/20151211/566a8a93d73b6.jpg
INFO: [ app_init ] --START--
INFO: Run Behavior\BuildLiteBehavior [ RunTime:0.000000s ]
INFO: [ app_init ] --END-- [ RunTime:0.000000s ]

[ 2016-01-26T15:06:56+08:00 ] 127.0.0.1 /Uploads/20151211/566a8a9403817.jpg
INFO: [ app_init ] --START--
INFO: Run Behavior\BuildLiteBehavior [ RunTime:0.000000s ]
INFO: [ app_init ] --END-- [ RunTime:0.001000s ]

[ 2016-01-26T15:06:56+08:00 ] 127.0.0.1 /Uploads/20151211/566a8a94007fc.jpg
INFO: [ app_init ] --START--
INFO: Run Behavior\BuildLiteBehavior [ RunTime:0.000000s ]
INFO: [ app_init ] --END-- [ RunTime:0.001000s ]

[ 2016-01-26T15:06:56+08:00 ] 127.0.0.1 /Uploads/20151211/566a8a94ae96f.jpg
INFO: [ app_init ] --START--
INFO: Run Behavior\BuildLiteBehavior [ RunTime:0.000000s ]
INFO: [ app_init ] --END-- [ RunTime:0.001000s ]

[ 2016-01-26T15:06:56+08:00 ] 127.0.0.1 /Uploads/20151211/566a8a94b045f.jpg
INFO: [ app_init ] --START--
INFO: Run Behavior\BuildLiteBehavior [ RunTime:0.000000s ]
INFO: [ app_init ] --END-- [ RunTime:0.001000s ]

[ 2016-01-26T15:06:56+08:00 ] 127.0.0.1 /Uploads/20151211/566a8a8ae2519.jpg_710x700.jpg
INFO: [ app_init ] --START--
INFO: Run Behavior\BuildLiteBehavior [ RunTime:0.000000s ]
INFO: [ app_init ] --END-- [ RunTime:0.000000s ]

[ 2016-01-26T15:06:56+08:00 ] 127.0.0.1 /Uploads/20151211/566a8a8ae2519.jpg_710x700.jpg
INFO: [ app_init ] --START--
INFO: Run Behavior\BuildLiteBehavior [ RunTime:0.000000s ]
INFO: [ app_init ] --END-- [ RunTime:0.000000s ]

[ 2016-01-26T15:06:56+08:00 ] 127.0.0.1 /index.php?m=Mobile&c=Flow&a=price
INFO: [ app_init ] --START--
INFO: Run Behavior\BuildLiteBehavior [ RunTime:0.000000s ]
INFO: [ app_init ] --END-- [ RunTime:0.001000s ]
INFO: [ app_begin ] --START--
INFO: Run Behavior\ReadHtmlCacheBehavior [ RunTime:0.000000s ]
INFO: [ app_begin ] --END-- [ RunTime:0.001000s ]
SQL: SHOW COLUMNS FROM `ztm_cart` [ RunTime:0.0030s ]
SQL: SHOW COLUMNS FROM `ztm_cart` [ RunTime:0.0020s ]
SQL: SELECT SUM(goods_number) AS tp_sum FROM `ztm_cart` WHERE `cart_key` = '1945b8f1733b0efe898a6a6c49f3a900' LIMIT 1   [ RunTime:0.0010s ]
SQL: SHOW COLUMNS FROM `ztm_goods` [ RunTime:0.0020s ]
SQL: SHOW COLUMNS FROM `ztm_goods` [ RunTime:0.0020s ]
SQL: SELECT `shop_price` FROM `ztm_goods` WHERE `on_sale` = 'Y' AND `disabled` = 'N' AND `id` = 2265 LIMIT 1   [ RunTime:0.0010s ]
SQL: SHOW COLUMNS FROM `ztm_seckill_goods` [ RunTime:0.0020s ]
SQL: SELECT `kill_price` FROM `ztm_seckill_goods` WHERE `goods_id` = 2265 AND `on_sale` = 'Y' AND `disabled` = 'N' AND `kill_start` < 1453792016 AND `kill_end` > 1453792016 LIMIT 1   [ RunTime:0.0020s ]

[ 2016-01-26T15:06:59+08:00 ] 127.0.0.1 /Uploads/20151211/566a8a8ae2519.jpg_710x700.jpg
INFO: [ app_init ] --START--
INFO: Run Behavior\BuildLiteBehavior [ RunTime:0.000000s ]
INFO: [ app_init ] --END-- [ RunTime:0.001000s ]

[ 2016-01-26T15:06:59+08:00 ] 127.0.0.1 /index.php?m=Mobile&c=Flow&a=addToCart
INFO: [ app_init ] --START--
INFO: Run Behavior\BuildLiteBehavior [ RunTime:0.000000s ]
INFO: [ app_init ] --END-- [ RunTime:0.000000s ]
INFO: [ app_begin ] --START--
INFO: Run Behavior\ReadHtmlCacheBehavior [ RunTime:0.000000s ]
INFO: [ app_begin ] --END-- [ RunTime:0.000000s ]
SQL: SHOW COLUMNS FROM `ztm_cart` [ RunTime:0.0020s ]
SQL: SHOW COLUMNS FROM `ztm_cart` [ RunTime:0.0020s ]
SQL: SELECT SUM(goods_number) AS tp_sum FROM `ztm_cart` WHERE `cart_key` = '1945b8f1733b0efe898a6a6c49f3a900' LIMIT 1   [ RunTime:0.0010s ]
SQL: SHOW COLUMNS FROM `ztm_goods` [ RunTime:0.0020s ]
SQL: SHOW COLUMNS FROM `ztm_goods` [ RunTime:0.0020s ]
SQL: SELECT `shop_price` FROM `ztm_goods` WHERE `on_sale` = 'Y' AND `disabled` = 'N' AND `id` = 2265 LIMIT 1   [ RunTime:0.0010s ]
SQL: SHOW COLUMNS FROM `ztm_seckill_goods` [ RunTime:0.0020s ]
SQL: SELECT `kill_price` FROM `ztm_seckill_goods` WHERE `goods_id` = 2265 AND `on_sale` = 'Y' AND `disabled` = 'N' AND `kill_start` < 1453792019 AND `kill_end` > 1453792019 LIMIT 1   [ RunTime:0.0010s ]
SQL: SELECT g.goods_name,ge.express_id FROM ztm_goods g LEFT JOIN ztm_goods_extend AS ge ON ge.goods_id=g.id  WHERE g.id = 2265  [ RunTime:0.0000s ]
NOTIC: [8] Undefined variable: goods_attr F:\homes\webonline\Ztmvip\Mobile\Model\FlowModel.class.php 第 72 行.
SQL: SHOW COLUMNS FROM `ztm_cart` [ RunTime:0.0020s ]
SQL: SELECT `id` FROM `ztm_cart` WHERE `cart_key` = '1945b8f1733b0efe898a6a6c49f3a900' AND `goods_id` = 2265 LIMIT 1   [ RunTime:0.0020s ]
NOTIC: [8] Undefined index: goods_name F:\homes\webonline\Ztmvip\Mobile\Model\FlowModel.class.php 第 85 行.
NOTIC: [8] Undefined index: express_id F:\homes\webonline\Ztmvip\Mobile\Model\FlowModel.class.php 第 86 行.
NOTIC: [8] Undefined variable: goods_attr F:\homes\webonline\Ztmvip\Mobile\Model\FlowModel.class.php 第 94 行.
ERR: 1048:Column 'goods_name' cannot be null
 [ SQL语句 ] : INSERT INTO `ztm_cart` (`cart_key`,`goods_id`,`goods_name`,`express_id`,`goods_price`,`goods_number`,`selected`,`buy_flag`) VALUES ('1945b8f1733b0efe898a6a6c49f3a900','2265',NULL,NULL,'258.00','1','Y','normal')
ERR: 1048:Column 'goods_name' cannot be null
 [ SQL语句 ] : INSERT INTO `ztm_cart` (`cart_key`,`goods_id`,`goods_name`,`express_id`,`goods_price`,`goods_number`,`selected`,`buy_flag`) VALUES ('1945b8f1733b0efe898a6a6c49f3a900','2265',NULL,NULL,'258.00','1','Y','normal')

[ 2016-01-26T15:07:00+08:00 ] 127.0.0.1 /Uploads/20151211/566a8a8ae2519.jpg_710x700.jpg
INFO: [ app_init ] --START--
INFO: Run Behavior\BuildLiteBehavior [ RunTime:0.000000s ]
INFO: [ app_init ] --END-- [ RunTime:0.002000s ]

[ 2016-01-26T15:07:00+08:00 ] 127.0.0.1 /Uploads/20151211/566a8a8ae2519.jpg_710x700.jpg
INFO: [ app_init ] --START--
INFO: Run Behavior\BuildLiteBehavior [ RunTime:0.000000s ]
INFO: [ app_init ] --END-- [ RunTime:0.001000s ]

[ 2016-01-26T15:07:01+08:00 ] 127.0.0.1 /Uploads/20151211/566a8a8ae2519.jpg_710x700.jpg
INFO: [ app_init ] --START--
INFO: Run Behavior\BuildLiteBehavior [ RunTime:0.000000s ]
INFO: [ app_init ] --END-- [ RunTime:0.001000s ]

[ 2016-01-26T15:07:01+08:00 ] 127.0.0.1 /index.php?m=Mobile&c=Flow&a=addToCart
INFO: [ app_init ] --START--
INFO: Run Behavior\BuildLiteBehavior [ RunTime:0.000000s ]
INFO: [ app_init ] --END-- [ RunTime:0.001000s ]
INFO: [ app_begin ] --START--
INFO: Run Behavior\ReadHtmlCacheBehavior [ RunTime:0.001000s ]
INFO: [ app_begin ] --END-- [ RunTime:0.001000s ]
SQL: SHOW COLUMNS FROM `ztm_cart` [ RunTime:0.0020s ]
SQL: SHOW COLUMNS FROM `ztm_cart` [ RunTime:0.0020s ]
SQL: SELECT SUM(goods_number) AS tp_sum FROM `ztm_cart` WHERE `cart_key` = '1945b8f1733b0efe898a6a6c49f3a900' LIMIT 1   [ RunTime:0.0000s ]
SQL: SHOW COLUMNS FROM `ztm_goods` [ RunTime:0.0020s ]
SQL: SHOW COLUMNS FROM `ztm_goods` [ RunTime:0.0020s ]
SQL: SELECT `shop_price` FROM `ztm_goods` WHERE `on_sale` = 'Y' AND `disabled` = 'N' AND `id` = 2265 LIMIT 1   [ RunTime:0.0010s ]
SQL: SHOW COLUMNS FROM `ztm_seckill_goods` [ RunTime:0.0020s ]
SQL: SELECT `kill_price` FROM `ztm_seckill_goods` WHERE `goods_id` = 2265 AND `on_sale` = 'Y' AND `disabled` = 'N' AND `kill_start` < 1453792021 AND `kill_end` > 1453792021 LIMIT 1   [ RunTime:0.0010s ]
SQL: SELECT g.goods_name,ge.express_id FROM ztm_goods g LEFT JOIN ztm_goods_extend AS ge ON ge.goods_id=g.id  WHERE g.id = 2265  [ RunTime:0.0000s ]
NOTIC: [8] Undefined variable: goods_attr F:\homes\webonline\Ztmvip\Mobile\Model\FlowModel.class.php 第 72 行.
SQL: SHOW COLUMNS FROM `ztm_cart` [ RunTime:0.0010s ]
SQL: SELECT `id` FROM `ztm_cart` WHERE `cart_key` = '1945b8f1733b0efe898a6a6c49f3a900' AND `goods_id` = 2265 LIMIT 1   [ RunTime:0.0000s ]
NOTIC: [8] Undefined index: goods_name F:\homes\webonline\Ztmvip\Mobile\Model\FlowModel.class.php 第 85 行.
NOTIC: [8] Undefined index: express_id F:\homes\webonline\Ztmvip\Mobile\Model\FlowModel.class.php 第 86 行.
NOTIC: [8] Undefined variable: goods_attr F:\homes\webonline\Ztmvip\Mobile\Model\FlowModel.class.php 第 94 行.
ERR: 1048:Column 'goods_name' cannot be null
 [ SQL语句 ] : INSERT INTO `ztm_cart` (`cart_key`,`goods_id`,`goods_name`,`express_id`,`goods_price`,`goods_number`,`selected`,`buy_flag`) VALUES ('1945b8f1733b0efe898a6a6c49f3a900','2265',NULL,NULL,'258.00','1','Y','normal')
ERR: 1048:Column 'goods_name' cannot be null
 [ SQL语句 ] : INSERT INTO `ztm_cart` (`cart_key`,`goods_id`,`goods_name`,`express_id`,`goods_price`,`goods_number`,`selected`,`buy_flag`) VALUES ('1945b8f1733b0efe898a6a6c49f3a900','2265',NULL,NULL,'258.00','1','Y','normal')

[ 2016-01-26T15:08:48+08:00 ] 127.0.0.1 /Uploads/20151211/566a8a8ae2519.jpg_710x700.jpg
INFO: [ app_init ] --START--
INFO: Run Behavior\BuildLiteBehavior [ RunTime:0.000000s ]
INFO: [ app_init ] --END-- [ RunTime:0.000000s ]

[ 2016-01-26T15:08:48+08:00 ] 127.0.0.1 /index.php?m=Mobile&c=Flow&a=addToCart
INFO: [ app_init ] --START--
INFO: Run Behavior\BuildLiteBehavior [ RunTime:0.000000s ]
INFO: [ app_init ] --END-- [ RunTime:0.001000s ]
INFO: [ app_begin ] --START--
INFO: Run Behavior\ReadHtmlCacheBehavior [ RunTime:0.001000s ]
INFO: [ app_begin ] --END-- [ RunTime:0.001000s ]
SQL: SHOW COLUMNS FROM `ztm_cart` [ RunTime:0.0020s ]
SQL: SHOW COLUMNS FROM `ztm_cart` [ RunTime:0.0010s ]
SQL: SELECT SUM(goods_number) AS tp_sum FROM `ztm_cart` WHERE `cart_key` = '1945b8f1733b0efe898a6a6c49f3a900' LIMIT 1   [ RunTime:0.0010s ]
SQL: SHOW COLUMNS FROM `ztm_goods` [ RunTime:0.0030s ]
SQL: SHOW COLUMNS FROM `ztm_goods` [ RunTime:0.0030s ]
SQL: SELECT `shop_price` FROM `ztm_goods` WHERE `on_sale` = 'Y' AND `disabled` = 'N' AND `id` = 2265 LIMIT 1   [ RunTime:0.0010s ]
SQL: SHOW COLUMNS FROM `ztm_seckill_goods` [ RunTime:0.0020s ]
SQL: SELECT `kill_price` FROM `ztm_seckill_goods` WHERE `goods_id` = 2265 AND `on_sale` = 'Y' AND `disabled` = 'N' AND `kill_start` < 1453792128 AND `kill_end` > 1453792128 LIMIT 1   [ RunTime:0.0010s ]
SQL: SELECT g.goods_name,ge.express_id FROM ztm_goods g LEFT JOIN ztm_goods_extend AS ge ON ge.goods_id=g.id  WHERE g.id = 2265  [ RunTime:0.0000s ]
NOTIC: [8] Undefined variable: goods_attr F:\homes\webonline\Ztmvip\Mobile\Model\FlowModel.class.php 第 72 行.
SQL: SHOW COLUMNS FROM `ztm_cart` [ RunTime:0.0020s ]
SQL: SELECT `id` FROM `ztm_cart` WHERE `cart_key` = '1945b8f1733b0efe898a6a6c49f3a900' AND `goods_id` = 2265 LIMIT 1   [ RunTime:0.0000s ]
NOTIC: [8] Undefined index: goods_name F:\homes\webonline\Ztmvip\Mobile\Model\FlowModel.class.php 第 85 行.
NOTIC: [8] Undefined index: express_id F:\homes\webonline\Ztmvip\Mobile\Model\FlowModel.class.php 第 86 行.
NOTIC: [8] Undefined variable: goods_attr F:\homes\webonline\Ztmvip\Mobile\Model\FlowModel.class.php 第 94 行.
ERR: 1048:Column 'goods_name' cannot be null
 [ SQL语句 ] : INSERT INTO `ztm_cart` (`cart_key`,`goods_id`,`goods_name`,`express_id`,`goods_price`,`goods_number`,`selected`,`buy_flag`) VALUES ('1945b8f1733b0efe898a6a6c49f3a900','2265',NULL,NULL,'258.00','1','Y','normal')
ERR: 1048:Column 'goods_name' cannot be null
 [ SQL语句 ] : INSERT INTO `ztm_cart` (`cart_key`,`goods_id`,`goods_name`,`express_id`,`goods_price`,`goods_number`,`selected`,`buy_flag`) VALUES ('1945b8f1733b0efe898a6a6c49f3a900','2265',NULL,NULL,'258.00','1','Y','normal')

[ 2016-01-26T15:09:10+08:00 ] 127.0.0.1 /Goods/addToCart
INFO: [ app_init ] --START--
INFO: Run Behavior\BuildLiteBehavior [ RunTime:0.000000s ]
INFO: [ app_init ] --END-- [ RunTime:0.001000s ]
INFO: [ app_begin ] --START--
INFO: Run Behavior\ReadHtmlCacheBehavior [ RunTime:0.001000s ]
INFO: [ app_begin ] --END-- [ RunTime:0.001000s ]
SQL: SHOW COLUMNS FROM `ztm_cart` [ RunTime:0.0020s ]
SQL: SHOW COLUMNS FROM `ztm_cart` [ RunTime:0.0020s ]
SQL: SELECT SUM(goods_number) AS tp_sum FROM `ztm_cart` WHERE `cart_key` = '1945b8f1733b0efe898a6a6c49f3a900' LIMIT 1   [ RunTime:0.0010s ]
INFO: [ view_parse ] --START--
INFO: [ template_filter ] --START--
INFO: Run Behavior\ContentReplaceBehavior [ RunTime:0.001000s ]
INFO: [ template_filter ] --END-- [ RunTime:0.001000s ]
INFO: Run Behavior\ParseTemplateBehavior [ RunTime:0.004000s ]
INFO: [ view_parse ] --END-- [ RunTime:0.004000s ]
INFO: [ view_filter ] --START--
INFO: Run Behavior\WriteHtmlCacheBehavior [ RunTime:0.001000s ]
INFO: [ view_filter ] --END-- [ RunTime:0.001000s ]

[ 2016-01-26T15:09:19+08:00 ] 127.0.0.1 /Flow/addToCart
INFO: [ app_init ] --START--
INFO: Run Behavior\BuildLiteBehavior [ RunTime:0.000000s ]
INFO: [ app_init ] --END-- [ RunTime:0.001000s ]
INFO: [ app_begin ] --START--
INFO: Run Behavior\ReadHtmlCacheBehavior [ RunTime:0.001001s ]
INFO: [ app_begin ] --END-- [ RunTime:0.001001s ]
SQL: SHOW COLUMNS FROM `ztm_cart` [ RunTime:0.0020s ]
SQL: SHOW COLUMNS FROM `ztm_cart` [ RunTime:0.0020s ]
SQL: SELECT SUM(goods_number) AS tp_sum FROM `ztm_cart` WHERE `cart_key` = '1945b8f1733b0efe898a6a6c49f3a900' LIMIT 1   [ RunTime:0.0010s ]
SQL: SHOW COLUMNS FROM `ztm_goods` [ RunTime:0.0020s ]
SQL: SHOW COLUMNS FROM `ztm_goods` [ RunTime:0.0020s ]
SQL: SELECT `shop_price` FROM `ztm_goods` WHERE `on_sale` = 'Y' AND `disabled` = 'N' AND `id` = 1880 LIMIT 1   [ RunTime:0.0010s ]
SQL: SHOW COLUMNS FROM `ztm_seckill_goods` [ RunTime:0.0010s ]
SQL: SELECT `kill_price` FROM `ztm_seckill_goods` WHERE `goods_id` = 1880 AND `on_sale` = 'Y' AND `disabled` = 'N' AND `kill_start` < 1453792159 AND `kill_end` > 1453792159 LIMIT 1   [ RunTime:0.0010s ]
SQL: SHOW COLUMNS FROM `ztm_goods_extend` [ RunTime:0.0020s ]
SQL: SELECT `skus_price` FROM `ztm_goods_extend` WHERE ( goods_id=1880 ) LIMIT 1   [ RunTime:0.0010s ]
SQL: SELECT g.goods_name,ge.express_id FROM ztm_goods g LEFT JOIN ztm_goods_extend AS ge ON ge.goods_id=g.id  WHERE g.id = 1880  [ RunTime:0.0020s ]
SQL: SHOW COLUMNS FROM `ztm_cart` [ RunTime:0.0010s ]
SQL: SELECT `id` FROM `ztm_cart` WHERE `cart_key` = '1945b8f1733b0efe898a6a6c49f3a900' AND `goods_id` = 1880 AND `goods_attr` = '[[\"\\u91cd\\u91cf\",\"60kg\"],[\"\\u80a4\\u8272\",\"\\u7eff\\u8272\"]]' LIMIT 1   [ RunTime:0.0010s ]
NOTIC: [8] Undefined index: goods_name F:\homes\webonline\Ztmvip\Mobile\Model\FlowModel.class.php 第 85 行.
NOTIC: [8] Undefined index: express_id F:\homes\webonline\Ztmvip\Mobile\Model\FlowModel.class.php 第 86 行.
ERR: 1048:Column 'goods_name' cannot be null
 [ SQL语句 ] : INSERT INTO `ztm_cart` (`cart_key`,`goods_id`,`goods_name`,`express_id`,`goods_price`,`goods_number`,`selected`,`buy_flag`,`goods_attr`) VALUES ('1945b8f1733b0efe898a6a6c49f3a900','1880',NULL,NULL,'22.50','1','Y','normal','[[\"\\u91cd\\u91cf\",\"60kg\"],[\"\\u80a4\\u8272\",\"\\u7eff\\u8272\"]]')
ERR: 1048:Column 'goods_name' cannot be null
 [ SQL语句 ] : INSERT INTO `ztm_cart` (`cart_key`,`goods_id`,`goods_name`,`express_id`,`goods_price`,`goods_number`,`selected`,`buy_flag`,`goods_attr`) VALUES ('1945b8f1733b0efe898a6a6c49f3a900','1880',NULL,NULL,'22.50','1','Y','normal','[[\"\\u91cd\\u91cf\",\"60kg\"],[\"\\u80a4\\u8272\",\"\\u7eff\\u8272\"]]')

[ 2016-01-26T15:11:27+08:00 ] 127.0.0.1 /Flow/addToCart
INFO: [ app_init ] --START--
INFO: Run Behavior\BuildLiteBehavior [ RunTime:0.000000s ]
INFO: [ app_init ] --END-- [ RunTime:0.001000s ]
INFO: [ app_begin ] --START--
INFO: Run Behavior\ReadHtmlCacheBehavior [ RunTime:0.001000s ]
INFO: [ app_begin ] --END-- [ RunTime:0.002000s ]
SQL: SHOW COLUMNS FROM `ztm_cart` [ RunTime:0.0020s ]
SQL: SHOW COLUMNS FROM `ztm_cart` [ RunTime:0.0020s ]
SQL: SELECT SUM(goods_number) AS tp_sum FROM `ztm_cart` WHERE `cart_key` = '1945b8f1733b0efe898a6a6c49f3a900' LIMIT 1   [ RunTime:0.0000s ]
SQL: SHOW COLUMNS FROM `ztm_goods` [ RunTime:0.0030s ]
SQL: SHOW COLUMNS FROM `ztm_goods` [ RunTime:0.0020s ]
SQL: SELECT `shop_price` FROM `ztm_goods` WHERE `on_sale` = 'Y' AND `disabled` = 'N' AND `id` = 1880 LIMIT 1   [ RunTime:0.0010s ]
SQL: SHOW COLUMNS FROM `ztm_seckill_goods` [ RunTime:0.0020s ]
SQL: SELECT `kill_price` FROM `ztm_seckill_goods` WHERE `goods_id` = 1880 AND `on_sale` = 'Y' AND `disabled` = 'N' AND `kill_start` < 1453792287 AND `kill_end` > 1453792287 LIMIT 1   [ RunTime:0.0010s ]
SQL: SHOW COLUMNS FROM `ztm_goods_extend` [ RunTime:0.0030s ]
SQL: SELECT `skus_price` FROM `ztm_goods_extend` WHERE ( goods_id=1880 ) LIMIT 1   [ RunTime:0.0000s ]
SQL: SELECT g.goods_name,ge.express_id FROM ztm_goods g LEFT JOIN ztm_goods_extend AS ge ON ge.goods_id=g.id  WHERE g.id = 1880 LIMIT 1   [ RunTime:0.0010s ]
SQL: SHOW COLUMNS FROM `ztm_cart` [ RunTime:0.0020s ]
SQL: SELECT `id` FROM `ztm_cart` WHERE `cart_key` = '1945b8f1733b0efe898a6a6c49f3a900' AND `goods_id` = 1880 AND `goods_attr` = '[[\"\\u91cd\\u91cf\",\"60kg\"],[\"\\u80a4\\u8272\",\"\\u7eff\\u8272\"]]' LIMIT 1   [ RunTime:0.0010s ]
SQL: INSERT INTO `ztm_cart` (`cart_key`,`goods_id`,`goods_name`,`express_id`,`goods_price`,`goods_number`,`selected`,`buy_flag`,`goods_attr`) VALUES ('1945b8f1733b0efe898a6a6c49f3a900','1880','权威媒体集体力捧《将来的你，一定会感谢现在拼命的自己》','2','22.50','1','Y','normal','[[\"\\u91cd\\u91cf\",\"60kg\"],[\"\\u80a4\\u8272\",\"\\u7eff\\u8272\"]]') [ RunTime:0.0010s ]
SQL: SELECT SUM(goods_number) AS tp_sum FROM `ztm_cart` WHERE `cart_key` = '1945b8f1733b0efe898a6a6c49f3a900' LIMIT 1   [ RunTime:0.0010s ]

[ 2016-01-26T15:38:07+08:00 ] 127.0.0.1 /
INFO: [ app_init ] --START--
INFO: Run Behavior\BuildLiteBehavior [ RunTime:0.000000s ]
INFO: [ app_init ] --END-- [ RunTime:0.000000s ]
INFO: [ app_begin ] --START--
INFO: Run Behavior\ReadHtmlCacheBehavior [ RunTime:0.000000s ]
INFO: [ app_begin ] --END-- [ RunTime:0.000000s ]
SQL: SHOW COLUMNS FROM `ztm_cart` [ RunTime:0.0020s ]
SQL: SHOW COLUMNS FROM `ztm_cart` [ RunTime:0.0030s ]
SQL: SELECT SUM(goods_number) AS tp_sum FROM `ztm_cart` WHERE `cart_key` = '25ec53935b7a14cc2d69465da96c39a1' LIMIT 1   [ RunTime:0.0010s ]
SQL: SHOW COLUMNS FROM `ztm_advert` [ RunTime:0.0020s ]
SQL: SELECT * FROM `ztm_advert` WHERE `topic` = 'indexBanner' AND `disabled` = 'N' ORDER BY rank desc LIMIT 0,10000   [ RunTime:0.0010s ]
SQL: SHOW COLUMNS FROM `ztm_goods` [ RunTime:0.0020s ]
SQL: SELECT g.goods_name,g.market_price,g.shop_price,sg.goods_id,g.goods_thumb,sg.kill_price,sg.goods_number,sg.kill_start,sg.kill_end FROM ztm_seckill_goods AS sg LEFT JOIN ztm_goods AS g ON sg.goods_id=g.id WHERE sg.on_sale='Y' AND sg.disabled='N' AND sg.kill_start=1453737600 AND sg.kill_end=1453824000 ORDER BY sg.rank DESC LIMIT 0,3 [ RunTime:0.0010s ]
SQL: SELECT * FROM `ztm_advert` WHERE `topic` = 'indexFashion' AND `disabled` = 'N' ORDER BY rank desc LIMIT 0,9   [ RunTime:0.0010s ]
INFO: [ view_parse ] --START--
INFO: [ template_filter ] --START--
INFO: Run Behavior\ContentReplaceBehavior [ RunTime:0.000000s ]
INFO: [ template_filter ] --END-- [ RunTime:0.000000s ]
INFO: Run Behavior\ParseTemplateBehavior [ RunTime:0.011001s ]
INFO: [ view_parse ] --END-- [ RunTime:0.011001s ]
INFO: [ view_filter ] --START--
INFO: Run Behavior\WriteHtmlCacheBehavior [ RunTime:0.000000s ]
INFO: [ view_filter ] --END-- [ RunTime:0.000000s ]
INFO: [ app_end ] --START--
INFO: Run Behavior\ShowPageTraceBehavior [ RunTime:0.001000s ]
INFO: [ app_end ] --END-- [ RunTime:0.001000s ]

[ 2016-01-26T15:38:07+08:00 ] 127.0.0.1 /Uploads/20160105/568b3de239e6f.jpg
INFO: [ app_init ] --START--
INFO: Run Behavior\BuildLiteBehavior [ RunTime:0.000000s ]
INFO: [ app_init ] --END-- [ RunTime:0.001000s ]

[ 2016-01-26T15:38:07+08:00 ] 127.0.0.1 /Uploads/20151215/566fd06f1fb82.jpg
INFO: [ app_init ] --START--
INFO: Run Behavior\BuildLiteBehavior [ RunTime:0.000000s ]
INFO: [ app_init ] --END-- [ RunTime:0.000000s ]

[ 2016-01-26T15:38:07+08:00 ] 127.0.0.1 /Uploads/20151216/5671118e51d60.jpg
INFO: [ app_init ] --START--
INFO: Run Behavior\BuildLiteBehavior [ RunTime:0.000000s ]
INFO: [ app_init ] --END-- [ RunTime:0.000000s ]

[ 2016-01-26T15:38:07+08:00 ] 127.0.0.1 /Uploads/20151215/566fd0895d1e1.jpg
INFO: [ app_init ] --START--
INFO: Run Behavior\BuildLiteBehavior [ RunTime:0.000000s ]
INFO: [ app_init ] --END-- [ RunTime:0.000000s ]

[ 2016-01-26T15:38:07+08:00 ] 127.0.0.1 /Uploads/20151215/566fbfd9e81c0.jpg
INFO: [ app_init ] --START--
INFO: Run Behavior\BuildLiteBehavior [ RunTime:0.000000s ]
INFO: [ app_init ] --END-- [ RunTime:0.001000s ]

[ 2016-01-26T15:38:07+08:00 ] 127.0.0.1 /Uploads/20151214/566e8e50221b5.jpg
INFO: [ app_init ] --START--
INFO: Run Behavior\BuildLiteBehavior [ RunTime:0.000000s ]
INFO: [ app_init ] --END-- [ RunTime:0.000000s ]

[ 2016-01-26T15:38:07+08:00 ] 127.0.0.1 /Uploads/20151214/566e8e3607c33.jpg
INFO: [ app_init ] --START--
INFO: Run Behavior\BuildLiteBehavior [ RunTime:0.000000s ]
INFO: [ app_init ] --END-- [ RunTime:0.000000s ]

[ 2016-01-26T15:38:07+08:00 ] 127.0.0.1 /Uploads/20151216/567111719f5ef.jpg
INFO: [ app_init ] --START--
INFO: Run Behavior\BuildLiteBehavior [ RunTime:0.000000s ]
INFO: [ app_init ] --END-- [ RunTime:0.001000s ]

[ 2016-01-26T15:38:07+08:00 ] 127.0.0.1 /Uploads/20151215/566fbff15b94c.jpg
INFO: [ app_init ] --START--
INFO: Run Behavior\BuildLiteBehavior [ RunTime:0.000000s ]
INFO: [ app_init ] --END-- [ RunTime:0.001000s ]

[ 2016-01-26T15:38:07+08:00 ] 127.0.0.1 /Uploads/20151216/5671118e51d60.jpg
INFO: [ app_init ] --START--
INFO: Run Behavior\BuildLiteBehavior [ RunTime:0.000000s ]
INFO: [ app_init ] --END-- [ RunTime:0.000000s ]

[ 2016-01-26T15:38:07+08:00 ] 127.0.0.1 /Uploads/20151216/567111719f5ef.jpg
INFO: [ app_init ] --START--
INFO: Run Behavior\BuildLiteBehavior [ RunTime:0.000000s ]
INFO: [ app_init ] --END-- [ RunTime:0.000000s ]

[ 2016-01-26T15:38:07+08:00 ] 127.0.0.1 /Uploads/20151215/566fd0895d1e1.jpg
INFO: [ app_init ] --START--
INFO: Run Behavior\BuildLiteBehavior [ RunTime:0.000000s ]
INFO: [ app_init ] --END-- [ RunTime:0.001000s ]

[ 2016-01-26T15:38:07+08:00 ] 127.0.0.1 /Uploads/20151215/566fd06f1fb82.jpg
INFO: [ app_init ] --START--
INFO: Run Behavior\BuildLiteBehavior [ RunTime:0.000000s ]
INFO: [ app_init ] --END-- [ RunTime:0.001000s ]

[ 2016-01-26T15:38:07+08:00 ] 127.0.0.1 /Uploads/20160105/568b3de239e6f.jpg
INFO: [ app_init ] --START--
INFO: Run Behavior\BuildLiteBehavior [ RunTime:0.000000s ]
INFO: [ app_init ] --END-- [ RunTime:0.000000s ]

[ 2016-01-26T15:38:07+08:00 ] 127.0.0.1 /Uploads/20151214/566e8e50221b5.jpg
INFO: [ app_init ] --START--
INFO: Run Behavior\BuildLiteBehavior [ RunTime:0.000000s ]
INFO: [ app_init ] --END-- [ RunTime:0.000000s ]

[ 2016-01-26T15:38:07+08:00 ] 127.0.0.1 /Uploads/20151215/566fbfd9e81c0.jpg
INFO: [ app_init ] --START--
INFO: Run Behavior\BuildLiteBehavior [ RunTime:0.000000s ]
INFO: [ app_init ] --END-- [ RunTime:0.001000s ]

[ 2016-01-26T15:38:07+08:00 ] 127.0.0.1 /Uploads/20151214/566e8e3607c33.jpg
INFO: [ app_init ] --START--
INFO: Run Behavior\BuildLiteBehavior [ RunTime:0.000000s ]
INFO: [ app_init ] --END-- [ RunTime:0.000000s ]

[ 2016-01-26T15:38:07+08:00 ] 127.0.0.1 /Uploads/20151215/566fbff15b94c.jpg
INFO: [ app_init ] --START--
INFO: Run Behavior\BuildLiteBehavior [ RunTime:0.000000s ]
INFO: [ app_init ] --END-- [ RunTime:0.000000s ]

[ 2016-01-26T15:38:07+08:00 ] 127.0.0.1 /Uploads/20160114/56975bd173ad9.jpg
INFO: [ app_init ] --START--
INFO: Run Behavior\BuildLiteBehavior [ RunTime:0.000000s ]
INFO: [ app_init ] --END-- [ RunTime:0.001000s ]

[ 2016-01-26T15:38:07+08:00 ] 127.0.0.1 /Uploads/20160114/56975bd173ad9.jpg
INFO: [ app_init ] --START--
INFO: Run Behavior\BuildLiteBehavior [ RunTime:0.000000s ]
INFO: [ app_init ] --END-- [ RunTime:0.001000s ]

[ 2016-01-26T15:38:07+08:00 ] 127.0.0.1 /Uploads/20160114/56975bd173ad9.jpg
INFO: [ app_init ] --START--
INFO: Run Behavior\BuildLiteBehavior [ RunTime:0.000000s ]
INFO: [ app_init ] --END-- [ RunTime:0.000000s ]

[ 2016-01-26T15:38:08+08:00 ] 127.0.0.1 /favicon.ico
INFO: [ app_init ] --START--
INFO: Run Behavior\BuildLiteBehavior [ RunTime:0.000000s ]
INFO: [ app_init ] --END-- [ RunTime:0.000000s ]

[ 2016-01-26T15:38:08+08:00 ] 127.0.0.1 /favicon.ico
INFO: [ app_init ] --START--
INFO: Run Behavior\BuildLiteBehavior [ RunTime:0.000000s ]
INFO: [ app_init ] --END-- [ RunTime:0.000000s ]

[ 2016-01-26T15:38:12+08:00 ] 127.0.0.1 /Uploads/20160112/5694cde84304d.png
INFO: [ app_init ] --START--
INFO: Run Behavior\BuildLiteBehavior [ RunTime:0.000000s ]
INFO: [ app_init ] --END-- [ RunTime:0.001000s ]

[ 2016-01-26T15:38:12+08:00 ] 127.0.0.1 /Uploads/20160112/5694cde84304d.png
INFO: [ app_init ] --START--
INFO: Run Behavior\BuildLiteBehavior [ RunTime:0.000000s ]
INFO: [ app_init ] --END-- [ RunTime:0.000000s ]

[ 2016-01-26T15:38:17+08:00 ] 127.0.0.1 /Uploads/20160108/568f2572bcc4b.jpg
INFO: [ app_init ] --START--
INFO: Run Behavior\BuildLiteBehavior [ RunTime:0.000000s ]
INFO: [ app_init ] --END-- [ RunTime:0.000000s ]

[ 2016-01-26T15:38:17+08:00 ] 127.0.0.1 /Uploads/20160108/568f2572bcc4b.jpg
INFO: [ app_init ] --START--
INFO: Run Behavior\BuildLiteBehavior [ RunTime:0.000000s ]
INFO: [ app_init ] --END-- [ RunTime:0.001000s ]

[ 2016-01-26T15:38:23+08:00 ] 127.0.0.1 /Uploads/20151123/56526880940a2.jpg
INFO: [ app_init ] --START--
INFO: Run Behavior\BuildLiteBehavior [ RunTime:0.000000s ]
INFO: [ app_init ] --END-- [ RunTime:0.000000s ]

[ 2016-01-26T15:38:23+08:00 ] 127.0.0.1 /Uploads/20151123/56526880940a2.jpg
INFO: [ app_init ] --START--
INFO: Run Behavior\BuildLiteBehavior [ RunTime:0.000000s ]
INFO: [ app_init ] --END-- [ RunTime:0.001000s ]

[ 2016-01-26T15:38:28+08:00 ] 127.0.0.1 /Uploads/20151123/565268a7362e1.jpg
INFO: [ app_init ] --START--
INFO: Run Behavior\BuildLiteBehavior [ RunTime:0.000000s ]
INFO: [ app_init ] --END-- [ RunTime:0.001000s ]

[ 2016-01-26T15:38:28+08:00 ] 127.0.0.1 /Uploads/20151123/565268a7362e1.jpg
INFO: [ app_init ] --START--
INFO: Run Behavior\BuildLiteBehavior [ RunTime:0.000000s ]
INFO: [ app_init ] --END-- [ RunTime:0.000000s ]

[ 2016-01-26T15:38:33+08:00 ] 127.0.0.1 /Uploads/20151123/5652694fd3a84.jpg
INFO: [ app_init ] --START--
INFO: Run Behavior\BuildLiteBehavior [ RunTime:0.000000s ]
INFO: [ app_init ] --END-- [ RunTime:0.000000s ]

[ 2016-01-26T15:38:33+08:00 ] 127.0.0.1 /Uploads/20151123/5652694fd3a84.jpg
INFO: [ app_init ] --START--
INFO: Run Behavior\BuildLiteBehavior [ RunTime:0.000000s ]
INFO: [ app_init ] --END-- [ RunTime:0.001000s ]

[ 2016-01-26T15:38:33+08:00 ] 127.0.0.1 /Uploads/20151123/5652694fd3a84.jpg
INFO: [ app_init ] --START--
INFO: Run Behavior\BuildLiteBehavior [ RunTime:0.000000s ]
INFO: [ app_init ] --END-- [ RunTime:0.000000s ]

