[ 2016-01-28T09:28:28+08:00 ] 127.0.0.1 /favicon.ico
INFO: [ app_init ] --START--
INFO: Run Behavior\BuildLiteBehavior [ RunTime:0.000000s ]
INFO: [ app_init ] --END-- [ RunTime:0.000000s ]

[ 2016-01-28T09:28:30+08:00 ] 127.0.0.1 /
INFO: [ app_init ] --START--
INFO: Run Behavior\BuildLiteBehavior [ RunTime:0.000000s ]
INFO: [ app_init ] --END-- [ RunTime:0.001000s ]
INFO: [ app_begin ] --START--
INFO: Run Behavior\ReadHtmlCacheBehavior [ RunTime:0.001000s ]
INFO: [ app_begin ] --END-- [ RunTime:0.001000s ]
SQL: SHOW COLUMNS FROM `ztm_cart` [ RunTime:0.0010s ]
SQL: SHOW COLUMNS FROM `ztm_cart` [ RunTime:0.0020s ]
SQL: SELECT SUM(goods_number) AS count FROM `ztm_cart` WHERE `quick` = 'N' AND `cart_key` = '1945b8f1733b0efe898a6a6c49f3a900' LIMIT 1   [ RunTime:0.0010s ]
SQL: SHOW COLUMNS FROM `ztm_advert` [ RunTime:0.0010s ]
SQL: SELECT * FROM `ztm_advert` WHERE `topic` = 'indexBanner' AND `disabled` = 'N' ORDER BY rank desc LIMIT 0,10000   [ RunTime:0.0010s ]
SQL: SHOW COLUMNS FROM `ztm_goods` [ RunTime:0.0020s ]
SQL: SELECT g.goods_name,g.market_price,g.shop_price,sg.goods_id,g.goods_thumb,sg.kill_price,sg.goods_number,sg.kill_start,sg.kill_end FROM ztm_seckill_goods AS sg LEFT JOIN ztm_goods AS g ON sg.goods_id=g.id WHERE sg.on_sale='Y' AND sg.disabled='N' AND sg.kill_start=1453910400 AND sg.kill_end=1453996800 ORDER BY sg.rank DESC LIMIT 0,3 [ RunTime:0.0010s ]
SQL: SELECT * FROM `ztm_advert` WHERE `topic` = 'indexFashion' AND `disabled` = 'N' ORDER BY rank desc LIMIT 0,9   [ RunTime:0.0020s ]
INFO: [ view_parse ] --START--
INFO: [ template_filter ] --START--
INFO: Run Behavior\ContentReplaceBehavior [ RunTime:0.001000s ]
INFO: [ template_filter ] --END-- [ RunTime:0.001000s ]
INFO: Run Behavior\ParseTemplateBehavior [ RunTime:0.035002s ]
INFO: [ view_parse ] --END-- [ RunTime:0.035002s ]
INFO: [ view_filter ] --START--
INFO: Run Behavior\WriteHtmlCacheBehavior [ RunTime:0.001000s ]
INFO: [ view_filter ] --END-- [ RunTime:0.001000s ]
INFO: [ app_end ] --START--
INFO: Run Behavior\ShowPageTraceBehavior [ RunTime:0.001000s ]
INFO: [ app_end ] --END-- [ RunTime:0.001000s ]

[ 2016-01-28T09:28:30+08:00 ] 127.0.0.1 /Uploads/20160105/568b3de239e6f.jpg
INFO: [ app_init ] --START--
INFO: Run Behavior\BuildLiteBehavior [ RunTime:0.000000s ]
INFO: [ app_init ] --END-- [ RunTime:0.001000s ]

[ 2016-01-28T09:28:30+08:00 ] 127.0.0.1 /Uploads/20151215/566fd0895d1e1.jpg
INFO: [ app_init ] --START--
INFO: Run Behavior\BuildLiteBehavior [ RunTime:0.000000s ]
INFO: [ app_init ] --END-- [ RunTime:0.001000s ]

[ 2016-01-28T09:28:30+08:00 ] 127.0.0.1 /Uploads/20151216/567111719f5ef.jpg
INFO: [ app_init ] --START--
INFO: Run Behavior\BuildLiteBehavior [ RunTime:0.000000s ]
INFO: [ app_init ] --END-- [ RunTime:0.001000s ]

[ 2016-01-28T09:28:30+08:00 ] 127.0.0.1 /Uploads/20151215/566fbff15b94c.jpg
INFO: [ app_init ] --START--
INFO: Run Behavior\BuildLiteBehavior [ RunTime:0.000000s ]
INFO: [ app_init ] --END-- [ RunTime:0.000000s ]

[ 2016-01-28T09:28:30+08:00 ] 127.0.0.1 /Uploads/20151216/5671118e51d60.jpg
INFO: [ app_init ] --START--
INFO: Run Behavior\BuildLiteBehavior [ RunTime:0.000000s ]
INFO: [ app_init ] --END-- [ RunTime:0.001000s ]

[ 2016-01-28T09:28:30+08:00 ] 127.0.0.1 /Uploads/20151214/566e8e50221b5.jpg
INFO: [ app_init ] --START--
INFO: Run Behavior\BuildLiteBehavior [ RunTime:0.000000s ]
INFO: [ app_init ] --END-- [ RunTime:0.000000s ]

[ 2016-01-28T09:28:30+08:00 ] 127.0.0.1 /Uploads/20151215/566fd06f1fb82.jpg
INFO: [ app_init ] --START--
INFO: Run Behavior\BuildLiteBehavior [ RunTime:0.000000s ]
INFO: [ app_init ] --END-- [ RunTime:0.000000s ]

[ 2016-01-28T09:28:30+08:00 ] 127.0.0.1 /Uploads/20151215/566fbfd9e81c0.jpg
INFO: [ app_init ] --START--
INFO: Run Behavior\BuildLiteBehavior [ RunTime:0.000000s ]
INFO: [ app_init ] --END-- [ RunTime:0.000000s ]

[ 2016-01-28T09:28:30+08:00 ] 127.0.0.1 /Uploads/20151214/566e8e3607c33.jpg
INFO: [ app_init ] --START--
INFO: Run Behavior\BuildLiteBehavior [ RunTime:0.000000s ]
INFO: [ app_init ] --END-- [ RunTime:0.000000s ]

[ 2016-01-28T09:28:30+08:00 ] 127.0.0.1 /Uploads/20160127/56a86f40acdb7.jpg
INFO: [ app_init ] --START--
INFO: Run Behavior\BuildLiteBehavior [ RunTime:0.000000s ]
INFO: [ app_init ] --END-- [ RunTime:0.000000s ]

[ 2016-01-28T09:28:30+08:00 ] 127.0.0.1 /Uploads/20160105/568b3de239e6f.jpg
INFO: [ app_init ] --START--
INFO: Run Behavior\BuildLiteBehavior [ RunTime:0.000000s ]
INFO: [ app_init ] --END-- [ RunTime:0.000000s ]

[ 2016-01-28T09:28:30+08:00 ] 127.0.0.1 /Uploads/20151215/566fd0895d1e1.jpg
INFO: [ app_init ] --START--
INFO: Run Behavior\BuildLiteBehavior [ RunTime:0.001000s ]
INFO: [ app_init ] --END-- [ RunTime:0.001000s ]

[ 2016-01-28T09:28:30+08:00 ] 127.0.0.1 /Uploads/20160127/56a86f40acdb7.jpg
INFO: [ app_init ] --START--
INFO: Run Behavior\BuildLiteBehavior [ RunTime:0.000000s ]
INFO: [ app_init ] --END-- [ RunTime:0.001000s ]

[ 2016-01-28T09:28:30+08:00 ] 127.0.0.1 /Uploads/20160127/56a86f40acdb7.jpg
INFO: [ app_init ] --START--
INFO: Run Behavior\BuildLiteBehavior [ RunTime:0.000000s ]
INFO: [ app_init ] --END-- [ RunTime:0.000000s ]

[ 2016-01-28T09:28:32+08:00 ] 127.0.0.1 /favicon.ico
INFO: [ app_init ] --START--
INFO: Run Behavior\BuildLiteBehavior [ RunTime:0.000000s ]
INFO: [ app_init ] --END-- [ RunTime:0.000000s ]

[ 2016-01-28T09:28:35+08:00 ] 127.0.0.1 /Uploads/20160127/56a86f1d59130.jpg
INFO: [ app_init ] --START--
INFO: Run Behavior\BuildLiteBehavior [ RunTime:0.000000s ]
INFO: [ app_init ] --END-- [ RunTime:0.001000s ]

[ 2016-01-28T09:28:35+08:00 ] 127.0.0.1 /Uploads/20160127/56a86f1d59130.jpg
INFO: [ app_init ] --START--
INFO: Run Behavior\BuildLiteBehavior [ RunTime:0.000000s ]
INFO: [ app_init ] --END-- [ RunTime:0.001000s ]

[ 2016-01-28T09:28:40+08:00 ] 127.0.0.1 /Uploads/20160112/5694cde84304d.png
INFO: [ app_init ] --START--
INFO: Run Behavior\BuildLiteBehavior [ RunTime:0.000000s ]
INFO: [ app_init ] --END-- [ RunTime:0.001000s ]

[ 2016-01-28T09:28:40+08:00 ] 127.0.0.1 /Uploads/20160112/5694cde84304d.png
INFO: [ app_init ] --START--
INFO: Run Behavior\BuildLiteBehavior [ RunTime:0.000000s ]
INFO: [ app_init ] --END-- [ RunTime:0.001000s ]

[ 2016-01-28T09:28:45+08:00 ] 127.0.0.1 /Uploads/20160108/568f2572bcc4b.jpg
INFO: [ app_init ] --START--
INFO: Run Behavior\BuildLiteBehavior [ RunTime:0.000000s ]
INFO: [ app_init ] --END-- [ RunTime:0.001000s ]

[ 2016-01-28T09:28:46+08:00 ] 127.0.0.1 /Uploads/20160108/568f2572bcc4b.jpg
INFO: [ app_init ] --START--
INFO: Run Behavior\BuildLiteBehavior [ RunTime:0.000000s ]
INFO: [ app_init ] --END-- [ RunTime:0.000000s ]

[ 2016-01-28T09:28:51+08:00 ] 127.0.0.1 /Uploads/20151123/56526880940a2.jpg
INFO: [ app_init ] --START--
INFO: Run Behavior\BuildLiteBehavior [ RunTime:0.000000s ]
INFO: [ app_init ] --END-- [ RunTime:0.001000s ]

[ 2016-01-28T09:28:51+08:00 ] 127.0.0.1 /Uploads/20151123/56526880940a2.jpg
INFO: [ app_init ] --START--
INFO: Run Behavior\BuildLiteBehavior [ RunTime:0.000000s ]
INFO: [ app_init ] --END-- [ RunTime:0.000000s ]

[ 2016-01-28T09:28:56+08:00 ] 127.0.0.1 /Uploads/20151123/565268a7362e1.jpg
INFO: [ app_init ] --START--
INFO: Run Behavior\BuildLiteBehavior [ RunTime:0.000000s ]
INFO: [ app_init ] --END-- [ RunTime:0.001000s ]

[ 2016-01-28T09:28:56+08:00 ] 127.0.0.1 /Uploads/20151123/565268a7362e1.jpg
INFO: [ app_init ] --START--
INFO: Run Behavior\BuildLiteBehavior [ RunTime:0.000000s ]
INFO: [ app_init ] --END-- [ RunTime:0.000000s ]

[ 2016-01-28T09:29:01+08:00 ] 127.0.0.1 /Uploads/20151123/5652694fd3a84.jpg
INFO: [ app_init ] --START--
INFO: Run Behavior\BuildLiteBehavior [ RunTime:0.000000s ]
INFO: [ app_init ] --END-- [ RunTime:0.001001s ]

[ 2016-01-28T09:29:01+08:00 ] 127.0.0.1 /Uploads/20151123/5652694fd3a84.jpg
INFO: [ app_init ] --START--
INFO: Run Behavior\BuildLiteBehavior [ RunTime:0.000000s ]
INFO: [ app_init ] --END-- [ RunTime:0.001000s ]

[ 2016-01-28T09:29:01+08:00 ] 127.0.0.1 /Uploads/20151123/5652694fd3a84.jpg
INFO: [ app_init ] --START--
INFO: Run Behavior\BuildLiteBehavior [ RunTime:0.000000s ]
INFO: [ app_init ] --END-- [ RunTime:0.001000s ]

[ 2016-01-28T09:35:09+08:00 ] 127.0.0.1 /User/index.html
INFO: [ app_init ] --START--
INFO: Run Behavior\BuildLiteBehavior [ RunTime:0.000000s ]
INFO: [ app_init ] --END-- [ RunTime:0.001000s ]
INFO: [ app_begin ] --START--
INFO: Run Behavior\ReadHtmlCacheBehavior [ RunTime:0.001000s ]
INFO: [ app_begin ] --END-- [ RunTime:0.001000s ]
SQL: SHOW COLUMNS FROM `ztm_cart` [ RunTime:0.0020s ]
SQL: SHOW COLUMNS FROM `ztm_cart` [ RunTime:0.0020s ]
SQL: SELECT SUM(goods_number) AS count FROM `ztm_cart` WHERE `quick` = 'N' AND `user_id` = 19023 LIMIT 1   [ RunTime:0.0000s ]
SQL: SHOW COLUMNS FROM `ztm_user` [ RunTime:0.0020s ]
SQL: SELECT u.user_name,u.parent_id,u.user_money,u.frozen_money,u.integral,u.mobile, wu.nick_name,wu.avatar FROM ztm_user AS u LEFT JOIN ztm_wechat_user AS wu ON u.id=wu.user_id WHERE u.id=19023 [ RunTime:0.0010s ]
NOTIC: [8] Use of undefined constant parent_id - assumed 'parent_id' F:\homes\webonline\Ztmvip\Mobile\Model\UserModel.class.php 第 28 行.
SQL: SELECT u.user_name,wu.nick_name FROM ztm_user AS u LEFT JOIN ztm_wechat_user AS wu ON u.id=wu.user_id WHERE
        u.id=94 [ RunTime:0.0020s ]
SQL: SHOW COLUMNS FROM `ztm_account_log` [ RunTime:0.0010s ]
SQL: SELECT SUM(user_money)+SUM(frozen_money) AS money FROM `ztm_account_log` WHERE `user_id` = 19023 LIMIT 1   [ RunTime:0.0010s ]
SQL: SHOW COLUMNS FROM `ztm_user_account_log` [ RunTime:0.0020s ]
SQL: SELECT SUM(amount) AS tp_sum FROM `ztm_user_account_log` WHERE `source_type` = 'money' AND `change_type` = 'withdraw' AND `date_pay` = 0 AND `user_id` = 19023 LIMIT 1   [ RunTime:0.0010s ]
SQL: SHOW COLUMNS FROM `ztm_order` [ RunTime:0.0020s ]
SQL: SELECT COUNT(*) AS tp_count FROM `ztm_order` WHERE `user_id` = 19023 AND `order_state` = 'new' AND `payment_state` IN ('new','paying') AND `shipping_state` = 'new' LIMIT 1   [ RunTime:0.0020s ]
SQL: SELECT COUNT(*) AS tp_count FROM `ztm_order` WHERE `user_id` = 19023 AND `order_state` = 'confirm' AND `payment_state` = 'payed' AND `shipping_state` = 'new' LIMIT 1   [ RunTime:0.0020s ]
SQL: SELECT COUNT(*) AS tp_count FROM `ztm_order` WHERE `user_id` = 19023 AND `order_state` = 'confirm' AND `payment_state` = 'payed' AND `shipping_state` = 'send' LIMIT 1   [ RunTime:0.0020s ]
SQL: SELECT COUNT(*) AS tp_count FROM `ztm_order` WHERE `user_id` = 19023 AND `order_state` = 'confirm' AND `shipping_state` = 'receive' LIMIT 1   [ RunTime:0.0010s ]
SQL: SELECT COUNT(*) AS tp_count FROM `ztm_order` WHERE `user_id` = 19023 AND `order_state` IN ('refund','refunded','finish') LIMIT 1   [ RunTime:0.0010s ]
INFO: [ view_parse ] --START--
INFO: [ template_filter ] --START--
INFO: Run Behavior\ContentReplaceBehavior [ RunTime:0.000000s ]
INFO: [ template_filter ] --END-- [ RunTime:0.000000s ]
INFO: Run Behavior\ParseTemplateBehavior [ RunTime:0.037002s ]
INFO: [ view_parse ] --END-- [ RunTime:0.037002s ]
INFO: [ view_filter ] --START--
INFO: Run Behavior\WriteHtmlCacheBehavior [ RunTime:0.001000s ]
INFO: [ view_filter ] --END-- [ RunTime:0.001000s ]
INFO: [ app_end ] --START--
INFO: Run Behavior\ShowPageTraceBehavior [ RunTime:0.002000s ]
INFO: [ app_end ] --END-- [ RunTime:0.002000s ]

[ 2016-01-28T09:36:24+08:00 ] 127.0.0.1 /Index/index.html
INFO: [ app_init ] --START--
INFO: Run Behavior\BuildLiteBehavior [ RunTime:0.000000s ]
INFO: [ app_init ] --END-- [ RunTime:0.001000s ]
INFO: [ app_begin ] --START--
INFO: Run Behavior\ReadHtmlCacheBehavior [ RunTime:0.001000s ]
INFO: [ app_begin ] --END-- [ RunTime:0.002000s ]
SQL: SHOW COLUMNS FROM `ztm_cart` [ RunTime:0.0020s ]
SQL: SHOW COLUMNS FROM `ztm_cart` [ RunTime:0.0020s ]
SQL: SELECT SUM(goods_number) AS count FROM `ztm_cart` WHERE `quick` = 'N' AND `user_id` = 19023 LIMIT 1   [ RunTime:0.0010s ]
SQL: SHOW COLUMNS FROM `ztm_advert` [ RunTime:0.0010s ]
SQL: SELECT * FROM `ztm_advert` WHERE `topic` = 'indexBanner' AND `disabled` = 'N' ORDER BY rank desc LIMIT 0,10000   [ RunTime:0.0010s ]
SQL: SHOW COLUMNS FROM `ztm_goods` [ RunTime:0.0020s ]
SQL: SELECT g.goods_name,g.market_price,g.shop_price,sg.goods_id,g.goods_thumb,sg.kill_price,sg.goods_number,sg.kill_start,sg.kill_end FROM ztm_seckill_goods AS sg LEFT JOIN ztm_goods AS g ON sg.goods_id=g.id WHERE sg.on_sale='Y' AND sg.disabled='N' AND sg.kill_start=1453910400 AND sg.kill_end=1453996800 ORDER BY sg.rank DESC LIMIT 0,3 [ RunTime:0.0020s ]
SQL: SELECT * FROM `ztm_advert` WHERE `topic` = 'indexFashion' AND `disabled` = 'N' ORDER BY rank desc LIMIT 0,9   [ RunTime:0.0010s ]
INFO: [ view_parse ] --START--
INFO: [ template_filter ] --START--
INFO: Run Behavior\ContentReplaceBehavior [ RunTime:0.000000s ]
INFO: [ template_filter ] --END-- [ RunTime:0.000000s ]
INFO: Run Behavior\ParseTemplateBehavior [ RunTime:0.014000s ]
INFO: [ view_parse ] --END-- [ RunTime:0.015000s ]
INFO: [ view_filter ] --START--
INFO: Run Behavior\WriteHtmlCacheBehavior [ RunTime:0.000000s ]
INFO: [ view_filter ] --END-- [ RunTime:0.000000s ]
INFO: [ app_end ] --START--
INFO: Run Behavior\ShowPageTraceBehavior [ RunTime:0.001001s ]
INFO: [ app_end ] --END-- [ RunTime:0.001001s ]

[ 2016-01-28T09:36:24+08:00 ] 127.0.0.1 /Uploads/20151216/567111719f5ef.jpg
INFO: [ app_init ] --START--
INFO: Run Behavior\BuildLiteBehavior [ RunTime:0.000000s ]
INFO: [ app_init ] --END-- [ RunTime:0.000000s ]

[ 2016-01-28T09:36:24+08:00 ] 127.0.0.1 /Uploads/20151215/566fd0895d1e1.jpg
INFO: [ app_init ] --START--
INFO: Run Behavior\BuildLiteBehavior [ RunTime:0.000000s ]
INFO: [ app_init ] --END-- [ RunTime:0.001000s ]

[ 2016-01-28T09:36:24+08:00 ] 127.0.0.1 /Uploads/20160105/568b3de239e6f.jpg
INFO: [ app_init ] --START--
INFO: Run Behavior\BuildLiteBehavior [ RunTime:0.000000s ]
INFO: [ app_init ] --END-- [ RunTime:0.000000s ]

[ 2016-01-28T09:36:24+08:00 ] 127.0.0.1 /Uploads/20151215/566fd06f1fb82.jpg
INFO: [ app_init ] --START--
INFO: Run Behavior\BuildLiteBehavior [ RunTime:0.000000s ]
INFO: [ app_init ] --END-- [ RunTime:0.000000s ]

[ 2016-01-28T09:36:24+08:00 ] 127.0.0.1 /Uploads/20151216/5671118e51d60.jpg
INFO: [ app_init ] --START--
INFO: Run Behavior\BuildLiteBehavior [ RunTime:0.000000s ]
INFO: [ app_init ] --END-- [ RunTime:0.000000s ]

[ 2016-01-28T09:36:24+08:00 ] 127.0.0.1 /Uploads/20151215/566fbff15b94c.jpg
INFO: [ app_init ] --START--
INFO: Run Behavior\BuildLiteBehavior [ RunTime:0.000000s ]
INFO: [ app_init ] --END-- [ RunTime:0.001000s ]

[ 2016-01-28T09:36:24+08:00 ] 127.0.0.1 /Uploads/20151215/566fbfd9e81c0.jpg
INFO: [ app_init ] --START--
INFO: Run Behavior\BuildLiteBehavior [ RunTime:0.000000s ]
INFO: [ app_init ] --END-- [ RunTime:0.001000s ]

[ 2016-01-28T09:36:24+08:00 ] 127.0.0.1 /Uploads/20151214/566e8e3607c33.jpg
INFO: [ app_init ] --START--
INFO: Run Behavior\BuildLiteBehavior [ RunTime:0.000000s ]
INFO: [ app_init ] --END-- [ RunTime:0.000000s ]

[ 2016-01-28T09:36:24+08:00 ] 127.0.0.1 /Uploads/20151214/566e8e50221b5.jpg
INFO: [ app_init ] --START--
INFO: Run Behavior\BuildLiteBehavior [ RunTime:0.000000s ]
INFO: [ app_init ] --END-- [ RunTime:0.007000s ]

[ 2016-01-28T09:36:24+08:00 ] 127.0.0.1 /Uploads/20160127/56a86f40acdb7.jpg
INFO: [ app_init ] --START--
INFO: Run Behavior\BuildLiteBehavior [ RunTime:0.000000s ]
INFO: [ app_init ] --END-- [ RunTime:0.001000s ]

[ 2016-01-28T09:36:24+08:00 ] 127.0.0.1 /Uploads/20160127/56a86f40acdb7.jpg
INFO: [ app_init ] --START--
INFO: Run Behavior\BuildLiteBehavior [ RunTime:0.000000s ]
INFO: [ app_init ] --END-- [ RunTime:0.000000s ]

[ 2016-01-28T09:36:24+08:00 ] 127.0.0.1 /Uploads/20160127/56a86f40acdb7.jpg
INFO: [ app_init ] --START--
INFO: Run Behavior\BuildLiteBehavior [ RunTime:0.000000s ]
INFO: [ app_init ] --END-- [ RunTime:0.000000s ]

[ 2016-01-28T09:36:26+08:00 ] 127.0.0.1 /Flow/cart/another/1.html
INFO: [ app_init ] --START--
INFO: Run Behavior\BuildLiteBehavior [ RunTime:0.000000s ]
INFO: [ app_init ] --END-- [ RunTime:0.001000s ]
INFO: [ app_begin ] --START--
INFO: Run Behavior\ReadHtmlCacheBehavior [ RunTime:0.000000s ]
INFO: [ app_begin ] --END-- [ RunTime:0.000000s ]
SQL: SHOW COLUMNS FROM `ztm_cart` [ RunTime:0.0020s ]
SQL: SHOW COLUMNS FROM `ztm_cart` [ RunTime:0.0020s ]
SQL: SELECT SUM(goods_number) AS count FROM `ztm_cart` WHERE `quick` = 'N' AND `user_id` = 19023 LIMIT 1   [ RunTime:0.0010s ]
SQL: SELECT * FROM `ztm_cart` WHERE `quick` = 'N' AND `user_id` = 19023 ORDER BY id desc  [ RunTime:0.0010s ]
NOTIC: [8] Undefined index: goods_price F:\homes\webonline\Ztmvip\Mobile\Model\FlowModel.class.php 第 181 行.
NOTIC: [8] Undefined index: go_number F:\homes\webonline\Ztmvip\Mobile\Model\FlowModel.class.php 第 182 行.
SQL: SHOW COLUMNS FROM `ztm_goods` [ RunTime:0.0020s ]
SQL: SELECT `goods_thumb` FROM `ztm_goods` WHERE `id` = 1473 LIMIT 1   [ RunTime:0.0010s ]
SQL: SELECT COUNT(*) AS tp_count FROM `ztm_cart` WHERE `quick` = 'N' AND `selected` = 'N' AND `user_id` = 19023 LIMIT 1   [ RunTime:0.0010s ]
INFO: [ view_parse ] --START--
INFO: [ template_filter ] --START--
INFO: Run Behavior\ContentReplaceBehavior [ RunTime:0.001000s ]
INFO: [ template_filter ] --END-- [ RunTime:0.001000s ]
INFO: Run Behavior\ParseTemplateBehavior [ RunTime:0.036002s ]
INFO: [ view_parse ] --END-- [ RunTime:0.036002s ]
INFO: [ view_filter ] --START--
INFO: Run Behavior\WriteHtmlCacheBehavior [ RunTime:0.000000s ]
INFO: [ view_filter ] --END-- [ RunTime:0.000000s ]
INFO: [ app_end ] --START--
INFO: Run Behavior\ShowPageTraceBehavior [ RunTime:0.001000s ]
INFO: [ app_end ] --END-- [ RunTime:0.001000s ]

[ 2016-01-28T09:36:26+08:00 ] 127.0.0.1 /images/201509/source_img/1473_G_1443048078245.jpg
INFO: [ app_init ] --START--
INFO: Run Behavior\BuildLiteBehavior [ RunTime:0.000000s ]
INFO: [ app_init ] --END-- [ RunTime:0.001000s ]

[ 2016-01-28T09:36:31+08:00 ] 127.0.0.1 /Flow/checkout.html
INFO: [ app_init ] --START--
INFO: Run Behavior\BuildLiteBehavior [ RunTime:0.000000s ]
INFO: [ app_init ] --END-- [ RunTime:0.001000s ]
INFO: [ app_begin ] --START--
INFO: Run Behavior\ReadHtmlCacheBehavior [ RunTime:0.000000s ]
INFO: [ app_begin ] --END-- [ RunTime:0.000000s ]
SQL: SHOW COLUMNS FROM `ztm_cart` [ RunTime:0.0020s ]
SQL: SHOW COLUMNS FROM `ztm_cart` [ RunTime:0.0020s ]
SQL: SELECT SUM(goods_number) AS count FROM `ztm_cart` WHERE `quick` = 'N' AND `user_id` = 19023 LIMIT 1   [ RunTime:0.0010s ]
SQL: SHOW COLUMNS FROM `ztm_region` [ RunTime:0.0010s ]
SQL: SHOW COLUMNS FROM `ztm_user_address` [ RunTime:0.0020s ]
SQL: SELECT id AS address_id,`consignee`,`mobile`,`province`,`city`,`district`,`address` FROM `ztm_user_address` WHERE `user_id` = 19023 AND `is_default` = 'Y' LIMIT 1   [ RunTime:0.0010s ]
SQL: SELECT * FROM `ztm_cart` WHERE `quick` = 'N' AND `selected` = 'Y' AND `user_id` = 19023 ORDER BY id desc  [ RunTime:0.0020s ]
SQL: SHOW COLUMNS FROM `ztm_goods` [ RunTime:0.0010s ]
SQL: SELECT `goods_thumb` FROM `ztm_goods` WHERE `id` = 1473 LIMIT 1   [ RunTime:0.0010s ]
NOTIC: [8] Undefined variable: unique F:\homes\webonline\Ztmvip\Mobile\Model\FlowModel.class.php 第 277 行.
SQL: SHOW COLUMNS FROM `ztm_user` [ RunTime:0.0020s ]
SQL: SHOW COLUMNS FROM `ztm_goods_express` [ RunTime:0.0020s ]
SQL: SELECT max(free_amount) AS free FROM `ztm_goods_express` WHERE `id` IN ('2') LIMIT 1   [ RunTime:0.0010s ]
SQL: SELECT `postage` FROM `ztm_goods_express` WHERE `free_amount` = '88.00' LIMIT 1   [ RunTime:0.0010s ]
SQL: SHOW COLUMNS FROM `ztm_user_prepaid` [ RunTime:0.0010s ]
SQL: SELECT `id`,`prepaid_sn`,`money` FROM `ztm_user_prepaid` WHERE `user_id` = 19023 AND `money` > 0 AND `disabled` = 'N'  [ RunTime:0.0010s ]
SQL: SHOW COLUMNS FROM `ztm_user_bonus` [ RunTime:0.0030s ]
SQL: SELECT id AS bonus_id,`bonus_name` FROM `ztm_user_bonus` WHERE `user_id` = 19023 AND `date_use` = 0 AND `use_start` < 1453944991 AND `use_end` > 1453944991 AND `min_order_amount` <= 71.8  [ RunTime:0.0010s ]
NOTIC: [8] Undefined offset: 0 F:\homes\webonline\Ztmvip\Mobile\Model\TreatmentModel.class.php 第 209 行.
SQL: SELECT c.coupon_name,c.coupon_money,uc.id AS coupon_id FROM ztm_user_coupon AS uc LEFT JOIN ztm_coupon AS c ON uc.coupon_id=c.id WHERE uc.user_id=19023 AND uc.date_use='0'AND c.use_end>1453944991  AND min_order_amount<=71.8 [ RunTime:0.0010s ]
NOTIC: [8] Undefined offset: 0 F:\homes\webonline\Ztmvip\Mobile\Model\TreatmentModel.class.php 第 342 行.
SQL: SELECT c.coupon_name,c.coupon_money,uc.id AS coupon_id FROM ztm_user_coupon AS uc LEFT JOIN ztm_coupon AS c ON uc.coupon_id=c.id WHERE uc.user_id=19023 AND uc.date_use='0'AND c.use_end>1453944991  AND min_order_amount<=71.8 [ RunTime:0.0010s ]
NOTIC: [8] Undefined offset: 0 F:\homes\webonline\Ztmvip\Mobile\Model\TreatmentModel.class.php 第 342 行.
SQL: SHOW COLUMNS FROM `ztm_user` [ RunTime:0.0010s ]
SQL: SELECT `integral` FROM `ztm_user` WHERE `id` = 19023 LIMIT 1   [ RunTime:0.0010s ]
SQL: SELECT SUM(ge.pay_integral * c.goods_number) AS sum FROM ztm_cart AS c LEFT JOIN ztm_goods_extend AS ge ON c.goods_id=ge.goods_id WHERE
        c.cart_key='1945b8f1733b0efe898a6a6c49f3a900' AND c.buy_flag!='package' AND ge.pay_integral>0 AND c.selected='Y' [ RunTime:0.0010s ]
INFO: [ view_parse ] --START--
INFO: [ template_filter ] --START--
INFO: Run Behavior\ContentReplaceBehavior [ RunTime:0.000000s ]
INFO: [ template_filter ] --END-- [ RunTime:0.001000s ]
NOTIC: [8] Undefined variable: card F:\homes\webonline\Ztmvip\Runtime\Cache\Mobile\411834e7c47f01f7e9b9cee84b05e89d.php 第 103 行.
NOTIC: [8] Undefined variable: coupon_list F:\homes\webonline\Ztmvip\Runtime\Cache\Mobile\411834e7c47f01f7e9b9cee84b05e89d.php 第 299 行.
NOTIC: [8] Undefined variable: bonus_list F:\homes\webonline\Ztmvip\Runtime\Cache\Mobile\411834e7c47f01f7e9b9cee84b05e89d.php 第 355 行.
INFO: Run Behavior\ParseTemplateBehavior [ RunTime:0.051003s ]
INFO: [ view_parse ] --END-- [ RunTime:0.051003s ]
INFO: [ view_filter ] --START--
INFO: Run Behavior\WriteHtmlCacheBehavior [ RunTime:0.000000s ]
INFO: [ view_filter ] --END-- [ RunTime:0.000000s ]
INFO: [ app_end ] --START--
INFO: Run Behavior\ShowPageTraceBehavior [ RunTime:0.001000s ]
INFO: [ app_end ] --END-- [ RunTime:0.001000s ]

[ 2016-01-28T09:36:31+08:00 ] 127.0.0.1 /images/201509/source_img/1473_G_1443048078245.jpg_250x250.jpg
INFO: [ app_init ] --START--
INFO: Run Behavior\BuildLiteBehavior [ RunTime:0.000000s ]
INFO: [ app_init ] --END-- [ RunTime:0.000000s ]

[ 2016-01-28T09:36:33+08:00 ] 127.0.0.1 /index.php?m=Mobile&c=Flow&a=beforeDone
INFO: [ app_init ] --START--
INFO: Run Behavior\BuildLiteBehavior [ RunTime:0.001000s ]
INFO: [ app_init ] --END-- [ RunTime:0.001000s ]
INFO: [ app_begin ] --START--
INFO: Run Behavior\ReadHtmlCacheBehavior [ RunTime:0.001000s ]
INFO: [ app_begin ] --END-- [ RunTime:0.001000s ]
SQL: SHOW COLUMNS FROM `ztm_cart` [ RunTime:0.0020s ]
SQL: SHOW COLUMNS FROM `ztm_cart` [ RunTime:0.0020s ]
SQL: SELECT SUM(goods_number) AS count FROM `ztm_cart` WHERE `quick` = 'N' AND `user_id` = 19023 LIMIT 1   [ RunTime:0.0010s ]
SQL: SELECT * FROM `ztm_cart` WHERE `quick` = 'N' AND `selected` = 'Y' AND `user_id` = 19023 ORDER BY id desc  [ RunTime:0.0010s ]
SQL: SHOW COLUMNS FROM `ztm_goods` [ RunTime:0.0030s ]
SQL: SELECT `goods_thumb` FROM `ztm_goods` WHERE `id` = 1473 LIMIT 1   [ RunTime:0.0020s ]
NOTIC: [8] Undefined variable: unique F:\homes\webonline\Ztmvip\Mobile\Model\FlowModel.class.php 第 277 行.
SQL: SHOW COLUMNS FROM `ztm_user` [ RunTime:0.0010s ]
SQL: SHOW COLUMNS FROM `ztm_goods_express` [ RunTime:0.0010s ]
SQL: SELECT max(free_amount) AS free FROM `ztm_goods_express` WHERE `id` IN ('2') LIMIT 1   [ RunTime:0.0010s ]
SQL: SELECT `postage` FROM `ztm_goods_express` WHERE `free_amount` = '88.00' LIMIT 1   [ RunTime:0.0010s ]
INFO: [ view_parse ] --START--
INFO: [ template_filter ] --START--
INFO: Run Behavior\ContentReplaceBehavior [ RunTime:0.000000s ]
INFO: [ template_filter ] --END-- [ RunTime:0.000000s ]
INFO: Run Behavior\ParseTemplateBehavior [ RunTime:0.014001s ]
INFO: [ view_parse ] --END-- [ RunTime:0.014001s ]
INFO: [ view_filter ] --START--
INFO: Run Behavior\WriteHtmlCacheBehavior [ RunTime:0.001000s ]
INFO: [ view_filter ] --END-- [ RunTime:0.001000s ]

[ 2016-01-28T09:36:35+08:00 ] 127.0.0.1 /Flow/wxDone.html
INFO: [ app_init ] --START--
INFO: Run Behavior\BuildLiteBehavior [ RunTime:0.000000s ]
INFO: [ app_init ] --END-- [ RunTime:0.001000s ]
INFO: [ app_begin ] --START--
INFO: Run Behavior\ReadHtmlCacheBehavior [ RunTime:0.001000s ]
INFO: [ app_begin ] --END-- [ RunTime:0.001000s ]
SQL: SHOW COLUMNS FROM `ztm_cart` [ RunTime:0.0020s ]
SQL: SHOW COLUMNS FROM `ztm_cart` [ RunTime:0.0010s ]
SQL: SELECT SUM(goods_number) AS count FROM `ztm_cart` WHERE `quick` = 'N' AND `user_id` = 19023 LIMIT 1   [ RunTime:0.0000s ]
SQL: SHOW COLUMNS FROM `ztm_region` [ RunTime:0.0010s ]
SQL: SELECT * FROM `ztm_cart` WHERE `quick` = 'N' AND `selected` = 'Y' AND `user_id` = 19023 ORDER BY id desc  [ RunTime:0.0020s ]
SQL: SHOW COLUMNS FROM `ztm_goods` [ RunTime:0.0010s ]
SQL: SELECT `goods_thumb` FROM `ztm_goods` WHERE `id` = 1473 LIMIT 1   [ RunTime:0.0020s ]
NOTIC: [8] Undefined variable: unique F:\homes\webonline\Ztmvip\Mobile\Model\FlowModel.class.php 第 277 行.
SQL: SHOW COLUMNS FROM `ztm_user` [ RunTime:0.0020s ]
SQL: SHOW COLUMNS FROM `ztm_goods_express` [ RunTime:0.0010s ]
SQL: SELECT max(free_amount) AS free FROM `ztm_goods_express` WHERE `id` IN ('2') LIMIT 1   [ RunTime:0.0010s ]
SQL: SELECT `postage` FROM `ztm_goods_express` WHERE `free_amount` = '88.00' LIMIT 1   [ RunTime:0.0010s ]

[ 2016-01-28T09:37:24+08:00 ] 127.0.0.1 /Flow/wxDone.html
INFO: [ app_init ] --START--
INFO: Run Behavior\BuildLiteBehavior [ RunTime:0.000000s ]
INFO: [ app_init ] --END-- [ RunTime:0.000000s ]
INFO: [ app_begin ] --START--
INFO: Run Behavior\ReadHtmlCacheBehavior [ RunTime:0.000000s ]
INFO: [ app_begin ] --END-- [ RunTime:0.000000s ]
SQL: SHOW COLUMNS FROM `ztm_cart` [ RunTime:0.0020s ]
SQL: SHOW COLUMNS FROM `ztm_cart` [ RunTime:0.0020s ]
SQL: SELECT SUM(goods_number) AS count FROM `ztm_cart` WHERE `quick` = 'N' AND `user_id` = 19023 LIMIT 1   [ RunTime:0.0010s ]
SQL: SHOW COLUMNS FROM `ztm_region` [ RunTime:0.0010s ]
SQL: SELECT * FROM `ztm_cart` WHERE `quick` = 'N' AND `selected` = 'Y' AND `user_id` = 19023 ORDER BY id desc  [ RunTime:0.0020s ]
SQL: SHOW COLUMNS FROM `ztm_goods` [ RunTime:0.0010s ]
SQL: SELECT `goods_thumb` FROM `ztm_goods` WHERE `id` = 1473 LIMIT 1   [ RunTime:0.0010s ]
NOTIC: [8] Undefined variable: unique F:\homes\webonline\Ztmvip\Mobile\Model\FlowModel.class.php 第 277 行.
SQL: SHOW COLUMNS FROM `ztm_user` [ RunTime:0.0020s ]
SQL: SHOW COLUMNS FROM `ztm_goods_express` [ RunTime:0.0010s ]
SQL: SELECT max(free_amount) AS free FROM `ztm_goods_express` WHERE `id` IN ('2') LIMIT 1   [ RunTime:0.0000s ]
SQL: SELECT `postage` FROM `ztm_goods_express` WHERE `free_amount` = '88.00' LIMIT 1   [ RunTime:0.0010s ]
SQL: SHOW COLUMNS FROM `ztm_order` [ RunTime:0.0020s ]
SQL: INSERT INTO `ztm_order` (`user_id`,`parent_id`,`shipping_state`,`goods_fee`,`shipping_fee`,`date_add`,`order_sn`,`affiliate_user`,`order_state`,`payment_state`,`date_confirm`,`date_pay`) VALUES ('19023','0','new','71.8','8.00','1453945042','2016012801669','0','new','new','0','0') [ RunTime:0.0520s ]
SQL: SHOW COLUMNS FROM `ztm_order_extend` [ RunTime:0.0020s ]
SQL: INSERT INTO `ztm_order_extend` (`order_id`,`bonus_id`,`bonus_amount`,`coupon_id`,`coupon_amount`,`integral`,`integral_amount`,`consignee`,`country`,`province`,`city`,`district`,`address`,`mobile`) VALUES ('20492','0','0','0','0','0','0','山步敏','中国','江苏','连云港','赣榆县','殷庄中学','18012160012') [ RunTime:0.0560s ]
SQL: INSERT INTO ztm_order_goods(order_id,goods_id,goods_name,goods_number,goods_price,skus,buy_flag) SELECT '20492',goods_id,goods_name,goods_number,goods_price,goods_attr,buy_flag FROM ztm_cart WHERE user_id='19023' AND selected='Y' AND quick='N'  [ RunTime:0.0580s ]
SQL: SHOW COLUMNS FROM `ztm_cart` [ RunTime:0.0020s ]
SQL: DELETE FROM `ztm_cart` WHERE `user_id` = 19023 AND `selected` = 'Y' AND `quick` = 'N' [ RunTime:0.0010s ]
SQL: SELECT SUM(goods_number) AS count FROM `ztm_cart` WHERE `quick` = 'N' AND `user_id` = 19023 LIMIT 1   [ RunTime:0.0010s ]
NOTIC: [8] Constant CART_KEY already defined F:\homes\webonline\Ztmvip\Mobile\Controller\BaseController.class.php 第 74 行.
SQL: SELECT SUM(goods_number) AS count FROM `ztm_cart` WHERE `quick` = 'N' AND `user_id` = 19023 LIMIT 1   [ RunTime:0.0010s ]
INFO: [ view_parse ] --START--
INFO: [ template_filter ] --START--
INFO: Run Behavior\ContentReplaceBehavior [ RunTime:0.000000s ]
INFO: [ template_filter ] --END-- [ RunTime:0.000000s ]
INFO: Run Behavior\ParseTemplateBehavior [ RunTime:0.018001s ]
INFO: [ view_parse ] --END-- [ RunTime:0.018001s ]
INFO: [ view_filter ] --START--
INFO: Run Behavior\WriteHtmlCacheBehavior [ RunTime:0.002001s ]
INFO: [ view_filter ] --END-- [ RunTime:0.002001s ]
INFO: [ app_end ] --START--
INFO: Run Behavior\ShowPageTraceBehavior [ RunTime:0.002000s ]
INFO: [ app_end ] --END-- [ RunTime:0.002000s ]

[ 2016-01-28T09:37:33+08:00 ] 127.0.0.1 /Flow/wxDone.html
INFO: [ app_init ] --START--
INFO: Run Behavior\BuildLiteBehavior [ RunTime:0.000000s ]
INFO: [ app_init ] --END-- [ RunTime:0.001000s ]
INFO: [ app_begin ] --START--
INFO: Run Behavior\ReadHtmlCacheBehavior [ RunTime:0.001000s ]
INFO: [ app_begin ] --END-- [ RunTime:0.001000s ]
SQL: SHOW COLUMNS FROM `ztm_cart` [ RunTime:0.0020s ]
SQL: SHOW COLUMNS FROM `ztm_cart` [ RunTime:0.0010s ]
SQL: SELECT SUM(goods_number) AS count FROM `ztm_cart` WHERE `quick` = 'N' AND `user_id` = 19023 LIMIT 1   [ RunTime:0.0010s ]
SQL: SHOW COLUMNS FROM `ztm_region` [ RunTime:0.0010s ]
SQL: SHOW COLUMNS FROM `ztm_user_address` [ RunTime:0.0020s ]
SQL: SELECT id AS address_id,`consignee`,`mobile`,`province`,`city`,`district`,`address` FROM `ztm_user_address` WHERE `user_id` = 19023 AND `is_default` = 'Y' LIMIT 1   [ RunTime:0.0010s ]
SQL: SELECT * FROM `ztm_cart` WHERE `quick` = 'N' AND `selected` = 'Y' AND `user_id` = 19023 ORDER BY id desc  [ RunTime:0.0020s ]
NOTIC: [8] Undefined offset: 0 F:\homes\webonline\Ztmvip\Mobile\Controller\FlowController.class.php 第 962 行.

[ 2016-01-28T09:39:05+08:00 ] 127.0.0.1 /favicon.ico
INFO: [ app_init ] --START--
INFO: Run Behavior\BuildLiteBehavior [ RunTime:0.000000s ]
INFO: [ app_init ] --END-- [ RunTime:0.001000s ]

[ 2016-01-28T09:39:05+08:00 ] 127.0.0.1 /
INFO: [ app_init ] --START--
INFO: Run Behavior\BuildLiteBehavior [ RunTime:0.000000s ]
INFO: [ app_init ] --END-- [ RunTime:0.001000s ]
INFO: [ app_begin ] --START--
INFO: Run Behavior\ReadHtmlCacheBehavior [ RunTime:0.000000s ]
INFO: [ app_begin ] --END-- [ RunTime:0.000000s ]
SQL: SHOW COLUMNS FROM `ztm_cart` [ RunTime:0.0020s ]
SQL: SHOW COLUMNS FROM `ztm_cart` [ RunTime:0.0010s ]
SQL: SELECT SUM(goods_number) AS count FROM `ztm_cart` WHERE `quick` = 'N' AND `user_id` = 19023 LIMIT 1   [ RunTime:0.0010s ]
SQL: SHOW COLUMNS FROM `ztm_advert` [ RunTime:0.0020s ]
SQL: SELECT * FROM `ztm_advert` WHERE `topic` = 'indexBanner' AND `disabled` = 'N' ORDER BY rank desc LIMIT 0,10000   [ RunTime:0.0010s ]
SQL: SHOW COLUMNS FROM `ztm_goods` [ RunTime:0.0020s ]
SQL: SELECT g.goods_name,g.market_price,g.shop_price,sg.goods_id,g.goods_thumb,sg.kill_price,sg.goods_number,sg.kill_start,sg.kill_end FROM ztm_seckill_goods AS sg LEFT JOIN ztm_goods AS g ON sg.goods_id=g.id WHERE sg.on_sale='Y' AND sg.disabled='N' AND sg.kill_start=1453910400 AND sg.kill_end=1453996800 ORDER BY sg.rank DESC LIMIT 0,3 [ RunTime:0.0010s ]
SQL: SELECT * FROM `ztm_advert` WHERE `topic` = 'indexFashion' AND `disabled` = 'N' ORDER BY rank desc LIMIT 0,9   [ RunTime:0.0010s ]
INFO: [ view_parse ] --START--
INFO: [ template_filter ] --START--
INFO: Run Behavior\ContentReplaceBehavior [ RunTime:0.001000s ]
INFO: [ template_filter ] --END-- [ RunTime:0.001000s ]
INFO: Run Behavior\ParseTemplateBehavior [ RunTime:0.012001s ]
INFO: [ view_parse ] --END-- [ RunTime:0.012001s ]
INFO: [ view_filter ] --START--
INFO: Run Behavior\WriteHtmlCacheBehavior [ RunTime:0.000000s ]
INFO: [ view_filter ] --END-- [ RunTime:0.000000s ]
INFO: [ app_end ] --START--
INFO: Run Behavior\ShowPageTraceBehavior [ RunTime:0.001000s ]
INFO: [ app_end ] --END-- [ RunTime:0.001000s ]

[ 2016-01-28T09:39:05+08:00 ] 127.0.0.1 /Uploads/20151215/566fbff15b94c.jpg
INFO: [ app_init ] --START--
INFO: Run Behavior\BuildLiteBehavior [ RunTime:0.000000s ]
INFO: [ app_init ] --END-- [ RunTime:0.000000s ]

[ 2016-01-28T09:39:05+08:00 ] 127.0.0.1 /Uploads/20151216/5671118e51d60.jpg
INFO: [ app_init ] --START--
INFO: Run Behavior\BuildLiteBehavior [ RunTime:0.000000s ]
INFO: [ app_init ] --END-- [ RunTime:0.001000s ]

[ 2016-01-28T09:39:05+08:00 ] 127.0.0.1 /Uploads/20151215/566fd06f1fb82.jpg
INFO: [ app_init ] --START--
INFO: Run Behavior\BuildLiteBehavior [ RunTime:0.000000s ]
INFO: [ app_init ] --END-- [ RunTime:0.000000s ]

[ 2016-01-28T09:39:05+08:00 ] 127.0.0.1 /Uploads/20151216/567111719f5ef.jpg
INFO: [ app_init ] --START--
INFO: Run Behavior\BuildLiteBehavior [ RunTime:0.000000s ]
INFO: [ app_init ] --END-- [ RunTime:0.001000s ]

[ 2016-01-28T09:39:05+08:00 ] 127.0.0.1 /Uploads/20151215/566fd0895d1e1.jpg
INFO: [ app_init ] --START--
INFO: Run Behavior\BuildLiteBehavior [ RunTime:0.000000s ]
INFO: [ app_init ] --END-- [ RunTime:0.000000s ]

[ 2016-01-28T09:39:05+08:00 ] 127.0.0.1 /Uploads/20151215/566fbfd9e81c0.jpg
INFO: [ app_init ] --START--
INFO: Run Behavior\BuildLiteBehavior [ RunTime:0.000000s ]
INFO: [ app_init ] --END-- [ RunTime:0.000000s ]

[ 2016-01-28T09:39:05+08:00 ] 127.0.0.1 /Uploads/20151214/566e8e50221b5.jpg
INFO: [ app_init ] --START--
INFO: Run Behavior\BuildLiteBehavior [ RunTime:0.000000s ]
INFO: [ app_init ] --END-- [ RunTime:0.001000s ]

[ 2016-01-28T09:39:05+08:00 ] 127.0.0.1 /Uploads/20151214/566e8e3607c33.jpg
INFO: [ app_init ] --START--
INFO: Run Behavior\BuildLiteBehavior [ RunTime:0.000000s ]
INFO: [ app_init ] --END-- [ RunTime:0.000000s ]

[ 2016-01-28T09:39:05+08:00 ] 127.0.0.1 /Uploads/20160105/568b3de239e6f.jpg
INFO: [ app_init ] --START--
INFO: Run Behavior\BuildLiteBehavior [ RunTime:0.000000s ]
INFO: [ app_init ] --END-- [ RunTime:0.001000s ]

[ 2016-01-28T09:39:05+08:00 ] 127.0.0.1 /Uploads/20160127/56a86f40acdb7.jpg
INFO: [ app_init ] --START--
INFO: Run Behavior\BuildLiteBehavior [ RunTime:0.000000s ]
INFO: [ app_init ] --END-- [ RunTime:0.000000s ]

[ 2016-01-28T09:39:05+08:00 ] 127.0.0.1 /Uploads/20160127/56a86f40acdb7.jpg
INFO: [ app_init ] --START--
INFO: Run Behavior\BuildLiteBehavior [ RunTime:0.000000s ]
INFO: [ app_init ] --END-- [ RunTime:0.000000s ]

[ 2016-01-28T09:39:05+08:00 ] 127.0.0.1 /Uploads/20160127/56a86f40acdb7.jpg
INFO: [ app_init ] --START--
INFO: Run Behavior\BuildLiteBehavior [ RunTime:0.000000s ]
INFO: [ app_init ] --END-- [ RunTime:0.000000s ]

[ 2016-01-28T09:39:07+08:00 ] 127.0.0.1 /User/index.html
INFO: [ app_init ] --START--
INFO: Run Behavior\BuildLiteBehavior [ RunTime:0.000000s ]
INFO: [ app_init ] --END-- [ RunTime:0.001000s ]
INFO: [ app_begin ] --START--
INFO: Run Behavior\ReadHtmlCacheBehavior [ RunTime:0.001000s ]
INFO: [ app_begin ] --END-- [ RunTime:0.001000s ]
SQL: SHOW COLUMNS FROM `ztm_cart` [ RunTime:0.0020s ]
SQL: SHOW COLUMNS FROM `ztm_cart` [ RunTime:0.0020s ]
SQL: SELECT SUM(goods_number) AS count FROM `ztm_cart` WHERE `quick` = 'N' AND `user_id` = 19023 LIMIT 1   [ RunTime:0.0010s ]
SQL: SHOW COLUMNS FROM `ztm_user` [ RunTime:0.0020s ]
SQL: SELECT u.user_name,u.parent_id,u.user_money,u.frozen_money,u.integral,u.mobile, wu.nick_name,wu.avatar FROM ztm_user AS u LEFT JOIN ztm_wechat_user AS wu ON u.id=wu.user_id WHERE u.id=19023 [ RunTime:0.0010s ]
NOTIC: [8] Use of undefined constant parent_id - assumed 'parent_id' F:\homes\webonline\Ztmvip\Mobile\Model\UserModel.class.php 第 28 行.
SQL: SELECT u.user_name,wu.nick_name FROM ztm_user AS u LEFT JOIN ztm_wechat_user AS wu ON u.id=wu.user_id WHERE
        u.id=94 [ RunTime:0.0010s ]
SQL: SHOW COLUMNS FROM `ztm_account_log` [ RunTime:0.0020s ]
SQL: SELECT SUM(user_money)+SUM(frozen_money) AS money FROM `ztm_account_log` WHERE `user_id` = 19023 LIMIT 1   [ RunTime:0.0000s ]
SQL: SHOW COLUMNS FROM `ztm_user_account_log` [ RunTime:0.0010s ]
SQL: SELECT SUM(amount) AS tp_sum FROM `ztm_user_account_log` WHERE `source_type` = 'money' AND `change_type` = 'withdraw' AND `date_pay` = 0 AND `user_id` = 19023 LIMIT 1   [ RunTime:0.0010s ]
SQL: SHOW COLUMNS FROM `ztm_order` [ RunTime:0.0020s ]
SQL: SELECT COUNT(*) AS tp_count FROM `ztm_order` WHERE `user_id` = 19023 AND `order_state` = 'new' AND `payment_state` IN ('new','paying') AND `shipping_state` = 'new' LIMIT 1   [ RunTime:0.0010s ]
SQL: SELECT COUNT(*) AS tp_count FROM `ztm_order` WHERE `user_id` = 19023 AND `order_state` = 'confirm' AND `payment_state` = 'payed' AND `shipping_state` = 'new' LIMIT 1   [ RunTime:0.0020s ]
SQL: SELECT COUNT(*) AS tp_count FROM `ztm_order` WHERE `user_id` = 19023 AND `order_state` = 'confirm' AND `payment_state` = 'payed' AND `shipping_state` = 'send' LIMIT 1   [ RunTime:0.0010s ]
SQL: SELECT COUNT(*) AS tp_count FROM `ztm_order` WHERE `user_id` = 19023 AND `order_state` = 'confirm' AND `shipping_state` = 'receive' LIMIT 1   [ RunTime:0.0020s ]
SQL: SELECT COUNT(*) AS tp_count FROM `ztm_order` WHERE `user_id` = 19023 AND `order_state` IN ('refund','refunded','finish') LIMIT 1   [ RunTime:0.0010s ]
INFO: [ view_parse ] --START--
INFO: [ template_filter ] --START--
INFO: Run Behavior\ContentReplaceBehavior [ RunTime:0.000000s ]
INFO: [ template_filter ] --END-- [ RunTime:0.000000s ]
INFO: Run Behavior\ParseTemplateBehavior [ RunTime:0.008001s ]
INFO: [ view_parse ] --END-- [ RunTime:0.008001s ]
INFO: [ view_filter ] --START--
INFO: Run Behavior\WriteHtmlCacheBehavior [ RunTime:0.001000s ]
INFO: [ view_filter ] --END-- [ RunTime:0.001000s ]
INFO: [ app_end ] --START--
INFO: Run Behavior\ShowPageTraceBehavior [ RunTime:0.000000s ]
INFO: [ app_end ] --END-- [ RunTime:0.000000s ]

[ 2016-01-28T09:39:09+08:00 ] 127.0.0.1 /User/order/state/new.html
INFO: [ app_init ] --START--
INFO: Run Behavior\BuildLiteBehavior [ RunTime:0.000000s ]
INFO: [ app_init ] --END-- [ RunTime:0.000000s ]
INFO: [ app_begin ] --START--
INFO: Run Behavior\ReadHtmlCacheBehavior [ RunTime:0.001000s ]
INFO: [ app_begin ] --END-- [ RunTime:0.001000s ]
SQL: SHOW COLUMNS FROM `ztm_cart` [ RunTime:0.0020s ]
SQL: SHOW COLUMNS FROM `ztm_cart` [ RunTime:0.0010s ]
SQL: SELECT SUM(goods_number) AS count FROM `ztm_cart` WHERE `quick` = 'N' AND `user_id` = 19023 LIMIT 1   [ RunTime:0.0000s ]
SQL: SHOW COLUMNS FROM `ztm_user` [ RunTime:0.0020s ]
SQL: SHOW COLUMNS FROM `ztm_order` [ RunTime:0.0020s ]
SQL: SELECT `id`,`order_sn`,`order_state`,`payment_state`,`shipping_state`,`date_pay` FROM `ztm_order` WHERE `user_id` = 19023 AND `order_state` = 'new' AND `payment_state` IN ('new','paying') AND `shipping_state` = 'new' ORDER BY id DESC  [ RunTime:0.0010s ]
SQL: SHOW COLUMNS FROM `ztm_order_goods` [ RunTime:0.0010s ]
SQL: SELECT og.goods_id,og.goods_number,og.goods_price,og.skus,og.different,g.goods_name,g.goods_thumb,g.on_sale FROM ztm_order_goods og INNER JOIN ztm_goods AS g ON g.id=og.goods_id  WHERE og.order_id = '20492'  [ RunTime:0.0020s ]
SQL: SELECT og.goods_id,og.goods_number,og.goods_price,og.skus,og.different,g.goods_name,g.goods_thumb,g.on_sale FROM ztm_order_goods og INNER JOIN ztm_goods AS g ON g.id=og.goods_id  WHERE og.order_id = '20491'  [ RunTime:0.0010s ]
SQL: SELECT og.goods_id,og.goods_number,og.goods_price,og.skus,og.different,g.goods_name,g.goods_thumb,g.on_sale FROM ztm_order_goods og INNER JOIN ztm_goods AS g ON g.id=og.goods_id  WHERE og.order_id = '20490'  [ RunTime:0.0020s ]
SQL: SELECT og.goods_id,og.goods_number,og.goods_price,og.skus,og.different,g.goods_name,g.goods_thumb,g.on_sale FROM ztm_order_goods og INNER JOIN ztm_goods AS g ON g.id=og.goods_id  WHERE og.order_id = '20489'  [ RunTime:0.0010s ]
SQL: SELECT og.goods_id,og.goods_number,og.goods_price,og.skus,og.different,g.goods_name,g.goods_thumb,g.on_sale FROM ztm_order_goods og INNER JOIN ztm_goods AS g ON g.id=og.goods_id  WHERE og.order_id = '20488'  [ RunTime:0.0020s ]
SQL: SELECT og.goods_id,og.goods_number,og.goods_price,og.skus,og.different,g.goods_name,g.goods_thumb,g.on_sale FROM ztm_order_goods og INNER JOIN ztm_goods AS g ON g.id=og.goods_id  WHERE og.order_id = '20487'  [ RunTime:0.0010s ]
SQL: SELECT og.goods_id,og.goods_number,og.goods_price,og.skus,og.different,g.goods_name,g.goods_thumb,g.on_sale FROM ztm_order_goods og INNER JOIN ztm_goods AS g ON g.id=og.goods_id  WHERE og.order_id = '20486'  [ RunTime:0.0020s ]
SQL: SELECT og.goods_id,og.goods_number,og.goods_price,og.skus,og.different,g.goods_name,g.goods_thumb,g.on_sale FROM ztm_order_goods og INNER JOIN ztm_goods AS g ON g.id=og.goods_id  WHERE og.order_id = '20485'  [ RunTime:0.0010s ]
SQL: SELECT og.goods_id,og.goods_number,og.goods_price,og.skus,og.different,g.goods_name,g.goods_thumb,g.on_sale FROM ztm_order_goods og INNER JOIN ztm_goods AS g ON g.id=og.goods_id  WHERE og.order_id = '20440'  [ RunTime:0.0020s ]
INFO: [ view_parse ] --START--
INFO: [ template_filter ] --START--
INFO: Run Behavior\ContentReplaceBehavior [ RunTime:0.000000s ]
INFO: [ template_filter ] --END-- [ RunTime:0.000000s ]
NOTIC: [2] Invalid argument supplied for foreach() F:\homes\webonline\Ztmvip\Runtime\Cache\Mobile\b8c92581d1edc8572b83923f586be14c.php 第 76 行.
NOTIC: [2] Invalid argument supplied for foreach() F:\homes\webonline\Ztmvip\Runtime\Cache\Mobile\b8c92581d1edc8572b83923f586be14c.php 第 76 行.
NOTIC: [2] Invalid argument supplied for foreach() F:\homes\webonline\Ztmvip\Runtime\Cache\Mobile\b8c92581d1edc8572b83923f586be14c.php 第 76 行.
INFO: Run Behavior\ParseTemplateBehavior [ RunTime:0.029002s ]
INFO: [ view_parse ] --END-- [ RunTime:0.029002s ]
INFO: [ view_filter ] --START--
INFO: Run Behavior\WriteHtmlCacheBehavior [ RunTime:0.000000s ]
INFO: [ view_filter ] --END-- [ RunTime:0.000000s ]
INFO: [ app_end ] --START--
INFO: Run Behavior\ShowPageTraceBehavior [ RunTime:0.001000s ]
INFO: [ app_end ] --END-- [ RunTime:0.001000s ]

[ 2016-01-28T09:39:09+08:00 ] 127.0.0.1 /images/201509/source_img/1473_G_1443048078245.jpg_250x250.jpg
INFO: [ app_init ] --START--
INFO: Run Behavior\BuildLiteBehavior [ RunTime:0.000000s ]
INFO: [ app_init ] --END-- [ RunTime:0.001000s ]

[ 2016-01-28T09:39:09+08:00 ] 127.0.0.1 /Uploads/20151217/56727e67a992b.jpg_250x250.jpg
INFO: [ app_init ] --START--
INFO: Run Behavior\BuildLiteBehavior [ RunTime:0.000000s ]
INFO: [ app_init ] --END-- [ RunTime:0.000000s ]

[ 2016-01-28T09:39:09+08:00 ] 127.0.0.1 /Uploads/20151211/566a8a8ae2519.jpg_250x250.jpg
INFO: [ app_init ] --START--
INFO: Run Behavior\BuildLiteBehavior [ RunTime:0.000000s ]
INFO: [ app_init ] --END-- [ RunTime:0.001000s ]

[ 2016-01-28T09:39:09+08:00 ] 127.0.0.1 /Uploads/20160122/56a1f52ef00b9.jpg_250x250.jpg
INFO: [ app_init ] --START--
INFO: Run Behavior\BuildLiteBehavior [ RunTime:0.000000s ]
INFO: [ app_init ] --END-- [ RunTime:0.000000s ]

[ 2016-01-28T09:39:09+08:00 ] 127.0.0.1 /Uploads/20151229/5682486ce284b.jpg_250x250.jpg
INFO: [ app_init ] --START--
INFO: Run Behavior\BuildLiteBehavior [ RunTime:0.000000s ]
INFO: [ app_init ] --END-- [ RunTime:0.001000s ]

[ 2016-01-28T09:39:09+08:00 ] 127.0.0.1 /User/order.html
INFO: [ app_init ] --START--
INFO: Run Behavior\BuildLiteBehavior [ RunTime:0.000000s ]
INFO: [ app_init ] --END-- [ RunTime:0.000000s ]
INFO: [ app_begin ] --START--
INFO: Run Behavior\ReadHtmlCacheBehavior [ RunTime:0.001000s ]
INFO: [ app_begin ] --END-- [ RunTime:0.001000s ]
SQL: SHOW COLUMNS FROM `ztm_cart` [ RunTime:0.0020s ]
SQL: SHOW COLUMNS FROM `ztm_cart` [ RunTime:0.0020s ]
SQL: SELECT SUM(goods_number) AS count FROM `ztm_cart` WHERE `quick` = 'N' AND `user_id` = 19023 LIMIT 1   [ RunTime:0.0020s ]
SQL: SHOW COLUMNS FROM `ztm_user` [ RunTime:0.0020s ]
SQL: SHOW COLUMNS FROM `ztm_order` [ RunTime:0.0020s ]
SQL: SELECT `id`,`order_sn`,`order_state`,`payment_state`,`shipping_state`,`date_pay` FROM `ztm_order` WHERE `user_id` = 19023 AND `order_state` = 'new' AND `payment_state` IN ('new','paying') AND `shipping_state` = 'new' ORDER BY id DESC  [ RunTime:0.0010s ]
SQL: SHOW COLUMNS FROM `ztm_order_goods` [ RunTime:0.0020s ]
SQL: SELECT og.goods_id,og.goods_number,og.goods_price,og.skus,og.different,g.goods_name,g.goods_thumb,g.on_sale FROM ztm_order_goods og INNER JOIN ztm_goods AS g ON g.id=og.goods_id  WHERE og.order_id = '20492'  [ RunTime:0.0010s ]
SQL: SELECT og.goods_id,og.goods_number,og.goods_price,og.skus,og.different,g.goods_name,g.goods_thumb,g.on_sale FROM ztm_order_goods og INNER JOIN ztm_goods AS g ON g.id=og.goods_id  WHERE og.order_id = '20491'  [ RunTime:0.0010s ]
SQL: SELECT og.goods_id,og.goods_number,og.goods_price,og.skus,og.different,g.goods_name,g.goods_thumb,g.on_sale FROM ztm_order_goods og INNER JOIN ztm_goods AS g ON g.id=og.goods_id  WHERE og.order_id = '20490'  [ RunTime:0.0010s ]
SQL: SELECT og.goods_id,og.goods_number,og.goods_price,og.skus,og.different,g.goods_name,g.goods_thumb,g.on_sale FROM ztm_order_goods og INNER JOIN ztm_goods AS g ON g.id=og.goods_id  WHERE og.order_id = '20489'  [ RunTime:0.0000s ]
SQL: SELECT og.goods_id,og.goods_number,og.goods_price,og.skus,og.different,g.goods_name,g.goods_thumb,g.on_sale FROM ztm_order_goods og INNER JOIN ztm_goods AS g ON g.id=og.goods_id  WHERE og.order_id = '20488'  [ RunTime:0.0000s ]
SQL: SELECT og.goods_id,og.goods_number,og.goods_price,og.skus,og.different,g.goods_name,g.goods_thumb,g.on_sale FROM ztm_order_goods og INNER JOIN ztm_goods AS g ON g.id=og.goods_id  WHERE og.order_id = '20487'  [ RunTime:0.0010s ]
SQL: SELECT og.goods_id,og.goods_number,og.goods_price,og.skus,og.different,g.goods_name,g.goods_thumb,g.on_sale FROM ztm_order_goods og INNER JOIN ztm_goods AS g ON g.id=og.goods_id  WHERE og.order_id = '20486'  [ RunTime:0.0010s ]
SQL: SELECT og.goods_id,og.goods_number,og.goods_price,og.skus,og.different,g.goods_name,g.goods_thumb,g.on_sale FROM ztm_order_goods og INNER JOIN ztm_goods AS g ON g.id=og.goods_id  WHERE og.order_id = '20485'  [ RunTime:0.0000s ]
SQL: SELECT og.goods_id,og.goods_number,og.goods_price,og.skus,og.different,g.goods_name,g.goods_thumb,g.on_sale FROM ztm_order_goods og INNER JOIN ztm_goods AS g ON g.id=og.goods_id  WHERE og.order_id = '20440'  [ RunTime:0.0000s ]

[ 2016-01-28T09:54:29+08:00 ] 127.0.0.1 /favicon.ico
INFO: [ app_init ] --START--
INFO: Run Behavior\BuildLiteBehavior [ RunTime:0.001000s ]
INFO: [ app_init ] --END-- [ RunTime:0.001000s ]

