[ 2016-01-07T12:00:54+08:00 ] 127.0.0.1 /
INFO: [ app_init ] --START--
INFO: Run Behavior\BuildLiteBehavior [ RunTime:0.000000s ]
INFO: [ app_init ] --END-- [ RunTime:0.001000s ]
INFO: [ app_begin ] --START--
INFO: Run Behavior\ReadHtmlCacheBehavior [ RunTime:0.001000s ]
INFO: [ app_begin ] --END-- [ RunTime:0.001000s ]
SQL: SHOW COLUMNS FROM `ztm_cart` [ RunTime:0.0020s ]
SQL: SHOW COLUMNS FROM `ztm_cart` [ RunTime:0.0020s ]
SQL: SELECT SUM(goods_number) AS count FROM `ztm_cart` WHERE `cart_key` = '25ec53935b7a14cc2d69465da96c39a1' LIMIT 1   [ RunTime:0.0010s ]
SQL: SHOW COLUMNS FROM `ztm_advert` [ RunTime:0.0010s ]
SQL: SELECT * FROM `ztm_advert` WHERE `topic` = 'indexBanner' AND `disabled` = 'N' ORDER BY rank desc LIMIT 0,10000   [ RunTime:0.0010s ]
SQL: SHOW COLUMNS FROM `ztm_goods` [ RunTime:0.0020s ]
SQL: SELECT g.goods_name,g.market_price,g.shop_price,sg.goods_id,g.goods_thumb,sg.kill_price,sg.goods_number,sg.kill_start,sg.kill_end FROM ztm_seckill_goods AS sg LEFT JOIN ztm_goods AS g ON sg.goods_id=g.id WHERE sg.on_sale='Y' AND sg.disabled='N' AND sg.kill_start=1452096000 AND sg.kill_end=1452182400 ORDER BY sg.rank DESC LIMIT 0,3 [ RunTime:0.0010s ]
SQL: SELECT * FROM `ztm_advert` WHERE `topic` = 'indexFashion' AND `disabled` = 'N' ORDER BY rank desc LIMIT 0,9   [ RunTime:0.0020s ]
INFO: [ view_parse ] --START--
INFO: [ template_filter ] --START--
INFO: Run Behavior\ContentReplaceBehavior [ RunTime:0.000000s ]
INFO: [ template_filter ] --END-- [ RunTime:0.000000s ]
INFO: Run Behavior\ParseTemplateBehavior [ RunTime:0.040003s ]
INFO: [ view_parse ] --END-- [ RunTime:0.040003s ]
INFO: [ view_filter ] --START--
INFO: Run Behavior\WriteHtmlCacheBehavior [ RunTime:0.000000s ]
INFO: [ view_filter ] --END-- [ RunTime:0.000000s ]
INFO: [ app_end ] --START--
INFO: Run Behavior\ShowPageTraceBehavior [ RunTime:0.001000s ]
INFO: [ app_end ] --END-- [ RunTime:0.001000s ]

[ 2016-01-07T12:00:54+08:00 ] 127.0.0.1 /Uploads/20160105/568b3de239e6f.jpg
INFO: [ app_init ] --START--
INFO: Run Behavior\BuildLiteBehavior [ RunTime:0.000000s ]
INFO: [ app_init ] --END-- [ RunTime:0.001000s ]

[ 2016-01-07T12:00:54+08:00 ] 127.0.0.1 /Uploads/20151215/566fbff15b94c.jpg
INFO: [ app_init ] --START--
INFO: Run Behavior\BuildLiteBehavior [ RunTime:0.000000s ]
INFO: [ app_init ] --END-- [ RunTime:0.000000s ]

[ 2016-01-07T12:00:54+08:00 ] 127.0.0.1 /Uploads/20151216/5671118e51d60.jpg
INFO: [ app_init ] --START--
INFO: Run Behavior\BuildLiteBehavior [ RunTime:0.000000s ]
INFO: [ app_init ] --END-- [ RunTime:0.000000s ]

[ 2016-01-07T12:00:54+08:00 ] 127.0.0.1 /Uploads/20151215/566fd06f1fb82.jpg
INFO: [ app_init ] --START--
INFO: Run Behavior\BuildLiteBehavior [ RunTime:0.000000s ]
INFO: [ app_init ] --END-- [ RunTime:0.000000s ]

[ 2016-01-07T12:00:54+08:00 ] 127.0.0.1 /Uploads/20151216/567111719f5ef.jpg
INFO: [ app_init ] --START--
INFO: Run Behavior\BuildLiteBehavior [ RunTime:0.000000s ]
INFO: [ app_init ] --END-- [ RunTime:0.000000s ]

[ 2016-01-07T12:00:54+08:00 ] 127.0.0.1 /Uploads/20151215/566fd0895d1e1.jpg
INFO: [ app_init ] --START--
INFO: Run Behavior\BuildLiteBehavior [ RunTime:0.000000s ]
INFO: [ app_init ] --END-- [ RunTime:0.000000s ]

[ 2016-01-07T12:00:54+08:00 ] 127.0.0.1 /Uploads/20151214/566e8e3607c33.jpg
INFO: [ app_init ] --START--
INFO: Run Behavior\BuildLiteBehavior [ RunTime:0.000000s ]
INFO: [ app_init ] --END-- [ RunTime:0.001000s ]

[ 2016-01-07T12:00:54+08:00 ] 127.0.0.1 /Uploads/20151214/566e8e50221b5.jpg
INFO: [ app_init ] --START--
INFO: Run Behavior\BuildLiteBehavior [ RunTime:0.000000s ]
INFO: [ app_init ] --END-- [ RunTime:0.000000s ]

[ 2016-01-07T12:00:54+08:00 ] 127.0.0.1 /Uploads/20151215/566fbfd9e81c0.jpg
INFO: [ app_init ] --START--
INFO: Run Behavior\BuildLiteBehavior [ RunTime:0.000000s ]
INFO: [ app_init ] --END-- [ RunTime:0.001000s ]

[ 2016-01-07T12:00:54+08:00 ] 127.0.0.1 /Uploads/20151215/566fbff15b94c.jpg
INFO: [ app_init ] --START--
INFO: Run Behavior\BuildLiteBehavior [ RunTime:0.000000s ]
INFO: [ app_init ] --END-- [ RunTime:0.000000s ]

[ 2016-01-07T12:00:54+08:00 ] 127.0.0.1 /Uploads/20151216/567111719f5ef.jpg
INFO: [ app_init ] --START--
INFO: Run Behavior\BuildLiteBehavior [ RunTime:0.000000s ]
INFO: [ app_init ] --END-- [ RunTime:0.000000s ]

[ 2016-01-07T12:00:54+08:00 ] 127.0.0.1 /Uploads/20151216/5671118e51d60.jpg
INFO: [ app_init ] --START--
INFO: Run Behavior\BuildLiteBehavior [ RunTime:0.000000s ]
INFO: [ app_init ] --END-- [ RunTime:0.000000s ]

[ 2016-01-07T12:00:54+08:00 ] 127.0.0.1 /Uploads/20160105/568b3de239e6f.jpg
INFO: [ app_init ] --START--
INFO: Run Behavior\BuildLiteBehavior [ RunTime:0.000000s ]
INFO: [ app_init ] --END-- [ RunTime:0.001000s ]

[ 2016-01-07T12:00:54+08:00 ] 127.0.0.1 /Uploads/20151214/566e8e50221b5.jpg
INFO: [ app_init ] --START--
INFO: Run Behavior\BuildLiteBehavior [ RunTime:0.000000s ]
INFO: [ app_init ] --END-- [ RunTime:0.001000s ]

[ 2016-01-07T12:00:54+08:00 ] 127.0.0.1 /Uploads/20151215/566fbfd9e81c0.jpg
INFO: [ app_init ] --START--
INFO: Run Behavior\BuildLiteBehavior [ RunTime:0.000000s ]
INFO: [ app_init ] --END-- [ RunTime:0.000000s ]

[ 2016-01-07T12:00:54+08:00 ] 127.0.0.1 /Uploads/20151214/566e8e3607c33.jpg
INFO: [ app_init ] --START--
INFO: Run Behavior\BuildLiteBehavior [ RunTime:0.000000s ]
INFO: [ app_init ] --END-- [ RunTime:0.001001s ]

[ 2016-01-07T12:00:54+08:00 ] 127.0.0.1 /Uploads/20151215/566fd0895d1e1.jpg
INFO: [ app_init ] --START--
INFO: Run Behavior\BuildLiteBehavior [ RunTime:0.000000s ]
INFO: [ app_init ] --END-- [ RunTime:0.001000s ]

[ 2016-01-07T12:00:54+08:00 ] 127.0.0.1 /Uploads/20151215/566fd06f1fb82.jpg
INFO: [ app_init ] --START--
INFO: Run Behavior\BuildLiteBehavior [ RunTime:0.000000s ]
INFO: [ app_init ] --END-- [ RunTime:0.000000s ]

[ 2016-01-07T12:00:54+08:00 ] 127.0.0.1 /Uploads/20151225/567cfc2fe6bfb.jpg
INFO: [ app_init ] --START--
INFO: Run Behavior\BuildLiteBehavior [ RunTime:0.000000s ]
INFO: [ app_init ] --END-- [ RunTime:0.001000s ]

[ 2016-01-07T12:00:54+08:00 ] 127.0.0.1 /Uploads/20151225/567cfc2fe6bfb.jpg
INFO: [ app_init ] --START--
INFO: Run Behavior\BuildLiteBehavior [ RunTime:0.000000s ]
INFO: [ app_init ] --END-- [ RunTime:0.001000s ]

[ 2016-01-07T12:00:54+08:00 ] 127.0.0.1 /Uploads/20151225/567cfc2fe6bfb.jpg
INFO: [ app_init ] --START--
INFO: Run Behavior\BuildLiteBehavior [ RunTime:0.000000s ]
INFO: [ app_init ] --END-- [ RunTime:0.000000s ]

[ 2016-01-07T12:00:54+08:00 ] 127.0.0.1 /favicon.ico
INFO: [ app_init ] --START--
INFO: Run Behavior\BuildLiteBehavior [ RunTime:0.000000s ]
INFO: [ app_init ] --END-- [ RunTime:0.000000s ]

[ 2016-01-07T12:00:54+08:00 ] 127.0.0.1 /favicon.ico
INFO: [ app_init ] --START--
INFO: Run Behavior\BuildLiteBehavior [ RunTime:0.000000s ]
INFO: [ app_init ] --END-- [ RunTime:0.001000s ]

[ 2016-01-07T12:00:57+08:00 ] 127.0.0.1 /Index/catGoodsList/cat_id/718.html
INFO: [ app_init ] --START--
INFO: Run Behavior\BuildLiteBehavior [ RunTime:0.000000s ]
INFO: [ app_init ] --END-- [ RunTime:0.000000s ]
INFO: [ app_begin ] --START--
INFO: Run Behavior\ReadHtmlCacheBehavior [ RunTime:0.000000s ]
INFO: [ app_begin ] --END-- [ RunTime:0.000000s ]
SQL: SHOW COLUMNS FROM `ztm_cart` [ RunTime:0.0020s ]
SQL: SHOW COLUMNS FROM `ztm_cart` [ RunTime:0.0020s ]
SQL: SELECT SUM(goods_number) AS count FROM `ztm_cart` WHERE `cart_key` = '25ec53935b7a14cc2d69465da96c39a1' LIMIT 1   [ RunTime:0.0010s ]
SQL: SHOW COLUMNS FROM `ztm_goods_category` [ RunTime:0.0020s ]
SQL: SELECT `category_name` FROM `ztm_goods_category` WHERE `id` = 718 LIMIT 1   [ RunTime:0.0010s ]
INFO: [ view_parse ] --START--
INFO: [ template_filter ] --START--
INFO: Run Behavior\ContentReplaceBehavior [ RunTime:0.000000s ]
INFO: [ template_filter ] --END-- [ RunTime:0.000000s ]
INFO: Run Behavior\ParseTemplateBehavior [ RunTime:0.018001s ]
INFO: [ view_parse ] --END-- [ RunTime:0.018001s ]
INFO: [ view_filter ] --START--
INFO: Run Behavior\WriteHtmlCacheBehavior [ RunTime:0.001000s ]
INFO: [ view_filter ] --END-- [ RunTime:0.001000s ]
INFO: [ app_end ] --START--
INFO: Run Behavior\ShowPageTraceBehavior [ RunTime:0.000000s ]
INFO: [ app_end ] --END-- [ RunTime:0.000000s ]

[ 2016-01-07T12:00:57+08:00 ] 127.0.0.1 /index.php?m=Mobile&c=Index&a=getAjaxGoods
INFO: [ app_init ] --START--
INFO: Run Behavior\BuildLiteBehavior [ RunTime:0.000000s ]
INFO: [ app_init ] --END-- [ RunTime:0.000000s ]
INFO: [ app_begin ] --START--
INFO: Run Behavior\ReadHtmlCacheBehavior [ RunTime:0.001000s ]
INFO: [ app_begin ] --END-- [ RunTime:0.001000s ]
SQL: SHOW COLUMNS FROM `ztm_cart` [ RunTime:0.0010s ]
SQL: SHOW COLUMNS FROM `ztm_cart` [ RunTime:0.0020s ]
SQL: SELECT SUM(goods_number) AS count FROM `ztm_cart` WHERE `cart_key` = '25ec53935b7a14cc2d69465da96c39a1' LIMIT 1   [ RunTime:0.0010s ]
SQL: SHOW COLUMNS FROM `ztm_goods` [ RunTime:0.0020s ]
SQL: SHOW COLUMNS FROM `ztm_goods_category` [ RunTime:0.0010s ]
SQL: SELECT * FROM `ztm_goods_category` WHERE `parent_id` = 718 AND `disabled` = 'N' AND `display` = 'Y'  [ RunTime:0.0010s ]
SQL: SELECT * FROM `ztm_goods_category` WHERE `parent_id` = 1176 AND `disabled` = 'N' AND `display` = 'Y'  [ RunTime:0.0010s ]
SQL: SELECT * FROM `ztm_goods_category` WHERE `parent_id` = 1177 AND `disabled` = 'N' AND `display` = 'Y'  [ RunTime:0.0020s ]
SQL: SELECT g.id,g.goods_name,g.market_price,g.shop_price,g.goods_thumb FROM ztm_goods g left join ztm_goods_extend_category gec on g.id=gec.goods_id and gec.category_id=718  WHERE g.on_sale = 'Y' AND g.disabled = 'N' AND ( g.category_id in (1176,1177,718) or gec.category_id=718 ) ORDER BY g.rank desc LIMIT 0,12   [ RunTime:0.0060s ]
INFO: [ view_parse ] --START--
INFO: [ template_filter ] --START--
INFO: Run Behavior\ContentReplaceBehavior [ RunTime:0.000000s ]
INFO: [ template_filter ] --END-- [ RunTime:0.000000s ]
INFO: Run Behavior\ParseTemplateBehavior [ RunTime:0.006001s ]
INFO: [ view_parse ] --END-- [ RunTime:0.006001s ]
INFO: [ view_filter ] --START--
INFO: Run Behavior\WriteHtmlCacheBehavior [ RunTime:0.000000s ]
INFO: [ view_filter ] --END-- [ RunTime:0.000000s ]

[ 2016-01-07T12:00:57+08:00 ] 127.0.0.1 /Uploads/20151127/56581a2f844ec.jpg_250x250.jpg
INFO: [ app_init ] --START--
INFO: Run Behavior\BuildLiteBehavior [ RunTime:0.000000s ]
INFO: [ app_init ] --END-- [ RunTime:0.001000s ]

[ 2016-01-07T12:00:57+08:00 ] 127.0.0.1 /Uploads/20151127/56581b8f1c029.jpg_250x250.jpg
INFO: [ app_init ] --START--
INFO: Run Behavior\BuildLiteBehavior [ RunTime:0.000000s ]
INFO: [ app_init ] --END-- [ RunTime:0.000000s ]

[ 2016-01-07T12:00:57+08:00 ] 127.0.0.1 /Uploads/20151127/5658101664532.jpg_250x250.jpg
INFO: [ app_init ] --START--
INFO: Run Behavior\BuildLiteBehavior [ RunTime:0.000000s ]
INFO: [ app_init ] --END-- [ RunTime:0.001000s ]

[ 2016-01-07T12:00:57+08:00 ] 127.0.0.1 /Uploads/20151127/565813f6dbde9.jpg_250x250.jpg
INFO: [ app_init ] --START--
INFO: Run Behavior\BuildLiteBehavior [ RunTime:0.000000s ]
INFO: [ app_init ] --END-- [ RunTime:0.000000s ]

[ 2016-01-07T12:00:57+08:00 ] 127.0.0.1 /Uploads/20151127/56580f9e8d150.jpg_250x250.jpg
INFO: [ app_init ] --START--
INFO: Run Behavior\BuildLiteBehavior [ RunTime:0.000000s ]
INFO: [ app_init ] --END-- [ RunTime:0.000000s ]

[ 2016-01-07T12:00:57+08:00 ] 127.0.0.1 /Uploads/20151127/565812a5657b6.jpg_250x250.jpg
INFO: [ app_init ] --START--
INFO: Run Behavior\BuildLiteBehavior [ RunTime:0.000000s ]
INFO: [ app_init ] --END-- [ RunTime:0.000000s ]

[ 2016-01-07T12:01:00+08:00 ] 127.0.0.1 /Goods/detail/goods_id/1916
INFO: [ app_init ] --START--
INFO: Run Behavior\BuildLiteBehavior [ RunTime:0.000000s ]
INFO: [ app_init ] --END-- [ RunTime:0.001000s ]
INFO: [ app_begin ] --START--
INFO: Run Behavior\ReadHtmlCacheBehavior [ RunTime:0.000000s ]
INFO: [ app_begin ] --END-- [ RunTime:0.000000s ]
SQL: SHOW COLUMNS FROM `ztm_cart` [ RunTime:0.0020s ]
SQL: SHOW COLUMNS FROM `ztm_cart` [ RunTime:0.0020s ]
SQL: SELECT SUM(goods_number) AS count FROM `ztm_cart` WHERE `cart_key` = '25ec53935b7a14cc2d69465da96c39a1' LIMIT 1   [ RunTime:0.0010s ]
SQL: SHOW COLUMNS FROM `ztm_goods` [ RunTime:0.0020s ]
SQL: SHOW COLUMNS FROM `ztm_goods_extend` [ RunTime:0.0020s ]
SQL: SELECT `goods_gallery` FROM `ztm_goods_extend` WHERE `goods_id` = 1916 LIMIT 1   [ RunTime:0.0010s ]
SQL: SHOW COLUMNS FROM `ztm_goods` [ RunTime:0.0020s ]
SQL: SELECT `goods_name`,`market_price`,`goods_thumb`,`shop_price`,`category_id` FROM `ztm_goods` WHERE `id` = 1916 LIMIT 1   [ RunTime:0.0020s ]
SQL: SHOW COLUMNS FROM `ztm_goods` [ RunTime:0.0020s ]
SQL: SELECT `shop_price` FROM `ztm_goods` WHERE `on_sale` = 'Y' AND `disabled` = 'N' AND `id` = 1916 LIMIT 1   [ RunTime:0.0010s ]
SQL: SHOW COLUMNS FROM `ztm_seckill_goods` [ RunTime:0.0010s ]
SQL: SELECT `kill_price` FROM `ztm_seckill_goods` WHERE `goods_id` = 1916 AND `on_sale` = 'Y' AND `disabled` = 'N' AND `kill_start` < 1452139260 AND `kill_end` > 1452139260 LIMIT 1   [ RunTime:0.0010s ]
SQL: SHOW COLUMNS FROM `ztm_goods_extend` [ RunTime:0.0020s ]
SQL: SELECT * FROM `ztm_goods_extend` WHERE ( goods_id=1916 ) LIMIT 1   [ RunTime:0.0010s ]
SQL: SELECT SUM(og.goods_number) AS sale_count FROM ztm_order_goods AS og LEFT JOIN ztm_order AS o ON og.order_id=o.id WHERE
  o.payment_state='payed' AND og.goods_id=1916 [ RunTime:0.0020s ]
SQL: SELECT ge.skus AS oneskus,gs.skus AS twoskus FROM ztm_goods_extend AS ge LEFT JOIN ztm_goods_sku AS gs ON ge.sku_id=gs.id WHERE ge.goods_id=1916 [ RunTime:0.0010s ]
SQL: SHOW COLUMNS FROM `ztm_goods_extend` [ RunTime:0.0020s ]
SQL: SELECT `relation_goods` FROM `ztm_goods_extend` WHERE `goods_id` = '1916' LIMIT 1   [ RunTime:0.0010s ]
SQL: SHOW COLUMNS FROM `ztm_goods` [ RunTime:0.0020s ]
SQL: SELECT id AS goods_id,`goods_name`,`shop_price`,`market_price`,`goods_thumb` FROM `ztm_goods` WHERE `id` IN ('1855','1856','1857','1917','1918','1919','1920','1924','1925','1926','1927','1928','1929','1930') AND `on_sale` = 'Y' AND `disabled` = 'N' LIMIT 0,20   [ RunTime:0.0020s ]
SQL: SHOW COLUMNS FROM `ztm_group_goods` [ RunTime:0.0010s ]
SQL: SELECT id AS package_id,`group_name`,`relation_goods` FROM `ztm_group_goods` WHERE `goods_id` = '1916' AND `display` = 'Y' AND `disabled` = 'N' ORDER BY rank desc  [ RunTime:0.0020s ]
SQL: SHOW COLUMNS FROM `ztm_comment` [ RunTime:0.0010s ]
SQL: SELECT COUNT(*) AS tp_count FROM `ztm_comment` WHERE `relation_id` = 1916 AND `display` = 'Y' AND `relation_type` = 'goods' LIMIT 1   [ RunTime:0.0020s ]
SQL: SELECT COUNT(*) AS tp_count FROM `ztm_comment` WHERE `relation_id` = 1916 AND `display` = 'Y' AND `relation_type` = 'goods' AND `level` IN ('4','5') LIMIT 1   [ RunTime:0.0010s ]
SQL: SELECT COUNT(*) AS tp_count FROM `ztm_comment` WHERE `relation_id` = 1916 AND `display` = 'Y' AND `relation_type` = 'goods' AND `level` IN ('2','3') LIMIT 1   [ RunTime:0.0020s ]
SQL: SELECT COUNT(*) AS tp_count FROM `ztm_comment` WHERE `relation_id` = 1916 AND `display` = 'Y' AND `relation_type` = 'goods' AND `level` = 1 LIMIT 1   [ RunTime:0.0010s ]
SQL: SHOW COLUMNS FROM `ztm_comment` [ RunTime:0.0020s ]
SQL: SELECT `user_name`,`content`,`level`,`date_add` FROM `ztm_comment` WHERE `relation_id` = '1916' AND `display` = 'Y' AND `relation_type` = 'goods' ORDER BY id desc LIMIT 0,3   [ RunTime:0.0010s ]
SQL: SHOW COLUMNS FROM `ztm_goods_category` [ RunTime:0.0020s ]
SQL: SELECT `parent_id` FROM `ztm_goods_category` WHERE ( id=1177 ) LIMIT 1   [ RunTime:0.0010s ]
INFO: [ view_parse ] --START--
INFO: [ template_filter ] --START--
INFO: Run Behavior\ContentReplaceBehavior [ RunTime:0.000000s ]
INFO: [ template_filter ] --END-- [ RunTime:0.001000s ]
NOTIC: [8] Undefined variable: signPackage F:\homes\webonline\Ztmvip\Runtime\Cache\Mobile\bbca1ab48b10c56dde37875b852e8c3f.php 第 391 行.
NOTIC: [8] Undefined variable: signPackage F:\homes\webonline\Ztmvip\Runtime\Cache\Mobile\bbca1ab48b10c56dde37875b852e8c3f.php 第 392 行.
NOTIC: [8] Undefined variable: signPackage F:\homes\webonline\Ztmvip\Runtime\Cache\Mobile\bbca1ab48b10c56dde37875b852e8c3f.php 第 393 行.
NOTIC: [8] Undefined variable: signPackage F:\homes\webonline\Ztmvip\Runtime\Cache\Mobile\bbca1ab48b10c56dde37875b852e8c3f.php 第 394 行.
NOTIC: [8] Undefined variable: title F:\homes\webonline\Ztmvip\Runtime\Cache\Mobile\bbca1ab48b10c56dde37875b852e8c3f.php 第 406 行.
NOTIC: [8] Undefined variable: desc F:\homes\webonline\Ztmvip\Runtime\Cache\Mobile\bbca1ab48b10c56dde37875b852e8c3f.php 第 407 行.
NOTIC: [8] Undefined variable: link F:\homes\webonline\Ztmvip\Runtime\Cache\Mobile\bbca1ab48b10c56dde37875b852e8c3f.php 第 408 行.
NOTIC: [8] Undefined variable: imgUrl F:\homes\webonline\Ztmvip\Runtime\Cache\Mobile\bbca1ab48b10c56dde37875b852e8c3f.php 第 409 行.
NOTIC: [8] Undefined variable: title F:\homes\webonline\Ztmvip\Runtime\Cache\Mobile\bbca1ab48b10c56dde37875b852e8c3f.php 第 420 行.
NOTIC: [8] Undefined variable: link F:\homes\webonline\Ztmvip\Runtime\Cache\Mobile\bbca1ab48b10c56dde37875b852e8c3f.php 第 421 行.
NOTIC: [8] Undefined variable: imgUrl F:\homes\webonline\Ztmvip\Runtime\Cache\Mobile\bbca1ab48b10c56dde37875b852e8c3f.php 第 422 行.
INFO: Run Behavior\ParseTemplateBehavior [ RunTime:0.027002s ]
INFO: [ view_parse ] --END-- [ RunTime:0.027002s ]
INFO: [ view_filter ] --START--
INFO: Run Behavior\WriteHtmlCacheBehavior [ RunTime:0.001000s ]
INFO: [ view_filter ] --END-- [ RunTime:0.001000s ]
INFO: [ app_end ] --START--
INFO: Run Behavior\ShowPageTraceBehavior [ RunTime:0.000000s ]
INFO: [ app_end ] --END-- [ RunTime:0.000000s ]

[ 2016-01-07T12:01:00+08:00 ] 127.0.0.1 /Uploads/20151127/56581ba32df03.jpg
INFO: [ app_init ] --START--
INFO: Run Behavior\BuildLiteBehavior [ RunTime:0.000000s ]
INFO: [ app_init ] --END-- [ RunTime:0.000000s ]

[ 2016-01-07T12:01:00+08:00 ] 127.0.0.1 /Uploads/20151127/56581ba2ba093.jpg
INFO: [ app_init ] --START--
INFO: Run Behavior\BuildLiteBehavior [ RunTime:0.000000s ]
INFO: [ app_init ] --END-- [ RunTime:0.000000s ]

[ 2016-01-07T12:01:00+08:00 ] 127.0.0.1 /Uploads/20151127/56581ba25d7a9.jpg
INFO: [ app_init ] --START--
INFO: Run Behavior\BuildLiteBehavior [ RunTime:0.000000s ]
INFO: [ app_init ] --END-- [ RunTime:0.000000s ]

[ 2016-01-07T12:01:00+08:00 ] 127.0.0.1 /Uploads/20151127/56581ba26030c.jpg
INFO: [ app_init ] --START--
INFO: Run Behavior\BuildLiteBehavior [ RunTime:0.000000s ]
INFO: [ app_init ] --END-- [ RunTime:0.000000s ]

[ 2016-01-07T12:01:00+08:00 ] 127.0.0.1 /Uploads/20151127/56581ba29f718.jpg
INFO: [ app_init ] --START--
INFO: Run Behavior\BuildLiteBehavior [ RunTime:0.000000s ]
INFO: [ app_init ] --END-- [ RunTime:0.001000s ]

[ 2016-01-07T12:01:00+08:00 ] 127.0.0.1 /Uploads/20151127/56581ba279ea2.jpg
INFO: [ app_init ] --START--
INFO: Run Behavior\BuildLiteBehavior [ RunTime:0.000000s ]
INFO: [ app_init ] --END-- [ RunTime:0.000000s ]

[ 2016-01-07T12:01:00+08:00 ] 127.0.0.1 /Uploads/20151127/56581ba332e11.jpg
INFO: [ app_init ] --START--
INFO: Run Behavior\BuildLiteBehavior [ RunTime:0.000000s ]
INFO: [ app_init ] --END-- [ RunTime:0.000000s ]

[ 2016-01-07T12:01:00+08:00 ] 127.0.0.1 /Uploads/20151127/56581ba2b61bb.jpg
INFO: [ app_init ] --START--
INFO: Run Behavior\BuildLiteBehavior [ RunTime:0.000000s ]
INFO: [ app_init ] --END-- [ RunTime:0.000000s ]

[ 2016-01-07T12:01:00+08:00 ] 127.0.0.1 /Uploads/20151127/56581ba2ee9c3.jpg
INFO: [ app_init ] --START--
INFO: Run Behavior\BuildLiteBehavior [ RunTime:0.000000s ]
INFO: [ app_init ] --END-- [ RunTime:0.000000s ]

[ 2016-01-07T12:01:00+08:00 ] 127.0.0.1 /Uploads/20151127/56581ba2e843c.jpg
INFO: [ app_init ] --START--
INFO: Run Behavior\BuildLiteBehavior [ RunTime:0.000000s ]
INFO: [ app_init ] --END-- [ RunTime:0.000000s ]

[ 2016-01-07T12:01:00+08:00 ] 127.0.0.1 /Uploads/20151127/56581ba3865d9.jpg
INFO: [ app_init ] --START--
INFO: Run Behavior\BuildLiteBehavior [ RunTime:0.000000s ]
INFO: [ app_init ] --END-- [ RunTime:0.000000s ]

[ 2016-01-07T12:01:00+08:00 ] 127.0.0.1 /Uploads/20151127/56581ba3a8e03.jpg
INFO: [ app_init ] --START--
INFO: Run Behavior\BuildLiteBehavior [ RunTime:0.000000s ]
INFO: [ app_init ] --END-- [ RunTime:0.000000s ]

[ 2016-01-07T12:01:00+08:00 ] 127.0.0.1 /Uploads/20151127/56581ba3aab74.jpg
INFO: [ app_init ] --START--
INFO: Run Behavior\BuildLiteBehavior [ RunTime:0.000000s ]
INFO: [ app_init ] --END-- [ RunTime:0.000000s ]

[ 2016-01-07T12:01:00+08:00 ] 127.0.0.1 /Uploads/20151127/56581ba5ac9d0.jpg
INFO: [ app_init ] --START--
INFO: Run Behavior\BuildLiteBehavior [ RunTime:0.000000s ]
INFO: [ app_init ] --END-- [ RunTime:0.001000s ]

[ 2016-01-07T12:01:00+08:00 ] 127.0.0.1 /Uploads/20151127/56581ba30d5d7.jpg
INFO: [ app_init ] --START--
INFO: Run Behavior\BuildLiteBehavior [ RunTime:0.000000s ]
INFO: [ app_init ] --END-- [ RunTime:0.001000s ]

[ 2016-01-07T12:01:00+08:00 ] 127.0.0.1 /Uploads/20151127/56581ba405085.jpg
INFO: [ app_init ] --START--
INFO: Run Behavior\BuildLiteBehavior [ RunTime:0.000000s ]
INFO: [ app_init ] --END-- [ RunTime:0.000000s ]

[ 2016-01-07T12:01:00+08:00 ] 127.0.0.1 /Uploads/20151127/56581ba501e46.jpg
INFO: [ app_init ] --START--
INFO: Run Behavior\BuildLiteBehavior [ RunTime:0.000000s ]
INFO: [ app_init ] --END-- [ RunTime:0.000000s ]

[ 2016-01-07T12:01:00+08:00 ] 127.0.0.1 /Uploads/20151127/56581ba4dd6ff.jpg
INFO: [ app_init ] --START--
INFO: Run Behavior\BuildLiteBehavior [ RunTime:0.000000s ]
INFO: [ app_init ] --END-- [ RunTime:0.000000s ]

[ 2016-01-07T12:01:00+08:00 ] 127.0.0.1 /Uploads/20151127/56581ba5745d6.jpg
INFO: [ app_init ] --START--
INFO: Run Behavior\BuildLiteBehavior [ RunTime:0.000000s ]
INFO: [ app_init ] --END-- [ RunTime:0.001000s ]

[ 2016-01-07T12:01:00+08:00 ] 127.0.0.1 /Uploads/20151127/56581ba4737a4.jpg
INFO: [ app_init ] --START--
INFO: Run Behavior\BuildLiteBehavior [ RunTime:0.000000s ]
INFO: [ app_init ] --END-- [ RunTime:0.001000s ]

[ 2016-01-07T12:01:00+08:00 ] 127.0.0.1 /Uploads/20151127/56581ba616e26.jpg
INFO: [ app_init ] --START--
INFO: Run Behavior\BuildLiteBehavior [ RunTime:0.000000s ]
INFO: [ app_init ] --END-- [ RunTime:0.000000s ]

[ 2016-01-07T12:01:00+08:00 ] 127.0.0.1 /Uploads/20151127/56581ba639f0b.jpg
INFO: [ app_init ] --START--
INFO: Run Behavior\BuildLiteBehavior [ RunTime:0.000000s ]
INFO: [ app_init ] --END-- [ RunTime:0.001000s ]

[ 2016-01-07T12:01:00+08:00 ] 127.0.0.1 /Uploads/20151127/56581ba6354ca.jpg
INFO: [ app_init ] --START--
INFO: Run Behavior\BuildLiteBehavior [ RunTime:0.000000s ]
INFO: [ app_init ] --END-- [ RunTime:0.000000s ]

[ 2016-01-07T12:01:00+08:00 ] 127.0.0.1 /Uploads/20151127/56581ba678438.jpg
INFO: [ app_init ] --START--
INFO: Run Behavior\BuildLiteBehavior [ RunTime:0.000000s ]
INFO: [ app_init ] --END-- [ RunTime:0.000000s ]

[ 2016-01-07T12:01:00+08:00 ] 127.0.0.1 /Uploads/20151126/5656c2693dba5.jpg
INFO: [ app_init ] --START--
INFO: Run Behavior\BuildLiteBehavior [ RunTime:0.000000s ]
INFO: [ app_init ] --END-- [ RunTime:0.000000s ]

[ 2016-01-07T12:01:00+08:00 ] 127.0.0.1 /Uploads/20151126/5656c578aa7a5.jpg
INFO: [ app_init ] --START--
INFO: Run Behavior\BuildLiteBehavior [ RunTime:0.000000s ]
INFO: [ app_init ] --END-- [ RunTime:0.000000s ]

[ 2016-01-07T12:01:00+08:00 ] 127.0.0.1 /Uploads/20151126/5656c471db6e5.jpg
INFO: [ app_init ] --START--
INFO: Run Behavior\BuildLiteBehavior [ RunTime:0.000000s ]
INFO: [ app_init ] --END-- [ RunTime:0.000000s ]

[ 2016-01-07T12:01:00+08:00 ] 127.0.0.1 /Uploads/20151127/56582aae50ebf.jpg
INFO: [ app_init ] --START--
INFO: Run Behavior\BuildLiteBehavior [ RunTime:0.000000s ]
INFO: [ app_init ] --END-- [ RunTime:0.000000s ]

[ 2016-01-07T12:01:00+08:00 ] 127.0.0.1 /Uploads/20151127/56582b32e8206.jpg
INFO: [ app_init ] --START--
INFO: Run Behavior\BuildLiteBehavior [ RunTime:0.000000s ]
INFO: [ app_init ] --END-- [ RunTime:0.000000s ]

[ 2016-01-07T12:01:00+08:00 ] 127.0.0.1 /Uploads/20151127/56582b9053756.jpg
INFO: [ app_init ] --START--
INFO: Run Behavior\BuildLiteBehavior [ RunTime:0.000000s ]
INFO: [ app_init ] --END-- [ RunTime:0.000000s ]

[ 2016-01-07T12:01:00+08:00 ] 127.0.0.1 /Uploads/20151127/56582bfc2bb1f.jpg
INFO: [ app_init ] --START--
INFO: Run Behavior\BuildLiteBehavior [ RunTime:0.000000s ]
INFO: [ app_init ] --END-- [ RunTime:0.001000s ]

[ 2016-01-07T12:01:00+08:00 ] 127.0.0.1 /Uploads/20151127/5658354cace70.jpg
INFO: [ app_init ] --START--
INFO: Run Behavior\BuildLiteBehavior [ RunTime:0.000000s ]
INFO: [ app_init ] --END-- [ RunTime:0.001000s ]

[ 2016-01-07T12:01:00+08:00 ] 127.0.0.1 /Uploads/20151127/5658335c379c3.jpg
INFO: [ app_init ] --START--
INFO: Run Behavior\BuildLiteBehavior [ RunTime:0.000000s ]
INFO: [ app_init ] --END-- [ RunTime:0.001000s ]

[ 2016-01-07T12:01:00+08:00 ] 127.0.0.1 /Uploads/20151127/565833b22d15f.jpg
INFO: [ app_init ] --START--
INFO: Run Behavior\BuildLiteBehavior [ RunTime:0.000000s ]
INFO: [ app_init ] --END-- [ RunTime:0.000000s ]

[ 2016-01-07T12:01:00+08:00 ] 127.0.0.1 /Uploads/20151127/56581ba5bf019.jpg
INFO: [ app_init ] --START--
INFO: Run Behavior\BuildLiteBehavior [ RunTime:0.000000s ]
INFO: [ app_init ] --END-- [ RunTime:0.000000s ]

[ 2016-01-07T12:01:00+08:00 ] 127.0.0.1 /Uploads/20151127/5658323d50208.jpg
INFO: [ app_init ] --START--
INFO: Run Behavior\BuildLiteBehavior [ RunTime:0.000000s ]
INFO: [ app_init ] --END-- [ RunTime:0.000000s ]

[ 2016-01-07T12:01:00+08:00 ] 127.0.0.1 /Uploads/20151127/5658327ddf80e.jpg
INFO: [ app_init ] --START--
INFO: Run Behavior\BuildLiteBehavior [ RunTime:0.000000s ]
INFO: [ app_init ] --END-- [ RunTime:0.000000s ]

[ 2016-01-07T12:01:00+08:00 ] 127.0.0.1 /Uploads/20151127/565832db28a6f.jpg
INFO: [ app_init ] --START--
INFO: Run Behavior\BuildLiteBehavior [ RunTime:0.001000s ]
INFO: [ app_init ] --END-- [ RunTime:0.001000s ]

[ 2016-01-07T12:01:00+08:00 ] 127.0.0.1 /Uploads/20151127/565831b607b32.jpg
INFO: [ app_init ] --START--
INFO: Run Behavior\BuildLiteBehavior [ RunTime:0.000000s ]
INFO: [ app_init ] --END-- [ RunTime:0.000000s ]

[ 2016-01-07T12:01:00+08:00 ] 127.0.0.1 /Uploads/20151127/56581ba26030c.jpg
INFO: [ app_init ] --START--
INFO: Run Behavior\BuildLiteBehavior [ RunTime:0.000000s ]
INFO: [ app_init ] --END-- [ RunTime:0.000000s ]

[ 2016-01-07T12:01:00+08:00 ] 127.0.0.1 /Uploads/20151127/56581b8f1c029.jpg_710x700.jpg
INFO: [ app_init ] --START--
INFO: Run Behavior\BuildLiteBehavior [ RunTime:0.000000s ]
INFO: [ app_init ] --END-- [ RunTime:0.000000s ]

[ 2016-01-07T12:01:00+08:00 ] 127.0.0.1 /Uploads/20151127/56581ba279ea2.jpg
INFO: [ app_init ] --START--
INFO: Run Behavior\BuildLiteBehavior [ RunTime:0.000000s ]
INFO: [ app_init ] --END-- [ RunTime:0.000000s ]

[ 2016-01-07T12:01:00+08:00 ] 127.0.0.1 /Uploads/20151127/56581ba32df03.jpg
INFO: [ app_init ] --START--
INFO: Run Behavior\BuildLiteBehavior [ RunTime:0.000000s ]
INFO: [ app_init ] --END-- [ RunTime:0.000000s ]

[ 2016-01-07T12:01:00+08:00 ] 127.0.0.1 /Uploads/20151127/56581ba2ba093.jpg
INFO: [ app_init ] --START--
INFO: Run Behavior\BuildLiteBehavior [ RunTime:0.000000s ]
INFO: [ app_init ] --END-- [ RunTime:0.000000s ]

[ 2016-01-07T12:01:00+08:00 ] 127.0.0.1 /Uploads/20151127/56581ba25d7a9.jpg
INFO: [ app_init ] --START--
INFO: Run Behavior\BuildLiteBehavior [ RunTime:0.000000s ]
INFO: [ app_init ] --END-- [ RunTime:0.001000s ]

[ 2016-01-07T12:01:00+08:00 ] 127.0.0.1 /Uploads/20151127/56581ba2b61bb.jpg
INFO: [ app_init ] --START--
INFO: Run Behavior\BuildLiteBehavior [ RunTime:0.000000s ]
INFO: [ app_init ] --END-- [ RunTime:0.000000s ]

[ 2016-01-07T12:01:00+08:00 ] 127.0.0.1 /Uploads/20151127/56581ba29f718.jpg
INFO: [ app_init ] --START--
INFO: Run Behavior\BuildLiteBehavior [ RunTime:0.000000s ]
INFO: [ app_init ] --END-- [ RunTime:0.000000s ]

[ 2016-01-07T12:01:00+08:00 ] 127.0.0.1 /Uploads/20151127/56581ba30d5d7.jpg
INFO: [ app_init ] --START--
INFO: Run Behavior\BuildLiteBehavior [ RunTime:0.000000s ]
INFO: [ app_init ] --END-- [ RunTime:0.000000s ]

[ 2016-01-07T12:01:00+08:00 ] 127.0.0.1 /Uploads/20151127/56581ba332e11.jpg
INFO: [ app_init ] --START--
INFO: Run Behavior\BuildLiteBehavior [ RunTime:0.000000s ]
INFO: [ app_init ] --END-- [ RunTime:0.001001s ]

[ 2016-01-07T12:01:00+08:00 ] 127.0.0.1 /Uploads/20151127/56581ba2ee9c3.jpg
INFO: [ app_init ] --START--
INFO: Run Behavior\BuildLiteBehavior [ RunTime:0.000000s ]
INFO: [ app_init ] --END-- [ RunTime:0.003001s ]

[ 2016-01-07T12:01:00+08:00 ] 127.0.0.1 /Uploads/20151127/56581ba3865d9.jpg
INFO: [ app_init ] --START--
INFO: Run Behavior\BuildLiteBehavior [ RunTime:0.000000s ]
INFO: [ app_init ] --END-- [ RunTime:0.000000s ]

[ 2016-01-07T12:01:00+08:00 ] 127.0.0.1 /Uploads/20151127/56581ba2e843c.jpg
INFO: [ app_init ] --START--
INFO: Run Behavior\BuildLiteBehavior [ RunTime:0.000000s ]
INFO: [ app_init ] --END-- [ RunTime:0.001000s ]

[ 2016-01-07T12:01:00+08:00 ] 127.0.0.1 /Uploads/20151127/56581ba5745d6.jpg
INFO: [ app_init ] --START--
INFO: Run Behavior\BuildLiteBehavior [ RunTime:0.000000s ]
INFO: [ app_init ] --END-- [ RunTime:0.000000s ]

[ 2016-01-07T12:01:00+08:00 ] 127.0.0.1 /Uploads/20151127/56581ba3aab74.jpg
INFO: [ app_init ] --START--
INFO: Run Behavior\BuildLiteBehavior [ RunTime:0.000000s ]
INFO: [ app_init ] --END-- [ RunTime:0.000000s ]

[ 2016-01-07T12:01:00+08:00 ] 127.0.0.1 /Uploads/20151127/56581ba3a8e03.jpg
INFO: [ app_init ] --START--
INFO: Run Behavior\BuildLiteBehavior [ RunTime:0.001000s ]
INFO: [ app_init ] --END-- [ RunTime:0.001000s ]

[ 2016-01-07T12:01:00+08:00 ] 127.0.0.1 /Uploads/20151127/56581ba5ac9d0.jpg
INFO: [ app_init ] --START--
INFO: Run Behavior\BuildLiteBehavior [ RunTime:0.000000s ]
INFO: [ app_init ] --END-- [ RunTime:0.001000s ]

[ 2016-01-07T12:01:00+08:00 ] 127.0.0.1 /Uploads/20151127/56581ba4737a4.jpg
INFO: [ app_init ] --START--
INFO: Run Behavior\BuildLiteBehavior [ RunTime:0.000000s ]
INFO: [ app_init ] --END-- [ RunTime:0.001000s ]

[ 2016-01-07T12:01:00+08:00 ] 127.0.0.1 /Uploads/20151127/56581ba4dd6ff.jpg
INFO: [ app_init ] --START--
INFO: Run Behavior\BuildLiteBehavior [ RunTime:0.000000s ]
INFO: [ app_init ] --END-- [ RunTime:0.000000s ]

[ 2016-01-07T12:01:00+08:00 ] 127.0.0.1 /Uploads/20151127/56581ba5bf019.jpg
INFO: [ app_init ] --START--
INFO: Run Behavior\BuildLiteBehavior [ RunTime:0.000000s ]
INFO: [ app_init ] --END-- [ RunTime:0.000000s ]

[ 2016-01-07T12:01:00+08:00 ] 127.0.0.1 /Uploads/20151127/56581ba616e26.jpg
INFO: [ app_init ] --START--
INFO: Run Behavior\BuildLiteBehavior [ RunTime:0.000000s ]
INFO: [ app_init ] --END-- [ RunTime:0.000000s ]

[ 2016-01-07T12:01:00+08:00 ] 127.0.0.1 /Uploads/20151127/56581ba501e46.jpg
INFO: [ app_init ] --START--
INFO: Run Behavior\BuildLiteBehavior [ RunTime:0.000000s ]
INFO: [ app_init ] --END-- [ RunTime:0.000000s ]

[ 2016-01-07T12:01:00+08:00 ] 127.0.0.1 /Uploads/20151127/56581ba405085.jpg
INFO: [ app_init ] --START--
INFO: Run Behavior\BuildLiteBehavior [ RunTime:0.000000s ]
INFO: [ app_init ] --END-- [ RunTime:0.000000s ]

[ 2016-01-07T12:01:00+08:00 ] 127.0.0.1 /Uploads/20151127/56581ba6354ca.jpg
INFO: [ app_init ] --START--
INFO: Run Behavior\BuildLiteBehavior [ RunTime:0.000000s ]
INFO: [ app_init ] --END-- [ RunTime:0.000000s ]

[ 2016-01-07T12:01:00+08:00 ] 127.0.0.1 /Uploads/20151127/56581ba678438.jpg
INFO: [ app_init ] --START--
INFO: Run Behavior\BuildLiteBehavior [ RunTime:0.000000s ]
INFO: [ app_init ] --END-- [ RunTime:0.000000s ]

[ 2016-01-07T12:01:00+08:00 ] 127.0.0.1 /Uploads/20151126/5656c2693dba5.jpg
INFO: [ app_init ] --START--
INFO: Run Behavior\BuildLiteBehavior [ RunTime:0.000000s ]
INFO: [ app_init ] --END-- [ RunTime:0.001000s ]

[ 2016-01-07T12:01:00+08:00 ] 127.0.0.1 /Uploads/20151126/5656c471db6e5.jpg
INFO: [ app_init ] --START--
INFO: Run Behavior\BuildLiteBehavior [ RunTime:0.000000s ]
INFO: [ app_init ] --END-- [ RunTime:0.000000s ]

[ 2016-01-07T12:01:00+08:00 ] 127.0.0.1 /Uploads/20151126/5656c578aa7a5.jpg
INFO: [ app_init ] --START--
INFO: Run Behavior\BuildLiteBehavior [ RunTime:0.000000s ]
INFO: [ app_init ] --END-- [ RunTime:0.001000s ]

[ 2016-01-07T12:01:00+08:00 ] 127.0.0.1 /Uploads/20151127/56582aae50ebf.jpg
INFO: [ app_init ] --START--
INFO: Run Behavior\BuildLiteBehavior [ RunTime:0.000000s ]
INFO: [ app_init ] --END-- [ RunTime:0.000000s ]

[ 2016-01-07T12:01:00+08:00 ] 127.0.0.1 /Uploads/20151127/56582b9053756.jpg
INFO: [ app_init ] --START--
INFO: Run Behavior\BuildLiteBehavior [ RunTime:0.000000s ]
INFO: [ app_init ] --END-- [ RunTime:0.000000s ]

[ 2016-01-07T12:01:00+08:00 ] 127.0.0.1 /Uploads/20151127/56582b32e8206.jpg
INFO: [ app_init ] --START--
INFO: Run Behavior\BuildLiteBehavior [ RunTime:0.000000s ]
INFO: [ app_init ] --END-- [ RunTime:0.001000s ]

[ 2016-01-07T12:01:00+08:00 ] 127.0.0.1 /Uploads/20151127/56581b8f1c029.jpg_710x700.jpg
INFO: [ app_init ] --START--
INFO: Run Behavior\BuildLiteBehavior [ RunTime:0.000000s ]
INFO: [ app_init ] --END-- [ RunTime:0.001000s ]

[ 2016-01-07T12:01:00+08:00 ] 127.0.0.1 /Uploads/20151127/56582bfc2bb1f.jpg
INFO: [ app_init ] --START--
INFO: Run Behavior\BuildLiteBehavior [ RunTime:0.000000s ]
INFO: [ app_init ] --END-- [ RunTime:0.000000s ]

[ 2016-01-07T12:01:00+08:00 ] 127.0.0.1 /Uploads/20151127/5658354cace70.jpg
INFO: [ app_init ] --START--
INFO: Run Behavior\BuildLiteBehavior [ RunTime:0.000000s ]
INFO: [ app_init ] --END-- [ RunTime:0.000000s ]

[ 2016-01-07T12:01:00+08:00 ] 127.0.0.1 /Uploads/20151127/565833b22d15f.jpg
INFO: [ app_init ] --START--
INFO: Run Behavior\BuildLiteBehavior [ RunTime:0.000000s ]
INFO: [ app_init ] --END-- [ RunTime:0.000000s ]

[ 2016-01-07T12:01:00+08:00 ] 127.0.0.1 /Uploads/20151127/5658335c379c3.jpg
INFO: [ app_init ] --START--
INFO: Run Behavior\BuildLiteBehavior [ RunTime:0.000000s ]
INFO: [ app_init ] --END-- [ RunTime:0.001000s ]

[ 2016-01-07T12:01:00+08:00 ] 127.0.0.1 /Uploads/20151127/565832db28a6f.jpg
INFO: [ app_init ] --START--
INFO: Run Behavior\BuildLiteBehavior [ RunTime:0.000000s ]
INFO: [ app_init ] --END-- [ RunTime:0.000000s ]

[ 2016-01-07T12:01:00+08:00 ] 127.0.0.1 /Uploads/20151127/5658327ddf80e.jpg
INFO: [ app_init ] --START--
INFO: Run Behavior\BuildLiteBehavior [ RunTime:0.000000s ]
INFO: [ app_init ] --END-- [ RunTime:0.000000s ]

[ 2016-01-07T12:01:00+08:00 ] 127.0.0.1 /Uploads/20151127/56581ba639f0b.jpg
INFO: [ app_init ] --START--
INFO: Run Behavior\BuildLiteBehavior [ RunTime:0.000000s ]
INFO: [ app_init ] --END-- [ RunTime:0.000000s ]

[ 2016-01-07T12:01:00+08:00 ] 127.0.0.1 /Uploads/20151127/5658323d50208.jpg
INFO: [ app_init ] --START--
INFO: Run Behavior\BuildLiteBehavior [ RunTime:0.000000s ]
INFO: [ app_init ] --END-- [ RunTime:0.000000s ]

[ 2016-01-07T12:01:00+08:00 ] 127.0.0.1 /Uploads/20151127/565831b607b32.jpg
INFO: [ app_init ] --START--
INFO: Run Behavior\BuildLiteBehavior [ RunTime:0.000000s ]
INFO: [ app_init ] --END-- [ RunTime:0.000000s ]

[ 2016-01-07T12:01:00+08:00 ] 127.0.0.1 /Uploads/20151127/56581b8f1c029.jpg_710x700.jpg
INFO: [ app_init ] --START--
INFO: Run Behavior\BuildLiteBehavior [ RunTime:0.000000s ]
INFO: [ app_init ] --END-- [ RunTime:0.001000s ]

[ 2016-01-07T12:01:00+08:00 ] 127.0.0.1 /index.php?m=Mobile&c=Flow&a=price
INFO: [ app_init ] --START--
INFO: Run Behavior\BuildLiteBehavior [ RunTime:0.000000s ]
INFO: [ app_init ] --END-- [ RunTime:0.006001s ]
INFO: [ app_begin ] --START--
INFO: Run Behavior\ReadHtmlCacheBehavior [ RunTime:0.000000s ]
INFO: [ app_begin ] --END-- [ RunTime:0.000000s ]
SQL: SHOW COLUMNS FROM `ztm_cart` [ RunTime:0.0030s ]
SQL: SHOW COLUMNS FROM `ztm_cart` [ RunTime:0.0050s ]
SQL: SELECT SUM(goods_number) AS count FROM `ztm_cart` WHERE `cart_key` = '25ec53935b7a14cc2d69465da96c39a1' LIMIT 1   [ RunTime:0.0010s ]
SQL: SHOW COLUMNS FROM `ztm_goods` [ RunTime:0.0020s ]
SQL: SHOW COLUMNS FROM `ztm_goods` [ RunTime:0.0030s ]
SQL: SELECT `shop_price` FROM `ztm_goods` WHERE `on_sale` = 'Y' AND `disabled` = 'N' AND `id` = 1916 LIMIT 1   [ RunTime:0.0020s ]
SQL: SHOW COLUMNS FROM `ztm_seckill_goods` [ RunTime:0.0020s ]
SQL: SELECT `kill_price` FROM `ztm_seckill_goods` WHERE `goods_id` = 1916 AND `on_sale` = 'Y' AND `disabled` = 'N' AND `kill_start` < 1452139260 AND `kill_end` > 1452139260 LIMIT 1   [ RunTime:0.0020s ]
SQL: SHOW COLUMNS FROM `ztm_goods_extend` [ RunTime:0.0020s ]
SQL: SELECT `skus_price` FROM `ztm_goods_extend` WHERE ( goods_id=1916 ) LIMIT 1   [ RunTime:0.0010s ]

[ 2016-01-07T12:01:03+08:00 ] 127.0.0.1 /Uploads/20151127/56581b9112979.jpg_710x700.jpg
INFO: [ app_init ] --START--
INFO: Run Behavior\BuildLiteBehavior [ RunTime:0.000000s ]
INFO: [ app_init ] --END-- [ RunTime:0.000000s ]

[ 2016-01-07T12:01:03+08:00 ] 127.0.0.1 /Uploads/20151127/56581b9112979.jpg_710x700.jpg
INFO: [ app_init ] --START--
INFO: Run Behavior\BuildLiteBehavior [ RunTime:0.000000s ]
INFO: [ app_init ] --END-- [ RunTime:0.001000s ]

[ 2016-01-07T12:01:03+08:00 ] 127.0.0.1 /Uploads/20151127/56581b9112979.jpg_710x700.jpg
INFO: [ app_init ] --START--
INFO: Run Behavior\BuildLiteBehavior [ RunTime:0.000000s ]
INFO: [ app_init ] --END-- [ RunTime:0.000000s ]

[ 2016-01-07T12:01:06+08:00 ] 127.0.0.1 /Uploads/20151127/56581b938191a.jpg_710x700.jpg
INFO: [ app_init ] --START--
INFO: Run Behavior\BuildLiteBehavior [ RunTime:0.000000s ]
INFO: [ app_init ] --END-- [ RunTime:0.002001s ]

[ 2016-01-07T12:01:06+08:00 ] 127.0.0.1 /Uploads/20151127/56581b938191a.jpg_710x700.jpg
INFO: [ app_init ] --START--
INFO: Run Behavior\BuildLiteBehavior [ RunTime:0.000000s ]
INFO: [ app_init ] --END-- [ RunTime:0.000000s ]

[ 2016-01-07T12:01:06+08:00 ] 127.0.0.1 /Uploads/20151127/56581b938191a.jpg_710x700.jpg
INFO: [ app_init ] --START--
INFO: Run Behavior\BuildLiteBehavior [ RunTime:0.000000s ]
INFO: [ app_init ] --END-- [ RunTime:0.000000s ]

[ 2016-01-07T12:01:06+08:00 ] 127.0.0.1 /Goods/detail/goods_id/1640
INFO: [ app_init ] --START--
INFO: Run Behavior\BuildLiteBehavior [ RunTime:0.000000s ]
INFO: [ app_init ] --END-- [ RunTime:0.000000s ]
INFO: [ app_begin ] --START--
INFO: Run Behavior\ReadHtmlCacheBehavior [ RunTime:0.000000s ]
INFO: [ app_begin ] --END-- [ RunTime:0.001000s ]
SQL: SHOW COLUMNS FROM `ztm_cart` [ RunTime:0.0020s ]
SQL: SHOW COLUMNS FROM `ztm_cart` [ RunTime:0.0020s ]
SQL: SELECT SUM(goods_number) AS count FROM `ztm_cart` WHERE `cart_key` = '25ec53935b7a14cc2d69465da96c39a1' LIMIT 1   [ RunTime:0.0010s ]
SQL: SHOW COLUMNS FROM `ztm_goods` [ RunTime:0.0020s ]
SQL: SHOW COLUMNS FROM `ztm_goods_extend` [ RunTime:0.0020s ]
SQL: SELECT `goods_gallery` FROM `ztm_goods_extend` WHERE `goods_id` = 1640 LIMIT 1   [ RunTime:0.0020s ]
SQL: SHOW COLUMNS FROM `ztm_goods` [ RunTime:0.0010s ]
SQL: SELECT `goods_name`,`market_price`,`goods_thumb`,`shop_price`,`category_id` FROM `ztm_goods` WHERE `id` = 1640 LIMIT 1   [ RunTime:0.0010s ]
SQL: SHOW COLUMNS FROM `ztm_goods` [ RunTime:0.0020s ]
SQL: SELECT `shop_price` FROM `ztm_goods` WHERE `on_sale` = 'Y' AND `disabled` = 'N' AND `id` = 1640 LIMIT 1   [ RunTime:0.0010s ]
SQL: SHOW COLUMNS FROM `ztm_seckill_goods` [ RunTime:0.0020s ]
SQL: SELECT `kill_price` FROM `ztm_seckill_goods` WHERE `goods_id` = 1640 AND `on_sale` = 'Y' AND `disabled` = 'N' AND `kill_start` < 1452139266 AND `kill_end` > 1452139266 LIMIT 1   [ RunTime:0.0010s ]
SQL: SHOW COLUMNS FROM `ztm_goods_extend` [ RunTime:0.0010s ]
SQL: SELECT * FROM `ztm_goods_extend` WHERE ( goods_id=1640 ) LIMIT 1   [ RunTime:0.0020s ]
SQL: SELECT SUM(og.goods_number) AS sale_count FROM ztm_order_goods AS og LEFT JOIN ztm_order AS o ON og.order_id=o.id WHERE
  o.payment_state='payed' AND og.goods_id=1640 [ RunTime:0.0010s ]
SQL: SELECT ge.skus AS oneskus,gs.skus AS twoskus FROM ztm_goods_extend AS ge LEFT JOIN ztm_goods_sku AS gs ON ge.sku_id=gs.id WHERE ge.goods_id=1640 [ RunTime:0.0020s ]
SQL: SHOW COLUMNS FROM `ztm_goods_extend` [ RunTime:0.0010s ]
SQL: SELECT `relation_goods` FROM `ztm_goods_extend` WHERE `goods_id` = '1640' LIMIT 1   [ RunTime:0.0020s ]
SQL: SHOW COLUMNS FROM `ztm_group_goods` [ RunTime:0.0010s ]
SQL: SELECT id AS package_id,`group_name`,`relation_goods` FROM `ztm_group_goods` WHERE `goods_id` = '1640' AND `display` = 'Y' AND `disabled` = 'N' ORDER BY rank desc  [ RunTime:0.0010s ]
SQL: SHOW COLUMNS FROM `ztm_comment` [ RunTime:0.0010s ]
SQL: SELECT COUNT(*) AS tp_count FROM `ztm_comment` WHERE `relation_id` = 1640 AND `display` = 'Y' AND `relation_type` = 'goods' LIMIT 1   [ RunTime:0.0010s ]
SQL: SELECT COUNT(*) AS tp_count FROM `ztm_comment` WHERE `relation_id` = 1640 AND `display` = 'Y' AND `relation_type` = 'goods' AND `level` IN ('4','5') LIMIT 1   [ RunTime:0.0010s ]
SQL: SELECT COUNT(*) AS tp_count FROM `ztm_comment` WHERE `relation_id` = 1640 AND `display` = 'Y' AND `relation_type` = 'goods' AND `level` IN ('2','3') LIMIT 1   [ RunTime:0.0010s ]
SQL: SELECT COUNT(*) AS tp_count FROM `ztm_comment` WHERE `relation_id` = 1640 AND `display` = 'Y' AND `relation_type` = 'goods' AND `level` = 1 LIMIT 1   [ RunTime:0.0020s ]
SQL: SHOW COLUMNS FROM `ztm_comment` [ RunTime:0.0010s ]
SQL: SELECT `user_name`,`content`,`level`,`date_add` FROM `ztm_comment` WHERE `relation_id` = '1640' AND `display` = 'Y' AND `relation_type` = 'goods' ORDER BY id desc LIMIT 0,3   [ RunTime:0.0020s ]
SQL: SHOW COLUMNS FROM `ztm_goods_category` [ RunTime:0.0010s ]
SQL: SELECT `parent_id` FROM `ztm_goods_category` WHERE ( id=1129 ) LIMIT 1   [ RunTime:0.0020s ]
INFO: [ view_parse ] --START--
INFO: [ template_filter ] --START--
INFO: Run Behavior\ContentReplaceBehavior [ RunTime:0.001001s ]
INFO: [ template_filter ] --END-- [ RunTime:0.001001s ]
NOTIC: [8] Undefined variable: signPackage F:\homes\webonline\Ztmvip\Runtime\Cache\Mobile\bbca1ab48b10c56dde37875b852e8c3f.php 第 391 行.
NOTIC: [8] Undefined variable: signPackage F:\homes\webonline\Ztmvip\Runtime\Cache\Mobile\bbca1ab48b10c56dde37875b852e8c3f.php 第 392 行.
NOTIC: [8] Undefined variable: signPackage F:\homes\webonline\Ztmvip\Runtime\Cache\Mobile\bbca1ab48b10c56dde37875b852e8c3f.php 第 393 行.
NOTIC: [8] Undefined variable: signPackage F:\homes\webonline\Ztmvip\Runtime\Cache\Mobile\bbca1ab48b10c56dde37875b852e8c3f.php 第 394 行.
NOTIC: [8] Undefined variable: title F:\homes\webonline\Ztmvip\Runtime\Cache\Mobile\bbca1ab48b10c56dde37875b852e8c3f.php 第 406 行.
NOTIC: [8] Undefined variable: desc F:\homes\webonline\Ztmvip\Runtime\Cache\Mobile\bbca1ab48b10c56dde37875b852e8c3f.php 第 407 行.
NOTIC: [8] Undefined variable: link F:\homes\webonline\Ztmvip\Runtime\Cache\Mobile\bbca1ab48b10c56dde37875b852e8c3f.php 第 408 行.
NOTIC: [8] Undefined variable: imgUrl F:\homes\webonline\Ztmvip\Runtime\Cache\Mobile\bbca1ab48b10c56dde37875b852e8c3f.php 第 409 行.
NOTIC: [8] Undefined variable: title F:\homes\webonline\Ztmvip\Runtime\Cache\Mobile\bbca1ab48b10c56dde37875b852e8c3f.php 第 420 行.
NOTIC: [8] Undefined variable: link F:\homes\webonline\Ztmvip\Runtime\Cache\Mobile\bbca1ab48b10c56dde37875b852e8c3f.php 第 421 行.
NOTIC: [8] Undefined variable: imgUrl F:\homes\webonline\Ztmvip\Runtime\Cache\Mobile\bbca1ab48b10c56dde37875b852e8c3f.php 第 422 行.
INFO: Run Behavior\ParseTemplateBehavior [ RunTime:0.015001s ]
INFO: [ view_parse ] --END-- [ RunTime:0.015001s ]
INFO: [ view_filter ] --START--
INFO: Run Behavior\WriteHtmlCacheBehavior [ RunTime:0.000000s ]
INFO: [ view_filter ] --END-- [ RunTime:0.000000s ]
INFO: [ app_end ] --START--
INFO: Run Behavior\ShowPageTraceBehavior [ RunTime:0.000000s ]
INFO: [ app_end ] --END-- [ RunTime:0.000000s ]

[ 2016-01-07T12:01:06+08:00 ] 127.0.0.1 /images/upload/201511/11/1447214226337417.jpg
INFO: [ app_init ] --START--
INFO: Run Behavior\BuildLiteBehavior [ RunTime:0.000000s ]
INFO: [ app_init ] --END-- [ RunTime:0.000000s ]

[ 2016-01-07T12:01:06+08:00 ] 127.0.0.1 /images/upload/201511/11/1447214226531742.jpg
INFO: [ app_init ] --START--
INFO: Run Behavior\BuildLiteBehavior [ RunTime:0.000000s ]
INFO: [ app_init ] --END-- [ RunTime:0.000000s ]

[ 2016-01-07T12:01:06+08:00 ] 127.0.0.1 /images/upload/201511/11/1447214227782536.jpg
INFO: [ app_init ] --START--
INFO: Run Behavior\BuildLiteBehavior [ RunTime:0.000000s ]
INFO: [ app_init ] --END-- [ RunTime:0.001000s ]

[ 2016-01-07T12:01:06+08:00 ] 127.0.0.1 /images/upload/201511/11/1447214227195822.jpg
INFO: [ app_init ] --START--
INFO: Run Behavior\BuildLiteBehavior [ RunTime:0.000000s ]
INFO: [ app_init ] --END-- [ RunTime:0.000000s ]

[ 2016-01-07T12:01:06+08:00 ] 127.0.0.1 /images/upload/201511/11/1447214228432835.jpg
INFO: [ app_init ] --START--
INFO: Run Behavior\BuildLiteBehavior [ RunTime:0.000000s ]
INFO: [ app_init ] --END-- [ RunTime:0.000000s ]

[ 2016-01-07T12:01:06+08:00 ] 127.0.0.1 /images/upload/201511/11/1447214228303101.jpg
INFO: [ app_init ] --START--
INFO: Run Behavior\BuildLiteBehavior [ RunTime:0.000000s ]
INFO: [ app_init ] --END-- [ RunTime:0.000000s ]

[ 2016-01-07T12:01:06+08:00 ] 127.0.0.1 /images/upload/201511/11/1447214228315314.jpg
INFO: [ app_init ] --START--
INFO: Run Behavior\BuildLiteBehavior [ RunTime:0.000000s ]
INFO: [ app_init ] --END-- [ RunTime:0.000000s ]

[ 2016-01-07T12:01:06+08:00 ] 127.0.0.1 /images/upload/201511/11/1447214228751906.jpg
INFO: [ app_init ] --START--
INFO: Run Behavior\BuildLiteBehavior [ RunTime:0.000000s ]
INFO: [ app_init ] --END-- [ RunTime:0.001000s ]

[ 2016-01-07T12:01:06+08:00 ] 127.0.0.1 /images/upload/201511/11/1447214229711995.jpg
INFO: [ app_init ] --START--
INFO: Run Behavior\BuildLiteBehavior [ RunTime:0.000000s ]
INFO: [ app_init ] --END-- [ RunTime:0.000000s ]

[ 2016-01-07T12:01:06+08:00 ] 127.0.0.1 /images/upload/201511/11/1447214227122259.jpg
INFO: [ app_init ] --START--
INFO: Run Behavior\BuildLiteBehavior [ RunTime:0.000000s ]
INFO: [ app_init ] --END-- [ RunTime:0.000000s ]

[ 2016-01-07T12:01:06+08:00 ] 127.0.0.1 /images/upload/201511/11/1447214229611069.jpg
INFO: [ app_init ] --START--
INFO: Run Behavior\BuildLiteBehavior [ RunTime:0.000000s ]
INFO: [ app_init ] --END-- [ RunTime:0.000000s ]

[ 2016-01-07T12:01:06+08:00 ] 127.0.0.1 /images/upload/201511/11/1447214229971529.jpg
INFO: [ app_init ] --START--
INFO: Run Behavior\BuildLiteBehavior [ RunTime:0.000000s ]
INFO: [ app_init ] --END-- [ RunTime:0.001000s ]

[ 2016-01-07T12:01:06+08:00 ] 127.0.0.1 /images/upload/201511/11/1447214229630777.jpg
INFO: [ app_init ] --START--
INFO: Run Behavior\BuildLiteBehavior [ RunTime:0.000000s ]
INFO: [ app_init ] --END-- [ RunTime:0.000000s ]

[ 2016-01-07T12:01:06+08:00 ] 127.0.0.1 /images/upload/201511/11/1447214230689388.jpg
INFO: [ app_init ] --START--
INFO: Run Behavior\BuildLiteBehavior [ RunTime:0.000000s ]
INFO: [ app_init ] --END-- [ RunTime:0.002000s ]

[ 2016-01-07T12:01:06+08:00 ] 127.0.0.1 /images/upload/201511/11/1447214230788004.jpg
INFO: [ app_init ] --START--
INFO: Run Behavior\BuildLiteBehavior [ RunTime:0.000000s ]
INFO: [ app_init ] --END-- [ RunTime:0.000000s ]

[ 2016-01-07T12:01:06+08:00 ] 127.0.0.1 /images/upload/201511/11/1447214230861152.jpg
INFO: [ app_init ] --START--
INFO: Run Behavior\BuildLiteBehavior [ RunTime:0.000000s ]
INFO: [ app_init ] --END-- [ RunTime:0.001000s ]

[ 2016-01-07T12:01:06+08:00 ] 127.0.0.1 /images/upload/201511/11/1447214230698317.jpg
INFO: [ app_init ] --START--
INFO: Run Behavior\BuildLiteBehavior [ RunTime:0.000000s ]
INFO: [ app_init ] --END-- [ RunTime:0.000000s ]

[ 2016-01-07T12:01:06+08:00 ] 127.0.0.1 /images/upload/201511/11/1447214230132342.jpg
INFO: [ app_init ] --START--
INFO: Run Behavior\BuildLiteBehavior [ RunTime:0.000000s ]
INFO: [ app_init ] --END-- [ RunTime:0.000000s ]

[ 2016-01-07T12:01:06+08:00 ] 127.0.0.1 /images/upload/201511/11/1447214226705348.jpg
INFO: [ app_init ] --START--
INFO: Run Behavior\BuildLiteBehavior [ RunTime:0.000000s ]
INFO: [ app_init ] --END-- [ RunTime:0.000000s ]

[ 2016-01-07T12:01:06+08:00 ] 127.0.0.1 /images/upload/201511/11/1447214231403489.jpg
INFO: [ app_init ] --START--
INFO: Run Behavior\BuildLiteBehavior [ RunTime:0.000000s ]
INFO: [ app_init ] --END-- [ RunTime:0.001000s ]

[ 2016-01-07T12:01:06+08:00 ] 127.0.0.1 /images/upload/201511/11/1447214231201971.jpg
INFO: [ app_init ] --START--
INFO: Run Behavior\BuildLiteBehavior [ RunTime:0.000000s ]
INFO: [ app_init ] --END-- [ RunTime:0.001000s ]

[ 2016-01-07T12:01:06+08:00 ] 127.0.0.1 /images/upload/201511/11/1447214231361228.jpg
INFO: [ app_init ] --START--
INFO: Run Behavior\BuildLiteBehavior [ RunTime:0.000000s ]
INFO: [ app_init ] --END-- [ RunTime:0.000000s ]

[ 2016-01-07T12:01:06+08:00 ] 127.0.0.1 /images/upload/201511/11/1447214232298575.jpg
INFO: [ app_init ] --START--
INFO: Run Behavior\BuildLiteBehavior [ RunTime:0.000000s ]
INFO: [ app_init ] --END-- [ RunTime:0.000000s ]

[ 2016-01-07T12:01:06+08:00 ] 127.0.0.1 /images/upload/201511/11/1447214231888095.jpg
INFO: [ app_init ] --START--
INFO: Run Behavior\BuildLiteBehavior [ RunTime:0.000000s ]
INFO: [ app_init ] --END-- [ RunTime:0.000000s ]

[ 2016-01-07T12:01:06+08:00 ] 127.0.0.1 /images/upload/201511/11/1447214232310885.jpg
INFO: [ app_init ] --START--
INFO: Run Behavior\BuildLiteBehavior [ RunTime:0.000000s ]
INFO: [ app_init ] --END-- [ RunTime:0.000000s ]

[ 2016-01-07T12:01:06+08:00 ] 127.0.0.1 /images/upload/201511/11/1447214232674991.jpg
INFO: [ app_init ] --START--
INFO: Run Behavior\BuildLiteBehavior [ RunTime:0.000000s ]
INFO: [ app_init ] --END-- [ RunTime:0.000000s ]

[ 2016-01-07T12:01:06+08:00 ] 127.0.0.1 /images/upload/201511/11/1447214227161288.jpg
INFO: [ app_init ] --START--
INFO: Run Behavior\BuildLiteBehavior [ RunTime:0.000000s ]
INFO: [ app_init ] --END-- [ RunTime:0.000000s ]

[ 2016-01-07T12:01:06+08:00 ] 127.0.0.1 /images/upload/201511/11/1447214230449166.jpg
INFO: [ app_init ] --START--
INFO: Run Behavior\BuildLiteBehavior [ RunTime:0.000000s ]
INFO: [ app_init ] --END-- [ RunTime:0.001000s ]

[ 2016-01-07T12:01:06+08:00 ] 127.0.0.1 /images/upload/201511/11/1447214233594392.jpg
INFO: [ app_init ] --START--
INFO: Run Behavior\BuildLiteBehavior [ RunTime:0.000000s ]
INFO: [ app_init ] --END-- [ RunTime:0.003001s ]

[ 2016-01-07T12:01:06+08:00 ] 127.0.0.1 /images/upload/201511/11/1447214231571503.jpg
INFO: [ app_init ] --START--
INFO: Run Behavior\BuildLiteBehavior [ RunTime:0.000000s ]
INFO: [ app_init ] --END-- [ RunTime:0.000000s ]

[ 2016-01-07T12:01:07+08:00 ] 127.0.0.1 /images/upload/201511/11/1447214227122259.jpg
INFO: [ app_init ] --START--
INFO: Run Behavior\BuildLiteBehavior [ RunTime:0.000000s ]
INFO: [ app_init ] --END-- [ RunTime:0.000000s ]

[ 2016-01-07T12:01:07+08:00 ] 127.0.0.1 /images/upload/201511/11/1447214226531742.jpg
INFO: [ app_init ] --START--
INFO: Run Behavior\BuildLiteBehavior [ RunTime:0.000000s ]
INFO: [ app_init ] --END-- [ RunTime:0.000000s ]

[ 2016-01-07T12:01:07+08:00 ] 127.0.0.1 /images/201511/goods_img/1640_P_1447185517011.jpg_710x700.jpg
INFO: [ app_init ] --START--
INFO: Run Behavior\BuildLiteBehavior [ RunTime:0.000000s ]
INFO: [ app_init ] --END-- [ RunTime:0.000000s ]

[ 2016-01-07T12:01:07+08:00 ] 127.0.0.1 /images/upload/201511/11/1447214226337417.jpg
INFO: [ app_init ] --START--
INFO: Run Behavior\BuildLiteBehavior [ RunTime:0.000000s ]
INFO: [ app_init ] --END-- [ RunTime:0.000000s ]

[ 2016-01-07T12:01:07+08:00 ] 127.0.0.1 /images/upload/201511/11/1447214227195822.jpg
INFO: [ app_init ] --START--
INFO: Run Behavior\BuildLiteBehavior [ RunTime:0.000000s ]
INFO: [ app_init ] --END-- [ RunTime:0.001000s ]

[ 2016-01-07T12:01:07+08:00 ] 127.0.0.1 /images/upload/201511/11/1447214228303101.jpg
INFO: [ app_init ] --START--
INFO: Run Behavior\BuildLiteBehavior [ RunTime:0.000000s ]
INFO: [ app_init ] --END-- [ RunTime:0.000000s ]

[ 2016-01-07T12:01:07+08:00 ] 127.0.0.1 /images/upload/201511/11/1447214228315314.jpg
INFO: [ app_init ] --START--
INFO: Run Behavior\BuildLiteBehavior [ RunTime:0.000000s ]
INFO: [ app_init ] --END-- [ RunTime:0.000000s ]

[ 2016-01-07T12:01:07+08:00 ] 127.0.0.1 /images/upload/201511/11/1447214229711995.jpg
INFO: [ app_init ] --START--
INFO: Run Behavior\BuildLiteBehavior [ RunTime:0.000000s ]
INFO: [ app_init ] --END-- [ RunTime:0.001000s ]

[ 2016-01-07T12:01:07+08:00 ] 127.0.0.1 /images/upload/201511/11/1447214228751906.jpg
INFO: [ app_init ] --START--
INFO: Run Behavior\BuildLiteBehavior [ RunTime:0.000000s ]
INFO: [ app_init ] --END-- [ RunTime:0.000000s ]

[ 2016-01-07T12:01:07+08:00 ] 127.0.0.1 /images/upload/201511/11/1447214228432835.jpg
INFO: [ app_init ] --START--
INFO: Run Behavior\BuildLiteBehavior [ RunTime:0.000000s ]
INFO: [ app_init ] --END-- [ RunTime:0.000000s ]

[ 2016-01-07T12:01:07+08:00 ] 127.0.0.1 /images/upload/201511/11/1447214229971529.jpg
INFO: [ app_init ] --START--
INFO: Run Behavior\BuildLiteBehavior [ RunTime:0.000000s ]
INFO: [ app_init ] --END-- [ RunTime:0.000000s ]

[ 2016-01-07T12:01:07+08:00 ] 127.0.0.1 /images/upload/201511/11/1447214227782536.jpg
INFO: [ app_init ] --START--
INFO: Run Behavior\BuildLiteBehavior [ RunTime:0.000000s ]
INFO: [ app_init ] --END-- [ RunTime:0.001000s ]

[ 2016-01-07T12:01:07+08:00 ] 127.0.0.1 /images/upload/201511/11/1447214229611069.jpg
INFO: [ app_init ] --START--
INFO: Run Behavior\BuildLiteBehavior [ RunTime:0.000000s ]
INFO: [ app_init ] --END-- [ RunTime:0.000000s ]

[ 2016-01-07T12:01:07+08:00 ] 127.0.0.1 /images/upload/201511/11/1447214229630777.jpg
INFO: [ app_init ] --START--
INFO: Run Behavior\BuildLiteBehavior [ RunTime:0.000000s ]
INFO: [ app_init ] --END-- [ RunTime:0.000000s ]

[ 2016-01-07T12:01:07+08:00 ] 127.0.0.1 /images/upload/201511/11/1447214230788004.jpg
INFO: [ app_init ] --START--
INFO: Run Behavior\BuildLiteBehavior [ RunTime:0.000000s ]
INFO: [ app_init ] --END-- [ RunTime:0.000000s ]

[ 2016-01-07T12:01:07+08:00 ] 127.0.0.1 /images/upload/201511/11/1447214230689388.jpg
INFO: [ app_init ] --START--
INFO: Run Behavior\BuildLiteBehavior [ RunTime:0.000000s ]
INFO: [ app_init ] --END-- [ RunTime:0.000000s ]

[ 2016-01-07T12:01:07+08:00 ] 127.0.0.1 /index.php?m=Mobile&c=Flow&a=price
INFO: [ app_init ] --START--
INFO: Run Behavior\BuildLiteBehavior [ RunTime:0.000000s ]
INFO: [ app_init ] --END-- [ RunTime:0.000000s ]
INFO: [ app_begin ] --START--
INFO: Run Behavior\ReadHtmlCacheBehavior [ RunTime:0.000000s ]
INFO: [ app_begin ] --END-- [ RunTime:0.001000s ]
SQL: SHOW COLUMNS FROM `ztm_cart` [ RunTime:0.0060s ]
SQL: SHOW COLUMNS FROM `ztm_cart` [ RunTime:0.0050s ]
SQL: SELECT SUM(goods_number) AS count FROM `ztm_cart` WHERE `cart_key` = '25ec53935b7a14cc2d69465da96c39a1' LIMIT 1   [ RunTime:0.0020s ]
SQL: SHOW COLUMNS FROM `ztm_goods` [ RunTime:0.0010s ]
SQL: SHOW COLUMNS FROM `ztm_goods` [ RunTime:0.0020s ]
SQL: SELECT `shop_price` FROM `ztm_goods` WHERE `on_sale` = 'Y' AND `disabled` = 'N' AND `id` = 1640 LIMIT 1   [ RunTime:0.0010s ]
SQL: SHOW COLUMNS FROM `ztm_seckill_goods` [ RunTime:0.0010s ]
SQL: SELECT `kill_price` FROM `ztm_seckill_goods` WHERE `goods_id` = 1640 AND `on_sale` = 'Y' AND `disabled` = 'N' AND `kill_start` < 1452139267 AND `kill_end` > 1452139267 LIMIT 1   [ RunTime:0.0010s ]
SQL: SHOW COLUMNS FROM `ztm_goods_extend` [ RunTime:0.0020s ]
SQL: SELECT `skus_price` FROM `ztm_goods_extend` WHERE ( goods_id=1640 ) LIMIT 1   [ RunTime:0.0010s ]

[ 2016-01-07T12:01:07+08:00 ] 127.0.0.1 /images/201511/goods_img/1640_P_1447185517011.jpg_710x700.jpg
INFO: [ app_init ] --START--
INFO: Run Behavior\BuildLiteBehavior [ RunTime:0.000000s ]
INFO: [ app_init ] --END-- [ RunTime:0.001000s ]

[ 2016-01-07T12:01:07+08:00 ] 127.0.0.1 /images/201511/goods_img/1640_P_1447185517011.jpg_710x700.jpg
INFO: [ app_init ] --START--
INFO: Run Behavior\BuildLiteBehavior [ RunTime:0.000000s ]
INFO: [ app_init ] --END-- [ RunTime:0.000000s ]

[ 2016-01-07T12:01:09+08:00 ] 127.0.0.1 /images/201511/goods_img/1640_P_1447185517312.jpg_710x700.jpg
INFO: [ app_init ] --START--
INFO: Run Behavior\BuildLiteBehavior [ RunTime:0.000000s ]
INFO: [ app_init ] --END-- [ RunTime:0.001000s ]

[ 2016-01-07T12:01:09+08:00 ] 127.0.0.1 /images/201511/goods_img/1640_P_1447185517312.jpg_710x700.jpg
INFO: [ app_init ] --START--
INFO: Run Behavior\BuildLiteBehavior [ RunTime:0.000000s ]
INFO: [ app_init ] --END-- [ RunTime:0.000000s ]

[ 2016-01-07T12:01:09+08:00 ] 127.0.0.1 /images/201511/goods_img/1640_P_1447185517312.jpg_710x700.jpg
INFO: [ app_init ] --START--
INFO: Run Behavior\BuildLiteBehavior [ RunTime:0.000000s ]
INFO: [ app_init ] --END-- [ RunTime:0.001001s ]

[ 2016-01-07T12:01:12+08:00 ] 127.0.0.1 /images/201511/goods_img/1640_P_1447185517482.jpg_710x700.jpg
INFO: [ app_init ] --START--
INFO: Run Behavior\BuildLiteBehavior [ RunTime:0.000000s ]
INFO: [ app_init ] --END-- [ RunTime:0.001000s ]

[ 2016-01-07T12:01:12+08:00 ] 127.0.0.1 /images/201511/goods_img/1640_P_1447185517482.jpg_710x700.jpg
INFO: [ app_init ] --START--
INFO: Run Behavior\BuildLiteBehavior [ RunTime:0.000000s ]
INFO: [ app_init ] --END-- [ RunTime:0.001000s ]

[ 2016-01-07T12:01:12+08:00 ] 127.0.0.1 /images/201511/goods_img/1640_P_1447185517482.jpg_710x700.jpg
INFO: [ app_init ] --START--
INFO: Run Behavior\BuildLiteBehavior [ RunTime:0.000000s ]
INFO: [ app_init ] --END-- [ RunTime:0.000000s ]

[ 2016-01-07T12:01:15+08:00 ] 127.0.0.1 /images/201511/goods_img/1640_P_1447185518670.jpg_710x700.jpg
INFO: [ app_init ] --START--
INFO: Run Behavior\BuildLiteBehavior [ RunTime:0.000000s ]
INFO: [ app_init ] --END-- [ RunTime:0.000000s ]

[ 2016-01-07T12:01:15+08:00 ] 127.0.0.1 /images/201511/goods_img/1640_P_1447185518670.jpg_710x700.jpg
INFO: [ app_init ] --START--
INFO: Run Behavior\BuildLiteBehavior [ RunTime:0.000000s ]
INFO: [ app_init ] --END-- [ RunTime:0.000000s ]

[ 2016-01-07T12:01:15+08:00 ] 127.0.0.1 /images/201511/goods_img/1640_P_1447185518670.jpg_710x700.jpg
INFO: [ app_init ] --START--
INFO: Run Behavior\BuildLiteBehavior [ RunTime:0.000000s ]
INFO: [ app_init ] --END-- [ RunTime:0.001000s ]

[ 2016-01-07T12:01:18+08:00 ] 127.0.0.1 /images/201511/goods_img/1640_P_1447185518936.jpg_710x700.jpg
INFO: [ app_init ] --START--
INFO: Run Behavior\BuildLiteBehavior [ RunTime:0.000000s ]
INFO: [ app_init ] --END-- [ RunTime:0.001000s ]

[ 2016-01-07T12:01:18+08:00 ] 127.0.0.1 /images/201511/goods_img/1640_P_1447185518936.jpg_710x700.jpg
INFO: [ app_init ] --START--
INFO: Run Behavior\BuildLiteBehavior [ RunTime:0.000000s ]
INFO: [ app_init ] --END-- [ RunTime:0.000000s ]

[ 2016-01-07T12:01:18+08:00 ] 127.0.0.1 /images/201511/goods_img/1640_P_1447185518936.jpg_710x700.jpg
INFO: [ app_init ] --START--
INFO: Run Behavior\BuildLiteBehavior [ RunTime:0.000000s ]
INFO: [ app_init ] --END-- [ RunTime:0.000000s ]

[ 2016-01-07T12:01:20+08:00 ] 127.0.0.1 /images/201511/goods_img/1640_P_1447185517011.jpg_710x700.jpg
INFO: [ app_init ] --START--
INFO: Run Behavior\BuildLiteBehavior [ RunTime:0.000000s ]
INFO: [ app_init ] --END-- [ RunTime:0.001000s ]

[ 2016-01-07T12:01:20+08:00 ] 127.0.0.1 /images/201511/goods_img/1640_P_1447185517011.jpg_710x700.jpg
INFO: [ app_init ] --START--
INFO: Run Behavior\BuildLiteBehavior [ RunTime:0.000000s ]
INFO: [ app_init ] --END-- [ RunTime:0.001000s ]

[ 2016-01-07T12:01:24+08:00 ] 127.0.0.1 /index.php?m=Mobile&c=Flow&a=price
INFO: [ app_init ] --START--
INFO: Run Behavior\BuildLiteBehavior [ RunTime:0.000000s ]
INFO: [ app_init ] --END-- [ RunTime:0.001000s ]
INFO: [ app_begin ] --START--
INFO: Run Behavior\ReadHtmlCacheBehavior [ RunTime:0.001000s ]
INFO: [ app_begin ] --END-- [ RunTime:0.001000s ]
SQL: SHOW COLUMNS FROM `ztm_cart` [ RunTime:0.0020s ]
SQL: SHOW COLUMNS FROM `ztm_cart` [ RunTime:0.0020s ]
SQL: SELECT SUM(goods_number) AS count FROM `ztm_cart` WHERE `cart_key` = '25ec53935b7a14cc2d69465da96c39a1' LIMIT 1   [ RunTime:0.0010s ]
SQL: SHOW COLUMNS FROM `ztm_goods` [ RunTime:0.0020s ]
SQL: SHOW COLUMNS FROM `ztm_goods` [ RunTime:0.0020s ]
SQL: SELECT `shop_price` FROM `ztm_goods` WHERE `on_sale` = 'Y' AND `disabled` = 'N' AND `id` = 1640 LIMIT 1   [ RunTime:0.0010s ]
SQL: SHOW COLUMNS FROM `ztm_seckill_goods` [ RunTime:0.0020s ]
SQL: SELECT `kill_price` FROM `ztm_seckill_goods` WHERE `goods_id` = 1640 AND `on_sale` = 'Y' AND `disabled` = 'N' AND `kill_start` < 1452139284 AND `kill_end` > 1452139284 LIMIT 1   [ RunTime:0.0010s ]
SQL: SHOW COLUMNS FROM `ztm_goods_extend` [ RunTime:0.0020s ]
SQL: SELECT `skus_price` FROM `ztm_goods_extend` WHERE ( goods_id=1640 ) LIMIT 1   [ RunTime:0.0010s ]

[ 2016-01-07T12:01:25+08:00 ] 127.0.0.1 /index.php?m=Mobile&c=Flow&a=price
INFO: [ app_init ] --START--
INFO: Run Behavior\BuildLiteBehavior [ RunTime:0.000000s ]
INFO: [ app_init ] --END-- [ RunTime:0.001000s ]
INFO: [ app_begin ] --START--
INFO: Run Behavior\ReadHtmlCacheBehavior [ RunTime:0.001000s ]
INFO: [ app_begin ] --END-- [ RunTime:0.001000s ]
SQL: SHOW COLUMNS FROM `ztm_cart` [ RunTime:0.0020s ]
SQL: SHOW COLUMNS FROM `ztm_cart` [ RunTime:0.0020s ]
SQL: SELECT SUM(goods_number) AS count FROM `ztm_cart` WHERE `cart_key` = '25ec53935b7a14cc2d69465da96c39a1' LIMIT 1   [ RunTime:0.0010s ]
SQL: SHOW COLUMNS FROM `ztm_goods` [ RunTime:0.0020s ]
SQL: SHOW COLUMNS FROM `ztm_goods` [ RunTime:0.0030s ]
SQL: SELECT `shop_price` FROM `ztm_goods` WHERE `on_sale` = 'Y' AND `disabled` = 'N' AND `id` = 1640 LIMIT 1   [ RunTime:0.0010s ]
SQL: SHOW COLUMNS FROM `ztm_seckill_goods` [ RunTime:0.0020s ]
SQL: SELECT `kill_price` FROM `ztm_seckill_goods` WHERE `goods_id` = 1640 AND `on_sale` = 'Y' AND `disabled` = 'N' AND `kill_start` < 1452139285 AND `kill_end` > 1452139285 LIMIT 1   [ RunTime:0.0010s ]
SQL: SHOW COLUMNS FROM `ztm_goods_extend` [ RunTime:0.0020s ]
SQL: SELECT `skus_price` FROM `ztm_goods_extend` WHERE ( goods_id=1640 ) LIMIT 1   [ RunTime:0.0010s ]

[ 2016-01-07T12:01:26+08:00 ] 127.0.0.1 /index.php?m=Mobile&c=Flow&a=price
INFO: [ app_init ] --START--
INFO: Run Behavior\BuildLiteBehavior [ RunTime:0.000000s ]
INFO: [ app_init ] --END-- [ RunTime:0.000000s ]
INFO: [ app_begin ] --START--
INFO: Run Behavior\ReadHtmlCacheBehavior [ RunTime:0.000000s ]
INFO: [ app_begin ] --END-- [ RunTime:0.000000s ]
SQL: SHOW COLUMNS FROM `ztm_cart` [ RunTime:0.0020s ]
SQL: SHOW COLUMNS FROM `ztm_cart` [ RunTime:0.0020s ]
SQL: SELECT SUM(goods_number) AS count FROM `ztm_cart` WHERE `cart_key` = '25ec53935b7a14cc2d69465da96c39a1' LIMIT 1   [ RunTime:0.0010s ]
SQL: SHOW COLUMNS FROM `ztm_goods` [ RunTime:0.0010s ]
SQL: SHOW COLUMNS FROM `ztm_goods` [ RunTime:0.0020s ]
SQL: SELECT `shop_price` FROM `ztm_goods` WHERE `on_sale` = 'Y' AND `disabled` = 'N' AND `id` = 1640 LIMIT 1   [ RunTime:0.0010s ]
SQL: SHOW COLUMNS FROM `ztm_seckill_goods` [ RunTime:0.0010s ]
SQL: SELECT `kill_price` FROM `ztm_seckill_goods` WHERE `goods_id` = 1640 AND `on_sale` = 'Y' AND `disabled` = 'N' AND `kill_start` < 1452139286 AND `kill_end` > 1452139286 LIMIT 1   [ RunTime:0.0010s ]
SQL: SHOW COLUMNS FROM `ztm_goods_extend` [ RunTime:0.0010s ]
SQL: SELECT `skus_price` FROM `ztm_goods_extend` WHERE ( goods_id=1640 ) LIMIT 1   [ RunTime:0.0020s ]

[ 2016-01-07T12:01:27+08:00 ] 127.0.0.1 /index.php?m=Mobile&c=Flow&a=price
INFO: [ app_init ] --START--
INFO: Run Behavior\BuildLiteBehavior [ RunTime:0.000000s ]
INFO: [ app_init ] --END-- [ RunTime:0.000000s ]
INFO: [ app_begin ] --START--
INFO: Run Behavior\ReadHtmlCacheBehavior [ RunTime:0.001000s ]
INFO: [ app_begin ] --END-- [ RunTime:0.001000s ]
SQL: SHOW COLUMNS FROM `ztm_cart` [ RunTime:0.0020s ]
SQL: SHOW COLUMNS FROM `ztm_cart` [ RunTime:0.0020s ]
SQL: SELECT SUM(goods_number) AS count FROM `ztm_cart` WHERE `cart_key` = '25ec53935b7a14cc2d69465da96c39a1' LIMIT 1   [ RunTime:0.0010s ]
SQL: SHOW COLUMNS FROM `ztm_goods` [ RunTime:0.0020s ]
SQL: SHOW COLUMNS FROM `ztm_goods` [ RunTime:0.0020s ]
SQL: SELECT `shop_price` FROM `ztm_goods` WHERE `on_sale` = 'Y' AND `disabled` = 'N' AND `id` = 1640 LIMIT 1   [ RunTime:0.0010s ]
SQL: SHOW COLUMNS FROM `ztm_seckill_goods` [ RunTime:0.0010s ]
SQL: SELECT `kill_price` FROM `ztm_seckill_goods` WHERE `goods_id` = 1640 AND `on_sale` = 'Y' AND `disabled` = 'N' AND `kill_start` < 1452139287 AND `kill_end` > 1452139287 LIMIT 1   [ RunTime:0.0010s ]
SQL: SHOW COLUMNS FROM `ztm_goods_extend` [ RunTime:0.0020s ]
SQL: SELECT `skus_price` FROM `ztm_goods_extend` WHERE ( goods_id=1640 ) LIMIT 1   [ RunTime:0.0010s ]

[ 2016-01-07T12:01:28+08:00 ] 127.0.0.1 /index.php?m=Mobile&c=Flow&a=price
INFO: [ app_init ] --START--
INFO: Run Behavior\BuildLiteBehavior [ RunTime:0.000000s ]
INFO: [ app_init ] --END-- [ RunTime:0.000000s ]
INFO: [ app_begin ] --START--
INFO: Run Behavior\ReadHtmlCacheBehavior [ RunTime:0.001000s ]
INFO: [ app_begin ] --END-- [ RunTime:0.001000s ]
SQL: SHOW COLUMNS FROM `ztm_cart` [ RunTime:0.0020s ]
SQL: SHOW COLUMNS FROM `ztm_cart` [ RunTime:0.0020s ]
SQL: SELECT SUM(goods_number) AS count FROM `ztm_cart` WHERE `cart_key` = '25ec53935b7a14cc2d69465da96c39a1' LIMIT 1   [ RunTime:0.0010s ]
SQL: SHOW COLUMNS FROM `ztm_goods` [ RunTime:0.0020s ]
SQL: SHOW COLUMNS FROM `ztm_goods` [ RunTime:0.0020s ]
SQL: SELECT `shop_price` FROM `ztm_goods` WHERE `on_sale` = 'Y' AND `disabled` = 'N' AND `id` = 1640 LIMIT 1   [ RunTime:0.0010s ]
SQL: SHOW COLUMNS FROM `ztm_seckill_goods` [ RunTime:0.0010s ]
SQL: SELECT `kill_price` FROM `ztm_seckill_goods` WHERE `goods_id` = 1640 AND `on_sale` = 'Y' AND `disabled` = 'N' AND `kill_start` < 1452139288 AND `kill_end` > 1452139288 LIMIT 1   [ RunTime:0.0010s ]
SQL: SHOW COLUMNS FROM `ztm_goods_extend` [ RunTime:0.0020s ]
SQL: SELECT `skus_price` FROM `ztm_goods_extend` WHERE ( goods_id=1640 ) LIMIT 1   [ RunTime:0.0010s ]

[ 2016-01-07T12:01:29+08:00 ] 127.0.0.1 /index.php?m=Mobile&c=Flow&a=price
INFO: [ app_init ] --START--
INFO: Run Behavior\BuildLiteBehavior [ RunTime:0.000000s ]
INFO: [ app_init ] --END-- [ RunTime:0.001000s ]
INFO: [ app_begin ] --START--
INFO: Run Behavior\ReadHtmlCacheBehavior [ RunTime:0.000000s ]
INFO: [ app_begin ] --END-- [ RunTime:0.000000s ]
SQL: SHOW COLUMNS FROM `ztm_cart` [ RunTime:0.0020s ]
SQL: SHOW COLUMNS FROM `ztm_cart` [ RunTime:0.0020s ]
SQL: SELECT SUM(goods_number) AS count FROM `ztm_cart` WHERE `cart_key` = '25ec53935b7a14cc2d69465da96c39a1' LIMIT 1   [ RunTime:0.0010s ]
SQL: SHOW COLUMNS FROM `ztm_goods` [ RunTime:0.0030s ]
SQL: SHOW COLUMNS FROM `ztm_goods` [ RunTime:0.0020s ]
SQL: SELECT `shop_price` FROM `ztm_goods` WHERE `on_sale` = 'Y' AND `disabled` = 'N' AND `id` = 1640 LIMIT 1   [ RunTime:0.0010s ]
SQL: SHOW COLUMNS FROM `ztm_seckill_goods` [ RunTime:0.0020s ]
SQL: SELECT `kill_price` FROM `ztm_seckill_goods` WHERE `goods_id` = 1640 AND `on_sale` = 'Y' AND `disabled` = 'N' AND `kill_start` < 1452139289 AND `kill_end` > 1452139289 LIMIT 1   [ RunTime:0.0010s ]
SQL: SHOW COLUMNS FROM `ztm_goods_extend` [ RunTime:0.0020s ]
SQL: SELECT `skus_price` FROM `ztm_goods_extend` WHERE ( goods_id=1640 ) LIMIT 1   [ RunTime:0.0020s ]

[ 2016-01-07T12:01:29+08:00 ] 127.0.0.1 /index.php?m=Mobile&c=Flow&a=price
INFO: [ app_init ] --START--
INFO: Run Behavior\BuildLiteBehavior [ RunTime:0.000000s ]
INFO: [ app_init ] --END-- [ RunTime:0.001001s ]
INFO: [ app_begin ] --START--
INFO: Run Behavior\ReadHtmlCacheBehavior [ RunTime:0.000000s ]
INFO: [ app_begin ] --END-- [ RunTime:0.001000s ]
SQL: SHOW COLUMNS FROM `ztm_cart` [ RunTime:0.0020s ]
SQL: SHOW COLUMNS FROM `ztm_cart` [ RunTime:0.0020s ]
SQL: SELECT SUM(goods_number) AS count FROM `ztm_cart` WHERE `cart_key` = '25ec53935b7a14cc2d69465da96c39a1' LIMIT 1   [ RunTime:0.0010s ]
SQL: SHOW COLUMNS FROM `ztm_goods` [ RunTime:0.0020s ]
SQL: SHOW COLUMNS FROM `ztm_goods` [ RunTime:0.0020s ]
SQL: SELECT `shop_price` FROM `ztm_goods` WHERE `on_sale` = 'Y' AND `disabled` = 'N' AND `id` = 1640 LIMIT 1   [ RunTime:0.0000s ]
SQL: SHOW COLUMNS FROM `ztm_seckill_goods` [ RunTime:0.0010s ]
SQL: SELECT `kill_price` FROM `ztm_seckill_goods` WHERE `goods_id` = 1640 AND `on_sale` = 'Y' AND `disabled` = 'N' AND `kill_start` < 1452139289 AND `kill_end` > 1452139289 LIMIT 1   [ RunTime:0.0010s ]
SQL: SHOW COLUMNS FROM `ztm_goods_extend` [ RunTime:0.0020s ]
SQL: SELECT `skus_price` FROM `ztm_goods_extend` WHERE ( goods_id=1640 ) LIMIT 1   [ RunTime:0.0010s ]

[ 2016-01-07T12:01:29+08:00 ] 127.0.0.1 /index.php?m=Mobile&c=Flow&a=price
INFO: [ app_init ] --START--
INFO: Run Behavior\BuildLiteBehavior [ RunTime:0.000000s ]
INFO: [ app_init ] --END-- [ RunTime:0.000000s ]
INFO: [ app_begin ] --START--
INFO: Run Behavior\ReadHtmlCacheBehavior [ RunTime:0.001000s ]
INFO: [ app_begin ] --END-- [ RunTime:0.001000s ]
SQL: SHOW COLUMNS FROM `ztm_cart` [ RunTime:0.0020s ]
SQL: SHOW COLUMNS FROM `ztm_cart` [ RunTime:0.0020s ]
SQL: SELECT SUM(goods_number) AS count FROM `ztm_cart` WHERE `cart_key` = '25ec53935b7a14cc2d69465da96c39a1' LIMIT 1   [ RunTime:0.0010s ]
SQL: SHOW COLUMNS FROM `ztm_goods` [ RunTime:0.0030s ]
SQL: SHOW COLUMNS FROM `ztm_goods` [ RunTime:0.0020s ]
SQL: SELECT `shop_price` FROM `ztm_goods` WHERE `on_sale` = 'Y' AND `disabled` = 'N' AND `id` = 1640 LIMIT 1   [ RunTime:0.0010s ]
SQL: SHOW COLUMNS FROM `ztm_seckill_goods` [ RunTime:0.0010s ]
SQL: SELECT `kill_price` FROM `ztm_seckill_goods` WHERE `goods_id` = 1640 AND `on_sale` = 'Y' AND `disabled` = 'N' AND `kill_start` < 1452139289 AND `kill_end` > 1452139289 LIMIT 1   [ RunTime:0.0010s ]
SQL: SHOW COLUMNS FROM `ztm_goods_extend` [ RunTime:0.0020s ]
SQL: SELECT `skus_price` FROM `ztm_goods_extend` WHERE ( goods_id=1640 ) LIMIT 1   [ RunTime:0.0010s ]

[ 2016-01-07T12:01:30+08:00 ] 127.0.0.1 /index.php?m=Mobile&c=Flow&a=price
INFO: [ app_init ] --START--
INFO: Run Behavior\BuildLiteBehavior [ RunTime:0.000000s ]
INFO: [ app_init ] --END-- [ RunTime:0.001000s ]
INFO: [ app_begin ] --START--
INFO: Run Behavior\ReadHtmlCacheBehavior [ RunTime:0.001000s ]
INFO: [ app_begin ] --END-- [ RunTime:0.001000s ]
SQL: SHOW COLUMNS FROM `ztm_cart` [ RunTime:0.0020s ]
SQL: SHOW COLUMNS FROM `ztm_cart` [ RunTime:0.0030s ]
SQL: SELECT SUM(goods_number) AS count FROM `ztm_cart` WHERE `cart_key` = '25ec53935b7a14cc2d69465da96c39a1' LIMIT 1   [ RunTime:0.0010s ]
SQL: SHOW COLUMNS FROM `ztm_goods` [ RunTime:0.0020s ]
SQL: SHOW COLUMNS FROM `ztm_goods` [ RunTime:0.0020s ]
SQL: SELECT `shop_price` FROM `ztm_goods` WHERE `on_sale` = 'Y' AND `disabled` = 'N' AND `id` = 1640 LIMIT 1   [ RunTime:0.0010s ]
SQL: SHOW COLUMNS FROM `ztm_seckill_goods` [ RunTime:0.0020s ]
SQL: SELECT `kill_price` FROM `ztm_seckill_goods` WHERE `goods_id` = 1640 AND `on_sale` = 'Y' AND `disabled` = 'N' AND `kill_start` < 1452139290 AND `kill_end` > 1452139290 LIMIT 1   [ RunTime:0.0010s ]
SQL: SHOW COLUMNS FROM `ztm_goods_extend` [ RunTime:0.0020s ]
SQL: SELECT `skus_price` FROM `ztm_goods_extend` WHERE ( goods_id=1640 ) LIMIT 1   [ RunTime:0.0010s ]

[ 2016-01-07T12:01:31+08:00 ] 127.0.0.1 /index.php?m=Mobile&c=Flow&a=price
INFO: [ app_init ] --START--
INFO: Run Behavior\BuildLiteBehavior [ RunTime:0.000000s ]
INFO: [ app_init ] --END-- [ RunTime:0.001000s ]
INFO: [ app_begin ] --START--
INFO: Run Behavior\ReadHtmlCacheBehavior [ RunTime:0.001000s ]
INFO: [ app_begin ] --END-- [ RunTime:0.001000s ]
SQL: SHOW COLUMNS FROM `ztm_cart` [ RunTime:0.0020s ]
SQL: SHOW COLUMNS FROM `ztm_cart` [ RunTime:0.0020s ]
SQL: SELECT SUM(goods_number) AS count FROM `ztm_cart` WHERE `cart_key` = '25ec53935b7a14cc2d69465da96c39a1' LIMIT 1   [ RunTime:0.0020s ]
SQL: SHOW COLUMNS FROM `ztm_goods` [ RunTime:0.0020s ]
SQL: SHOW COLUMNS FROM `ztm_goods` [ RunTime:0.0030s ]
SQL: SELECT `shop_price` FROM `ztm_goods` WHERE `on_sale` = 'Y' AND `disabled` = 'N' AND `id` = 1640 LIMIT 1   [ RunTime:0.0010s ]
SQL: SHOW COLUMNS FROM `ztm_seckill_goods` [ RunTime:0.0020s ]
SQL: SELECT `kill_price` FROM `ztm_seckill_goods` WHERE `goods_id` = 1640 AND `on_sale` = 'Y' AND `disabled` = 'N' AND `kill_start` < 1452139291 AND `kill_end` > 1452139291 LIMIT 1   [ RunTime:0.0010s ]
SQL: SHOW COLUMNS FROM `ztm_goods_extend` [ RunTime:0.0020s ]
SQL: SELECT `skus_price` FROM `ztm_goods_extend` WHERE ( goods_id=1640 ) LIMIT 1   [ RunTime:0.0020s ]

